CRITICAL - 2021-07-14 00:55:34 --> Trying to get property 'first_name' of non-object
#0 E:\htdocs\rico_store_management_app_2\app\Views\Device\view_device_details.php(26): CodeIgniter\Debug\Exceptions->errorHandler(8, 'Trying to get p...', 'E:\\htdocs\\rico_...', 26, Array)
#1 E:\htdocs\rico_store_management_app_2\system\View\View.php(230): include('E:\\htdocs\\rico_...')
#2 E:\htdocs\rico_store_management_app_2\system\View\View.php(232): CodeIgniter\View\View->CodeIgniter\View\{closure}()
#3 E:\htdocs\rico_store_management_app_2\system\Common.php(1250): CodeIgniter\View\View->render('Device\\view_dev...', Array, true)
#4 E:\htdocs\rico_store_management_app_2\app\Controllers\Device.php(302): view('Device\\view_dev...', Array)
#5 E:\htdocs\rico_store_management_app_2\system\CodeIgniter.php(931): App\Controllers\Device->load_view_device_view()
#6 E:\htdocs\rico_store_management_app_2\system\CodeIgniter.php(439): CodeIgniter\CodeIgniter->runController(Object(App\Controllers\Device))
#7 E:\htdocs\rico_store_management_app_2\system\CodeIgniter.php(339): CodeIgniter\CodeIgniter->handleRequest(NULL, Object(Config\Cache), false)
#8 E:\htdocs\rico_store_management_app_2\public\index.php(36): CodeIgniter\CodeIgniter->run()
#9 E:\htdocs\rico_store_management_app_2\system\Commands\Server\rewrite.php(45): require_once('E:\\htdocs\\rico_...')
#10 {main}
ERROR - 2021-07-14 01:47:43 --> Column 'deleted' in where clause is ambiguous
CRITICAL - 2021-07-14 01:47:43 --> Column 'deleted' in where clause is ambiguous
#0 E:\htdocs\rico_store_management_app_2\system\Database\MySQLi\Connection.php(329): mysqli->query('select * from d...')
#1 E:\htdocs\rico_store_management_app_2\system\Database\BaseConnection.php(732): CodeIgniter\Database\MySQLi\Connection->execute('select * from d...')
#2 E:\htdocs\rico_store_management_app_2\system\Database\BaseConnection.php(647): CodeIgniter\Database\BaseConnection->simpleQuery('select * from d...')
#3 E:\htdocs\rico_store_management_app_2\app\Models\Device.php(161): CodeIgniter\Database\BaseConnection->query('select * from d...')
#4 E:\htdocs\rico_store_management_app_2\app\Controllers\Dashboard.php(18): App\Models\Device->select_all_returned_devices(1)
#5 E:\htdocs\rico_store_management_app_2\system\CodeIgniter.php(931): App\Controllers\Dashboard->admin_dashboard()
#6 E:\htdocs\rico_store_management_app_2\system\CodeIgniter.php(439): CodeIgniter\CodeIgniter->runController(Object(App\Controllers\Dashboard))
#7 E:\htdocs\rico_store_management_app_2\system\CodeIgniter.php(339): CodeIgniter\CodeIgniter->handleRequest(NULL, Object(Config\Cache), false)
#8 E:\htdocs\rico_store_management_app_2\public\index.php(36): CodeIgniter\CodeIgniter->run()
#9 E:\htdocs\rico_store_management_app_2\system\Commands\Server\rewrite.php(45): require_once('E:\\htdocs\\rico_...')
#10 {main}
CRITICAL - 2021-07-14 02:06:34 --> Undefined property: stdClass::$registration_office_name
#0 E:\htdocs\rico_store_management_app_2\app\Views\Users\all_users.php(44): CodeIgniter\Debug\Exceptions->errorHandler(8, 'Undefined prope...', 'E:\\htdocs\\rico_...', 44, Array)
#1 E:\htdocs\rico_store_management_app_2\system\View\View.php(230): include('E:\\htdocs\\rico_...')
#2 E:\htdocs\rico_store_management_app_2\system\View\View.php(232): CodeIgniter\View\View->CodeIgniter\View\{closure}()
#3 E:\htdocs\rico_store_management_app_2\system\Common.php(1250): CodeIgniter\View\View->render('Users\\all_users', Array, true)
#4 E:\htdocs\rico_store_management_app_2\app\Controllers\Users.php(38): view('Users\\all_users', Array)
#5 E:\htdocs\rico_store_management_app_2\system\CodeIgniter.php(931): App\Controllers\Users->load_users_list()
#6 E:\htdocs\rico_store_management_app_2\system\CodeIgniter.php(439): CodeIgniter\CodeIgniter->runController(Object(App\Controllers\Users))
#7 E:\htdocs\rico_store_management_app_2\system\CodeIgniter.php(339): CodeIgniter\CodeIgniter->handleRequest(NULL, Object(Config\Cache), false)
#8 E:\htdocs\rico_store_management_app_2\public\index.php(36): CodeIgniter\CodeIgniter->run()
#9 E:\htdocs\rico_store_management_app_2\system\Commands\Server\rewrite.php(45): require_once('E:\\htdocs\\rico_...')
#10 {main}
CRITICAL - 2021-07-14 02:06:45 --> Undefined property: stdClass::$registration_office_name
#0 E:\htdocs\rico_store_management_app_2\app\Views\Users\all_users.php(44): CodeIgniter\Debug\Exceptions->errorHandler(8, 'Undefined prope...', 'E:\\htdocs\\rico_...', 44, Array)
#1 E:\htdocs\rico_store_management_app_2\system\View\View.php(230): include('E:\\htdocs\\rico_...')
#2 E:\htdocs\rico_store_management_app_2\system\View\View.php(232): CodeIgniter\View\View->CodeIgniter\View\{closure}()
#3 E:\htdocs\rico_store_management_app_2\system\Common.php(1250): CodeIgniter\View\View->render('Users\\all_users', Array, true)
#4 E:\htdocs\rico_store_management_app_2\app\Controllers\Users.php(38): view('Users\\all_users', Array)
#5 E:\htdocs\rico_store_management_app_2\system\CodeIgniter.php(931): App\Controllers\Users->load_users_list()
#6 E:\htdocs\rico_store_management_app_2\system\CodeIgniter.php(439): CodeIgniter\CodeIgniter->runController(Object(App\Controllers\Users))
#7 E:\htdocs\rico_store_management_app_2\system\CodeIgniter.php(339): CodeIgniter\CodeIgniter->handleRequest(NULL, Object(Config\Cache), false)
#8 E:\htdocs\rico_store_management_app_2\public\index.php(36): CodeIgniter\CodeIgniter->run()
#9 E:\htdocs\rico_store_management_app_2\system\Commands\Server\rewrite.php(45): require_once('E:\\htdocs\\rico_...')
#10 {main}
CRITICAL - 2021-07-14 02:08:08 --> Undefined property: stdClass::$user_group_name
#0 E:\htdocs\rico_store_management_app_2\app\Views\Users\all_users.php(43): CodeIgniter\Debug\Exceptions->errorHandler(8, 'Undefined prope...', 'E:\\htdocs\\rico_...', 43, Array)
#1 E:\htdocs\rico_store_management_app_2\system\View\View.php(230): include('E:\\htdocs\\rico_...')
#2 E:\htdocs\rico_store_management_app_2\system\View\View.php(232): CodeIgniter\View\View->CodeIgniter\View\{closure}()
#3 E:\htdocs\rico_store_management_app_2\system\Common.php(1250): CodeIgniter\View\View->render('Users\\all_users', Array, true)
#4 E:\htdocs\rico_store_management_app_2\app\Controllers\Users.php(155): view('Users\\all_users', Array)
#5 E:\htdocs\rico_store_management_app_2\system\CodeIgniter.php(931): App\Controllers\Users->search_user()
#6 E:\htdocs\rico_store_management_app_2\system\CodeIgniter.php(439): CodeIgniter\CodeIgniter->runController(Object(App\Controllers\Users))
#7 E:\htdocs\rico_store_management_app_2\system\CodeIgniter.php(339): CodeIgniter\CodeIgniter->handleRequest(NULL, Object(Config\Cache), false)
#8 E:\htdocs\rico_store_management_app_2\public\index.php(36): CodeIgniter\CodeIgniter->run()
#9 E:\htdocs\rico_store_management_app_2\system\Commands\Server\rewrite.php(45): require_once('E:\\htdocs\\rico_...')
#10 {main}
CRITICAL - 2021-07-14 02:08:09 --> Undefined property: stdClass::$user_group_name
#0 E:\htdocs\rico_store_management_app_2\app\Views\Users\all_users.php(43): CodeIgniter\Debug\Exceptions->errorHandler(8, 'Undefined prope...', 'E:\\htdocs\\rico_...', 43, Array)
#1 E:\htdocs\rico_store_management_app_2\system\View\View.php(230): include('E:\\htdocs\\rico_...')
#2 E:\htdocs\rico_store_management_app_2\system\View\View.php(232): CodeIgniter\View\View->CodeIgniter\View\{closure}()
#3 E:\htdocs\rico_store_management_app_2\system\Common.php(1250): CodeIgniter\View\View->render('Users\\all_users', Array, true)
#4 E:\htdocs\rico_store_management_app_2\app\Controllers\Users.php(155): view('Users\\all_users', Array)
#5 E:\htdocs\rico_store_management_app_2\system\CodeIgniter.php(931): App\Controllers\Users->search_user()
#6 E:\htdocs\rico_store_management_app_2\system\CodeIgniter.php(439): CodeIgniter\CodeIgniter->runController(Object(App\Controllers\Users))
#7 E:\htdocs\rico_store_management_app_2\system\CodeIgniter.php(339): CodeIgniter\CodeIgniter->handleRequest(NULL, Object(Config\Cache), false)
#8 E:\htdocs\rico_store_management_app_2\public\index.php(36): CodeIgniter\CodeIgniter->run()
#9 E:\htdocs\rico_store_management_app_2\system\Commands\Server\rewrite.php(45): require_once('E:\\htdocs\\rico_...')
#10 {main}
CRITICAL - 2021-07-14 02:08:09 --> Undefined property: stdClass::$user_group_name
#0 E:\htdocs\rico_store_management_app_2\app\Views\Users\all_users.php(43): CodeIgniter\Debug\Exceptions->errorHandler(8, 'Undefined prope...', 'E:\\htdocs\\rico_...', 43, Array)
#1 E:\htdocs\rico_store_management_app_2\system\View\View.php(230): include('E:\\htdocs\\rico_...')
#2 E:\htdocs\rico_store_management_app_2\system\View\View.php(232): CodeIgniter\View\View->CodeIgniter\View\{closure}()
#3 E:\htdocs\rico_store_management_app_2\system\Common.php(1250): CodeIgniter\View\View->render('Users\\all_users', Array, true)
#4 E:\htdocs\rico_store_management_app_2\app\Controllers\Users.php(155): view('Users\\all_users', Array)
#5 E:\htdocs\rico_store_management_app_2\system\CodeIgniter.php(931): App\Controllers\Users->search_user()
#6 E:\htdocs\rico_store_management_app_2\system\CodeIgniter.php(439): CodeIgniter\CodeIgniter->runController(Object(App\Controllers\Users))
#7 E:\htdocs\rico_store_management_app_2\system\CodeIgniter.php(339): CodeIgniter\CodeIgniter->handleRequest(NULL, Object(Config\Cache), false)
#8 E:\htdocs\rico_store_management_app_2\public\index.php(36): CodeIgniter\CodeIgniter->run()
#9 E:\htdocs\rico_store_management_app_2\system\Commands\Server\rewrite.php(45): require_once('E:\\htdocs\\rico_...')
#10 {main}
CRITICAL - 2021-07-14 02:08:32 --> Undefined property: stdClass::$user_group_name
#0 E:\htdocs\rico_store_management_app_2\app\Views\Users\all_users.php(43): CodeIgniter\Debug\Exceptions->errorHandler(8, 'Undefined prope...', 'E:\\htdocs\\rico_...', 43, Array)
#1 E:\htdocs\rico_store_management_app_2\system\View\View.php(230): include('E:\\htdocs\\rico_...')
#2 E:\htdocs\rico_store_management_app_2\system\View\View.php(232): CodeIgniter\View\View->CodeIgniter\View\{closure}()
#3 E:\htdocs\rico_store_management_app_2\system\Common.php(1250): CodeIgniter\View\View->render('Users\\all_users', Array, true)
#4 E:\htdocs\rico_store_management_app_2\app\Controllers\Users.php(155): view('Users\\all_users', Array)
#5 E:\htdocs\rico_store_management_app_2\system\CodeIgniter.php(931): App\Controllers\Users->search_user()
#6 E:\htdocs\rico_store_management_app_2\system\CodeIgniter.php(439): CodeIgniter\CodeIgniter->runController(Object(App\Controllers\Users))
#7 E:\htdocs\rico_store_management_app_2\system\CodeIgniter.php(339): CodeIgniter\CodeIgniter->handleRequest(NULL, Object(Config\Cache), false)
#8 E:\htdocs\rico_store_management_app_2\public\index.php(36): CodeIgniter\CodeIgniter->run()
#9 E:\htdocs\rico_store_management_app_2\system\Commands\Server\rewrite.php(45): require_once('E:\\htdocs\\rico_...')
#10 {main}
CRITICAL - 2021-07-14 03:25:54 --> Call to undefined method App\Models\Users::delete_device
#0 E:\htdocs\rico_store_management_app_2\app\Controllers\Device.php(332): CodeIgniter\Model->__call('delete_device', Array)
#1 E:\htdocs\rico_store_management_app_2\system\CodeIgniter.php(931): App\Controllers\Device->delete_device()
#2 E:\htdocs\rico_store_management_app_2\system\CodeIgniter.php(439): CodeIgniter\CodeIgniter->runController(Object(App\Controllers\Device))
#3 E:\htdocs\rico_store_management_app_2\system\CodeIgniter.php(339): CodeIgniter\CodeIgniter->handleRequest(NULL, Object(Config\Cache), false)
#4 E:\htdocs\rico_store_management_app_2\public\index.php(36): CodeIgniter\CodeIgniter->run()
#5 E:\htdocs\rico_store_management_app_2\system\Commands\Server\rewrite.php(45): require_once('E:\\htdocs\\rico_...')
#6 {main}
CRITICAL - 2021-07-14 03:27:17 --> Undefined variable: delete_device_user_details
#0 E:\htdocs\rico_store_management_app_2\app\Controllers\Device.php(333): CodeIgniter\Debug\Exceptions->errorHandler(8, 'Undefined varia...', 'E:\\htdocs\\rico_...', 333, Array)
#1 E:\htdocs\rico_store_management_app_2\system\CodeIgniter.php(931): App\Controllers\Device->delete_device()
#2 E:\htdocs\rico_store_management_app_2\system\CodeIgniter.php(439): CodeIgniter\CodeIgniter->runController(Object(App\Controllers\Device))
#3 E:\htdocs\rico_store_management_app_2\system\CodeIgniter.php(339): CodeIgniter\CodeIgniter->handleRequest(NULL, Object(Config\Cache), false)
#4 E:\htdocs\rico_store_management_app_2\public\index.php(36): CodeIgniter\CodeIgniter->run()
#5 E:\htdocs\rico_store_management_app_2\system\Commands\Server\rewrite.php(45): require_once('E:\\htdocs\\rico_...')
#6 {main}
ERROR - 2021-07-14 03:28:56 --> Unknown column 'user_returning_device_id.deleted' in 'where clause'
CRITICAL - 2021-07-14 03:28:56 --> Unknown column 'user_returning_device_id.deleted' in 'where clause'
#0 E:\htdocs\rico_store_management_app_2\system\Database\MySQLi\Connection.php(329): mysqli->query('select * from u...')
#1 E:\htdocs\rico_store_management_app_2\system\Database\BaseConnection.php(732): CodeIgniter\Database\MySQLi\Connection->execute('select * from u...')
#2 E:\htdocs\rico_store_management_app_2\system\Database\BaseConnection.php(647): CodeIgniter\Database\BaseConnection->simpleQuery('select * from u...')
#3 E:\htdocs\rico_store_management_app_2\app\Models\Users.php(109): CodeIgniter\Database\BaseConnection->query('select * from u...')
#4 E:\htdocs\rico_store_management_app_2\app\Controllers\Device.php(179): App\Models\Users->get_returned_device_user_data_by_id(0)
#5 E:\htdocs\rico_store_management_app_2\system\CodeIgniter.php(931): App\Controllers\Device->load_add_returned_edit_device_view()
#6 E:\htdocs\rico_store_management_app_2\system\CodeIgniter.php(439): CodeIgniter\CodeIgniter->runController(Object(App\Controllers\Device))
#7 E:\htdocs\rico_store_management_app_2\system\CodeIgniter.php(339): CodeIgniter\CodeIgniter->handleRequest(NULL, Object(Config\Cache), false)
#8 E:\htdocs\rico_store_management_app_2\public\index.php(36): CodeIgniter\CodeIgniter->run()
#9 E:\htdocs\rico_store_management_app_2\system\Commands\Server\rewrite.php(45): require_once('E:\\htdocs\\rico_...')
#10 {main}
ERROR - 2021-07-14 03:30:33 --> Unknown column 'user_returning_device_id.deleted' in 'where clause'
CRITICAL - 2021-07-14 03:30:33 --> Unknown column 'user_returning_device_id.deleted' in 'where clause'
#0 E:\htdocs\rico_store_management_app_2\system\Database\MySQLi\Connection.php(329): mysqli->query('select * from u...')
#1 E:\htdocs\rico_store_management_app_2\system\Database\BaseConnection.php(732): CodeIgniter\Database\MySQLi\Connection->execute('select * from u...')
#2 E:\htdocs\rico_store_management_app_2\system\Database\BaseConnection.php(647): CodeIgniter\Database\BaseConnection->simpleQuery('select * from u...')
#3 E:\htdocs\rico_store_management_app_2\app\Models\Users.php(109): CodeIgniter\Database\BaseConnection->query('select * from u...')
#4 E:\htdocs\rico_store_management_app_2\app\Controllers\Device.php(179): App\Models\Users->get_returned_device_user_data_by_id(0)
#5 E:\htdocs\rico_store_management_app_2\system\CodeIgniter.php(931): App\Controllers\Device->load_add_returned_edit_device_view()
#6 E:\htdocs\rico_store_management_app_2\system\CodeIgniter.php(439): CodeIgniter\CodeIgniter->runController(Object(App\Controllers\Device))
#7 E:\htdocs\rico_store_management_app_2\system\CodeIgniter.php(339): CodeIgniter\CodeIgniter->handleRequest(NULL, Object(Config\Cache), false)
#8 E:\htdocs\rico_store_management_app_2\public\index.php(36): CodeIgniter\CodeIgniter->run()
#9 E:\htdocs\rico_store_management_app_2\system\Commands\Server\rewrite.php(45): require_once('E:\\htdocs\\rico_...')
#10 {main}
ERROR - 2021-07-14 03:32:50 --> Unknown column 'user_returning_device_id.deleted' in 'where clause'
CRITICAL - 2021-07-14 03:32:50 --> Unknown column 'user_returning_device_id.deleted' in 'where clause'
#0 E:\htdocs\rico_store_management_app_2\system\Database\MySQLi\Connection.php(329): mysqli->query('select * from u...')
#1 E:\htdocs\rico_store_management_app_2\system\Database\BaseConnection.php(732): CodeIgniter\Database\MySQLi\Connection->execute('select * from u...')
#2 E:\htdocs\rico_store_management_app_2\system\Database\BaseConnection.php(647): CodeIgniter\Database\BaseConnection->simpleQuery('select * from u...')
#3 E:\htdocs\rico_store_management_app_2\app\Models\Users.php(109): CodeIgniter\Database\BaseConnection->query('select * from u...')
#4 E:\htdocs\rico_store_management_app_2\app\Controllers\Device.php(179): App\Models\Users->get_returned_device_user_data_by_id(0)
#5 E:\htdocs\rico_store_management_app_2\system\CodeIgniter.php(931): App\Controllers\Device->load_add_returned_edit_device_view()
#6 E:\htdocs\rico_store_management_app_2\system\CodeIgniter.php(439): CodeIgniter\CodeIgniter->runController(Object(App\Controllers\Device))
#7 E:\htdocs\rico_store_management_app_2\system\CodeIgniter.php(339): CodeIgniter\CodeIgniter->handleRequest(NULL, Object(Config\Cache), false)
#8 E:\htdocs\rico_store_management_app_2\public\index.php(36): CodeIgniter\CodeIgniter->run()
#9 E:\htdocs\rico_store_management_app_2\system\Commands\Server\rewrite.php(45): require_once('E:\\htdocs\\rico_...')
#10 {main}
ERROR - 2021-07-14 03:32:59 --> Unknown column 'user_returning_device_id.deleted' in 'where clause'
CRITICAL - 2021-07-14 03:32:59 --> Unknown column 'user_returning_device_id.deleted' in 'where clause'
#0 E:\htdocs\rico_store_management_app_2\system\Database\MySQLi\Connection.php(329): mysqli->query('select * from u...')
#1 E:\htdocs\rico_store_management_app_2\system\Database\BaseConnection.php(732): CodeIgniter\Database\MySQLi\Connection->execute('select * from u...')
#2 E:\htdocs\rico_store_management_app_2\system\Database\BaseConnection.php(647): CodeIgniter\Database\BaseConnection->simpleQuery('select * from u...')
#3 E:\htdocs\rico_store_management_app_2\app\Models\Users.php(109): CodeIgniter\Database\BaseConnection->query('select * from u...')
#4 E:\htdocs\rico_store_management_app_2\app\Controllers\Device.php(179): App\Models\Users->get_returned_device_user_data_by_id(0)
#5 E:\htdocs\rico_store_management_app_2\system\CodeIgniter.php(931): App\Controllers\Device->load_add_returned_edit_device_view()
#6 E:\htdocs\rico_store_management_app_2\system\CodeIgniter.php(439): CodeIgniter\CodeIgniter->runController(Object(App\Controllers\Device))
#7 E:\htdocs\rico_store_management_app_2\system\CodeIgniter.php(339): CodeIgniter\CodeIgniter->handleRequest(NULL, Object(Config\Cache), false)
#8 E:\htdocs\rico_store_management_app_2\public\index.php(36): CodeIgniter\CodeIgniter->run()
#9 E:\htdocs\rico_store_management_app_2\system\Commands\Server\rewrite.php(45): require_once('E:\\htdocs\\rico_...')
#10 {main}
CRITICAL - 2021-07-14 05:02:28 --> Class 'App\Controllers\UsersModel' not found
#0 E:\htdocs\rico_store_management_app_2\system\CodeIgniter.php(931): App\Controllers\Dashboard->admin_dashboard()
#1 E:\htdocs\rico_store_management_app_2\system\CodeIgniter.php(439): CodeIgniter\CodeIgniter->runController(Object(App\Controllers\Dashboard))
#2 E:\htdocs\rico_store_management_app_2\system\CodeIgniter.php(339): CodeIgniter\CodeIgniter->handleRequest(NULL, Object(Config\Cache), false)
#3 E:\htdocs\rico_store_management_app_2\public\index.php(36): CodeIgniter\CodeIgniter->run()
#4 E:\htdocs\rico_store_management_app_2\system\Commands\Server\rewrite.php(45): require_once('E:\\htdocs\\rico_...')
#5 {main}
CRITICAL - 2021-07-14 05:03:13 --> Undefined variable: number_of_non_faulty_device
#0 E:\htdocs\rico_store_management_app_2\app\Views\Dashboards\admin_dashboard.php(160): CodeIgniter\Debug\Exceptions->errorHandler(8, 'Undefined varia...', 'E:\\htdocs\\rico_...', 160, Array)
#1 E:\htdocs\rico_store_management_app_2\system\View\View.php(230): include('E:\\htdocs\\rico_...')
#2 E:\htdocs\rico_store_management_app_2\system\View\View.php(232): CodeIgniter\View\View->CodeIgniter\View\{closure}()
#3 E:\htdocs\rico_store_management_app_2\system\Common.php(1250): CodeIgniter\View\View->render('Dashboards\\admi...', Array, true)
#4 E:\htdocs\rico_store_management_app_2\app\Controllers\Dashboard.php(26): view('Dashboards\\admi...', Array)
#5 E:\htdocs\rico_store_management_app_2\system\CodeIgniter.php(931): App\Controllers\Dashboard->admin_dashboard()
#6 E:\htdocs\rico_store_management_app_2\system\CodeIgniter.php(439): CodeIgniter\CodeIgniter->runController(Object(App\Controllers\Dashboard))
#7 E:\htdocs\rico_store_management_app_2\system\CodeIgniter.php(339): CodeIgniter\CodeIgniter->handleRequest(NULL, Object(Config\Cache), false)
#8 E:\htdocs\rico_store_management_app_2\public\index.php(36): CodeIgniter\CodeIgniter->run()
#9 E:\htdocs\rico_store_management_app_2\system\Commands\Server\rewrite.php(45): require_once('E:\\htdocs\\rico_...')
#10 {main}
CRITICAL - 2021-07-14 11:22:16 --> Undefined variable: get_logged_in_details
#0 E:\htdocs\rico_store_management_app_2\app\Controllers\Auth.php(90): CodeIgniter\Debug\Exceptions->errorHandler(8, 'Undefined varia...', 'E:\\htdocs\\rico_...', 90, Array)
#1 E:\htdocs\rico_store_management_app_2\system\CodeIgniter.php(931): App\Controllers\Auth->update_user_password()
#2 E:\htdocs\rico_store_management_app_2\system\CodeIgniter.php(439): CodeIgniter\CodeIgniter->runController(Object(App\Controllers\Auth))
#3 E:\htdocs\rico_store_management_app_2\system\CodeIgniter.php(339): CodeIgniter\CodeIgniter->handleRequest(NULL, Object(Config\Cache), false)
#4 E:\htdocs\rico_store_management_app_2\public\index.php(36): CodeIgniter\CodeIgniter->run()
#5 E:\htdocs\rico_store_management_app_2\system\Commands\Server\rewrite.php(45): require_once('E:\\htdocs\\rico_...')
#6 {main}
CRITICAL - 2021-07-14 11:22:29 --> Undefined variable: get_logged_in_details
#0 E:\htdocs\rico_store_management_app_2\app\Controllers\Auth.php(90): CodeIgniter\Debug\Exceptions->errorHandler(8, 'Undefined varia...', 'E:\\htdocs\\rico_...', 90, Array)
#1 E:\htdocs\rico_store_management_app_2\system\CodeIgniter.php(931): App\Controllers\Auth->update_user_password()
#2 E:\htdocs\rico_store_management_app_2\system\CodeIgniter.php(439): CodeIgniter\CodeIgniter->runController(Object(App\Controllers\Auth))
#3 E:\htdocs\rico_store_management_app_2\system\CodeIgniter.php(339): CodeIgniter\CodeIgniter->handleRequest(NULL, Object(Config\Cache), false)
#4 E:\htdocs\rico_store_management_app_2\public\index.php(36): CodeIgniter\CodeIgniter->run()
#5 E:\htdocs\rico_store_management_app_2\system\Commands\Server\rewrite.php(45): require_once('E:\\htdocs\\rico_...')
#6 {main}
CRITICAL - 2021-07-14 11:23:35 --> Trying to get property 'last_login' of non-object
#0 E:\htdocs\rico_store_management_app_2\app\Controllers\Auth.php(91): CodeIgniter\Debug\Exceptions->errorHandler(8, 'Trying to get p...', 'E:\\htdocs\\rico_...', 91, Array)
#1 E:\htdocs\rico_store_management_app_2\system\CodeIgniter.php(931): App\Controllers\Auth->update_user_password()
#2 E:\htdocs\rico_store_management_app_2\system\CodeIgniter.php(439): CodeIgniter\CodeIgniter->runController(Object(App\Controllers\Auth))
#3 E:\htdocs\rico_store_management_app_2\system\CodeIgniter.php(339): CodeIgniter\CodeIgniter->handleRequest(NULL, Object(Config\Cache), false)
#4 E:\htdocs\rico_store_management_app_2\public\index.php(36): CodeIgniter\CodeIgniter->run()
#5 E:\htdocs\rico_store_management_app_2\system\Commands\Server\rewrite.php(45): require_once('E:\\htdocs\\rico_...')
#6 {main}
ERROR - 2021-07-14 11:32:13 --> Unknown column 'user_returning_device_id.deleted' in 'where clause'
CRITICAL - 2021-07-14 11:32:13 --> Unknown column 'user_returning_device_id.deleted' in 'where clause'
#0 E:\htdocs\rico_store_management_app_2\system\Database\MySQLi\Connection.php(329): mysqli->query('select * from u...')
#1 E:\htdocs\rico_store_management_app_2\system\Database\BaseConnection.php(732): CodeIgniter\Database\MySQLi\Connection->execute('select * from u...')
#2 E:\htdocs\rico_store_management_app_2\system\Database\BaseConnection.php(647): CodeIgniter\Database\BaseConnection->simpleQuery('select * from u...')
#3 E:\htdocs\rico_store_management_app_2\app\Models\Users.php(123): CodeIgniter\Database\BaseConnection->query('select * from u...')
#4 E:\htdocs\rico_store_management_app_2\app\Controllers\Users.php(80): App\Models\Users->get_retunred_user_by_national_id_or_email('', '')
#5 E:\htdocs\rico_store_management_app_2\system\CodeIgniter.php(931): App\Controllers\Users->check_if_user_exists()
#6 E:\htdocs\rico_store_management_app_2\system\CodeIgniter.php(439): CodeIgniter\CodeIgniter->runController(Object(App\Controllers\Users))
#7 E:\htdocs\rico_store_management_app_2\system\CodeIgniter.php(339): CodeIgniter\CodeIgniter->handleRequest(NULL, Object(Config\Cache), false)
#8 E:\htdocs\rico_store_management_app_2\public\index.php(36): CodeIgniter\CodeIgniter->run()
#9 E:\htdocs\rico_store_management_app_2\system\Commands\Server\rewrite.php(45): require_once('E:\\htdocs\\rico_...')
#10 {main}
