CRITICAL - 2021-06-19 15:57:18 --> Undefined variable: validate_user
#0 C:\xampp\htdocs\rico_store_management_app\app\Controllers\Auth.php(46): CodeIgniter\Debug\Exceptions->errorHandler(8, 'Undefined varia...', 'C:\\xampp\\htdocs...', 46, Array)
#1 C:\xampp\htdocs\rico_store_management_app\system\CodeIgniter.php(931): App\Controllers\Auth->login()
#2 C:\xampp\htdocs\rico_store_management_app\system\CodeIgniter.php(439): CodeIgniter\CodeIgniter->runController(Object(App\Controllers\Auth))
#3 C:\xampp\htdocs\rico_store_management_app\system\CodeIgniter.php(339): CodeIgniter\CodeIgniter->handleRequest(NULL, Object(Config\Cache), false)
#4 C:\xampp\htdocs\rico_store_management_app\public\index.php(36): CodeIgniter\CodeIgniter->run()
#5 C:\xampp\htdocs\rico_store_management_app\system\Commands\Server\rewrite.php(45): require_once('C:\\xampp\\htdocs...')
#6 {main}
CRITICAL - 2021-06-19 15:57:46 --> Undefined variable: validate_user
#0 C:\xampp\htdocs\rico_store_management_app\app\Controllers\Auth.php(46): CodeIgniter\Debug\Exceptions->errorHandler(8, 'Undefined varia...', 'C:\\xampp\\htdocs...', 46, Array)
#1 C:\xampp\htdocs\rico_store_management_app\system\CodeIgniter.php(931): App\Controllers\Auth->login()
#2 C:\xampp\htdocs\rico_store_management_app\system\CodeIgniter.php(439): CodeIgniter\CodeIgniter->runController(Object(App\Controllers\Auth))
#3 C:\xampp\htdocs\rico_store_management_app\system\CodeIgniter.php(339): CodeIgniter\CodeIgniter->handleRequest(NULL, Object(Config\Cache), false)
#4 C:\xampp\htdocs\rico_store_management_app\public\index.php(36): CodeIgniter\CodeIgniter->run()
#5 C:\xampp\htdocs\rico_store_management_app\system\Commands\Server\rewrite.php(45): require_once('C:\\xampp\\htdocs...')
#6 {main}
CRITICAL - 2021-06-19 15:58:53 --> Undefined variable: validate_user
#0 C:\xampp\htdocs\rico_store_management_app\app\Controllers\Auth.php(46): CodeIgniter\Debug\Exceptions->errorHandler(8, 'Undefined varia...', 'C:\\xampp\\htdocs...', 46, Array)
#1 C:\xampp\htdocs\rico_store_management_app\system\CodeIgniter.php(931): App\Controllers\Auth->login()
#2 C:\xampp\htdocs\rico_store_management_app\system\CodeIgniter.php(439): CodeIgniter\CodeIgniter->runController(Object(App\Controllers\Auth))
#3 C:\xampp\htdocs\rico_store_management_app\system\CodeIgniter.php(339): CodeIgniter\CodeIgniter->handleRequest(NULL, Object(Config\Cache), false)
#4 C:\xampp\htdocs\rico_store_management_app\public\index.php(36): CodeIgniter\CodeIgniter->run()
#5 C:\xampp\htdocs\rico_store_management_app\system\Commands\Server\rewrite.php(45): require_once('C:\\xampp\\htdocs...')
#6 {main}
ERROR - 2021-06-19 16:10:25 --> ErrorException: pg_query(): Query failed: ERROR:  syntax error at end of input
LINE 3: ..._id='rapsizabel@gmail.com' AND user_account_password='12345'
                                                                       ^ in C:\xampp\htdocs\rico_store_management_app\system\Database\Postgre\Connection.php:170
Stack trace:
#0 [internal function]: CodeIgniter\Debug\Exceptions->errorHandler(2, 'pg_query(): Que...', 'C:\\xampp\\htdocs...', 170, Array)
#1 C:\xampp\htdocs\rico_store_management_app\system\Database\Postgre\Connection.php(170): pg_query(Resource id #142, 'select * from u...')
#2 C:\xampp\htdocs\rico_store_management_app\system\Database\BaseConnection.php(732): CodeIgniter\Database\Postgre\Connection->execute('select * from u...')
#3 C:\xampp\htdocs\rico_store_management_app\system\Database\BaseConnection.php(647): CodeIgniter\Database\BaseConnection->simpleQuery('select * from u...')
#4 C:\xampp\htdocs\rico_store_management_app\app\Models\Auth.php(50): CodeIgniter\Database\BaseConnection->query('select * from u...')
#5 C:\xampp\htdocs\rico_store_management_app\app\Controllers\Auth.php(37): App\Models\Auth->validateUser('rapsizabel@gmai...', '12345', 'rapsizabel@gmai...')
#6 C:\xampp\htdocs\rico_store_management_app\system\CodeIgniter.php(931): App\Controllers\Auth->login()
#7 C:\xampp\htdocs\rico_store_management_app\system\CodeIgniter.php(439): CodeIgniter\CodeIgniter->runController(Object(App\Controllers\Auth))
#8 C:\xampp\htdocs\rico_store_management_app\system\CodeIgniter.php(339): CodeIgniter\CodeIgniter->handleRequest(NULL, Object(Config\Cache), false)
#9 C:\xampp\htdocs\rico_store_management_app\public\index.php(36): CodeIgniter\CodeIgniter->run()
#10 C:\xampp\htdocs\rico_store_management_app\system\Commands\Server\rewrite.php(45): require_once('C:\\xampp\\htdocs...')
#11 {main}
CRITICAL - 2021-06-19 16:10:25 --> pg_query(): Query failed: ERROR:  syntax error at end of input
LINE 3: ..._id='rapsizabel@gmail.com' AND user_account_password='12345'
                                                                       ^
#0 [internal function]: CodeIgniter\Debug\Exceptions->errorHandler(2, 'pg_query(): Que...', 'C:\\xampp\\htdocs...', 170, Array)
#1 C:\xampp\htdocs\rico_store_management_app\system\Database\Postgre\Connection.php(170): pg_query(Resource id #142, 'select * from u...')
#2 C:\xampp\htdocs\rico_store_management_app\system\Database\BaseConnection.php(732): CodeIgniter\Database\Postgre\Connection->execute('select * from u...')
#3 C:\xampp\htdocs\rico_store_management_app\system\Database\BaseConnection.php(647): CodeIgniter\Database\BaseConnection->simpleQuery('select * from u...')
#4 C:\xampp\htdocs\rico_store_management_app\app\Models\Auth.php(50): CodeIgniter\Database\BaseConnection->query('select * from u...')
#5 C:\xampp\htdocs\rico_store_management_app\app\Controllers\Auth.php(37): App\Models\Auth->validateUser('rapsizabel@gmai...', '12345', 'rapsizabel@gmai...')
#6 C:\xampp\htdocs\rico_store_management_app\system\CodeIgniter.php(931): App\Controllers\Auth->login()
#7 C:\xampp\htdocs\rico_store_management_app\system\CodeIgniter.php(439): CodeIgniter\CodeIgniter->runController(Object(App\Controllers\Auth))
#8 C:\xampp\htdocs\rico_store_management_app\system\CodeIgniter.php(339): CodeIgniter\CodeIgniter->handleRequest(NULL, Object(Config\Cache), false)
#9 C:\xampp\htdocs\rico_store_management_app\public\index.php(36): CodeIgniter\CodeIgniter->run()
#10 C:\xampp\htdocs\rico_store_management_app\system\Commands\Server\rewrite.php(45): require_once('C:\\xampp\\htdocs...')
#11 {main}
CRITICAL - 2021-06-19 16:10:25 --> Uncaught CodeIgniter\Format\Exceptions\FormatException: Failed to parse json string, error: "Type is not supported". in C:\xampp\htdocs\rico_store_management_app\system\Format\JSONFormatter.php:42
Stack trace:
#0 C:\xampp\htdocs\rico_store_management_app\system\Format\JSONFormatter.php(42): CodeIgniter\Format\Exceptions\FormatException::forInvalidJSON('Type is not sup...')
#1 C:\xampp\htdocs\rico_store_management_app\system\API\ResponseTrait.php(423): CodeIgniter\Format\JSONFormatter->format(Array)
#2 C:\xampp\htdocs\rico_store_management_app\system\API\ResponseTrait.php(114): CodeIgniter\Debug\Exceptions->format(Array)
#3 C:\xampp\htdocs\rico_store_management_app\system\Debug\Exceptions.php(141): CodeIgniter\Debug\Exceptions->respond(Array, 500)
#4 [internal function]: CodeIgniter\Debug\Exceptions->exceptionHandler(Object(ErrorException))
#5 {main}
  thrown
#0 [internal function]: CodeIgniter\Debug\Exceptions->shutdownHandler()
#1 {main}
ERROR - 2021-06-19 16:11:12 --> ErrorException: pg_query(): Query failed: ERROR:  syntax error at end of input
LINE 3: ..._id='rapsizabel@gmail.com' AND user_account_password='12345'
                                                                       ^ in C:\xampp\htdocs\rico_store_management_app\system\Database\Postgre\Connection.php:170
Stack trace:
#0 [internal function]: CodeIgniter\Debug\Exceptions->errorHandler(2, 'pg_query(): Que...', 'C:\\xampp\\htdocs...', 170, Array)
#1 C:\xampp\htdocs\rico_store_management_app\system\Database\Postgre\Connection.php(170): pg_query(Resource id #142, 'select * from u...')
#2 C:\xampp\htdocs\rico_store_management_app\system\Database\BaseConnection.php(732): CodeIgniter\Database\Postgre\Connection->execute('select * from u...')
#3 C:\xampp\htdocs\rico_store_management_app\system\Database\BaseConnection.php(647): CodeIgniter\Database\BaseConnection->simpleQuery('select * from u...')
#4 C:\xampp\htdocs\rico_store_management_app\app\Models\Auth.php(50): CodeIgniter\Database\BaseConnection->query('select * from u...')
#5 C:\xampp\htdocs\rico_store_management_app\app\Controllers\Auth.php(26): App\Models\Auth->validateUser('rapsizabel@gmai...', '12345', 'rapsizabel@gmai...')
#6 C:\xampp\htdocs\rico_store_management_app\system\CodeIgniter.php(931): App\Controllers\Auth->login()
#7 C:\xampp\htdocs\rico_store_management_app\system\CodeIgniter.php(439): CodeIgniter\CodeIgniter->runController(Object(App\Controllers\Auth))
#8 C:\xampp\htdocs\rico_store_management_app\system\CodeIgniter.php(339): CodeIgniter\CodeIgniter->handleRequest(NULL, Object(Config\Cache), false)
#9 C:\xampp\htdocs\rico_store_management_app\public\index.php(36): CodeIgniter\CodeIgniter->run()
#10 C:\xampp\htdocs\rico_store_management_app\system\Commands\Server\rewrite.php(45): require_once('C:\\xampp\\htdocs...')
#11 {main}
CRITICAL - 2021-06-19 16:11:12 --> pg_query(): Query failed: ERROR:  syntax error at end of input
LINE 3: ..._id='rapsizabel@gmail.com' AND user_account_password='12345'
                                                                       ^
#0 [internal function]: CodeIgniter\Debug\Exceptions->errorHandler(2, 'pg_query(): Que...', 'C:\\xampp\\htdocs...', 170, Array)
#1 C:\xampp\htdocs\rico_store_management_app\system\Database\Postgre\Connection.php(170): pg_query(Resource id #142, 'select * from u...')
#2 C:\xampp\htdocs\rico_store_management_app\system\Database\BaseConnection.php(732): CodeIgniter\Database\Postgre\Connection->execute('select * from u...')
#3 C:\xampp\htdocs\rico_store_management_app\system\Database\BaseConnection.php(647): CodeIgniter\Database\BaseConnection->simpleQuery('select * from u...')
#4 C:\xampp\htdocs\rico_store_management_app\app\Models\Auth.php(50): CodeIgniter\Database\BaseConnection->query('select * from u...')
#5 C:\xampp\htdocs\rico_store_management_app\app\Controllers\Auth.php(26): App\Models\Auth->validateUser('rapsizabel@gmai...', '12345', 'rapsizabel@gmai...')
#6 C:\xampp\htdocs\rico_store_management_app\system\CodeIgniter.php(931): App\Controllers\Auth->login()
#7 C:\xampp\htdocs\rico_store_management_app\system\CodeIgniter.php(439): CodeIgniter\CodeIgniter->runController(Object(App\Controllers\Auth))
#8 C:\xampp\htdocs\rico_store_management_app\system\CodeIgniter.php(339): CodeIgniter\CodeIgniter->handleRequest(NULL, Object(Config\Cache), false)
#9 C:\xampp\htdocs\rico_store_management_app\public\index.php(36): CodeIgniter\CodeIgniter->run()
#10 C:\xampp\htdocs\rico_store_management_app\system\Commands\Server\rewrite.php(45): require_once('C:\\xampp\\htdocs...')
#11 {main}
CRITICAL - 2021-06-19 16:11:12 --> Uncaught CodeIgniter\Format\Exceptions\FormatException: Failed to parse json string, error: "Type is not supported". in C:\xampp\htdocs\rico_store_management_app\system\Format\JSONFormatter.php:42
Stack trace:
#0 C:\xampp\htdocs\rico_store_management_app\system\Format\JSONFormatter.php(42): CodeIgniter\Format\Exceptions\FormatException::forInvalidJSON('Type is not sup...')
#1 C:\xampp\htdocs\rico_store_management_app\system\API\ResponseTrait.php(423): CodeIgniter\Format\JSONFormatter->format(Array)
#2 C:\xampp\htdocs\rico_store_management_app\system\API\ResponseTrait.php(114): CodeIgniter\Debug\Exceptions->format(Array)
#3 C:\xampp\htdocs\rico_store_management_app\system\Debug\Exceptions.php(141): CodeIgniter\Debug\Exceptions->respond(Array, 500)
#4 [internal function]: CodeIgniter\Debug\Exceptions->exceptionHandler(Object(ErrorException))
#5 {main}
  thrown
#0 [internal function]: CodeIgniter\Debug\Exceptions->shutdownHandler()
#1 {main}
ERROR - 2021-06-19 16:11:16 --> ErrorException: pg_query(): Query failed: ERROR:  syntax error at end of input
LINE 3: ...OR (user_account_national_id='' AND user_account_password=''
                                                                       ^ in C:\xampp\htdocs\rico_store_management_app\system\Database\Postgre\Connection.php:170
Stack trace:
#0 [internal function]: CodeIgniter\Debug\Exceptions->errorHandler(2, 'pg_query(): Que...', 'C:\\xampp\\htdocs...', 170, Array)
#1 C:\xampp\htdocs\rico_store_management_app\system\Database\Postgre\Connection.php(170): pg_query(Resource id #142, 'select * from u...')
#2 C:\xampp\htdocs\rico_store_management_app\system\Database\BaseConnection.php(732): CodeIgniter\Database\Postgre\Connection->execute('select * from u...')
#3 C:\xampp\htdocs\rico_store_management_app\system\Database\BaseConnection.php(647): CodeIgniter\Database\BaseConnection->simpleQuery('select * from u...')
#4 C:\xampp\htdocs\rico_store_management_app\app\Models\Auth.php(50): CodeIgniter\Database\BaseConnection->query('select * from u...')
#5 C:\xampp\htdocs\rico_store_management_app\app\Controllers\Auth.php(26): App\Models\Auth->validateUser('', '', '')
#6 C:\xampp\htdocs\rico_store_management_app\system\CodeIgniter.php(931): App\Controllers\Auth->login()
#7 C:\xampp\htdocs\rico_store_management_app\system\CodeIgniter.php(439): CodeIgniter\CodeIgniter->runController(Object(App\Controllers\Auth))
#8 C:\xampp\htdocs\rico_store_management_app\system\CodeIgniter.php(339): CodeIgniter\CodeIgniter->handleRequest(NULL, Object(Config\Cache), false)
#9 C:\xampp\htdocs\rico_store_management_app\public\index.php(36): CodeIgniter\CodeIgniter->run()
#10 C:\xampp\htdocs\rico_store_management_app\system\Commands\Server\rewrite.php(45): require_once('C:\\xampp\\htdocs...')
#11 {main}
CRITICAL - 2021-06-19 16:11:16 --> pg_query(): Query failed: ERROR:  syntax error at end of input
LINE 3: ...OR (user_account_national_id='' AND user_account_password=''
                                                                       ^
#0 [internal function]: CodeIgniter\Debug\Exceptions->errorHandler(2, 'pg_query(): Que...', 'C:\\xampp\\htdocs...', 170, Array)
#1 C:\xampp\htdocs\rico_store_management_app\system\Database\Postgre\Connection.php(170): pg_query(Resource id #142, 'select * from u...')
#2 C:\xampp\htdocs\rico_store_management_app\system\Database\BaseConnection.php(732): CodeIgniter\Database\Postgre\Connection->execute('select * from u...')
#3 C:\xampp\htdocs\rico_store_management_app\system\Database\BaseConnection.php(647): CodeIgniter\Database\BaseConnection->simpleQuery('select * from u...')
#4 C:\xampp\htdocs\rico_store_management_app\app\Models\Auth.php(50): CodeIgniter\Database\BaseConnection->query('select * from u...')
#5 C:\xampp\htdocs\rico_store_management_app\app\Controllers\Auth.php(26): App\Models\Auth->validateUser('', '', '')
#6 C:\xampp\htdocs\rico_store_management_app\system\CodeIgniter.php(931): App\Controllers\Auth->login()
#7 C:\xampp\htdocs\rico_store_management_app\system\CodeIgniter.php(439): CodeIgniter\CodeIgniter->runController(Object(App\Controllers\Auth))
#8 C:\xampp\htdocs\rico_store_management_app\system\CodeIgniter.php(339): CodeIgniter\CodeIgniter->handleRequest(NULL, Object(Config\Cache), false)
#9 C:\xampp\htdocs\rico_store_management_app\public\index.php(36): CodeIgniter\CodeIgniter->run()
#10 C:\xampp\htdocs\rico_store_management_app\system\Commands\Server\rewrite.php(45): require_once('C:\\xampp\\htdocs...')
#11 {main}
CRITICAL - 2021-06-19 16:11:16 --> Uncaught CodeIgniter\Format\Exceptions\FormatException: Failed to parse json string, error: "Type is not supported". in C:\xampp\htdocs\rico_store_management_app\system\Format\JSONFormatter.php:42
Stack trace:
#0 C:\xampp\htdocs\rico_store_management_app\system\Format\JSONFormatter.php(42): CodeIgniter\Format\Exceptions\FormatException::forInvalidJSON('Type is not sup...')
#1 C:\xampp\htdocs\rico_store_management_app\system\API\ResponseTrait.php(423): CodeIgniter\Format\JSONFormatter->format(Array)
#2 C:\xampp\htdocs\rico_store_management_app\system\API\ResponseTrait.php(114): CodeIgniter\Debug\Exceptions->format(Array)
#3 C:\xampp\htdocs\rico_store_management_app\system\Debug\Exceptions.php(141): CodeIgniter\Debug\Exceptions->respond(Array, 500)
#4 [internal function]: CodeIgniter\Debug\Exceptions->exceptionHandler(Object(ErrorException))
#5 {main}
  thrown
#0 [internal function]: CodeIgniter\Debug\Exceptions->shutdownHandler()
#1 {main}
ERROR - 2021-06-19 16:11:18 --> ErrorException: pg_query(): Query failed: ERROR:  syntax error at end of input
LINE 3: ...OR (user_account_national_id='' AND user_account_password=''
                                                                       ^ in C:\xampp\htdocs\rico_store_management_app\system\Database\Postgre\Connection.php:170
Stack trace:
#0 [internal function]: CodeIgniter\Debug\Exceptions->errorHandler(2, 'pg_query(): Que...', 'C:\\xampp\\htdocs...', 170, Array)
#1 C:\xampp\htdocs\rico_store_management_app\system\Database\Postgre\Connection.php(170): pg_query(Resource id #142, 'select * from u...')
#2 C:\xampp\htdocs\rico_store_management_app\system\Database\BaseConnection.php(732): CodeIgniter\Database\Postgre\Connection->execute('select * from u...')
#3 C:\xampp\htdocs\rico_store_management_app\system\Database\BaseConnection.php(647): CodeIgniter\Database\BaseConnection->simpleQuery('select * from u...')
#4 C:\xampp\htdocs\rico_store_management_app\app\Models\Auth.php(50): CodeIgniter\Database\BaseConnection->query('select * from u...')
#5 C:\xampp\htdocs\rico_store_management_app\app\Controllers\Auth.php(26): App\Models\Auth->validateUser('', '', '')
#6 C:\xampp\htdocs\rico_store_management_app\system\CodeIgniter.php(931): App\Controllers\Auth->login()
#7 C:\xampp\htdocs\rico_store_management_app\system\CodeIgniter.php(439): CodeIgniter\CodeIgniter->runController(Object(App\Controllers\Auth))
#8 C:\xampp\htdocs\rico_store_management_app\system\CodeIgniter.php(339): CodeIgniter\CodeIgniter->handleRequest(NULL, Object(Config\Cache), false)
#9 C:\xampp\htdocs\rico_store_management_app\public\index.php(36): CodeIgniter\CodeIgniter->run()
#10 C:\xampp\htdocs\rico_store_management_app\system\Commands\Server\rewrite.php(45): require_once('C:\\xampp\\htdocs...')
#11 {main}
CRITICAL - 2021-06-19 16:11:18 --> pg_query(): Query failed: ERROR:  syntax error at end of input
LINE 3: ...OR (user_account_national_id='' AND user_account_password=''
                                                                       ^
#0 [internal function]: CodeIgniter\Debug\Exceptions->errorHandler(2, 'pg_query(): Que...', 'C:\\xampp\\htdocs...', 170, Array)
#1 C:\xampp\htdocs\rico_store_management_app\system\Database\Postgre\Connection.php(170): pg_query(Resource id #142, 'select * from u...')
#2 C:\xampp\htdocs\rico_store_management_app\system\Database\BaseConnection.php(732): CodeIgniter\Database\Postgre\Connection->execute('select * from u...')
#3 C:\xampp\htdocs\rico_store_management_app\system\Database\BaseConnection.php(647): CodeIgniter\Database\BaseConnection->simpleQuery('select * from u...')
#4 C:\xampp\htdocs\rico_store_management_app\app\Models\Auth.php(50): CodeIgniter\Database\BaseConnection->query('select * from u...')
#5 C:\xampp\htdocs\rico_store_management_app\app\Controllers\Auth.php(26): App\Models\Auth->validateUser('', '', '')
#6 C:\xampp\htdocs\rico_store_management_app\system\CodeIgniter.php(931): App\Controllers\Auth->login()
#7 C:\xampp\htdocs\rico_store_management_app\system\CodeIgniter.php(439): CodeIgniter\CodeIgniter->runController(Object(App\Controllers\Auth))
#8 C:\xampp\htdocs\rico_store_management_app\system\CodeIgniter.php(339): CodeIgniter\CodeIgniter->handleRequest(NULL, Object(Config\Cache), false)
#9 C:\xampp\htdocs\rico_store_management_app\public\index.php(36): CodeIgniter\CodeIgniter->run()
#10 C:\xampp\htdocs\rico_store_management_app\system\Commands\Server\rewrite.php(45): require_once('C:\\xampp\\htdocs...')
#11 {main}
CRITICAL - 2021-06-19 16:11:18 --> Uncaught CodeIgniter\Format\Exceptions\FormatException: Failed to parse json string, error: "Type is not supported". in C:\xampp\htdocs\rico_store_management_app\system\Format\JSONFormatter.php:42
Stack trace:
#0 C:\xampp\htdocs\rico_store_management_app\system\Format\JSONFormatter.php(42): CodeIgniter\Format\Exceptions\FormatException::forInvalidJSON('Type is not sup...')
#1 C:\xampp\htdocs\rico_store_management_app\system\API\ResponseTrait.php(423): CodeIgniter\Format\JSONFormatter->format(Array)
#2 C:\xampp\htdocs\rico_store_management_app\system\API\ResponseTrait.php(114): CodeIgniter\Debug\Exceptions->format(Array)
#3 C:\xampp\htdocs\rico_store_management_app\system\Debug\Exceptions.php(141): CodeIgniter\Debug\Exceptions->respond(Array, 500)
#4 [internal function]: CodeIgniter\Debug\Exceptions->exceptionHandler(Object(ErrorException))
#5 {main}
  thrown
#0 [internal function]: CodeIgniter\Debug\Exceptions->shutdownHandler()
#1 {main}
ERROR - 2021-06-19 16:11:21 --> ErrorException: pg_query(): Query failed: ERROR:  syntax error at end of input
LINE 3: ...OR (user_account_national_id='' AND user_account_password=''
                                                                       ^ in C:\xampp\htdocs\rico_store_management_app\system\Database\Postgre\Connection.php:170
Stack trace:
#0 [internal function]: CodeIgniter\Debug\Exceptions->errorHandler(2, 'pg_query(): Que...', 'C:\\xampp\\htdocs...', 170, Array)
#1 C:\xampp\htdocs\rico_store_management_app\system\Database\Postgre\Connection.php(170): pg_query(Resource id #142, 'select * from u...')
#2 C:\xampp\htdocs\rico_store_management_app\system\Database\BaseConnection.php(732): CodeIgniter\Database\Postgre\Connection->execute('select * from u...')
#3 C:\xampp\htdocs\rico_store_management_app\system\Database\BaseConnection.php(647): CodeIgniter\Database\BaseConnection->simpleQuery('select * from u...')
#4 C:\xampp\htdocs\rico_store_management_app\app\Models\Auth.php(50): CodeIgniter\Database\BaseConnection->query('select * from u...')
#5 C:\xampp\htdocs\rico_store_management_app\app\Controllers\Auth.php(26): App\Models\Auth->validateUser('', '', '')
#6 C:\xampp\htdocs\rico_store_management_app\system\CodeIgniter.php(931): App\Controllers\Auth->login()
#7 C:\xampp\htdocs\rico_store_management_app\system\CodeIgniter.php(439): CodeIgniter\CodeIgniter->runController(Object(App\Controllers\Auth))
#8 C:\xampp\htdocs\rico_store_management_app\system\CodeIgniter.php(339): CodeIgniter\CodeIgniter->handleRequest(NULL, Object(Config\Cache), false)
#9 C:\xampp\htdocs\rico_store_management_app\public\index.php(36): CodeIgniter\CodeIgniter->run()
#10 C:\xampp\htdocs\rico_store_management_app\system\Commands\Server\rewrite.php(45): require_once('C:\\xampp\\htdocs...')
#11 {main}
CRITICAL - 2021-06-19 16:11:21 --> pg_query(): Query failed: ERROR:  syntax error at end of input
LINE 3: ...OR (user_account_national_id='' AND user_account_password=''
                                                                       ^
#0 [internal function]: CodeIgniter\Debug\Exceptions->errorHandler(2, 'pg_query(): Que...', 'C:\\xampp\\htdocs...', 170, Array)
#1 C:\xampp\htdocs\rico_store_management_app\system\Database\Postgre\Connection.php(170): pg_query(Resource id #142, 'select * from u...')
#2 C:\xampp\htdocs\rico_store_management_app\system\Database\BaseConnection.php(732): CodeIgniter\Database\Postgre\Connection->execute('select * from u...')
#3 C:\xampp\htdocs\rico_store_management_app\system\Database\BaseConnection.php(647): CodeIgniter\Database\BaseConnection->simpleQuery('select * from u...')
#4 C:\xampp\htdocs\rico_store_management_app\app\Models\Auth.php(50): CodeIgniter\Database\BaseConnection->query('select * from u...')
#5 C:\xampp\htdocs\rico_store_management_app\app\Controllers\Auth.php(26): App\Models\Auth->validateUser('', '', '')
#6 C:\xampp\htdocs\rico_store_management_app\system\CodeIgniter.php(931): App\Controllers\Auth->login()
#7 C:\xampp\htdocs\rico_store_management_app\system\CodeIgniter.php(439): CodeIgniter\CodeIgniter->runController(Object(App\Controllers\Auth))
#8 C:\xampp\htdocs\rico_store_management_app\system\CodeIgniter.php(339): CodeIgniter\CodeIgniter->handleRequest(NULL, Object(Config\Cache), false)
#9 C:\xampp\htdocs\rico_store_management_app\public\index.php(36): CodeIgniter\CodeIgniter->run()
#10 C:\xampp\htdocs\rico_store_management_app\system\Commands\Server\rewrite.php(45): require_once('C:\\xampp\\htdocs...')
#11 {main}
CRITICAL - 2021-06-19 16:11:22 --> Uncaught CodeIgniter\Format\Exceptions\FormatException: Failed to parse json string, error: "Type is not supported". in C:\xampp\htdocs\rico_store_management_app\system\Format\JSONFormatter.php:42
Stack trace:
#0 C:\xampp\htdocs\rico_store_management_app\system\Format\JSONFormatter.php(42): CodeIgniter\Format\Exceptions\FormatException::forInvalidJSON('Type is not sup...')
#1 C:\xampp\htdocs\rico_store_management_app\system\API\ResponseTrait.php(423): CodeIgniter\Format\JSONFormatter->format(Array)
#2 C:\xampp\htdocs\rico_store_management_app\system\API\ResponseTrait.php(114): CodeIgniter\Debug\Exceptions->format(Array)
#3 C:\xampp\htdocs\rico_store_management_app\system\Debug\Exceptions.php(141): CodeIgniter\Debug\Exceptions->respond(Array, 500)
#4 [internal function]: CodeIgniter\Debug\Exceptions->exceptionHandler(Object(ErrorException))
#5 {main}
  thrown
#0 [internal function]: CodeIgniter\Debug\Exceptions->shutdownHandler()
#1 {main}
ERROR - 2021-06-19 16:11:44 --> ErrorException: pg_query(): Query failed: ERROR:  syntax error at end of input
LINE 3: ...OR (user_account_national_id='' AND user_account_password=''
                                                                       ^ in C:\xampp\htdocs\rico_store_management_app\system\Database\Postgre\Connection.php:170
Stack trace:
#0 [internal function]: CodeIgniter\Debug\Exceptions->errorHandler(2, 'pg_query(): Que...', 'C:\\xampp\\htdocs...', 170, Array)
#1 C:\xampp\htdocs\rico_store_management_app\system\Database\Postgre\Connection.php(170): pg_query(Resource id #142, 'select * from u...')
#2 C:\xampp\htdocs\rico_store_management_app\system\Database\BaseConnection.php(732): CodeIgniter\Database\Postgre\Connection->execute('select * from u...')
#3 C:\xampp\htdocs\rico_store_management_app\system\Database\BaseConnection.php(647): CodeIgniter\Database\BaseConnection->simpleQuery('select * from u...')
#4 C:\xampp\htdocs\rico_store_management_app\app\Models\Auth.php(50): CodeIgniter\Database\BaseConnection->query('select * from u...')
#5 C:\xampp\htdocs\rico_store_management_app\app\Controllers\Auth.php(26): App\Models\Auth->validateUser('', '', '')
#6 C:\xampp\htdocs\rico_store_management_app\system\CodeIgniter.php(931): App\Controllers\Auth->login()
#7 C:\xampp\htdocs\rico_store_management_app\system\CodeIgniter.php(439): CodeIgniter\CodeIgniter->runController(Object(App\Controllers\Auth))
#8 C:\xampp\htdocs\rico_store_management_app\system\CodeIgniter.php(339): CodeIgniter\CodeIgniter->handleRequest(NULL, Object(Config\Cache), false)
#9 C:\xampp\htdocs\rico_store_management_app\public\index.php(36): CodeIgniter\CodeIgniter->run()
#10 C:\xampp\htdocs\rico_store_management_app\system\Commands\Server\rewrite.php(45): require_once('C:\\xampp\\htdocs...')
#11 {main}
CRITICAL - 2021-06-19 16:11:44 --> pg_query(): Query failed: ERROR:  syntax error at end of input
LINE 3: ...OR (user_account_national_id='' AND user_account_password=''
                                                                       ^
#0 [internal function]: CodeIgniter\Debug\Exceptions->errorHandler(2, 'pg_query(): Que...', 'C:\\xampp\\htdocs...', 170, Array)
#1 C:\xampp\htdocs\rico_store_management_app\system\Database\Postgre\Connection.php(170): pg_query(Resource id #142, 'select * from u...')
#2 C:\xampp\htdocs\rico_store_management_app\system\Database\BaseConnection.php(732): CodeIgniter\Database\Postgre\Connection->execute('select * from u...')
#3 C:\xampp\htdocs\rico_store_management_app\system\Database\BaseConnection.php(647): CodeIgniter\Database\BaseConnection->simpleQuery('select * from u...')
#4 C:\xampp\htdocs\rico_store_management_app\app\Models\Auth.php(50): CodeIgniter\Database\BaseConnection->query('select * from u...')
#5 C:\xampp\htdocs\rico_store_management_app\app\Controllers\Auth.php(26): App\Models\Auth->validateUser('', '', '')
#6 C:\xampp\htdocs\rico_store_management_app\system\CodeIgniter.php(931): App\Controllers\Auth->login()
#7 C:\xampp\htdocs\rico_store_management_app\system\CodeIgniter.php(439): CodeIgniter\CodeIgniter->runController(Object(App\Controllers\Auth))
#8 C:\xampp\htdocs\rico_store_management_app\system\CodeIgniter.php(339): CodeIgniter\CodeIgniter->handleRequest(NULL, Object(Config\Cache), false)
#9 C:\xampp\htdocs\rico_store_management_app\public\index.php(36): CodeIgniter\CodeIgniter->run()
#10 C:\xampp\htdocs\rico_store_management_app\system\Commands\Server\rewrite.php(45): require_once('C:\\xampp\\htdocs...')
#11 {main}
CRITICAL - 2021-06-19 16:14:11 --> Cannot declare class App\Models\Auth, because the name is already in use
#0 [internal function]: CodeIgniter\Debug\Exceptions->shutdownHandler()
#1 {main}
CRITICAL - 2021-06-19 16:20:30 --> Cannot declare class App\Models\Auth, because the name is already in use
#0 [internal function]: CodeIgniter\Debug\Exceptions->shutdownHandler()
#1 {main}
CRITICAL - 2021-06-19 16:22:18 --> Cannot declare class App\Models\Auth, because the name is already in use
#0 [internal function]: CodeIgniter\Debug\Exceptions->shutdownHandler()
#1 {main}
CRITICAL - 2021-06-19 16:23:11 --> Cannot declare class App\Models\Auth, because the name is already in use
#0 [internal function]: CodeIgniter\Debug\Exceptions->shutdownHandler()
#1 {main}
CRITICAL - 2021-06-19 16:23:58 --> Cannot declare class App\Models\Auth, because the name is already in use
#0 [internal function]: CodeIgniter\Debug\Exceptions->shutdownHandler()
#1 {main}
CRITICAL - 2021-06-19 16:24:43 --> Object of class stdClass could not be converted to string
#0 C:\xampp\htdocs\rico_store_management_app\app\Controllers\Auth.php(42): CodeIgniter\Debug\Exceptions->errorHandler(4096, 'Object of class...', 'C:\\xampp\\htdocs...', 42, Array)
#1 C:\xampp\htdocs\rico_store_management_app\system\CodeIgniter.php(931): App\Controllers\Auth->login()
#2 C:\xampp\htdocs\rico_store_management_app\system\CodeIgniter.php(439): CodeIgniter\CodeIgniter->runController(Object(App\Controllers\Auth))
#3 C:\xampp\htdocs\rico_store_management_app\system\CodeIgniter.php(339): CodeIgniter\CodeIgniter->handleRequest(NULL, Object(Config\Cache), false)
#4 C:\xampp\htdocs\rico_store_management_app\public\index.php(36): CodeIgniter\CodeIgniter->run()
#5 C:\xampp\htdocs\rico_store_management_app\system\Commands\Server\rewrite.php(45): require_once('C:\\xampp\\htdocs...')
#6 {main}
CRITICAL - 2021-06-19 16:31:12 --> Undefined variable: data
#0 C:\xampp\htdocs\rico_store_management_app\app\Controllers\Auth.php(34): CodeIgniter\Debug\Exceptions->errorHandler(8, 'Undefined varia...', 'C:\\xampp\\htdocs...', 34, Array)
#1 C:\xampp\htdocs\rico_store_management_app\system\CodeIgniter.php(931): App\Controllers\Auth->login()
#2 C:\xampp\htdocs\rico_store_management_app\system\CodeIgniter.php(439): CodeIgniter\CodeIgniter->runController(Object(App\Controllers\Auth))
#3 C:\xampp\htdocs\rico_store_management_app\system\CodeIgniter.php(339): CodeIgniter\CodeIgniter->handleRequest(NULL, Object(Config\Cache), false)
#4 C:\xampp\htdocs\rico_store_management_app\public\index.php(36): CodeIgniter\CodeIgniter->run()
#5 C:\xampp\htdocs\rico_store_management_app\system\Commands\Server\rewrite.php(45): require_once('C:\\xampp\\htdocs...')
#6 {main}
CRITICAL - 2021-06-19 16:32:03 --> Undefined variable: data
#0 C:\xampp\htdocs\rico_store_management_app\app\Controllers\Auth.php(34): CodeIgniter\Debug\Exceptions->errorHandler(8, 'Undefined varia...', 'C:\\xampp\\htdocs...', 34, Array)
#1 C:\xampp\htdocs\rico_store_management_app\system\CodeIgniter.php(931): App\Controllers\Auth->login()
#2 C:\xampp\htdocs\rico_store_management_app\system\CodeIgniter.php(439): CodeIgniter\CodeIgniter->runController(Object(App\Controllers\Auth))
#3 C:\xampp\htdocs\rico_store_management_app\system\CodeIgniter.php(339): CodeIgniter\CodeIgniter->handleRequest(NULL, Object(Config\Cache), false)
#4 C:\xampp\htdocs\rico_store_management_app\public\index.php(36): CodeIgniter\CodeIgniter->run()
#5 C:\xampp\htdocs\rico_store_management_app\system\Commands\Server\rewrite.php(45): require_once('C:\\xampp\\htdocs...')
#6 {main}
CRITICAL - 2021-06-19 16:32:55 --> Cannot use object of type stdClass as array
#0 C:\xampp\htdocs\rico_store_management_app\system\CodeIgniter.php(931): App\Controllers\Auth->login()
#1 C:\xampp\htdocs\rico_store_management_app\system\CodeIgniter.php(439): CodeIgniter\CodeIgniter->runController(Object(App\Controllers\Auth))
#2 C:\xampp\htdocs\rico_store_management_app\system\CodeIgniter.php(339): CodeIgniter\CodeIgniter->handleRequest(NULL, Object(Config\Cache), false)
#3 C:\xampp\htdocs\rico_store_management_app\public\index.php(36): CodeIgniter\CodeIgniter->run()
#4 C:\xampp\htdocs\rico_store_management_app\system\Commands\Server\rewrite.php(45): require_once('C:\\xampp\\htdocs...')
#5 {main}
CRITICAL - 2021-06-19 16:37:30 --> Undefined variable: session
#0 C:\xampp\htdocs\rico_store_management_app\app\Views\Dashboards\admin_dashboard.php(88): CodeIgniter\Debug\Exceptions->errorHandler(8, 'Undefined varia...', 'C:\\xampp\\htdocs...', 88, Array)
#1 C:\xampp\htdocs\rico_store_management_app\system\View\View.php(230): include('C:\\xampp\\htdocs...')
#2 C:\xampp\htdocs\rico_store_management_app\system\View\View.php(232): CodeIgniter\View\View->CodeIgniter\View\{closure}()
#3 C:\xampp\htdocs\rico_store_management_app\system\Common.php(1250): CodeIgniter\View\View->render('Dashboards\\admi...', Array, true)
#4 C:\xampp\htdocs\rico_store_management_app\app\Controllers\Dashboard.php(19): view('Dashboards\\admi...', Array)
#5 C:\xampp\htdocs\rico_store_management_app\system\CodeIgniter.php(931): App\Controllers\Dashboard->admin_dashboard()
#6 C:\xampp\htdocs\rico_store_management_app\system\CodeIgniter.php(439): CodeIgniter\CodeIgniter->runController(Object(App\Controllers\Dashboard))
#7 C:\xampp\htdocs\rico_store_management_app\system\CodeIgniter.php(339): CodeIgniter\CodeIgniter->handleRequest(NULL, Object(Config\Cache), false)
#8 C:\xampp\htdocs\rico_store_management_app\public\index.php(36): CodeIgniter\CodeIgniter->run()
#9 C:\xampp\htdocs\rico_store_management_app\system\Commands\Server\rewrite.php(45): require_once('C:\\xampp\\htdocs...')
#10 {main}
CRITICAL - 2021-06-19 16:48:09 --> Undefined variable: session
#0 C:\xampp\htdocs\rico_store_management_app\app\Views\Dashboards\admin_dashboard.php(88): CodeIgniter\Debug\Exceptions->errorHandler(8, 'Undefined varia...', 'C:\\xampp\\htdocs...', 88, Array)
#1 C:\xampp\htdocs\rico_store_management_app\system\View\View.php(230): include('C:\\xampp\\htdocs...')
#2 C:\xampp\htdocs\rico_store_management_app\system\View\View.php(232): CodeIgniter\View\View->CodeIgniter\View\{closure}()
#3 C:\xampp\htdocs\rico_store_management_app\system\Common.php(1250): CodeIgniter\View\View->render('Dashboards\\admi...', Array, true)
#4 C:\xampp\htdocs\rico_store_management_app\app\Controllers\Dashboard.php(19): view('Dashboards\\admi...', Array)
#5 C:\xampp\htdocs\rico_store_management_app\system\CodeIgniter.php(931): App\Controllers\Dashboard->admin_dashboard()
#6 C:\xampp\htdocs\rico_store_management_app\system\CodeIgniter.php(439): CodeIgniter\CodeIgniter->runController(Object(App\Controllers\Dashboard))
#7 C:\xampp\htdocs\rico_store_management_app\system\CodeIgniter.php(339): CodeIgniter\CodeIgniter->handleRequest(NULL, Object(Config\Cache), false)
#8 C:\xampp\htdocs\rico_store_management_app\public\index.php(36): CodeIgniter\CodeIgniter->run()
#9 C:\xampp\htdocs\rico_store_management_app\system\Commands\Server\rewrite.php(45): require_once('C:\\xampp\\htdocs...')
#10 {main}
CRITICAL - 2021-06-19 16:52:25 --> Undefined variable: session
#0 C:\xampp\htdocs\rico_store_management_app\app\Views\Dashboards\admin_dashboard.php(88): CodeIgniter\Debug\Exceptions->errorHandler(8, 'Undefined varia...', 'C:\\xampp\\htdocs...', 88, Array)
#1 C:\xampp\htdocs\rico_store_management_app\system\View\View.php(230): include('C:\\xampp\\htdocs...')
#2 C:\xampp\htdocs\rico_store_management_app\system\View\View.php(232): CodeIgniter\View\View->CodeIgniter\View\{closure}()
#3 C:\xampp\htdocs\rico_store_management_app\system\Common.php(1250): CodeIgniter\View\View->render('Dashboards\\admi...', Array, true)
#4 C:\xampp\htdocs\rico_store_management_app\app\Controllers\Dashboard.php(19): view('Dashboards\\admi...', Array)
#5 C:\xampp\htdocs\rico_store_management_app\system\CodeIgniter.php(931): App\Controllers\Dashboard->admin_dashboard()
#6 C:\xampp\htdocs\rico_store_management_app\system\CodeIgniter.php(439): CodeIgniter\CodeIgniter->runController(Object(App\Controllers\Dashboard))
#7 C:\xampp\htdocs\rico_store_management_app\system\CodeIgniter.php(339): CodeIgniter\CodeIgniter->handleRequest(NULL, Object(Config\Cache), false)
#8 C:\xampp\htdocs\rico_store_management_app\public\index.php(36): CodeIgniter\CodeIgniter->run()
#9 C:\xampp\htdocs\rico_store_management_app\system\Commands\Server\rewrite.php(45): require_once('C:\\xampp\\htdocs...')
#10 {main}
CRITICAL - 2021-06-19 16:52:27 --> Undefined variable: session
#0 C:\xampp\htdocs\rico_store_management_app\app\Views\Dashboards\admin_dashboard.php(88): CodeIgniter\Debug\Exceptions->errorHandler(8, 'Undefined varia...', 'C:\\xampp\\htdocs...', 88, Array)
#1 C:\xampp\htdocs\rico_store_management_app\system\View\View.php(230): include('C:\\xampp\\htdocs...')
#2 C:\xampp\htdocs\rico_store_management_app\system\View\View.php(232): CodeIgniter\View\View->CodeIgniter\View\{closure}()
#3 C:\xampp\htdocs\rico_store_management_app\system\Common.php(1250): CodeIgniter\View\View->render('Dashboards\\admi...', Array, true)
#4 C:\xampp\htdocs\rico_store_management_app\app\Controllers\Dashboard.php(19): view('Dashboards\\admi...', Array)
#5 C:\xampp\htdocs\rico_store_management_app\system\CodeIgniter.php(931): App\Controllers\Dashboard->admin_dashboard()
#6 C:\xampp\htdocs\rico_store_management_app\system\CodeIgniter.php(439): CodeIgniter\CodeIgniter->runController(Object(App\Controllers\Dashboard))
#7 C:\xampp\htdocs\rico_store_management_app\system\CodeIgniter.php(339): CodeIgniter\CodeIgniter->handleRequest(NULL, Object(Config\Cache), false)
#8 C:\xampp\htdocs\rico_store_management_app\public\index.php(36): CodeIgniter\CodeIgniter->run()
#9 C:\xampp\htdocs\rico_store_management_app\system\Commands\Server\rewrite.php(45): require_once('C:\\xampp\\htdocs...')
#10 {main}
CRITICAL - 2021-06-19 16:54:19 --> Class 'App\Controllers\UsersModel' not found
#0 C:\xampp\htdocs\rico_store_management_app\system\CodeIgniter.php(931): App\Controllers\Dashboard->admin_dashboard()
#1 C:\xampp\htdocs\rico_store_management_app\system\CodeIgniter.php(439): CodeIgniter\CodeIgniter->runController(Object(App\Controllers\Dashboard))
#2 C:\xampp\htdocs\rico_store_management_app\system\CodeIgniter.php(339): CodeIgniter\CodeIgniter->handleRequest(NULL, Object(Config\Cache), false)
#3 C:\xampp\htdocs\rico_store_management_app\public\index.php(36): CodeIgniter\CodeIgniter->run()
#4 C:\xampp\htdocs\rico_store_management_app\system\Commands\Server\rewrite.php(45): require_once('C:\\xampp\\htdocs...')
#5 {main}
CRITICAL - 2021-06-19 16:54:42 --> Undefined variable: email
#0 C:\xampp\htdocs\rico_store_management_app\app\Controllers\Dashboard.php(19): CodeIgniter\Debug\Exceptions->errorHandler(8, 'Undefined varia...', 'C:\\xampp\\htdocs...', 19, Array)
#1 C:\xampp\htdocs\rico_store_management_app\system\CodeIgniter.php(931): App\Controllers\Dashboard->admin_dashboard()
#2 C:\xampp\htdocs\rico_store_management_app\system\CodeIgniter.php(439): CodeIgniter\CodeIgniter->runController(Object(App\Controllers\Dashboard))
#3 C:\xampp\htdocs\rico_store_management_app\system\CodeIgniter.php(339): CodeIgniter\CodeIgniter->handleRequest(NULL, Object(Config\Cache), false)
#4 C:\xampp\htdocs\rico_store_management_app\public\index.php(36): CodeIgniter\CodeIgniter->run()
#5 C:\xampp\htdocs\rico_store_management_app\system\Commands\Server\rewrite.php(45): require_once('C:\\xampp\\htdocs...')
#6 {main}
CRITICAL - 2021-06-19 16:55:33 --> Undefined variable: session
#0 C:\xampp\htdocs\rico_store_management_app\app\Views\Dashboards\admin_dashboard.php(88): CodeIgniter\Debug\Exceptions->errorHandler(8, 'Undefined varia...', 'C:\\xampp\\htdocs...', 88, Array)
#1 C:\xampp\htdocs\rico_store_management_app\system\View\View.php(230): include('C:\\xampp\\htdocs...')
#2 C:\xampp\htdocs\rico_store_management_app\system\View\View.php(232): CodeIgniter\View\View->CodeIgniter\View\{closure}()
#3 C:\xampp\htdocs\rico_store_management_app\system\Common.php(1250): CodeIgniter\View\View->render('Dashboards\\admi...', Array, true)
#4 C:\xampp\htdocs\rico_store_management_app\app\Controllers\Auth.php(45): view('Dashboards\\admi...', Array)
#5 C:\xampp\htdocs\rico_store_management_app\system\CodeIgniter.php(931): App\Controllers\Auth->login()
#6 C:\xampp\htdocs\rico_store_management_app\system\CodeIgniter.php(439): CodeIgniter\CodeIgniter->runController(Object(App\Controllers\Auth))
#7 C:\xampp\htdocs\rico_store_management_app\system\CodeIgniter.php(339): CodeIgniter\CodeIgniter->handleRequest(NULL, Object(Config\Cache), false)
#8 C:\xampp\htdocs\rico_store_management_app\public\index.php(36): CodeIgniter\CodeIgniter->run()
#9 C:\xampp\htdocs\rico_store_management_app\system\Commands\Server\rewrite.php(45): require_once('C:\\xampp\\htdocs...')
#10 {main}
CRITICAL - 2021-06-19 17:00:19 --> Undefined variable: session
#0 C:\xampp\htdocs\rico_store_management_app\app\Views\Dashboards\admin_dashboard.php(88): CodeIgniter\Debug\Exceptions->errorHandler(8, 'Undefined varia...', 'C:\\xampp\\htdocs...', 88, Array)
#1 C:\xampp\htdocs\rico_store_management_app\system\View\View.php(230): include('C:\\xampp\\htdocs...')
#2 C:\xampp\htdocs\rico_store_management_app\system\View\View.php(232): CodeIgniter\View\View->CodeIgniter\View\{closure}()
#3 C:\xampp\htdocs\rico_store_management_app\system\Common.php(1250): CodeIgniter\View\View->render('Dashboards\\admi...', Array, true)
#4 C:\xampp\htdocs\rico_store_management_app\app\Controllers\Dashboard.php(18): view('Dashboards\\admi...', Array)
#5 C:\xampp\htdocs\rico_store_management_app\system\CodeIgniter.php(931): App\Controllers\Dashboard->admin_dashboard()
#6 C:\xampp\htdocs\rico_store_management_app\system\CodeIgniter.php(439): CodeIgniter\CodeIgniter->runController(Object(App\Controllers\Dashboard))
#7 C:\xampp\htdocs\rico_store_management_app\system\CodeIgniter.php(339): CodeIgniter\CodeIgniter->handleRequest(NULL, Object(Config\Cache), false)
#8 C:\xampp\htdocs\rico_store_management_app\public\index.php(36): CodeIgniter\CodeIgniter->run()
#9 C:\xampp\htdocs\rico_store_management_app\system\Commands\Server\rewrite.php(45): require_once('C:\\xampp\\htdocs...')
#10 {main}
CRITICAL - 2021-06-19 17:09:51 -->  route cannot be found while reverse-routing.
#0 C:\xampp\htdocs\rico_store_management_app\system\HTTP\RedirectResponse.php(64): CodeIgniter\HTTP\Exceptions\HTTPException::forInvalidRedirectRoute('')
#1 C:\xampp\htdocs\rico_store_management_app\system\Common.php(951): CodeIgniter\HTTP\RedirectResponse->route(false)
#2 C:\xampp\htdocs\rico_store_management_app\app\Controllers\Auth.php(60): redirect('http://localhos...')
#3 C:\xampp\htdocs\rico_store_management_app\system\CodeIgniter.php(931): App\Controllers\Auth->log_out()
#4 C:\xampp\htdocs\rico_store_management_app\system\CodeIgniter.php(439): CodeIgniter\CodeIgniter->runController(Object(App\Controllers\Auth))
#5 C:\xampp\htdocs\rico_store_management_app\system\CodeIgniter.php(339): CodeIgniter\CodeIgniter->handleRequest(NULL, Object(Config\Cache), false)
#6 C:\xampp\htdocs\rico_store_management_app\public\index.php(36): CodeIgniter\CodeIgniter->run()
#7 C:\xampp\htdocs\rico_store_management_app\system\Commands\Server\rewrite.php(45): require_once('C:\\xampp\\htdocs...')
#8 {main}
CRITICAL - 2021-06-19 17:10:16 -->  route cannot be found while reverse-routing.
#0 C:\xampp\htdocs\rico_store_management_app\system\HTTP\RedirectResponse.php(64): CodeIgniter\HTTP\Exceptions\HTTPException::forInvalidRedirectRoute('')
#1 C:\xampp\htdocs\rico_store_management_app\system\Common.php(951): CodeIgniter\HTTP\RedirectResponse->route(false)
#2 C:\xampp\htdocs\rico_store_management_app\app\Controllers\Auth.php(60): redirect('http://localhos...')
#3 C:\xampp\htdocs\rico_store_management_app\system\CodeIgniter.php(931): App\Controllers\Auth->log_out()
#4 C:\xampp\htdocs\rico_store_management_app\system\CodeIgniter.php(439): CodeIgniter\CodeIgniter->runController(Object(App\Controllers\Auth))
#5 C:\xampp\htdocs\rico_store_management_app\system\CodeIgniter.php(339): CodeIgniter\CodeIgniter->handleRequest(NULL, Object(Config\Cache), false)
#6 C:\xampp\htdocs\rico_store_management_app\public\index.php(36): CodeIgniter\CodeIgniter->run()
#7 C:\xampp\htdocs\rico_store_management_app\system\Commands\Server\rewrite.php(45): require_once('C:\\xampp\\htdocs...')
#8 {main}
CRITICAL - 2021-06-19 17:10:22 -->  route cannot be found while reverse-routing.
#0 C:\xampp\htdocs\rico_store_management_app\system\HTTP\RedirectResponse.php(64): CodeIgniter\HTTP\Exceptions\HTTPException::forInvalidRedirectRoute('')
#1 C:\xampp\htdocs\rico_store_management_app\system\Common.php(951): CodeIgniter\HTTP\RedirectResponse->route(false)
#2 C:\xampp\htdocs\rico_store_management_app\app\Controllers\Auth.php(60): redirect('http://localhos...')
#3 C:\xampp\htdocs\rico_store_management_app\system\CodeIgniter.php(931): App\Controllers\Auth->log_out()
#4 C:\xampp\htdocs\rico_store_management_app\system\CodeIgniter.php(439): CodeIgniter\CodeIgniter->runController(Object(App\Controllers\Auth))
#5 C:\xampp\htdocs\rico_store_management_app\system\CodeIgniter.php(339): CodeIgniter\CodeIgniter->handleRequest(NULL, Object(Config\Cache), false)
#6 C:\xampp\htdocs\rico_store_management_app\public\index.php(36): CodeIgniter\CodeIgniter->run()
#7 C:\xampp\htdocs\rico_store_management_app\system\Commands\Server\rewrite.php(45): require_once('C:\\xampp\\htdocs...')
#8 {main}
CRITICAL - 2021-06-19 17:10:52 -->  route cannot be found while reverse-routing.
#0 C:\xampp\htdocs\rico_store_management_app\system\HTTP\RedirectResponse.php(64): CodeIgniter\HTTP\Exceptions\HTTPException::forInvalidRedirectRoute('')
#1 C:\xampp\htdocs\rico_store_management_app\system\Common.php(951): CodeIgniter\HTTP\RedirectResponse->route(false)
#2 C:\xampp\htdocs\rico_store_management_app\app\Controllers\Auth.php(60): redirect('http://localhos...')
#3 C:\xampp\htdocs\rico_store_management_app\system\CodeIgniter.php(931): App\Controllers\Auth->log_out()
#4 C:\xampp\htdocs\rico_store_management_app\system\CodeIgniter.php(439): CodeIgniter\CodeIgniter->runController(Object(App\Controllers\Auth))
#5 C:\xampp\htdocs\rico_store_management_app\system\CodeIgniter.php(339): CodeIgniter\CodeIgniter->handleRequest(NULL, Object(Config\Cache), false)
#6 C:\xampp\htdocs\rico_store_management_app\public\index.php(36): CodeIgniter\CodeIgniter->run()
#7 C:\xampp\htdocs\rico_store_management_app\system\Commands\Server\rewrite.php(45): require_once('C:\\xampp\\htdocs...')
#8 {main}
CRITICAL - 2021-06-19 17:14:40 -->  route cannot be found while reverse-routing.
#0 C:\xampp\htdocs\rico_store_management_app\system\HTTP\RedirectResponse.php(64): CodeIgniter\HTTP\Exceptions\HTTPException::forInvalidRedirectRoute('')
#1 C:\xampp\htdocs\rico_store_management_app\system\Common.php(951): CodeIgniter\HTTP\RedirectResponse->route(false)
#2 C:\xampp\htdocs\rico_store_management_app\app\Controllers\Auth.php(60): redirect('http://localhos...')
#3 C:\xampp\htdocs\rico_store_management_app\system\CodeIgniter.php(931): App\Controllers\Auth->log_out()
#4 C:\xampp\htdocs\rico_store_management_app\system\CodeIgniter.php(439): CodeIgniter\CodeIgniter->runController(Object(App\Controllers\Auth))
#5 C:\xampp\htdocs\rico_store_management_app\system\CodeIgniter.php(339): CodeIgniter\CodeIgniter->handleRequest(NULL, Object(Config\Cache), false)
#6 C:\xampp\htdocs\rico_store_management_app\public\index.php(36): CodeIgniter\CodeIgniter->run()
#7 C:\xampp\htdocs\rico_store_management_app\system\Commands\Server\rewrite.php(45): require_once('C:\\xampp\\htdocs...')
#8 {main}
CRITICAL - 2021-06-19 17:17:29 -->  route cannot be found while reverse-routing.
#0 C:\xampp\htdocs\rico_store_management_app\system\HTTP\RedirectResponse.php(64): CodeIgniter\HTTP\Exceptions\HTTPException::forInvalidRedirectRoute('')
#1 C:\xampp\htdocs\rico_store_management_app\system\Common.php(951): CodeIgniter\HTTP\RedirectResponse->route(false)
#2 C:\xampp\htdocs\rico_store_management_app\app\Controllers\Auth.php(60): redirect('http://localhos...')
#3 C:\xampp\htdocs\rico_store_management_app\system\CodeIgniter.php(931): App\Controllers\Auth->log_out()
#4 C:\xampp\htdocs\rico_store_management_app\system\CodeIgniter.php(439): CodeIgniter\CodeIgniter->runController(Object(App\Controllers\Auth))
#5 C:\xampp\htdocs\rico_store_management_app\system\CodeIgniter.php(339): CodeIgniter\CodeIgniter->handleRequest(NULL, Object(Config\Cache), false)
#6 C:\xampp\htdocs\rico_store_management_app\public\index.php(36): CodeIgniter\CodeIgniter->run()
#7 C:\xampp\htdocs\rico_store_management_app\system\Commands\Server\rewrite.php(45): require_once('C:\\xampp\\htdocs...')
#8 {main}
CRITICAL - 2021-06-19 17:19:03 -->  route cannot be found while reverse-routing.
#0 C:\xampp\htdocs\rico_store_management_app\system\HTTP\RedirectResponse.php(64): CodeIgniter\HTTP\Exceptions\HTTPException::forInvalidRedirectRoute('')
#1 C:\xampp\htdocs\rico_store_management_app\system\Common.php(951): CodeIgniter\HTTP\RedirectResponse->route(false)
#2 C:\xampp\htdocs\rico_store_management_app\app\Controllers\Auth.php(60): redirect('base_url()')
#3 C:\xampp\htdocs\rico_store_management_app\system\CodeIgniter.php(931): App\Controllers\Auth->log_out()
#4 C:\xampp\htdocs\rico_store_management_app\system\CodeIgniter.php(439): CodeIgniter\CodeIgniter->runController(Object(App\Controllers\Auth))
#5 C:\xampp\htdocs\rico_store_management_app\system\CodeIgniter.php(339): CodeIgniter\CodeIgniter->handleRequest(NULL, Object(Config\Cache), false)
#6 C:\xampp\htdocs\rico_store_management_app\public\index.php(36): CodeIgniter\CodeIgniter->run()
#7 C:\xampp\htdocs\rico_store_management_app\system\Commands\Server\rewrite.php(45): require_once('C:\\xampp\\htdocs...')
#8 {main}
CRITICAL - 2021-06-19 17:19:06 -->  route cannot be found while reverse-routing.
#0 C:\xampp\htdocs\rico_store_management_app\system\HTTP\RedirectResponse.php(64): CodeIgniter\HTTP\Exceptions\HTTPException::forInvalidRedirectRoute('')
#1 C:\xampp\htdocs\rico_store_management_app\system\Common.php(951): CodeIgniter\HTTP\RedirectResponse->route(false)
#2 C:\xampp\htdocs\rico_store_management_app\app\Controllers\Auth.php(60): redirect('base_url()')
#3 C:\xampp\htdocs\rico_store_management_app\system\CodeIgniter.php(931): App\Controllers\Auth->log_out()
#4 C:\xampp\htdocs\rico_store_management_app\system\CodeIgniter.php(439): CodeIgniter\CodeIgniter->runController(Object(App\Controllers\Auth))
#5 C:\xampp\htdocs\rico_store_management_app\system\CodeIgniter.php(339): CodeIgniter\CodeIgniter->handleRequest(NULL, Object(Config\Cache), false)
#6 C:\xampp\htdocs\rico_store_management_app\public\index.php(36): CodeIgniter\CodeIgniter->run()
#7 C:\xampp\htdocs\rico_store_management_app\system\Commands\Server\rewrite.php(45): require_once('C:\\xampp\\htdocs...')
#8 {main}
