CRITICAL - 2021-06-20 10:26:18 --> Argument 2 passed to CodeIgniter\HTTP\RedirectResponse::to() must be of the type int or null, array given, called in C:\xampp\htdocs\rico_store_management_app\app\Controllers\Auth.php on line 42
#0 C:\xampp\htdocs\rico_store_management_app\app\Controllers\Auth.php(42): CodeIgniter\HTTP\RedirectResponse->to('http://localhos...', Array)
#1 C:\xampp\htdocs\rico_store_management_app\system\CodeIgniter.php(931): App\Controllers\Auth->login()
#2 C:\xampp\htdocs\rico_store_management_app\system\CodeIgniter.php(439): CodeIgniter\CodeIgniter->runController(Object(App\Controllers\Auth))
#3 C:\xampp\htdocs\rico_store_management_app\system\CodeIgniter.php(339): CodeIgniter\CodeIgniter->handleRequest(NULL, Object(Config\Cache), false)
#4 C:\xampp\htdocs\rico_store_management_app\public\index.php(36): CodeIgniter\CodeIgniter->run()
#5 C:\xampp\htdocs\rico_store_management_app\system\Commands\Server\rewrite.php(45): require_once('C:\\xampp\\htdocs...')
#6 {main}
CRITICAL - 2021-06-20 10:26:39 --> Argument 2 passed to CodeIgniter\HTTP\RedirectResponse::to() must be of the type int or null, array given, called in C:\xampp\htdocs\rico_store_management_app\app\Controllers\Auth.php on line 42
#0 C:\xampp\htdocs\rico_store_management_app\app\Controllers\Auth.php(42): CodeIgniter\HTTP\RedirectResponse->to('http://localhos...', Array)
#1 C:\xampp\htdocs\rico_store_management_app\system\CodeIgniter.php(931): App\Controllers\Auth->login()
#2 C:\xampp\htdocs\rico_store_management_app\system\CodeIgniter.php(439): CodeIgniter\CodeIgniter->runController(Object(App\Controllers\Auth))
#3 C:\xampp\htdocs\rico_store_management_app\system\CodeIgniter.php(339): CodeIgniter\CodeIgniter->handleRequest(NULL, Object(Config\Cache), false)
#4 C:\xampp\htdocs\rico_store_management_app\public\index.php(36): CodeIgniter\CodeIgniter->run()
#5 C:\xampp\htdocs\rico_store_management_app\system\Commands\Server\rewrite.php(45): require_once('C:\\xampp\\htdocs...')
#6 {main}
CRITICAL - 2021-06-20 10:26:49 --> Argument 2 passed to CodeIgniter\HTTP\RedirectResponse::to() must be of the type int or null, array given, called in C:\xampp\htdocs\rico_store_management_app\app\Controllers\Auth.php on line 42
#0 C:\xampp\htdocs\rico_store_management_app\app\Controllers\Auth.php(42): CodeIgniter\HTTP\RedirectResponse->to('http://localhos...', Array)
#1 C:\xampp\htdocs\rico_store_management_app\system\CodeIgniter.php(931): App\Controllers\Auth->login()
#2 C:\xampp\htdocs\rico_store_management_app\system\CodeIgniter.php(439): CodeIgniter\CodeIgniter->runController(Object(App\Controllers\Auth))
#3 C:\xampp\htdocs\rico_store_management_app\system\CodeIgniter.php(339): CodeIgniter\CodeIgniter->handleRequest(NULL, Object(Config\Cache), false)
#4 C:\xampp\htdocs\rico_store_management_app\public\index.php(36): CodeIgniter\CodeIgniter->run()
#5 C:\xampp\htdocs\rico_store_management_app\system\Commands\Server\rewrite.php(45): require_once('C:\\xampp\\htdocs...')
#6 {main}
CRITICAL - 2021-06-20 10:32:57 --> Undefined variable: device_list
#0 C:\xampp\htdocs\rico_store_management_app\app\Views\Dashboards\admin_dashboard.php(199): CodeIgniter\Debug\Exceptions->errorHandler(8, 'Undefined varia...', 'C:\\xampp\\htdocs...', 199, Array)
#1 C:\xampp\htdocs\rico_store_management_app\system\View\View.php(230): include('C:\\xampp\\htdocs...')
#2 C:\xampp\htdocs\rico_store_management_app\system\View\View.php(232): CodeIgniter\View\View->CodeIgniter\View\{closure}()
#3 C:\xampp\htdocs\rico_store_management_app\system\Common.php(1250): CodeIgniter\View\View->render('Dashboards\\admi...', Array, true)
#4 C:\xampp\htdocs\rico_store_management_app\app\Controllers\Auth.php(45): view('Dashboards\\admi...', Array)
#5 C:\xampp\htdocs\rico_store_management_app\system\CodeIgniter.php(931): App\Controllers\Auth->login()
#6 C:\xampp\htdocs\rico_store_management_app\system\CodeIgniter.php(439): CodeIgniter\CodeIgniter->runController(Object(App\Controllers\Auth))
#7 C:\xampp\htdocs\rico_store_management_app\system\CodeIgniter.php(339): CodeIgniter\CodeIgniter->handleRequest(NULL, Object(Config\Cache), false)
#8 C:\xampp\htdocs\rico_store_management_app\public\index.php(36): CodeIgniter\CodeIgniter->run()
#9 C:\xampp\htdocs\rico_store_management_app\system\Commands\Server\rewrite.php(45): require_once('C:\\xampp\\htdocs...')
#10 {main}
CRITICAL - 2021-06-20 11:03:09 -->  route cannot be found while reverse-routing.
#0 C:\xampp\htdocs\rico_store_management_app\system\HTTP\RedirectResponse.php(64): CodeIgniter\HTTP\Exceptions\HTTPException::forInvalidRedirectRoute('')
#1 C:\xampp\htdocs\rico_store_management_app\system\Common.php(951): CodeIgniter\HTTP\RedirectResponse->route(false)
#2 C:\xampp\htdocs\rico_store_management_app\app\Controllers\Auth.php(57): redirect('base_url()')
#3 C:\xampp\htdocs\rico_store_management_app\system\CodeIgniter.php(931): App\Controllers\Auth->log_out()
#4 C:\xampp\htdocs\rico_store_management_app\system\CodeIgniter.php(439): CodeIgniter\CodeIgniter->runController(Object(App\Controllers\Auth))
#5 C:\xampp\htdocs\rico_store_management_app\system\CodeIgniter.php(339): CodeIgniter\CodeIgniter->handleRequest(NULL, Object(Config\Cache), false)
#6 C:\xampp\htdocs\rico_store_management_app\public\index.php(36): CodeIgniter\CodeIgniter->run()
#7 C:\xampp\htdocs\rico_store_management_app\system\Commands\Server\rewrite.php(45): require_once('C:\\xampp\\htdocs...')
#8 {main}
CRITICAL - 2021-06-20 11:28:25 --> Undefined variable: session
#0 C:\xampp\htdocs\rico_store_management_app\app\Views\Dashboards\admin_dashboard.php(88): CodeIgniter\Debug\Exceptions->errorHandler(8, 'Undefined varia...', 'C:\\xampp\\htdocs...', 88, Array)
#1 C:\xampp\htdocs\rico_store_management_app\system\View\View.php(230): include('C:\\xampp\\htdocs...')
#2 C:\xampp\htdocs\rico_store_management_app\system\View\View.php(232): CodeIgniter\View\View->CodeIgniter\View\{closure}()
#3 C:\xampp\htdocs\rico_store_management_app\system\Common.php(1250): CodeIgniter\View\View->render('Dashboards\\admi...', Array, true)
#4 C:\xampp\htdocs\rico_store_management_app\app\Controllers\Auth.php(42): view('Dashboards\\admi...', Array)
#5 C:\xampp\htdocs\rico_store_management_app\system\CodeIgniter.php(931): App\Controllers\Auth->login()
#6 C:\xampp\htdocs\rico_store_management_app\system\CodeIgniter.php(439): CodeIgniter\CodeIgniter->runController(Object(App\Controllers\Auth))
#7 C:\xampp\htdocs\rico_store_management_app\system\CodeIgniter.php(339): CodeIgniter\CodeIgniter->handleRequest(NULL, Object(Config\Cache), false)
#8 C:\xampp\htdocs\rico_store_management_app\public\index.php(36): CodeIgniter\CodeIgniter->run()
#9 C:\xampp\htdocs\rico_store_management_app\system\Commands\Server\rewrite.php(45): require_once('C:\\xampp\\htdocs...')
#10 {main}
CRITICAL - 2021-06-20 11:29:43 --> Undefined variable: session
#0 C:\xampp\htdocs\rico_store_management_app\app\Views\Dashboards\admin_dashboard.php(88): CodeIgniter\Debug\Exceptions->errorHandler(8, 'Undefined varia...', 'C:\\xampp\\htdocs...', 88, Array)
#1 C:\xampp\htdocs\rico_store_management_app\system\View\View.php(230): include('C:\\xampp\\htdocs...')
#2 C:\xampp\htdocs\rico_store_management_app\system\View\View.php(232): CodeIgniter\View\View->CodeIgniter\View\{closure}()
#3 C:\xampp\htdocs\rico_store_management_app\system\Common.php(1250): CodeIgniter\View\View->render('Dashboards\\admi...', Array, true)
#4 C:\xampp\htdocs\rico_store_management_app\app\Controllers\Auth.php(43): view('Dashboards\\admi...', Array)
#5 C:\xampp\htdocs\rico_store_management_app\system\CodeIgniter.php(931): App\Controllers\Auth->login()
#6 C:\xampp\htdocs\rico_store_management_app\system\CodeIgniter.php(439): CodeIgniter\CodeIgniter->runController(Object(App\Controllers\Auth))
#7 C:\xampp\htdocs\rico_store_management_app\system\CodeIgniter.php(339): CodeIgniter\CodeIgniter->handleRequest(NULL, Object(Config\Cache), false)
#8 C:\xampp\htdocs\rico_store_management_app\public\index.php(36): CodeIgniter\CodeIgniter->run()
#9 C:\xampp\htdocs\rico_store_management_app\system\Commands\Server\rewrite.php(45): require_once('C:\\xampp\\htdocs...')
#10 {main}
CRITICAL - 2021-06-20 11:31:02 --> Call to a member function get() on null
#0 C:\xampp\htdocs\rico_store_management_app\system\View\View.php(230): include()
#1 C:\xampp\htdocs\rico_store_management_app\system\View\View.php(232): CodeIgniter\View\View->CodeIgniter\View\{closure}()
#2 C:\xampp\htdocs\rico_store_management_app\system\Common.php(1250): CodeIgniter\View\View->render('Dashboards\\admi...', Array, true)
#3 C:\xampp\htdocs\rico_store_management_app\app\Controllers\Auth.php(43): view('Dashboards\\admi...', Array)
#4 C:\xampp\htdocs\rico_store_management_app\system\CodeIgniter.php(931): App\Controllers\Auth->login()
#5 C:\xampp\htdocs\rico_store_management_app\system\CodeIgniter.php(439): CodeIgniter\CodeIgniter->runController(Object(App\Controllers\Auth))
#6 C:\xampp\htdocs\rico_store_management_app\system\CodeIgniter.php(339): CodeIgniter\CodeIgniter->handleRequest(NULL, Object(Config\Cache), false)
#7 C:\xampp\htdocs\rico_store_management_app\public\index.php(36): CodeIgniter\CodeIgniter->run()
#8 C:\xampp\htdocs\rico_store_management_app\system\Commands\Server\rewrite.php(45): require_once('C:\\xampp\\htdocs...')
#9 {main}
CRITICAL - 2021-06-20 11:32:56 --> Undefined variable: session
#0 C:\xampp\htdocs\rico_store_management_app\app\Views\Dashboards\admin_dashboard.php(2): CodeIgniter\Debug\Exceptions->errorHandler(8, 'Undefined varia...', 'C:\\xampp\\htdocs...', 2, Array)
#1 C:\xampp\htdocs\rico_store_management_app\system\View\View.php(230): include('C:\\xampp\\htdocs...')
#2 C:\xampp\htdocs\rico_store_management_app\system\View\View.php(232): CodeIgniter\View\View->CodeIgniter\View\{closure}()
#3 C:\xampp\htdocs\rico_store_management_app\system\Common.php(1250): CodeIgniter\View\View->render('Dashboards\\admi...', Array, true)
#4 C:\xampp\htdocs\rico_store_management_app\app\Controllers\Auth.php(44): view('Dashboards\\admi...', Array)
#5 C:\xampp\htdocs\rico_store_management_app\system\CodeIgniter.php(931): App\Controllers\Auth->login()
#6 C:\xampp\htdocs\rico_store_management_app\system\CodeIgniter.php(439): CodeIgniter\CodeIgniter->runController(Object(App\Controllers\Auth))
#7 C:\xampp\htdocs\rico_store_management_app\system\CodeIgniter.php(339): CodeIgniter\CodeIgniter->handleRequest(NULL, Object(Config\Cache), false)
#8 C:\xampp\htdocs\rico_store_management_app\public\index.php(36): CodeIgniter\CodeIgniter->run()
#9 C:\xampp\htdocs\rico_store_management_app\system\Commands\Server\rewrite.php(45): require_once('C:\\xampp\\htdocs...')
#10 {main}
CRITICAL - 2021-06-20 11:36:22 --> Undefined variable: session
#0 C:\xampp\htdocs\rico_store_management_app\app\Views\Dashboards\admin_dashboard.php(2): CodeIgniter\Debug\Exceptions->errorHandler(8, 'Undefined varia...', 'C:\\xampp\\htdocs...', 2, Array)
#1 C:\xampp\htdocs\rico_store_management_app\system\View\View.php(230): include('C:\\xampp\\htdocs...')
#2 C:\xampp\htdocs\rico_store_management_app\system\View\View.php(232): CodeIgniter\View\View->CodeIgniter\View\{closure}()
#3 C:\xampp\htdocs\rico_store_management_app\system\Common.php(1250): CodeIgniter\View\View->render('Dashboards\\admi...', Array, true)
#4 C:\xampp\htdocs\rico_store_management_app\app\Controllers\Dashboard.php(18): view('Dashboards\\admi...', Array)
#5 C:\xampp\htdocs\rico_store_management_app\system\CodeIgniter.php(931): App\Controllers\Dashboard->admin_dashboard()
#6 C:\xampp\htdocs\rico_store_management_app\system\CodeIgniter.php(439): CodeIgniter\CodeIgniter->runController(Object(App\Controllers\Dashboard))
#7 C:\xampp\htdocs\rico_store_management_app\system\CodeIgniter.php(339): CodeIgniter\CodeIgniter->handleRequest(NULL, Object(Config\Cache), false)
#8 C:\xampp\htdocs\rico_store_management_app\public\index.php(36): CodeIgniter\CodeIgniter->run()
#9 C:\xampp\htdocs\rico_store_management_app\system\Commands\Server\rewrite.php(45): require_once('C:\\xampp\\htdocs...')
#10 {main}
CRITICAL - 2021-06-20 12:23:34 --> Class 'App\Controllers\RegionModel' not found
#0 C:\xampp\htdocs\rico_store_management_app\system\CodeIgniter.php(931): App\Controllers\Users->load_add_edit_users_views()
#1 C:\xampp\htdocs\rico_store_management_app\system\CodeIgniter.php(439): CodeIgniter\CodeIgniter->runController(Object(App\Controllers\Users))
#2 C:\xampp\htdocs\rico_store_management_app\system\CodeIgniter.php(339): CodeIgniter\CodeIgniter->handleRequest(NULL, Object(Config\Cache), false)
#3 C:\xampp\htdocs\rico_store_management_app\public\index.php(36): CodeIgniter\CodeIgniter->run()
#4 C:\xampp\htdocs\rico_store_management_app\system\Commands\Server\rewrite.php(45): require_once('C:\\xampp\\htdocs...')
#5 {main}
CRITICAL - 2021-06-20 12:23:43 --> Class 'App\Controllers\RegionModel' not found
#0 C:\xampp\htdocs\rico_store_management_app\system\CodeIgniter.php(931): App\Controllers\Users->load_add_edit_users_views()
#1 C:\xampp\htdocs\rico_store_management_app\system\CodeIgniter.php(439): CodeIgniter\CodeIgniter->runController(Object(App\Controllers\Users))
#2 C:\xampp\htdocs\rico_store_management_app\system\CodeIgniter.php(339): CodeIgniter\CodeIgniter->handleRequest(NULL, Object(Config\Cache), false)
#3 C:\xampp\htdocs\rico_store_management_app\public\index.php(36): CodeIgniter\CodeIgniter->run()
#4 C:\xampp\htdocs\rico_store_management_app\system\Commands\Server\rewrite.php(45): require_once('C:\\xampp\\htdocs...')
#5 {main}
CRITICAL - 2021-06-20 12:24:18 --> Undefined variable: region_id
#0 C:\xampp\htdocs\rico_store_management_app\app\Controllers\Users.php(22): CodeIgniter\Debug\Exceptions->errorHandler(8, 'Undefined varia...', 'C:\\xampp\\htdocs...', 22, Array)
#1 C:\xampp\htdocs\rico_store_management_app\system\CodeIgniter.php(931): App\Controllers\Users->load_add_edit_users_views()
#2 C:\xampp\htdocs\rico_store_management_app\system\CodeIgniter.php(439): CodeIgniter\CodeIgniter->runController(Object(App\Controllers\Users))
#3 C:\xampp\htdocs\rico_store_management_app\system\CodeIgniter.php(339): CodeIgniter\CodeIgniter->handleRequest(NULL, Object(Config\Cache), false)
#4 C:\xampp\htdocs\rico_store_management_app\public\index.php(36): CodeIgniter\CodeIgniter->run()
#5 C:\xampp\htdocs\rico_store_management_app\system\Commands\Server\rewrite.php(45): require_once('C:\\xampp\\htdocs...')
#6 {main}
CRITICAL - 2021-06-20 12:24:55 --> Call to undefined method App\Models\Region::get_user_by_id
#0 C:\xampp\htdocs\rico_store_management_app\app\Controllers\Users.php(23): CodeIgniter\Model->__call('get_user_by_id', Array)
#1 C:\xampp\htdocs\rico_store_management_app\system\CodeIgniter.php(931): App\Controllers\Users->load_add_edit_users_views()
#2 C:\xampp\htdocs\rico_store_management_app\system\CodeIgniter.php(439): CodeIgniter\CodeIgniter->runController(Object(App\Controllers\Users))
#3 C:\xampp\htdocs\rico_store_management_app\system\CodeIgniter.php(339): CodeIgniter\CodeIgniter->handleRequest(NULL, Object(Config\Cache), false)
#4 C:\xampp\htdocs\rico_store_management_app\public\index.php(36): CodeIgniter\CodeIgniter->run()
#5 C:\xampp\htdocs\rico_store_management_app\system\Commands\Server\rewrite.php(45): require_once('C:\\xampp\\htdocs...')
#6 {main}
CRITICAL - 2021-06-20 12:27:16 --> Undefined property: App\Controllers\Users::$UserModel
#0 C:\xampp\htdocs\rico_store_management_app\app\Controllers\Users.php(24): CodeIgniter\Debug\Exceptions->errorHandler(8, 'Undefined prope...', 'C:\\xampp\\htdocs...', 24, Array)
#1 C:\xampp\htdocs\rico_store_management_app\system\CodeIgniter.php(931): App\Controllers\Users->load_add_edit_users_views()
#2 C:\xampp\htdocs\rico_store_management_app\system\CodeIgniter.php(439): CodeIgniter\CodeIgniter->runController(Object(App\Controllers\Users))
#3 C:\xampp\htdocs\rico_store_management_app\system\CodeIgniter.php(339): CodeIgniter\CodeIgniter->handleRequest(NULL, Object(Config\Cache), false)
#4 C:\xampp\htdocs\rico_store_management_app\public\index.php(36): CodeIgniter\CodeIgniter->run()
#5 C:\xampp\htdocs\rico_store_management_app\system\Commands\Server\rewrite.php(45): require_once('C:\\xampp\\htdocs...')
#6 {main}
CRITICAL - 2021-06-20 12:27:45 --> Undefined property: App\Controllers\Users::$UsersModel
#0 C:\xampp\htdocs\rico_store_management_app\app\Controllers\Users.php(24): CodeIgniter\Debug\Exceptions->errorHandler(8, 'Undefined prope...', 'C:\\xampp\\htdocs...', 24, Array)
#1 C:\xampp\htdocs\rico_store_management_app\system\CodeIgniter.php(931): App\Controllers\Users->load_add_edit_users_views()
#2 C:\xampp\htdocs\rico_store_management_app\system\CodeIgniter.php(439): CodeIgniter\CodeIgniter->runController(Object(App\Controllers\Users))
#3 C:\xampp\htdocs\rico_store_management_app\system\CodeIgniter.php(339): CodeIgniter\CodeIgniter->handleRequest(NULL, Object(Config\Cache), false)
#4 C:\xampp\htdocs\rico_store_management_app\public\index.php(36): CodeIgniter\CodeIgniter->run()
#5 C:\xampp\htdocs\rico_store_management_app\system\Commands\Server\rewrite.php(45): require_once('C:\\xampp\\htdocs...')
#6 {main}
CRITICAL - 2021-06-20 12:28:32 --> Undefined variable: region_id
#0 C:\xampp\htdocs\rico_store_management_app\app\Views\Regions\add_region.php(25): CodeIgniter\Debug\Exceptions->errorHandler(8, 'Undefined varia...', 'C:\\xampp\\htdocs...', 25, Array)
#1 C:\xampp\htdocs\rico_store_management_app\system\View\View.php(230): include('C:\\xampp\\htdocs...')
#2 C:\xampp\htdocs\rico_store_management_app\system\View\View.php(232): CodeIgniter\View\View->CodeIgniter\View\{closure}()
#3 C:\xampp\htdocs\rico_store_management_app\system\Common.php(1250): CodeIgniter\View\View->render('Regions\\add_reg...', Array, true)
#4 C:\xampp\htdocs\rico_store_management_app\app\Controllers\Users.php(28): view('Regions\\add_reg...', Array)
#5 C:\xampp\htdocs\rico_store_management_app\system\CodeIgniter.php(931): App\Controllers\Users->load_add_edit_users_views()
#6 C:\xampp\htdocs\rico_store_management_app\system\CodeIgniter.php(439): CodeIgniter\CodeIgniter->runController(Object(App\Controllers\Users))
#7 C:\xampp\htdocs\rico_store_management_app\system\CodeIgniter.php(339): CodeIgniter\CodeIgniter->handleRequest(NULL, Object(Config\Cache), false)
#8 C:\xampp\htdocs\rico_store_management_app\public\index.php(36): CodeIgniter\CodeIgniter->run()
#9 C:\xampp\htdocs\rico_store_management_app\system\Commands\Server\rewrite.php(45): require_once('C:\\xampp\\htdocs...')
#10 {main}
CRITICAL - 2021-06-20 12:31:32 --> Undefined variable: region_id
#0 C:\xampp\htdocs\rico_store_management_app\app\Views\Regions\add_region.php(25): CodeIgniter\Debug\Exceptions->errorHandler(8, 'Undefined varia...', 'C:\\xampp\\htdocs...', 25, Array)
#1 C:\xampp\htdocs\rico_store_management_app\system\View\View.php(230): include('C:\\xampp\\htdocs...')
#2 C:\xampp\htdocs\rico_store_management_app\system\View\View.php(232): CodeIgniter\View\View->CodeIgniter\View\{closure}()
#3 C:\xampp\htdocs\rico_store_management_app\system\Common.php(1250): CodeIgniter\View\View->render('Regions\\add_reg...', Array, true)
#4 C:\xampp\htdocs\rico_store_management_app\app\Controllers\Users.php(28): view('Regions\\add_reg...', Array)
#5 C:\xampp\htdocs\rico_store_management_app\system\CodeIgniter.php(931): App\Controllers\Users->load_add_edit_users_views()
#6 C:\xampp\htdocs\rico_store_management_app\system\CodeIgniter.php(439): CodeIgniter\CodeIgniter->runController(Object(App\Controllers\Users))
#7 C:\xampp\htdocs\rico_store_management_app\system\CodeIgniter.php(339): CodeIgniter\CodeIgniter->handleRequest(NULL, Object(Config\Cache), false)
#8 C:\xampp\htdocs\rico_store_management_app\public\index.php(36): CodeIgniter\CodeIgniter->run()
#9 C:\xampp\htdocs\rico_store_management_app\system\Commands\Server\rewrite.php(45): require_once('C:\\xampp\\htdocs...')
#10 {main}
CRITICAL - 2021-06-20 12:32:29 --> Undefined variable: region_id
#0 C:\xampp\htdocs\rico_store_management_app\app\Views\Regions\add_region.php(25): CodeIgniter\Debug\Exceptions->errorHandler(8, 'Undefined varia...', 'C:\\xampp\\htdocs...', 25, Array)
#1 C:\xampp\htdocs\rico_store_management_app\system\View\View.php(230): include('C:\\xampp\\htdocs...')
#2 C:\xampp\htdocs\rico_store_management_app\system\View\View.php(232): CodeIgniter\View\View->CodeIgniter\View\{closure}()
#3 C:\xampp\htdocs\rico_store_management_app\system\Common.php(1250): CodeIgniter\View\View->render('Regions\\add_reg...', Array, true)
#4 C:\xampp\htdocs\rico_store_management_app\app\Controllers\Users.php(28): view('Regions\\add_reg...', Array)
#5 C:\xampp\htdocs\rico_store_management_app\system\CodeIgniter.php(931): App\Controllers\Users->load_add_edit_users_views()
#6 C:\xampp\htdocs\rico_store_management_app\system\CodeIgniter.php(439): CodeIgniter\CodeIgniter->runController(Object(App\Controllers\Users))
#7 C:\xampp\htdocs\rico_store_management_app\system\CodeIgniter.php(339): CodeIgniter\CodeIgniter->handleRequest(NULL, Object(Config\Cache), false)
#8 C:\xampp\htdocs\rico_store_management_app\public\index.php(36): CodeIgniter\CodeIgniter->run()
#9 C:\xampp\htdocs\rico_store_management_app\system\Commands\Server\rewrite.php(45): require_once('C:\\xampp\\htdocs...')
#10 {main}
CRITICAL - 2021-06-20 12:33:13 --> Undefined variable: region_id
#0 C:\xampp\htdocs\rico_store_management_app\app\Views\Regions\add_region.php(25): CodeIgniter\Debug\Exceptions->errorHandler(8, 'Undefined varia...', 'C:\\xampp\\htdocs...', 25, Array)
#1 C:\xampp\htdocs\rico_store_management_app\system\View\View.php(230): include('C:\\xampp\\htdocs...')
#2 C:\xampp\htdocs\rico_store_management_app\system\View\View.php(232): CodeIgniter\View\View->CodeIgniter\View\{closure}()
#3 C:\xampp\htdocs\rico_store_management_app\system\Common.php(1250): CodeIgniter\View\View->render('Regions\\add_reg...', Array, true)
#4 C:\xampp\htdocs\rico_store_management_app\app\Controllers\Users.php(28): view('Regions\\add_reg...', Array)
#5 C:\xampp\htdocs\rico_store_management_app\system\CodeIgniter.php(931): App\Controllers\Users->load_add_edit_users_views()
#6 C:\xampp\htdocs\rico_store_management_app\system\CodeIgniter.php(439): CodeIgniter\CodeIgniter->runController(Object(App\Controllers\Users))
#7 C:\xampp\htdocs\rico_store_management_app\system\CodeIgniter.php(339): CodeIgniter\CodeIgniter->handleRequest(NULL, Object(Config\Cache), false)
#8 C:\xampp\htdocs\rico_store_management_app\public\index.php(36): CodeIgniter\CodeIgniter->run()
#9 C:\xampp\htdocs\rico_store_management_app\system\Commands\Server\rewrite.php(45): require_once('C:\\xampp\\htdocs...')
#10 {main}
CRITICAL - 2021-06-20 12:33:49 --> Undefined variable: region_id
#0 C:\xampp\htdocs\rico_store_management_app\app\Views\Regions\add_region.php(25): CodeIgniter\Debug\Exceptions->errorHandler(8, 'Undefined varia...', 'C:\\xampp\\htdocs...', 25, Array)
#1 C:\xampp\htdocs\rico_store_management_app\system\View\View.php(230): include('C:\\xampp\\htdocs...')
#2 C:\xampp\htdocs\rico_store_management_app\system\View\View.php(232): CodeIgniter\View\View->CodeIgniter\View\{closure}()
#3 C:\xampp\htdocs\rico_store_management_app\system\Common.php(1250): CodeIgniter\View\View->render('Regions\\add_reg...', Array, true)
#4 C:\xampp\htdocs\rico_store_management_app\app\Controllers\Users.php(28): view('Regions\\add_reg...', Array)
#5 C:\xampp\htdocs\rico_store_management_app\system\CodeIgniter.php(931): App\Controllers\Users->load_add_edit_users_views()
#6 C:\xampp\htdocs\rico_store_management_app\system\CodeIgniter.php(439): CodeIgniter\CodeIgniter->runController(Object(App\Controllers\Users))
#7 C:\xampp\htdocs\rico_store_management_app\system\CodeIgniter.php(339): CodeIgniter\CodeIgniter->handleRequest(NULL, Object(Config\Cache), false)
#8 C:\xampp\htdocs\rico_store_management_app\public\index.php(36): CodeIgniter\CodeIgniter->run()
#9 C:\xampp\htdocs\rico_store_management_app\system\Commands\Server\rewrite.php(45): require_once('C:\\xampp\\htdocs...')
#10 {main}
CRITICAL - 2021-06-20 13:53:41 --> Undefined property: stdClass::$region_telephone
#0 C:\xampp\htdocs\rico_store_management_app\app\Views\Users\all_users.php(35): CodeIgniter\Debug\Exceptions->errorHandler(8, 'Undefined prope...', 'C:\\xampp\\htdocs...', 35, Array)
#1 C:\xampp\htdocs\rico_store_management_app\system\View\View.php(230): include('C:\\xampp\\htdocs...')
#2 C:\xampp\htdocs\rico_store_management_app\system\View\View.php(232): CodeIgniter\View\View->CodeIgniter\View\{closure}()
#3 C:\xampp\htdocs\rico_store_management_app\system\Common.php(1250): CodeIgniter\View\View->render('Users\\all_users', Array, true)
#4 C:\xampp\htdocs\rico_store_management_app\app\Controllers\Users.php(36): view('Users\\all_users', Array)
#5 C:\xampp\htdocs\rico_store_management_app\system\CodeIgniter.php(931): App\Controllers\Users->load_users_list()
#6 C:\xampp\htdocs\rico_store_management_app\system\CodeIgniter.php(439): CodeIgniter\CodeIgniter->runController(Object(App\Controllers\Users))
#7 C:\xampp\htdocs\rico_store_management_app\system\CodeIgniter.php(339): CodeIgniter\CodeIgniter->handleRequest(NULL, Object(Config\Cache), false)
#8 C:\xampp\htdocs\rico_store_management_app\public\index.php(36): CodeIgniter\CodeIgniter->run()
#9 C:\xampp\htdocs\rico_store_management_app\system\Commands\Server\rewrite.php(45): require_once('C:\\xampp\\htdocs...')
#10 {main}
CRITICAL - 2021-06-20 13:53:50 --> Undefined property: stdClass::$region_telephone
#0 C:\xampp\htdocs\rico_store_management_app\app\Views\Users\all_users.php(35): CodeIgniter\Debug\Exceptions->errorHandler(8, 'Undefined prope...', 'C:\\xampp\\htdocs...', 35, Array)
#1 C:\xampp\htdocs\rico_store_management_app\system\View\View.php(230): include('C:\\xampp\\htdocs...')
#2 C:\xampp\htdocs\rico_store_management_app\system\View\View.php(232): CodeIgniter\View\View->CodeIgniter\View\{closure}()
#3 C:\xampp\htdocs\rico_store_management_app\system\Common.php(1250): CodeIgniter\View\View->render('Users\\all_users', Array, true)
#4 C:\xampp\htdocs\rico_store_management_app\app\Controllers\Users.php(36): view('Users\\all_users', Array)
#5 C:\xampp\htdocs\rico_store_management_app\system\CodeIgniter.php(931): App\Controllers\Users->load_users_list()
#6 C:\xampp\htdocs\rico_store_management_app\system\CodeIgniter.php(439): CodeIgniter\CodeIgniter->runController(Object(App\Controllers\Users))
#7 C:\xampp\htdocs\rico_store_management_app\system\CodeIgniter.php(339): CodeIgniter\CodeIgniter->handleRequest(NULL, Object(Config\Cache), false)
#8 C:\xampp\htdocs\rico_store_management_app\public\index.php(36): CodeIgniter\CodeIgniter->run()
#9 C:\xampp\htdocs\rico_store_management_app\system\Commands\Server\rewrite.php(45): require_once('C:\\xampp\\htdocs...')
#10 {main}
CRITICAL - 2021-06-20 13:54:10 --> Trying to get property 'user_account_id' of non-object
#0 C:\xampp\htdocs\rico_store_management_app\app\Views\Users\all_users.php(37): CodeIgniter\Debug\Exceptions->errorHandler(8, 'Trying to get p...', 'C:\\xampp\\htdocs...', 37, Array)
#1 C:\xampp\htdocs\rico_store_management_app\system\View\View.php(230): include('C:\\xampp\\htdocs...')
#2 C:\xampp\htdocs\rico_store_management_app\system\View\View.php(232): CodeIgniter\View\View->CodeIgniter\View\{closure}()
#3 C:\xampp\htdocs\rico_store_management_app\system\Common.php(1250): CodeIgniter\View\View->render('Users\\all_users', Array, true)
#4 C:\xampp\htdocs\rico_store_management_app\app\Controllers\Users.php(36): view('Users\\all_users', Array)
#5 C:\xampp\htdocs\rico_store_management_app\system\CodeIgniter.php(931): App\Controllers\Users->load_users_list()
#6 C:\xampp\htdocs\rico_store_management_app\system\CodeIgniter.php(439): CodeIgniter\CodeIgniter->runController(Object(App\Controllers\Users))
#7 C:\xampp\htdocs\rico_store_management_app\system\CodeIgniter.php(339): CodeIgniter\CodeIgniter->handleRequest(NULL, Object(Config\Cache), false)
#8 C:\xampp\htdocs\rico_store_management_app\public\index.php(36): CodeIgniter\CodeIgniter->run()
#9 C:\xampp\htdocs\rico_store_management_app\system\Commands\Server\rewrite.php(45): require_once('C:\\xampp\\htdocs...')
#10 {main}
CRITICAL - 2021-06-20 13:54:26 --> Trying to get property 'user_account_id' of non-object
#0 C:\xampp\htdocs\rico_store_management_app\app\Views\Users\all_users.php(37): CodeIgniter\Debug\Exceptions->errorHandler(8, 'Trying to get p...', 'C:\\xampp\\htdocs...', 37, Array)
#1 C:\xampp\htdocs\rico_store_management_app\system\View\View.php(230): include('C:\\xampp\\htdocs...')
#2 C:\xampp\htdocs\rico_store_management_app\system\View\View.php(232): CodeIgniter\View\View->CodeIgniter\View\{closure}()
#3 C:\xampp\htdocs\rico_store_management_app\system\Common.php(1250): CodeIgniter\View\View->render('Users\\all_users', Array, true)
#4 C:\xampp\htdocs\rico_store_management_app\app\Controllers\Users.php(36): view('Users\\all_users', Array)
#5 C:\xampp\htdocs\rico_store_management_app\system\CodeIgniter.php(931): App\Controllers\Users->load_users_list()
#6 C:\xampp\htdocs\rico_store_management_app\system\CodeIgniter.php(439): CodeIgniter\CodeIgniter->runController(Object(App\Controllers\Users))
#7 C:\xampp\htdocs\rico_store_management_app\system\CodeIgniter.php(339): CodeIgniter\CodeIgniter->handleRequest(NULL, Object(Config\Cache), false)
#8 C:\xampp\htdocs\rico_store_management_app\public\index.php(36): CodeIgniter\CodeIgniter->run()
#9 C:\xampp\htdocs\rico_store_management_app\system\Commands\Server\rewrite.php(45): require_once('C:\\xampp\\htdocs...')
#10 {main}
CRITICAL - 2021-06-20 15:14:29 --> Undefined variable: user_account_first_name
#0 C:\xampp\htdocs\rico_store_management_app\app\Controllers\Users.php(53): CodeIgniter\Debug\Exceptions->errorHandler(8, 'Undefined varia...', 'C:\\xampp\\htdocs...', 53, Array)
#1 C:\xampp\htdocs\rico_store_management_app\system\CodeIgniter.php(931): App\Controllers\Users->add_edit_users_data()
#2 C:\xampp\htdocs\rico_store_management_app\system\CodeIgniter.php(439): CodeIgniter\CodeIgniter->runController(Object(App\Controllers\Users))
#3 C:\xampp\htdocs\rico_store_management_app\system\CodeIgniter.php(339): CodeIgniter\CodeIgniter->handleRequest(NULL, Object(Config\Cache), false)
#4 C:\xampp\htdocs\rico_store_management_app\public\index.php(36): CodeIgniter\CodeIgniter->run()
#5 C:\xampp\htdocs\rico_store_management_app\system\Commands\Server\rewrite.php(45): require_once('C:\\xampp\\htdocs...')
#6 {main}
CRITICAL - 2021-06-20 15:15:49 --> Undefined variable: user_account_first_name
#0 C:\xampp\htdocs\rico_store_management_app\app\Controllers\Users.php(53): CodeIgniter\Debug\Exceptions->errorHandler(8, 'Undefined varia...', 'C:\\xampp\\htdocs...', 53, Array)
#1 C:\xampp\htdocs\rico_store_management_app\system\CodeIgniter.php(931): App\Controllers\Users->add_edit_users_data()
#2 C:\xampp\htdocs\rico_store_management_app\system\CodeIgniter.php(439): CodeIgniter\CodeIgniter->runController(Object(App\Controllers\Users))
#3 C:\xampp\htdocs\rico_store_management_app\system\CodeIgniter.php(339): CodeIgniter\CodeIgniter->handleRequest(NULL, Object(Config\Cache), false)
#4 C:\xampp\htdocs\rico_store_management_app\public\index.php(36): CodeIgniter\CodeIgniter->run()
#5 C:\xampp\htdocs\rico_store_management_app\system\Commands\Server\rewrite.php(45): require_once('C:\\xampp\\htdocs...')
#6 {main}
CRITICAL - 2021-06-20 15:16:25 --> Undefined variable: user_account_first_name
#0 C:\xampp\htdocs\rico_store_management_app\app\Controllers\Users.php(53): CodeIgniter\Debug\Exceptions->errorHandler(8, 'Undefined varia...', 'C:\\xampp\\htdocs...', 53, Array)
#1 C:\xampp\htdocs\rico_store_management_app\system\CodeIgniter.php(931): App\Controllers\Users->add_edit_users_data()
#2 C:\xampp\htdocs\rico_store_management_app\system\CodeIgniter.php(439): CodeIgniter\CodeIgniter->runController(Object(App\Controllers\Users))
#3 C:\xampp\htdocs\rico_store_management_app\system\CodeIgniter.php(339): CodeIgniter\CodeIgniter->handleRequest(NULL, Object(Config\Cache), false)
#4 C:\xampp\htdocs\rico_store_management_app\public\index.php(36): CodeIgniter\CodeIgniter->run()
#5 C:\xampp\htdocs\rico_store_management_app\system\Commands\Server\rewrite.php(45): require_once('C:\\xampp\\htdocs...')
#6 {main}
ERROR - 2021-06-20 15:23:25 --> ErrorException: pg_query(): Query failed: ERROR:  invalid input syntax for type integer: &quot;&quot;
LINE 3:    ('', '', '', '', '', '')
                ^ in C:\xampp\htdocs\rico_store_management_app\system\Database\Postgre\Connection.php:170
Stack trace:
#0 [internal function]: CodeIgniter\Debug\Exceptions->errorHandler(2, 'pg_query(): Que...', 'C:\\xampp\\htdocs...', 170, Array)
#1 C:\xampp\htdocs\rico_store_management_app\system\Database\Postgre\Connection.php(170): pg_query(Resource id #143, 'insert into use...')
#2 C:\xampp\htdocs\rico_store_management_app\system\Database\BaseConnection.php(732): CodeIgniter\Database\Postgre\Connection->execute('insert into use...')
#3 C:\xampp\htdocs\rico_store_management_app\system\Database\BaseConnection.php(647): CodeIgniter\Database\BaseConnection->simpleQuery('insert into use...')
#4 C:\xampp\htdocs\rico_store_management_app\app\Models\Users.php(79): CodeIgniter\Database\BaseConnection->query('insert into use...')
#5 C:\xampp\htdocs\rico_store_management_app\app\Controllers\Users.php(55): App\Models\Users->insert_update_user_data(NULL, NULL, NULL, NULL, NULL, NULL, NULL, NULL)
#6 C:\xampp\htdocs\rico_store_management_app\system\CodeIgniter.php(931): App\Controllers\Users->add_edit_users_data()
#7 C:\xampp\htdocs\rico_store_management_app\system\CodeIgniter.php(439): CodeIgniter\CodeIgniter->runController(Object(App\Controllers\Users))
#8 C:\xampp\htdocs\rico_store_management_app\system\CodeIgniter.php(339): CodeIgniter\CodeIgniter->handleRequest(NULL, Object(Config\Cache), false)
#9 C:\xampp\htdocs\rico_store_management_app\public\index.php(36): CodeIgniter\CodeIgniter->run()
#10 C:\xampp\htdocs\rico_store_management_app\system\Commands\Server\rewrite.php(45): require_once('C:\\xampp\\htdocs...')
#11 {main}
CRITICAL - 2021-06-20 15:23:25 --> pg_query(): Query failed: ERROR:  invalid input syntax for type integer: &quot;&quot;
LINE 3:    ('', '', '', '', '', '')
                ^
#0 [internal function]: CodeIgniter\Debug\Exceptions->errorHandler(2, 'pg_query(): Que...', 'C:\\xampp\\htdocs...', 170, Array)
#1 C:\xampp\htdocs\rico_store_management_app\system\Database\Postgre\Connection.php(170): pg_query(Resource id #143, 'insert into use...')
#2 C:\xampp\htdocs\rico_store_management_app\system\Database\BaseConnection.php(732): CodeIgniter\Database\Postgre\Connection->execute('insert into use...')
#3 C:\xampp\htdocs\rico_store_management_app\system\Database\BaseConnection.php(647): CodeIgniter\Database\BaseConnection->simpleQuery('insert into use...')
#4 C:\xampp\htdocs\rico_store_management_app\app\Models\Users.php(79): CodeIgniter\Database\BaseConnection->query('insert into use...')
#5 C:\xampp\htdocs\rico_store_management_app\app\Controllers\Users.php(55): App\Models\Users->insert_update_user_data(NULL, NULL, NULL, NULL, NULL, NULL, NULL, NULL)
#6 C:\xampp\htdocs\rico_store_management_app\system\CodeIgniter.php(931): App\Controllers\Users->add_edit_users_data()
#7 C:\xampp\htdocs\rico_store_management_app\system\CodeIgniter.php(439): CodeIgniter\CodeIgniter->runController(Object(App\Controllers\Users))
#8 C:\xampp\htdocs\rico_store_management_app\system\CodeIgniter.php(339): CodeIgniter\CodeIgniter->handleRequest(NULL, Object(Config\Cache), false)
#9 C:\xampp\htdocs\rico_store_management_app\public\index.php(36): CodeIgniter\CodeIgniter->run()
#10 C:\xampp\htdocs\rico_store_management_app\system\Commands\Server\rewrite.php(45): require_once('C:\\xampp\\htdocs...')
#11 {main}
ERROR - 2021-06-20 15:27:03 --> ErrorException: pg_query(): Query failed: ERROR:  column &quot;user_account_id&quot; can only be updated to DEFAULT
DETAIL:  Column &quot;user_account_id&quot; is an identity column defined as GENERATED ALWAYS. in C:\xampp\htdocs\rico_store_management_app\system\Database\Postgre\Connection.php:170
Stack trace:
#0 [internal function]: CodeIgniter\Debug\Exceptions->errorHandler(2, 'pg_query(): Que...', 'C:\\xampp\\htdocs...', 170, Array)
#1 C:\xampp\htdocs\rico_store_management_app\system\Database\Postgre\Connection.php(170): pg_query(Resource id #144, 'UPDATE "user_ac...')
#2 C:\xampp\htdocs\rico_store_management_app\system\Database\BaseConnection.php(732): CodeIgniter\Database\Postgre\Connection->execute('UPDATE "user_ac...')
#3 C:\xampp\htdocs\rico_store_management_app\system\Database\BaseConnection.php(647): CodeIgniter\Database\BaseConnection->simpleQuery('UPDATE "user_ac...')
#4 C:\xampp\htdocs\rico_store_management_app\system\Database\BaseBuilder.php(2482): CodeIgniter\Database\BaseConnection->query('UPDATE "user_ac...', Array, false)
#5 C:\xampp\htdocs\rico_store_management_app\app\Models\Users.php(73): CodeIgniter\Database\BaseBuilder->update(Array)
#6 C:\xampp\htdocs\rico_store_management_app\app\Controllers\Users.php(55): App\Models\Users->insert_update_user_data('32332', 'sfddsfd', NULL, '3232', '1', 'sdfsf', 'sfsffs', '1')
#7 C:\xampp\htdocs\rico_store_management_app\system\CodeIgniter.php(931): App\Controllers\Users->add_edit_users_data()
#8 C:\xampp\htdocs\rico_store_management_app\system\CodeIgniter.php(439): CodeIgniter\CodeIgniter->runController(Object(App\Controllers\Users))
#9 C:\xampp\htdocs\rico_store_management_app\system\CodeIgniter.php(339): CodeIgniter\CodeIgniter->handleRequest(NULL, Object(Config\Cache), false)
#10 C:\xampp\htdocs\rico_store_management_app\public\index.php(36): CodeIgniter\CodeIgniter->run()
#11 C:\xampp\htdocs\rico_store_management_app\system\Commands\Server\rewrite.php(45): require_once('C:\\xampp\\htdocs...')
#12 {main}
CRITICAL - 2021-06-20 15:27:03 --> pg_query(): Query failed: ERROR:  column &quot;user_account_id&quot; can only be updated to DEFAULT
DETAIL:  Column &quot;user_account_id&quot; is an identity column defined as GENERATED ALWAYS.
#0 [internal function]: CodeIgniter\Debug\Exceptions->errorHandler(2, 'pg_query(): Que...', 'C:\\xampp\\htdocs...', 170, Array)
#1 C:\xampp\htdocs\rico_store_management_app\system\Database\Postgre\Connection.php(170): pg_query(Resource id #144, 'UPDATE "user_ac...')
#2 C:\xampp\htdocs\rico_store_management_app\system\Database\BaseConnection.php(732): CodeIgniter\Database\Postgre\Connection->execute('UPDATE "user_ac...')
#3 C:\xampp\htdocs\rico_store_management_app\system\Database\BaseConnection.php(647): CodeIgniter\Database\BaseConnection->simpleQuery('UPDATE "user_ac...')
#4 C:\xampp\htdocs\rico_store_management_app\system\Database\BaseBuilder.php(2482): CodeIgniter\Database\BaseConnection->query('UPDATE "user_ac...', Array, false)
#5 C:\xampp\htdocs\rico_store_management_app\app\Models\Users.php(73): CodeIgniter\Database\BaseBuilder->update(Array)
#6 C:\xampp\htdocs\rico_store_management_app\app\Controllers\Users.php(55): App\Models\Users->insert_update_user_data('32332', 'sfddsfd', NULL, '3232', '1', 'sdfsf', 'sfsffs', '1')
#7 C:\xampp\htdocs\rico_store_management_app\system\CodeIgniter.php(931): App\Controllers\Users->add_edit_users_data()
#8 C:\xampp\htdocs\rico_store_management_app\system\CodeIgniter.php(439): CodeIgniter\CodeIgniter->runController(Object(App\Controllers\Users))
#9 C:\xampp\htdocs\rico_store_management_app\system\CodeIgniter.php(339): CodeIgniter\CodeIgniter->handleRequest(NULL, Object(Config\Cache), false)
#10 C:\xampp\htdocs\rico_store_management_app\public\index.php(36): CodeIgniter\CodeIgniter->run()
#11 C:\xampp\htdocs\rico_store_management_app\system\Commands\Server\rewrite.php(45): require_once('C:\\xampp\\htdocs...')
#12 {main}
CRITICAL - 2021-06-20 15:27:03 --> Uncaught CodeIgniter\Format\Exceptions\FormatException: Failed to parse json string, error: "Type is not supported". in C:\xampp\htdocs\rico_store_management_app\system\Format\JSONFormatter.php:42
Stack trace:
#0 C:\xampp\htdocs\rico_store_management_app\system\Format\JSONFormatter.php(42): CodeIgniter\Format\Exceptions\FormatException::forInvalidJSON('Type is not sup...')
#1 C:\xampp\htdocs\rico_store_management_app\system\API\ResponseTrait.php(423): CodeIgniter\Format\JSONFormatter->format(Array)
#2 C:\xampp\htdocs\rico_store_management_app\system\API\ResponseTrait.php(114): CodeIgniter\Debug\Exceptions->format(Array)
#3 C:\xampp\htdocs\rico_store_management_app\system\Debug\Exceptions.php(141): CodeIgniter\Debug\Exceptions->respond(Array, 500)
#4 [internal function]: CodeIgniter\Debug\Exceptions->exceptionHandler(Object(ErrorException))
#5 {main}
  thrown
#0 [internal function]: CodeIgniter\Debug\Exceptions->shutdownHandler()
#1 {main}
ERROR - 2021-06-20 15:28:48 --> ErrorException: pg_query(): Query failed: ERROR:  column &quot;user_account_id&quot; can only be updated to DEFAULT
DETAIL:  Column &quot;user_account_id&quot; is an identity column defined as GENERATED ALWAYS. in C:\xampp\htdocs\rico_store_management_app\system\Database\Postgre\Connection.php:170
Stack trace:
#0 [internal function]: CodeIgniter\Debug\Exceptions->errorHandler(2, 'pg_query(): Que...', 'C:\\xampp\\htdocs...', 170, Array)
#1 C:\xampp\htdocs\rico_store_management_app\system\Database\Postgre\Connection.php(170): pg_query(Resource id #144, 'UPDATE "user_ac...')
#2 C:\xampp\htdocs\rico_store_management_app\system\Database\BaseConnection.php(732): CodeIgniter\Database\Postgre\Connection->execute('UPDATE "user_ac...')
#3 C:\xampp\htdocs\rico_store_management_app\system\Database\BaseConnection.php(647): CodeIgniter\Database\BaseConnection->simpleQuery('UPDATE "user_ac...')
#4 C:\xampp\htdocs\rico_store_management_app\system\Database\BaseBuilder.php(2482): CodeIgniter\Database\BaseConnection->query('UPDATE "user_ac...', Array, false)
#5 C:\xampp\htdocs\rico_store_management_app\app\Models\Users.php(73): CodeIgniter\Database\BaseBuilder->update(Array)
#6 C:\xampp\htdocs\rico_store_management_app\app\Controllers\Users.php(55): App\Models\Users->insert_update_user_data('22323', 'dsds', NULL, '2332', '1', 'sdds', 'dsssd', '1')
#7 C:\xampp\htdocs\rico_store_management_app\system\CodeIgniter.php(931): App\Controllers\Users->add_edit_users_data()
#8 C:\xampp\htdocs\rico_store_management_app\system\CodeIgniter.php(439): CodeIgniter\CodeIgniter->runController(Object(App\Controllers\Users))
#9 C:\xampp\htdocs\rico_store_management_app\system\CodeIgniter.php(339): CodeIgniter\CodeIgniter->handleRequest(NULL, Object(Config\Cache), false)
#10 C:\xampp\htdocs\rico_store_management_app\public\index.php(36): CodeIgniter\CodeIgniter->run()
#11 C:\xampp\htdocs\rico_store_management_app\system\Commands\Server\rewrite.php(45): require_once('C:\\xampp\\htdocs...')
#12 {main}
CRITICAL - 2021-06-20 15:28:48 --> pg_query(): Query failed: ERROR:  column &quot;user_account_id&quot; can only be updated to DEFAULT
DETAIL:  Column &quot;user_account_id&quot; is an identity column defined as GENERATED ALWAYS.
#0 [internal function]: CodeIgniter\Debug\Exceptions->errorHandler(2, 'pg_query(): Que...', 'C:\\xampp\\htdocs...', 170, Array)
#1 C:\xampp\htdocs\rico_store_management_app\system\Database\Postgre\Connection.php(170): pg_query(Resource id #144, 'UPDATE "user_ac...')
#2 C:\xampp\htdocs\rico_store_management_app\system\Database\BaseConnection.php(732): CodeIgniter\Database\Postgre\Connection->execute('UPDATE "user_ac...')
#3 C:\xampp\htdocs\rico_store_management_app\system\Database\BaseConnection.php(647): CodeIgniter\Database\BaseConnection->simpleQuery('UPDATE "user_ac...')
#4 C:\xampp\htdocs\rico_store_management_app\system\Database\BaseBuilder.php(2482): CodeIgniter\Database\BaseConnection->query('UPDATE "user_ac...', Array, false)
#5 C:\xampp\htdocs\rico_store_management_app\app\Models\Users.php(73): CodeIgniter\Database\BaseBuilder->update(Array)
#6 C:\xampp\htdocs\rico_store_management_app\app\Controllers\Users.php(55): App\Models\Users->insert_update_user_data('22323', 'dsds', NULL, '2332', '1', 'sdds', 'dsssd', '1')
#7 C:\xampp\htdocs\rico_store_management_app\system\CodeIgniter.php(931): App\Controllers\Users->add_edit_users_data()
#8 C:\xampp\htdocs\rico_store_management_app\system\CodeIgniter.php(439): CodeIgniter\CodeIgniter->runController(Object(App\Controllers\Users))
#9 C:\xampp\htdocs\rico_store_management_app\system\CodeIgniter.php(339): CodeIgniter\CodeIgniter->handleRequest(NULL, Object(Config\Cache), false)
#10 C:\xampp\htdocs\rico_store_management_app\public\index.php(36): CodeIgniter\CodeIgniter->run()
#11 C:\xampp\htdocs\rico_store_management_app\system\Commands\Server\rewrite.php(45): require_once('C:\\xampp\\htdocs...')
#12 {main}
CRITICAL - 2021-06-20 15:28:48 --> Uncaught CodeIgniter\Format\Exceptions\FormatException: Failed to parse json string, error: "Type is not supported". in C:\xampp\htdocs\rico_store_management_app\system\Format\JSONFormatter.php:42
Stack trace:
#0 C:\xampp\htdocs\rico_store_management_app\system\Format\JSONFormatter.php(42): CodeIgniter\Format\Exceptions\FormatException::forInvalidJSON('Type is not sup...')
#1 C:\xampp\htdocs\rico_store_management_app\system\API\ResponseTrait.php(423): CodeIgniter\Format\JSONFormatter->format(Array)
#2 C:\xampp\htdocs\rico_store_management_app\system\API\ResponseTrait.php(114): CodeIgniter\Debug\Exceptions->format(Array)
#3 C:\xampp\htdocs\rico_store_management_app\system\Debug\Exceptions.php(141): CodeIgniter\Debug\Exceptions->respond(Array, 500)
#4 [internal function]: CodeIgniter\Debug\Exceptions->exceptionHandler(Object(ErrorException))
#5 {main}
  thrown
#0 [internal function]: CodeIgniter\Debug\Exceptions->shutdownHandler()
#1 {main}
ERROR - 2021-06-20 15:32:44 --> ErrorException: pg_query(): Query failed: ERROR:  invalid input syntax for type integer: &quot;&quot;
LINE 3:    ('', '', '', '', '', '')
                ^ in C:\xampp\htdocs\rico_store_management_app\system\Database\Postgre\Connection.php:170
Stack trace:
#0 [internal function]: CodeIgniter\Debug\Exceptions->errorHandler(2, 'pg_query(): Que...', 'C:\\xampp\\htdocs...', 170, Array)
#1 C:\xampp\htdocs\rico_store_management_app\system\Database\Postgre\Connection.php(170): pg_query(Resource id #143, 'insert into use...')
#2 C:\xampp\htdocs\rico_store_management_app\system\Database\BaseConnection.php(732): CodeIgniter\Database\Postgre\Connection->execute('insert into use...')
#3 C:\xampp\htdocs\rico_store_management_app\system\Database\BaseConnection.php(647): CodeIgniter\Database\BaseConnection->simpleQuery('insert into use...')
#4 C:\xampp\htdocs\rico_store_management_app\app\Models\Users.php(79): CodeIgniter\Database\BaseConnection->query('insert into use...')
#5 C:\xampp\htdocs\rico_store_management_app\app\Controllers\Users.php(55): App\Models\Users->insert_update_user_data(NULL, NULL, NULL, NULL, NULL, NULL, NULL, NULL)
#6 C:\xampp\htdocs\rico_store_management_app\system\CodeIgniter.php(931): App\Controllers\Users->add_edit_users_data()
#7 C:\xampp\htdocs\rico_store_management_app\system\CodeIgniter.php(439): CodeIgniter\CodeIgniter->runController(Object(App\Controllers\Users))
#8 C:\xampp\htdocs\rico_store_management_app\system\CodeIgniter.php(339): CodeIgniter\CodeIgniter->handleRequest(NULL, Object(Config\Cache), false)
#9 C:\xampp\htdocs\rico_store_management_app\public\index.php(36): CodeIgniter\CodeIgniter->run()
#10 C:\xampp\htdocs\rico_store_management_app\system\Commands\Server\rewrite.php(45): require_once('C:\\xampp\\htdocs...')
#11 {main}
CRITICAL - 2021-06-20 15:32:44 --> pg_query(): Query failed: ERROR:  invalid input syntax for type integer: &quot;&quot;
LINE 3:    ('', '', '', '', '', '')
                ^
#0 [internal function]: CodeIgniter\Debug\Exceptions->errorHandler(2, 'pg_query(): Que...', 'C:\\xampp\\htdocs...', 170, Array)
#1 C:\xampp\htdocs\rico_store_management_app\system\Database\Postgre\Connection.php(170): pg_query(Resource id #143, 'insert into use...')
#2 C:\xampp\htdocs\rico_store_management_app\system\Database\BaseConnection.php(732): CodeIgniter\Database\Postgre\Connection->execute('insert into use...')
#3 C:\xampp\htdocs\rico_store_management_app\system\Database\BaseConnection.php(647): CodeIgniter\Database\BaseConnection->simpleQuery('insert into use...')
#4 C:\xampp\htdocs\rico_store_management_app\app\Models\Users.php(79): CodeIgniter\Database\BaseConnection->query('insert into use...')
#5 C:\xampp\htdocs\rico_store_management_app\app\Controllers\Users.php(55): App\Models\Users->insert_update_user_data(NULL, NULL, NULL, NULL, NULL, NULL, NULL, NULL)
#6 C:\xampp\htdocs\rico_store_management_app\system\CodeIgniter.php(931): App\Controllers\Users->add_edit_users_data()
#7 C:\xampp\htdocs\rico_store_management_app\system\CodeIgniter.php(439): CodeIgniter\CodeIgniter->runController(Object(App\Controllers\Users))
#8 C:\xampp\htdocs\rico_store_management_app\system\CodeIgniter.php(339): CodeIgniter\CodeIgniter->handleRequest(NULL, Object(Config\Cache), false)
#9 C:\xampp\htdocs\rico_store_management_app\public\index.php(36): CodeIgniter\CodeIgniter->run()
#10 C:\xampp\htdocs\rico_store_management_app\system\Commands\Server\rewrite.php(45): require_once('C:\\xampp\\htdocs...')
#11 {main}
ERROR - 2021-06-20 15:38:23 --> ErrorException: pg_query(): Query failed: ERROR:  column &quot;user_account_id&quot; can only be updated to DEFAULT
DETAIL:  Column &quot;user_account_id&quot; is an identity column defined as GENERATED ALWAYS. in C:\xampp\htdocs\rico_store_management_app\system\Database\Postgre\Connection.php:170
Stack trace:
#0 [internal function]: CodeIgniter\Debug\Exceptions->errorHandler(2, 'pg_query(): Que...', 'C:\\xampp\\htdocs...', 170, Array)
#1 C:\xampp\htdocs\rico_store_management_app\system\Database\Postgre\Connection.php(170): pg_query(Resource id #144, 'UPDATE "user_ac...')
#2 C:\xampp\htdocs\rico_store_management_app\system\Database\BaseConnection.php(732): CodeIgniter\Database\Postgre\Connection->execute('UPDATE "user_ac...')
#3 C:\xampp\htdocs\rico_store_management_app\system\Database\BaseConnection.php(647): CodeIgniter\Database\BaseConnection->simpleQuery('UPDATE "user_ac...')
#4 C:\xampp\htdocs\rico_store_management_app\system\Database\BaseBuilder.php(2482): CodeIgniter\Database\BaseConnection->query('UPDATE "user_ac...', Array, false)
#5 C:\xampp\htdocs\rico_store_management_app\app\Models\Users.php(73): CodeIgniter\Database\BaseBuilder->update(Array)
#6 C:\xampp\htdocs\rico_store_management_app\app\Controllers\Users.php(55): App\Models\Users->insert_update_user_data('45678', 'asdfg', NULL, '456', '1', 'sdfgh', 'sdfg', '1')
#7 C:\xampp\htdocs\rico_store_management_app\system\CodeIgniter.php(931): App\Controllers\Users->add_edit_users_data()
#8 C:\xampp\htdocs\rico_store_management_app\system\CodeIgniter.php(439): CodeIgniter\CodeIgniter->runController(Object(App\Controllers\Users))
#9 C:\xampp\htdocs\rico_store_management_app\system\CodeIgniter.php(339): CodeIgniter\CodeIgniter->handleRequest(NULL, Object(Config\Cache), false)
#10 C:\xampp\htdocs\rico_store_management_app\public\index.php(36): CodeIgniter\CodeIgniter->run()
#11 C:\xampp\htdocs\rico_store_management_app\system\Commands\Server\rewrite.php(45): require_once('C:\\xampp\\htdocs...')
#12 {main}
CRITICAL - 2021-06-20 15:38:23 --> pg_query(): Query failed: ERROR:  column &quot;user_account_id&quot; can only be updated to DEFAULT
DETAIL:  Column &quot;user_account_id&quot; is an identity column defined as GENERATED ALWAYS.
#0 [internal function]: CodeIgniter\Debug\Exceptions->errorHandler(2, 'pg_query(): Que...', 'C:\\xampp\\htdocs...', 170, Array)
#1 C:\xampp\htdocs\rico_store_management_app\system\Database\Postgre\Connection.php(170): pg_query(Resource id #144, 'UPDATE "user_ac...')
#2 C:\xampp\htdocs\rico_store_management_app\system\Database\BaseConnection.php(732): CodeIgniter\Database\Postgre\Connection->execute('UPDATE "user_ac...')
#3 C:\xampp\htdocs\rico_store_management_app\system\Database\BaseConnection.php(647): CodeIgniter\Database\BaseConnection->simpleQuery('UPDATE "user_ac...')
#4 C:\xampp\htdocs\rico_store_management_app\system\Database\BaseBuilder.php(2482): CodeIgniter\Database\BaseConnection->query('UPDATE "user_ac...', Array, false)
#5 C:\xampp\htdocs\rico_store_management_app\app\Models\Users.php(73): CodeIgniter\Database\BaseBuilder->update(Array)
#6 C:\xampp\htdocs\rico_store_management_app\app\Controllers\Users.php(55): App\Models\Users->insert_update_user_data('45678', 'asdfg', NULL, '456', '1', 'sdfgh', 'sdfg', '1')
#7 C:\xampp\htdocs\rico_store_management_app\system\CodeIgniter.php(931): App\Controllers\Users->add_edit_users_data()
#8 C:\xampp\htdocs\rico_store_management_app\system\CodeIgniter.php(439): CodeIgniter\CodeIgniter->runController(Object(App\Controllers\Users))
#9 C:\xampp\htdocs\rico_store_management_app\system\CodeIgniter.php(339): CodeIgniter\CodeIgniter->handleRequest(NULL, Object(Config\Cache), false)
#10 C:\xampp\htdocs\rico_store_management_app\public\index.php(36): CodeIgniter\CodeIgniter->run()
#11 C:\xampp\htdocs\rico_store_management_app\system\Commands\Server\rewrite.php(45): require_once('C:\\xampp\\htdocs...')
#12 {main}
CRITICAL - 2021-06-20 15:38:23 --> Uncaught CodeIgniter\Format\Exceptions\FormatException: Failed to parse json string, error: "Type is not supported". in C:\xampp\htdocs\rico_store_management_app\system\Format\JSONFormatter.php:42
Stack trace:
#0 C:\xampp\htdocs\rico_store_management_app\system\Format\JSONFormatter.php(42): CodeIgniter\Format\Exceptions\FormatException::forInvalidJSON('Type is not sup...')
#1 C:\xampp\htdocs\rico_store_management_app\system\API\ResponseTrait.php(423): CodeIgniter\Format\JSONFormatter->format(Array)
#2 C:\xampp\htdocs\rico_store_management_app\system\API\ResponseTrait.php(114): CodeIgniter\Debug\Exceptions->format(Array)
#3 C:\xampp\htdocs\rico_store_management_app\system\Debug\Exceptions.php(141): CodeIgniter\Debug\Exceptions->respond(Array, 500)
#4 [internal function]: CodeIgniter\Debug\Exceptions->exceptionHandler(Object(ErrorException))
#5 {main}
  thrown
#0 [internal function]: CodeIgniter\Debug\Exceptions->shutdownHandler()
#1 {main}
ERROR - 2021-06-20 15:39:16 --> ErrorException: pg_query(): Query failed: ERROR:  column &quot;user_account_id&quot; can only be updated to DEFAULT
DETAIL:  Column &quot;user_account_id&quot; is an identity column defined as GENERATED ALWAYS. in C:\xampp\htdocs\rico_store_management_app\system\Database\Postgre\Connection.php:170
Stack trace:
#0 [internal function]: CodeIgniter\Debug\Exceptions->errorHandler(2, 'pg_query(): Que...', 'C:\\xampp\\htdocs...', 170, Array)
#1 C:\xampp\htdocs\rico_store_management_app\system\Database\Postgre\Connection.php(170): pg_query(Resource id #144, 'UPDATE "user_ac...')
#2 C:\xampp\htdocs\rico_store_management_app\system\Database\BaseConnection.php(732): CodeIgniter\Database\Postgre\Connection->execute('UPDATE "user_ac...')
#3 C:\xampp\htdocs\rico_store_management_app\system\Database\BaseConnection.php(647): CodeIgniter\Database\BaseConnection->simpleQuery('UPDATE "user_ac...')
#4 C:\xampp\htdocs\rico_store_management_app\system\Database\BaseBuilder.php(2482): CodeIgniter\Database\BaseConnection->query('UPDATE "user_ac...', Array, false)
#5 C:\xampp\htdocs\rico_store_management_app\app\Models\Users.php(73): CodeIgniter\Database\BaseBuilder->update(Array)
#6 C:\xampp\htdocs\rico_store_management_app\app\Controllers\Users.php(55): App\Models\Users->insert_update_user_data('45678', 'asdfg', NULL, '456', '1', 'sdfgh', 'sdfg', '1')
#7 C:\xampp\htdocs\rico_store_management_app\system\CodeIgniter.php(931): App\Controllers\Users->add_edit_users_data()
#8 C:\xampp\htdocs\rico_store_management_app\system\CodeIgniter.php(439): CodeIgniter\CodeIgniter->runController(Object(App\Controllers\Users))
#9 C:\xampp\htdocs\rico_store_management_app\system\CodeIgniter.php(339): CodeIgniter\CodeIgniter->handleRequest(NULL, Object(Config\Cache), false)
#10 C:\xampp\htdocs\rico_store_management_app\public\index.php(36): CodeIgniter\CodeIgniter->run()
#11 C:\xampp\htdocs\rico_store_management_app\system\Commands\Server\rewrite.php(45): require_once('C:\\xampp\\htdocs...')
#12 {main}
CRITICAL - 2021-06-20 15:39:16 --> pg_query(): Query failed: ERROR:  column &quot;user_account_id&quot; can only be updated to DEFAULT
DETAIL:  Column &quot;user_account_id&quot; is an identity column defined as GENERATED ALWAYS.
#0 [internal function]: CodeIgniter\Debug\Exceptions->errorHandler(2, 'pg_query(): Que...', 'C:\\xampp\\htdocs...', 170, Array)
#1 C:\xampp\htdocs\rico_store_management_app\system\Database\Postgre\Connection.php(170): pg_query(Resource id #144, 'UPDATE "user_ac...')
#2 C:\xampp\htdocs\rico_store_management_app\system\Database\BaseConnection.php(732): CodeIgniter\Database\Postgre\Connection->execute('UPDATE "user_ac...')
#3 C:\xampp\htdocs\rico_store_management_app\system\Database\BaseConnection.php(647): CodeIgniter\Database\BaseConnection->simpleQuery('UPDATE "user_ac...')
#4 C:\xampp\htdocs\rico_store_management_app\system\Database\BaseBuilder.php(2482): CodeIgniter\Database\BaseConnection->query('UPDATE "user_ac...', Array, false)
#5 C:\xampp\htdocs\rico_store_management_app\app\Models\Users.php(73): CodeIgniter\Database\BaseBuilder->update(Array)
#6 C:\xampp\htdocs\rico_store_management_app\app\Controllers\Users.php(55): App\Models\Users->insert_update_user_data('45678', 'asdfg', NULL, '456', '1', 'sdfgh', 'sdfg', '1')
#7 C:\xampp\htdocs\rico_store_management_app\system\CodeIgniter.php(931): App\Controllers\Users->add_edit_users_data()
#8 C:\xampp\htdocs\rico_store_management_app\system\CodeIgniter.php(439): CodeIgniter\CodeIgniter->runController(Object(App\Controllers\Users))
#9 C:\xampp\htdocs\rico_store_management_app\system\CodeIgniter.php(339): CodeIgniter\CodeIgniter->handleRequest(NULL, Object(Config\Cache), false)
#10 C:\xampp\htdocs\rico_store_management_app\public\index.php(36): CodeIgniter\CodeIgniter->run()
#11 C:\xampp\htdocs\rico_store_management_app\system\Commands\Server\rewrite.php(45): require_once('C:\\xampp\\htdocs...')
#12 {main}
CRITICAL - 2021-06-20 15:39:16 --> Uncaught CodeIgniter\Format\Exceptions\FormatException: Failed to parse json string, error: "Type is not supported". in C:\xampp\htdocs\rico_store_management_app\system\Format\JSONFormatter.php:42
Stack trace:
#0 C:\xampp\htdocs\rico_store_management_app\system\Format\JSONFormatter.php(42): CodeIgniter\Format\Exceptions\FormatException::forInvalidJSON('Type is not sup...')
#1 C:\xampp\htdocs\rico_store_management_app\system\API\ResponseTrait.php(423): CodeIgniter\Format\JSONFormatter->format(Array)
#2 C:\xampp\htdocs\rico_store_management_app\system\API\ResponseTrait.php(114): CodeIgniter\Debug\Exceptions->format(Array)
#3 C:\xampp\htdocs\rico_store_management_app\system\Debug\Exceptions.php(141): CodeIgniter\Debug\Exceptions->respond(Array, 500)
#4 [internal function]: CodeIgniter\Debug\Exceptions->exceptionHandler(Object(ErrorException))
#5 {main}
  thrown
#0 [internal function]: CodeIgniter\Debug\Exceptions->shutdownHandler()
#1 {main}
ERROR - 2021-06-20 15:40:48 --> ErrorException: pg_query(): Query failed: ERROR:  column &quot;user_account_id&quot; can only be updated to DEFAULT
DETAIL:  Column &quot;user_account_id&quot; is an identity column defined as GENERATED ALWAYS. in C:\xampp\htdocs\rico_store_management_app\system\Database\Postgre\Connection.php:170
Stack trace:
#0 [internal function]: CodeIgniter\Debug\Exceptions->errorHandler(2, 'pg_query(): Que...', 'C:\\xampp\\htdocs...', 170, Array)
#1 C:\xampp\htdocs\rico_store_management_app\system\Database\Postgre\Connection.php(170): pg_query(Resource id #144, 'UPDATE "user_ac...')
#2 C:\xampp\htdocs\rico_store_management_app\system\Database\BaseConnection.php(732): CodeIgniter\Database\Postgre\Connection->execute('UPDATE "user_ac...')
#3 C:\xampp\htdocs\rico_store_management_app\system\Database\BaseConnection.php(647): CodeIgniter\Database\BaseConnection->simpleQuery('UPDATE "user_ac...')
#4 C:\xampp\htdocs\rico_store_management_app\system\Database\BaseBuilder.php(2482): CodeIgniter\Database\BaseConnection->query('UPDATE "user_ac...', Array, false)
#5 C:\xampp\htdocs\rico_store_management_app\app\Models\Users.php(73): CodeIgniter\Database\BaseBuilder->update(Array)
#6 C:\xampp\htdocs\rico_store_management_app\app\Controllers\Users.php(55): App\Models\Users->insert_update_user_data('45678', 'asdfg', NULL, '456', '1', 'sdfgh', 'sdfg', '1')
#7 C:\xampp\htdocs\rico_store_management_app\system\CodeIgniter.php(931): App\Controllers\Users->add_edit_users_data()
#8 C:\xampp\htdocs\rico_store_management_app\system\CodeIgniter.php(439): CodeIgniter\CodeIgniter->runController(Object(App\Controllers\Users))
#9 C:\xampp\htdocs\rico_store_management_app\system\CodeIgniter.php(339): CodeIgniter\CodeIgniter->handleRequest(NULL, Object(Config\Cache), false)
#10 C:\xampp\htdocs\rico_store_management_app\public\index.php(36): CodeIgniter\CodeIgniter->run()
#11 C:\xampp\htdocs\rico_store_management_app\system\Commands\Server\rewrite.php(45): require_once('C:\\xampp\\htdocs...')
#12 {main}
CRITICAL - 2021-06-20 15:40:48 --> pg_query(): Query failed: ERROR:  column &quot;user_account_id&quot; can only be updated to DEFAULT
DETAIL:  Column &quot;user_account_id&quot; is an identity column defined as GENERATED ALWAYS.
#0 [internal function]: CodeIgniter\Debug\Exceptions->errorHandler(2, 'pg_query(): Que...', 'C:\\xampp\\htdocs...', 170, Array)
#1 C:\xampp\htdocs\rico_store_management_app\system\Database\Postgre\Connection.php(170): pg_query(Resource id #144, 'UPDATE "user_ac...')
#2 C:\xampp\htdocs\rico_store_management_app\system\Database\BaseConnection.php(732): CodeIgniter\Database\Postgre\Connection->execute('UPDATE "user_ac...')
#3 C:\xampp\htdocs\rico_store_management_app\system\Database\BaseConnection.php(647): CodeIgniter\Database\BaseConnection->simpleQuery('UPDATE "user_ac...')
#4 C:\xampp\htdocs\rico_store_management_app\system\Database\BaseBuilder.php(2482): CodeIgniter\Database\BaseConnection->query('UPDATE "user_ac...', Array, false)
#5 C:\xampp\htdocs\rico_store_management_app\app\Models\Users.php(73): CodeIgniter\Database\BaseBuilder->update(Array)
#6 C:\xampp\htdocs\rico_store_management_app\app\Controllers\Users.php(55): App\Models\Users->insert_update_user_data('45678', 'asdfg', NULL, '456', '1', 'sdfgh', 'sdfg', '1')
#7 C:\xampp\htdocs\rico_store_management_app\system\CodeIgniter.php(931): App\Controllers\Users->add_edit_users_data()
#8 C:\xampp\htdocs\rico_store_management_app\system\CodeIgniter.php(439): CodeIgniter\CodeIgniter->runController(Object(App\Controllers\Users))
#9 C:\xampp\htdocs\rico_store_management_app\system\CodeIgniter.php(339): CodeIgniter\CodeIgniter->handleRequest(NULL, Object(Config\Cache), false)
#10 C:\xampp\htdocs\rico_store_management_app\public\index.php(36): CodeIgniter\CodeIgniter->run()
#11 C:\xampp\htdocs\rico_store_management_app\system\Commands\Server\rewrite.php(45): require_once('C:\\xampp\\htdocs...')
#12 {main}
CRITICAL - 2021-06-20 15:40:48 --> Uncaught CodeIgniter\Format\Exceptions\FormatException: Failed to parse json string, error: "Type is not supported". in C:\xampp\htdocs\rico_store_management_app\system\Format\JSONFormatter.php:42
Stack trace:
#0 C:\xampp\htdocs\rico_store_management_app\system\Format\JSONFormatter.php(42): CodeIgniter\Format\Exceptions\FormatException::forInvalidJSON('Type is not sup...')
#1 C:\xampp\htdocs\rico_store_management_app\system\API\ResponseTrait.php(423): CodeIgniter\Format\JSONFormatter->format(Array)
#2 C:\xampp\htdocs\rico_store_management_app\system\API\ResponseTrait.php(114): CodeIgniter\Debug\Exceptions->format(Array)
#3 C:\xampp\htdocs\rico_store_management_app\system\Debug\Exceptions.php(141): CodeIgniter\Debug\Exceptions->respond(Array, 500)
#4 [internal function]: CodeIgniter\Debug\Exceptions->exceptionHandler(Object(ErrorException))
#5 {main}
  thrown
#0 [internal function]: CodeIgniter\Debug\Exceptions->shutdownHandler()
#1 {main}
ERROR - 2021-06-20 05:20:23 --> Error connecting to the database: pg_connect(): Unable to connect to PostgreSQL server: could not connect to server: Connection refused (0x0000274D/10061)
	Is the server running on host &quot;127.0.0.1&quot; and accepting
	TCP/IP connections on port 5432?
CRITICAL - 2021-06-20 05:20:23 --> Unable to connect to the database.
Main connection [postgre]: pg_connect(): Unable to connect to PostgreSQL server: could not connect to server: Connection refused (0x0000274D/10061)
	Is the server running on host &quot;127.0.0.1&quot; and accepting
	TCP/IP connections on port 5432?
#0 C:\xampp\htdocs\rico_store_management_app\system\Database\BaseConnection.php(625): CodeIgniter\Database\BaseConnection->initialize()
#1 C:\xampp\htdocs\rico_store_management_app\app\Models\Auth.php(50): CodeIgniter\Database\BaseConnection->query('select * from u...')
#2 C:\xampp\htdocs\rico_store_management_app\app\Controllers\Auth.php(27): App\Models\Auth->validateUser('rapsizabel@gmai...', '12345', '')
#3 C:\xampp\htdocs\rico_store_management_app\system\CodeIgniter.php(931): App\Controllers\Auth->login()
#4 C:\xampp\htdocs\rico_store_management_app\system\CodeIgniter.php(439): CodeIgniter\CodeIgniter->runController(Object(App\Controllers\Auth))
#5 C:\xampp\htdocs\rico_store_management_app\system\CodeIgniter.php(339): CodeIgniter\CodeIgniter->handleRequest(NULL, Object(Config\Cache), false)
#6 C:\xampp\htdocs\rico_store_management_app\public\index.php(36): CodeIgniter\CodeIgniter->run()
#7 C:\xampp\htdocs\rico_store_management_app\system\Commands\Server\rewrite.php(45): require_once('C:\\xampp\\htdocs...')
#8 {main}
ERROR - 2021-06-20 12:41:31 --> Error connecting to the database: pg_connect(): Unable to connect to PostgreSQL server: SCRAM authentication requires libpq version 10 or above
CRITICAL - 2021-06-20 12:41:31 --> Unable to connect to the database.
Main connection [postgre]: pg_connect(): Unable to connect to PostgreSQL server: SCRAM authentication requires libpq version 10 or above
#0 C:\xampp\htdocs\rico_store_management_app\system\Database\BaseConnection.php(625): CodeIgniter\Database\BaseConnection->initialize()
#1 C:\xampp\htdocs\rico_store_management_app\app\Models\Auth.php(50): CodeIgniter\Database\BaseConnection->query('select * from u...')
#2 C:\xampp\htdocs\rico_store_management_app\app\Controllers\Auth.php(27): App\Models\Auth->validateUser('rapsizabel@gmai...', '12345', '')
#3 C:\xampp\htdocs\rico_store_management_app\system\CodeIgniter.php(931): App\Controllers\Auth->login()
#4 C:\xampp\htdocs\rico_store_management_app\system\CodeIgniter.php(439): CodeIgniter\CodeIgniter->runController(Object(App\Controllers\Auth))
#5 C:\xampp\htdocs\rico_store_management_app\system\CodeIgniter.php(339): CodeIgniter\CodeIgniter->handleRequest(NULL, Object(Config\Cache), false)
#6 C:\xampp\htdocs\rico_store_management_app\public\index.php(36): CodeIgniter\CodeIgniter->run()
#7 C:\xampp\htdocs\rico_store_management_app\system\Commands\Server\rewrite.php(45): require_once('C:\\xampp\\htdocs...')
#8 {main}
ERROR - 2021-06-20 12:55:30 --> Error connecting to the database: pg_connect(): Unable to connect to PostgreSQL server: SCRAM authentication requires libpq version 10 or above
CRITICAL - 2021-06-20 12:55:30 --> Unable to connect to the database.
Main connection [postgre]: pg_connect(): Unable to connect to PostgreSQL server: SCRAM authentication requires libpq version 10 or above
#0 C:\xampp\htdocs\rico_store_management_app\system\Database\BaseConnection.php(625): CodeIgniter\Database\BaseConnection->initialize()
#1 C:\xampp\htdocs\rico_store_management_app\app\Models\Auth.php(50): CodeIgniter\Database\BaseConnection->query('select * from u...')
#2 C:\xampp\htdocs\rico_store_management_app\app\Controllers\Auth.php(27): App\Models\Auth->validateUser('rapsizabel@gmai...', '12345', '')
#3 C:\xampp\htdocs\rico_store_management_app\system\CodeIgniter.php(931): App\Controllers\Auth->login()
#4 C:\xampp\htdocs\rico_store_management_app\system\CodeIgniter.php(439): CodeIgniter\CodeIgniter->runController(Object(App\Controllers\Auth))
#5 C:\xampp\htdocs\rico_store_management_app\system\CodeIgniter.php(339): CodeIgniter\CodeIgniter->handleRequest(NULL, Object(Config\Cache), false)
#6 C:\xampp\htdocs\rico_store_management_app\public\index.php(36): CodeIgniter\CodeIgniter->run()
#7 C:\xampp\htdocs\rico_store_management_app\system\Commands\Server\rewrite.php(45): require_once('C:\\xampp\\htdocs...')
#8 {main}
