CRITICAL - 2021-05-23 00:35:51 --> syntax error, unexpected end of file
#0 C:\xampp\htdocs\rico_store_management_app\system\View\View.php(232): CodeIgniter\View\View->CodeIgniter\View\{closure}()
#1 C:\xampp\htdocs\rico_store_management_app\system\Common.php(1250): CodeIgniter\View\View->render('Device\\add_devi...', Array, true)
#2 C:\xampp\htdocs\rico_store_management_app\app\Controllers\Device.php(24): view('Device\\add_devi...', Array)
#3 C:\xampp\htdocs\rico_store_management_app\system\CodeIgniter.php(931): App\Controllers\Device->load_add_edit_device_view()
#4 C:\xampp\htdocs\rico_store_management_app\system\CodeIgniter.php(439): CodeIgniter\CodeIgniter->runController(Object(App\Controllers\Device))
#5 C:\xampp\htdocs\rico_store_management_app\system\CodeIgniter.php(339): CodeIgniter\CodeIgniter->handleRequest(NULL, Object(Config\Cache), false)
#6 C:\xampp\htdocs\rico_store_management_app\public\index.php(36): CodeIgniter\CodeIgniter->run()
#7 C:\xampp\htdocs\rico_store_management_app\system\Commands\Server\rewrite.php(45): require_once('C:\\xampp\\htdocs...')
#8 {main}
CRITICAL - 2021-05-23 00:36:10 --> syntax error, unexpected end of file
#0 C:\xampp\htdocs\rico_store_management_app\system\View\View.php(232): CodeIgniter\View\View->CodeIgniter\View\{closure}()
#1 C:\xampp\htdocs\rico_store_management_app\system\Common.php(1250): CodeIgniter\View\View->render('Device\\add_devi...', Array, true)
#2 C:\xampp\htdocs\rico_store_management_app\app\Controllers\Device.php(24): view('Device\\add_devi...', Array)
#3 C:\xampp\htdocs\rico_store_management_app\system\CodeIgniter.php(931): App\Controllers\Device->load_add_edit_device_view()
#4 C:\xampp\htdocs\rico_store_management_app\system\CodeIgniter.php(439): CodeIgniter\CodeIgniter->runController(Object(App\Controllers\Device))
#5 C:\xampp\htdocs\rico_store_management_app\system\CodeIgniter.php(339): CodeIgniter\CodeIgniter->handleRequest(NULL, Object(Config\Cache), false)
#6 C:\xampp\htdocs\rico_store_management_app\public\index.php(36): CodeIgniter\CodeIgniter->run()
#7 C:\xampp\htdocs\rico_store_management_app\system\Commands\Server\rewrite.php(45): require_once('C:\\xampp\\htdocs...')
#8 {main}
CRITICAL - 2021-05-23 01:10:27 --> Undefined property: App\Controllers\Device::$DeviceModel
#0 C:\xampp\htdocs\rico_store_management_app\app\Controllers\Device.php(78): CodeIgniter\Debug\Exceptions->errorHandler(8, 'Undefined prope...', 'C:\\xampp\\htdocs...', 78, Array)
#1 C:\xampp\htdocs\rico_store_management_app\system\CodeIgniter.php(931): App\Controllers\Device->load_unassigned_devices_list()
#2 C:\xampp\htdocs\rico_store_management_app\system\CodeIgniter.php(439): CodeIgniter\CodeIgniter->runController(Object(App\Controllers\Device))
#3 C:\xampp\htdocs\rico_store_management_app\system\CodeIgniter.php(339): CodeIgniter\CodeIgniter->handleRequest(NULL, Object(Config\Cache), false)
#4 C:\xampp\htdocs\rico_store_management_app\public\index.php(36): CodeIgniter\CodeIgniter->run()
#5 C:\xampp\htdocs\rico_store_management_app\system\Commands\Server\rewrite.php(45): require_once('C:\\xampp\\htdocs...')
#6 {main}
CRITICAL - 2021-05-23 01:10:39 --> Undefined property: App\Controllers\Device::$DeviceModel
#0 C:\xampp\htdocs\rico_store_management_app\app\Controllers\Device.php(78): CodeIgniter\Debug\Exceptions->errorHandler(8, 'Undefined prope...', 'C:\\xampp\\htdocs...', 78, Array)
#1 C:\xampp\htdocs\rico_store_management_app\system\CodeIgniter.php(931): App\Controllers\Device->load_unassigned_devices_list()
#2 C:\xampp\htdocs\rico_store_management_app\system\CodeIgniter.php(439): CodeIgniter\CodeIgniter->runController(Object(App\Controllers\Device))
#3 C:\xampp\htdocs\rico_store_management_app\system\CodeIgniter.php(339): CodeIgniter\CodeIgniter->handleRequest(NULL, Object(Config\Cache), false)
#4 C:\xampp\htdocs\rico_store_management_app\public\index.php(36): CodeIgniter\CodeIgniter->run()
#5 C:\xampp\htdocs\rico_store_management_app\system\Commands\Server\rewrite.php(45): require_once('C:\\xampp\\htdocs...')
#6 {main}
CRITICAL - 2021-05-23 01:58:20 --> Call to undefined method App\Models\Device::select_all_unassigned_assigned_devices
#0 C:\xampp\htdocs\rico_store_management_app\app\Controllers\Dashboard.php(17): CodeIgniter\Model->__call('select_all_unas...', Array)
#1 C:\xampp\htdocs\rico_store_management_app\system\CodeIgniter.php(931): App\Controllers\Dashboard->admin_dashboard()
#2 C:\xampp\htdocs\rico_store_management_app\system\CodeIgniter.php(439): CodeIgniter\CodeIgniter->runController(Object(App\Controllers\Dashboard))
#3 C:\xampp\htdocs\rico_store_management_app\system\CodeIgniter.php(339): CodeIgniter\CodeIgniter->handleRequest(NULL, Object(Config\Cache), false)
#4 C:\xampp\htdocs\rico_store_management_app\public\index.php(36): CodeIgniter\CodeIgniter->run()
#5 C:\xampp\htdocs\rico_store_management_app\system\Commands\Server\rewrite.php(45): require_once('C:\\xampp\\htdocs...')
#6 {main}
CRITICAL - 2021-05-23 01:59:57 --> Undefined variable: device_list
#0 C:\xampp\htdocs\rico_store_management_app\app\Views\Dashboards\admin_dashboard.php(200): CodeIgniter\Debug\Exceptions->errorHandler(8, 'Undefined varia...', 'C:\\xampp\\htdocs...', 200, Array)
#1 C:\xampp\htdocs\rico_store_management_app\system\View\View.php(230): include('C:\\xampp\\htdocs...')
#2 C:\xampp\htdocs\rico_store_management_app\system\View\View.php(232): CodeIgniter\View\View->CodeIgniter\View\{closure}()
#3 C:\xampp\htdocs\rico_store_management_app\system\Common.php(1250): CodeIgniter\View\View->render('Dashboards\\admi...', Array, true)
#4 C:\xampp\htdocs\rico_store_management_app\app\Controllers\Dashboard.php(18): view('Dashboards\\admi...')
#5 C:\xampp\htdocs\rico_store_management_app\system\CodeIgniter.php(931): App\Controllers\Dashboard->admin_dashboard()
#6 C:\xampp\htdocs\rico_store_management_app\system\CodeIgniter.php(439): CodeIgniter\CodeIgniter->runController(Object(App\Controllers\Dashboard))
#7 C:\xampp\htdocs\rico_store_management_app\system\CodeIgniter.php(339): CodeIgniter\CodeIgniter->handleRequest(NULL, Object(Config\Cache), false)
#8 C:\xampp\htdocs\rico_store_management_app\public\index.php(36): CodeIgniter\CodeIgniter->run()
#9 C:\xampp\htdocs\rico_store_management_app\system\Commands\Server\rewrite.php(45): require_once('C:\\xampp\\htdocs...')
#10 {main}
CRITICAL - 2021-05-23 13:30:02 --> Undefined variable: counties
#0 C:\xampp\htdocs\rico_store_management_app\app\Views\Regions\add_region.php(33): CodeIgniter\Debug\Exceptions->errorHandler(8, 'Undefined varia...', 'C:\\xampp\\htdocs...', 33, Array)
#1 C:\xampp\htdocs\rico_store_management_app\system\View\View.php(230): include('C:\\xampp\\htdocs...')
#2 C:\xampp\htdocs\rico_store_management_app\system\View\View.php(232): CodeIgniter\View\View->CodeIgniter\View\{closure}()
#3 C:\xampp\htdocs\rico_store_management_app\system\Common.php(1250): CodeIgniter\View\View->render('Regions\\add_reg...', Array, true)
#4 C:\xampp\htdocs\rico_store_management_app\app\Controllers\Region.php(25): view('Regions\\add_reg...')
#5 C:\xampp\htdocs\rico_store_management_app\system\CodeIgniter.php(931): App\Controllers\Region->load_add_edit_region_views()
#6 C:\xampp\htdocs\rico_store_management_app\system\CodeIgniter.php(439): CodeIgniter\CodeIgniter->runController(Object(App\Controllers\Region))
#7 C:\xampp\htdocs\rico_store_management_app\system\CodeIgniter.php(339): CodeIgniter\CodeIgniter->handleRequest(NULL, Object(Config\Cache), false)
#8 C:\xampp\htdocs\rico_store_management_app\public\index.php(36): CodeIgniter\CodeIgniter->run()
#9 C:\xampp\htdocs\rico_store_management_app\system\Commands\Server\rewrite.php(45): require_once('C:\\xampp\\htdocs...')
#10 {main}
CRITICAL - 2021-05-23 13:30:17 --> Undefined variable: counties
#0 C:\xampp\htdocs\rico_store_management_app\app\Views\Regions\add_region.php(33): CodeIgniter\Debug\Exceptions->errorHandler(8, 'Undefined varia...', 'C:\\xampp\\htdocs...', 33, Array)
#1 C:\xampp\htdocs\rico_store_management_app\system\View\View.php(230): include('C:\\xampp\\htdocs...')
#2 C:\xampp\htdocs\rico_store_management_app\system\View\View.php(232): CodeIgniter\View\View->CodeIgniter\View\{closure}()
#3 C:\xampp\htdocs\rico_store_management_app\system\Common.php(1250): CodeIgniter\View\View->render('Regions\\add_reg...', Array, true)
#4 C:\xampp\htdocs\rico_store_management_app\app\Controllers\Region.php(25): view('Regions\\add_reg...')
#5 C:\xampp\htdocs\rico_store_management_app\system\CodeIgniter.php(931): App\Controllers\Region->load_add_edit_region_views()
#6 C:\xampp\htdocs\rico_store_management_app\system\CodeIgniter.php(439): CodeIgniter\CodeIgniter->runController(Object(App\Controllers\Region))
#7 C:\xampp\htdocs\rico_store_management_app\system\CodeIgniter.php(339): CodeIgniter\CodeIgniter->handleRequest(NULL, Object(Config\Cache), false)
#8 C:\xampp\htdocs\rico_store_management_app\public\index.php(36): CodeIgniter\CodeIgniter->run()
#9 C:\xampp\htdocs\rico_store_management_app\system\Commands\Server\rewrite.php(45): require_once('C:\\xampp\\htdocs...')
#10 {main}
CRITICAL - 2021-05-23 13:49:09 --> Undefined property: stdClass::$county_name
#0 C:\xampp\htdocs\rico_store_management_app\app\Views\Regions\all_regions.php(23): CodeIgniter\Debug\Exceptions->errorHandler(8, 'Undefined prope...', 'C:\\xampp\\htdocs...', 23, Array)
#1 C:\xampp\htdocs\rico_store_management_app\system\View\View.php(230): include('C:\\xampp\\htdocs...')
#2 C:\xampp\htdocs\rico_store_management_app\system\View\View.php(232): CodeIgniter\View\View->CodeIgniter\View\{closure}()
#3 C:\xampp\htdocs\rico_store_management_app\system\Common.php(1250): CodeIgniter\View\View->render('Regions\\all_reg...', Array, true)
#4 C:\xampp\htdocs\rico_store_management_app\app\Controllers\Region.php(53): view('Regions\\all_reg...', Array)
#5 C:\xampp\htdocs\rico_store_management_app\system\CodeIgniter.php(931): App\Controllers\Region->load_regions_list()
#6 C:\xampp\htdocs\rico_store_management_app\system\CodeIgniter.php(439): CodeIgniter\CodeIgniter->runController(Object(App\Controllers\Region))
#7 C:\xampp\htdocs\rico_store_management_app\system\CodeIgniter.php(339): CodeIgniter\CodeIgniter->handleRequest(NULL, Object(Config\Cache), false)
#8 C:\xampp\htdocs\rico_store_management_app\public\index.php(36): CodeIgniter\CodeIgniter->run()
#9 C:\xampp\htdocs\rico_store_management_app\system\Commands\Server\rewrite.php(45): require_once('C:\\xampp\\htdocs...')
#10 {main}
CRITICAL - 2021-05-23 13:49:17 --> Undefined property: stdClass::$county_name
#0 C:\xampp\htdocs\rico_store_management_app\app\Views\Regions\all_regions.php(23): CodeIgniter\Debug\Exceptions->errorHandler(8, 'Undefined prope...', 'C:\\xampp\\htdocs...', 23, Array)
#1 C:\xampp\htdocs\rico_store_management_app\system\View\View.php(230): include('C:\\xampp\\htdocs...')
#2 C:\xampp\htdocs\rico_store_management_app\system\View\View.php(232): CodeIgniter\View\View->CodeIgniter\View\{closure}()
#3 C:\xampp\htdocs\rico_store_management_app\system\Common.php(1250): CodeIgniter\View\View->render('Regions\\all_reg...', Array, true)
#4 C:\xampp\htdocs\rico_store_management_app\app\Controllers\Region.php(53): view('Regions\\all_reg...', Array)
#5 C:\xampp\htdocs\rico_store_management_app\system\CodeIgniter.php(931): App\Controllers\Region->load_regions_list()
#6 C:\xampp\htdocs\rico_store_management_app\system\CodeIgniter.php(439): CodeIgniter\CodeIgniter->runController(Object(App\Controllers\Region))
#7 C:\xampp\htdocs\rico_store_management_app\system\CodeIgniter.php(339): CodeIgniter\CodeIgniter->handleRequest(NULL, Object(Config\Cache), false)
#8 C:\xampp\htdocs\rico_store_management_app\public\index.php(36): CodeIgniter\CodeIgniter->run()
#9 C:\xampp\htdocs\rico_store_management_app\system\Commands\Server\rewrite.php(45): require_once('C:\\xampp\\htdocs...')
#10 {main}
ERROR - 2021-05-23 13:52:05 --> ErrorException: pg_query(): Query failed: ERROR:  column registration_office.foreign_key does not exist
LINE 4: ...oin registration_office on subcounty.subcounty_id=registrati...
                                                             ^ in C:\xampp\htdocs\rico_store_management_app\system\Database\Postgre\Connection.php:170
Stack trace:
#0 [internal function]: CodeIgniter\Debug\Exceptions->errorHandler(2, 'pg_query(): Que...', 'C:\\xampp\\htdocs...', 170, Array)
#1 C:\xampp\htdocs\rico_store_management_app\system\Database\Postgre\Connection.php(170): pg_query(Resource id #127, 'select * from r...')
#2 C:\xampp\htdocs\rico_store_management_app\system\Database\BaseConnection.php(732): CodeIgniter\Database\Postgre\Connection->execute('select * from r...')
#3 C:\xampp\htdocs\rico_store_management_app\system\Database\BaseConnection.php(647): CodeIgniter\Database\BaseConnection->simpleQuery('select * from r...')
#4 C:\xampp\htdocs\rico_store_management_app\app\Models\Region.php(70): CodeIgniter\Database\BaseConnection->query('select * from r...')
#5 C:\xampp\htdocs\rico_store_management_app\app\Controllers\Region.php(52): App\Models\Region->select_all_regions()
#6 C:\xampp\htdocs\rico_store_management_app\system\CodeIgniter.php(931): App\Controllers\Region->load_regions_list()
#7 C:\xampp\htdocs\rico_store_management_app\system\CodeIgniter.php(439): CodeIgniter\CodeIgniter->runController(Object(App\Controllers\Region))
#8 C:\xampp\htdocs\rico_store_management_app\system\CodeIgniter.php(339): CodeIgniter\CodeIgniter->handleRequest(NULL, Object(Config\Cache), false)
#9 C:\xampp\htdocs\rico_store_management_app\public\index.php(36): CodeIgniter\CodeIgniter->run()
#10 C:\xampp\htdocs\rico_store_management_app\system\Commands\Server\rewrite.php(45): require_once('C:\\xampp\\htdocs...')
#11 {main}
CRITICAL - 2021-05-23 13:52:05 --> pg_query(): Query failed: ERROR:  column registration_office.foreign_key does not exist
LINE 4: ...oin registration_office on subcounty.subcounty_id=registrati...
                                                             ^
#0 [internal function]: CodeIgniter\Debug\Exceptions->errorHandler(2, 'pg_query(): Que...', 'C:\\xampp\\htdocs...', 170, Array)
#1 C:\xampp\htdocs\rico_store_management_app\system\Database\Postgre\Connection.php(170): pg_query(Resource id #127, 'select * from r...')
#2 C:\xampp\htdocs\rico_store_management_app\system\Database\BaseConnection.php(732): CodeIgniter\Database\Postgre\Connection->execute('select * from r...')
#3 C:\xampp\htdocs\rico_store_management_app\system\Database\BaseConnection.php(647): CodeIgniter\Database\BaseConnection->simpleQuery('select * from r...')
#4 C:\xampp\htdocs\rico_store_management_app\app\Models\Region.php(70): CodeIgniter\Database\BaseConnection->query('select * from r...')
#5 C:\xampp\htdocs\rico_store_management_app\app\Controllers\Region.php(52): App\Models\Region->select_all_regions()
#6 C:\xampp\htdocs\rico_store_management_app\system\CodeIgniter.php(931): App\Controllers\Region->load_regions_list()
#7 C:\xampp\htdocs\rico_store_management_app\system\CodeIgniter.php(439): CodeIgniter\CodeIgniter->runController(Object(App\Controllers\Region))
#8 C:\xampp\htdocs\rico_store_management_app\system\CodeIgniter.php(339): CodeIgniter\CodeIgniter->handleRequest(NULL, Object(Config\Cache), false)
#9 C:\xampp\htdocs\rico_store_management_app\public\index.php(36): CodeIgniter\CodeIgniter->run()
#10 C:\xampp\htdocs\rico_store_management_app\system\Commands\Server\rewrite.php(45): require_once('C:\\xampp\\htdocs...')
#11 {main}
CRITICAL - 2021-05-23 13:54:25 --> Undefined property: stdClass::$registration_office_name
#0 C:\xampp\htdocs\rico_store_management_app\app\Views\Regions\add_region.php(66): CodeIgniter\Debug\Exceptions->errorHandler(8, 'Undefined prope...', 'C:\\xampp\\htdocs...', 66, Array)
#1 C:\xampp\htdocs\rico_store_management_app\system\View\View.php(230): include('C:\\xampp\\htdocs...')
#2 C:\xampp\htdocs\rico_store_management_app\system\View\View.php(232): CodeIgniter\View\View->CodeIgniter\View\{closure}()
#3 C:\xampp\htdocs\rico_store_management_app\system\Common.php(1250): CodeIgniter\View\View->render('Regions\\add_reg...', Array, true)
#4 C:\xampp\htdocs\rico_store_management_app\app\Controllers\Region.php(25): view('Regions\\add_reg...', Array)
#5 C:\xampp\htdocs\rico_store_management_app\system\CodeIgniter.php(931): App\Controllers\Region->load_add_edit_region_views()
#6 C:\xampp\htdocs\rico_store_management_app\system\CodeIgniter.php(439): CodeIgniter\CodeIgniter->runController(Object(App\Controllers\Region))
#7 C:\xampp\htdocs\rico_store_management_app\system\CodeIgniter.php(339): CodeIgniter\CodeIgniter->handleRequest(NULL, Object(Config\Cache), false)
#8 C:\xampp\htdocs\rico_store_management_app\public\index.php(36): CodeIgniter\CodeIgniter->run()
#9 C:\xampp\htdocs\rico_store_management_app\system\Commands\Server\rewrite.php(45): require_once('C:\\xampp\\htdocs...')
#10 {main}
CRITICAL - 2021-05-23 13:54:31 --> Undefined property: stdClass::$registration_office_name
#0 C:\xampp\htdocs\rico_store_management_app\app\Views\Regions\add_region.php(66): CodeIgniter\Debug\Exceptions->errorHandler(8, 'Undefined prope...', 'C:\\xampp\\htdocs...', 66, Array)
#1 C:\xampp\htdocs\rico_store_management_app\system\View\View.php(230): include('C:\\xampp\\htdocs...')
#2 C:\xampp\htdocs\rico_store_management_app\system\View\View.php(232): CodeIgniter\View\View->CodeIgniter\View\{closure}()
#3 C:\xampp\htdocs\rico_store_management_app\system\Common.php(1250): CodeIgniter\View\View->render('Regions\\add_reg...', Array, true)
#4 C:\xampp\htdocs\rico_store_management_app\app\Controllers\Region.php(25): view('Regions\\add_reg...', Array)
#5 C:\xampp\htdocs\rico_store_management_app\system\CodeIgniter.php(931): App\Controllers\Region->load_add_edit_region_views()
#6 C:\xampp\htdocs\rico_store_management_app\system\CodeIgniter.php(439): CodeIgniter\CodeIgniter->runController(Object(App\Controllers\Region))
#7 C:\xampp\htdocs\rico_store_management_app\system\CodeIgniter.php(339): CodeIgniter\CodeIgniter->handleRequest(NULL, Object(Config\Cache), false)
#8 C:\xampp\htdocs\rico_store_management_app\public\index.php(36): CodeIgniter\CodeIgniter->run()
#9 C:\xampp\htdocs\rico_store_management_app\system\Commands\Server\rewrite.php(45): require_once('C:\\xampp\\htdocs...')
#10 {main}
CRITICAL - 2021-05-23 13:54:34 --> Undefined property: stdClass::$registration_office_name
#0 C:\xampp\htdocs\rico_store_management_app\app\Views\Regions\add_region.php(66): CodeIgniter\Debug\Exceptions->errorHandler(8, 'Undefined prope...', 'C:\\xampp\\htdocs...', 66, Array)
#1 C:\xampp\htdocs\rico_store_management_app\system\View\View.php(230): include('C:\\xampp\\htdocs...')
#2 C:\xampp\htdocs\rico_store_management_app\system\View\View.php(232): CodeIgniter\View\View->CodeIgniter\View\{closure}()
#3 C:\xampp\htdocs\rico_store_management_app\system\Common.php(1250): CodeIgniter\View\View->render('Regions\\add_reg...', Array, true)
#4 C:\xampp\htdocs\rico_store_management_app\app\Controllers\Region.php(25): view('Regions\\add_reg...', Array)
#5 C:\xampp\htdocs\rico_store_management_app\system\CodeIgniter.php(931): App\Controllers\Region->load_add_edit_region_views()
#6 C:\xampp\htdocs\rico_store_management_app\system\CodeIgniter.php(439): CodeIgniter\CodeIgniter->runController(Object(App\Controllers\Region))
#7 C:\xampp\htdocs\rico_store_management_app\system\CodeIgniter.php(339): CodeIgniter\CodeIgniter->handleRequest(NULL, Object(Config\Cache), false)
#8 C:\xampp\htdocs\rico_store_management_app\public\index.php(36): CodeIgniter\CodeIgniter->run()
#9 C:\xampp\htdocs\rico_store_management_app\system\Commands\Server\rewrite.php(45): require_once('C:\\xampp\\htdocs...')
#10 {main}
CRITICAL - 2021-05-23 13:54:42 --> Undefined property: stdClass::$registration_office_name
#0 C:\xampp\htdocs\rico_store_management_app\app\Views\Regions\add_region.php(66): CodeIgniter\Debug\Exceptions->errorHandler(8, 'Undefined prope...', 'C:\\xampp\\htdocs...', 66, Array)
#1 C:\xampp\htdocs\rico_store_management_app\system\View\View.php(230): include('C:\\xampp\\htdocs...')
#2 C:\xampp\htdocs\rico_store_management_app\system\View\View.php(232): CodeIgniter\View\View->CodeIgniter\View\{closure}()
#3 C:\xampp\htdocs\rico_store_management_app\system\Common.php(1250): CodeIgniter\View\View->render('Regions\\add_reg...', Array, true)
#4 C:\xampp\htdocs\rico_store_management_app\app\Controllers\Region.php(25): view('Regions\\add_reg...', Array)
#5 C:\xampp\htdocs\rico_store_management_app\system\CodeIgniter.php(931): App\Controllers\Region->load_add_edit_region_views()
#6 C:\xampp\htdocs\rico_store_management_app\system\CodeIgniter.php(439): CodeIgniter\CodeIgniter->runController(Object(App\Controllers\Region))
#7 C:\xampp\htdocs\rico_store_management_app\system\CodeIgniter.php(339): CodeIgniter\CodeIgniter->handleRequest(NULL, Object(Config\Cache), false)
#8 C:\xampp\htdocs\rico_store_management_app\public\index.php(36): CodeIgniter\CodeIgniter->run()
#9 C:\xampp\htdocs\rico_store_management_app\system\Commands\Server\rewrite.php(45): require_once('C:\\xampp\\htdocs...')
#10 {main}
CRITICAL - 2021-05-23 13:55:48 --> Undefined variable: region_name
#0 C:\xampp\htdocs\rico_store_management_app\app\Models\Region.php(62): CodeIgniter\Debug\Exceptions->errorHandler(8, 'Undefined varia...', 'C:\\xampp\\htdocs...', 62, Array)
#1 C:\xampp\htdocs\rico_store_management_app\app\Controllers\Region.php(39): App\Models\Region->insert_update_region_data('0', '2', '1', '00908777')
#2 C:\xampp\htdocs\rico_store_management_app\system\CodeIgniter.php(931): App\Controllers\Region->add_edit_region()
#3 C:\xampp\htdocs\rico_store_management_app\system\CodeIgniter.php(439): CodeIgniter\CodeIgniter->runController(Object(App\Controllers\Region))
#4 C:\xampp\htdocs\rico_store_management_app\system\CodeIgniter.php(339): CodeIgniter\CodeIgniter->handleRequest(NULL, Object(Config\Cache), false)
#5 C:\xampp\htdocs\rico_store_management_app\public\index.php(36): CodeIgniter\CodeIgniter->run()
#6 C:\xampp\htdocs\rico_store_management_app\system\Commands\Server\rewrite.php(45): require_once('C:\\xampp\\htdocs...')
#7 {main}
CRITICAL - 2021-05-23 13:55:57 --> Undefined variable: region_name
#0 C:\xampp\htdocs\rico_store_management_app\app\Models\Region.php(62): CodeIgniter\Debug\Exceptions->errorHandler(8, 'Undefined varia...', 'C:\\xampp\\htdocs...', 62, Array)
#1 C:\xampp\htdocs\rico_store_management_app\app\Controllers\Region.php(39): App\Models\Region->insert_update_region_data(NULL, NULL, NULL, NULL)
#2 C:\xampp\htdocs\rico_store_management_app\system\CodeIgniter.php(931): App\Controllers\Region->add_edit_region()
#3 C:\xampp\htdocs\rico_store_management_app\system\CodeIgniter.php(439): CodeIgniter\CodeIgniter->runController(Object(App\Controllers\Region))
#4 C:\xampp\htdocs\rico_store_management_app\system\CodeIgniter.php(339): CodeIgniter\CodeIgniter->handleRequest(NULL, Object(Config\Cache), false)
#5 C:\xampp\htdocs\rico_store_management_app\public\index.php(36): CodeIgniter\CodeIgniter->run()
#6 C:\xampp\htdocs\rico_store_management_app\system\Commands\Server\rewrite.php(45): require_once('C:\\xampp\\htdocs...')
#7 {main}
ERROR - 2021-05-23 13:58:00 --> ErrorException: pg_query(): Query failed: ERROR:  INSERT has more target columns than expressions
LINE 1: ...on (region_name, region_number, region_telephone, region_ema...
                                                             ^ in C:\xampp\htdocs\rico_store_management_app\system\Database\Postgre\Connection.php:170
Stack trace:
#0 [internal function]: CodeIgniter\Debug\Exceptions->errorHandler(2, 'pg_query(): Que...', 'C:\\xampp\\htdocs...', 170, Array)
#1 C:\xampp\htdocs\rico_store_management_app\system\Database\Postgre\Connection.php(170): pg_query(Resource id #127, 'insert into reg...')
#2 C:\xampp\htdocs\rico_store_management_app\system\Database\BaseConnection.php(732): CodeIgniter\Database\Postgre\Connection->execute('insert into reg...')
#3 C:\xampp\htdocs\rico_store_management_app\system\Database\BaseConnection.php(647): CodeIgniter\Database\BaseConnection->simpleQuery('insert into reg...')
#4 C:\xampp\htdocs\rico_store_management_app\app\Models\Region.php(62): CodeIgniter\Database\BaseConnection->query('insert into reg...')
#5 C:\xampp\htdocs\rico_store_management_app\app\Controllers\Region.php(39): App\Models\Region->insert_update_region_data(NULL, NULL, NULL, NULL)
#6 C:\xampp\htdocs\rico_store_management_app\system\CodeIgniter.php(931): App\Controllers\Region->add_edit_region()
#7 C:\xampp\htdocs\rico_store_management_app\system\CodeIgniter.php(439): CodeIgniter\CodeIgniter->runController(Object(App\Controllers\Region))
#8 C:\xampp\htdocs\rico_store_management_app\system\CodeIgniter.php(339): CodeIgniter\CodeIgniter->handleRequest(NULL, Object(Config\Cache), false)
#9 C:\xampp\htdocs\rico_store_management_app\public\index.php(36): CodeIgniter\CodeIgniter->run()
#10 C:\xampp\htdocs\rico_store_management_app\system\Commands\Server\rewrite.php(45): require_once('C:\\xampp\\htdocs...')
#11 {main}
CRITICAL - 2021-05-23 13:58:00 --> pg_query(): Query failed: ERROR:  INSERT has more target columns than expressions
LINE 1: ...on (region_name, region_number, region_telephone, region_ema...
                                                             ^
#0 [internal function]: CodeIgniter\Debug\Exceptions->errorHandler(2, 'pg_query(): Que...', 'C:\\xampp\\htdocs...', 170, Array)
#1 C:\xampp\htdocs\rico_store_management_app\system\Database\Postgre\Connection.php(170): pg_query(Resource id #127, 'insert into reg...')
#2 C:\xampp\htdocs\rico_store_management_app\system\Database\BaseConnection.php(732): CodeIgniter\Database\Postgre\Connection->execute('insert into reg...')
#3 C:\xampp\htdocs\rico_store_management_app\system\Database\BaseConnection.php(647): CodeIgniter\Database\BaseConnection->simpleQuery('insert into reg...')
#4 C:\xampp\htdocs\rico_store_management_app\app\Models\Region.php(62): CodeIgniter\Database\BaseConnection->query('insert into reg...')
#5 C:\xampp\htdocs\rico_store_management_app\app\Controllers\Region.php(39): App\Models\Region->insert_update_region_data(NULL, NULL, NULL, NULL)
#6 C:\xampp\htdocs\rico_store_management_app\system\CodeIgniter.php(931): App\Controllers\Region->add_edit_region()
#7 C:\xampp\htdocs\rico_store_management_app\system\CodeIgniter.php(439): CodeIgniter\CodeIgniter->runController(Object(App\Controllers\Region))
#8 C:\xampp\htdocs\rico_store_management_app\system\CodeIgniter.php(339): CodeIgniter\CodeIgniter->handleRequest(NULL, Object(Config\Cache), false)
#9 C:\xampp\htdocs\rico_store_management_app\public\index.php(36): CodeIgniter\CodeIgniter->run()
#10 C:\xampp\htdocs\rico_store_management_app\system\Commands\Server\rewrite.php(45): require_once('C:\\xampp\\htdocs...')
#11 {main}
ERROR - 2021-05-23 13:58:35 --> ErrorException: pg_query(): Query failed: ERROR:  column &quot;region_telephonel&quot; of relation &quot;region&quot; does not exist
LINE 1: ...gion (sub_county_id_fk, registration_offce_id_fk, region_tel...
                                                             ^ in C:\xampp\htdocs\rico_store_management_app\system\Database\Postgre\Connection.php:170
Stack trace:
#0 [internal function]: CodeIgniter\Debug\Exceptions->errorHandler(2, 'pg_query(): Que...', 'C:\\xampp\\htdocs...', 170, Array)
#1 C:\xampp\htdocs\rico_store_management_app\system\Database\Postgre\Connection.php(170): pg_query(Resource id #127, 'insert into reg...')
#2 C:\xampp\htdocs\rico_store_management_app\system\Database\BaseConnection.php(732): CodeIgniter\Database\Postgre\Connection->execute('insert into reg...')
#3 C:\xampp\htdocs\rico_store_management_app\system\Database\BaseConnection.php(647): CodeIgniter\Database\BaseConnection->simpleQuery('insert into reg...')
#4 C:\xampp\htdocs\rico_store_management_app\app\Models\Region.php(62): CodeIgniter\Database\BaseConnection->query('insert into reg...')
#5 C:\xampp\htdocs\rico_store_management_app\app\Controllers\Region.php(39): App\Models\Region->insert_update_region_data(NULL, NULL, NULL, NULL)
#6 C:\xampp\htdocs\rico_store_management_app\system\CodeIgniter.php(931): App\Controllers\Region->add_edit_region()
#7 C:\xampp\htdocs\rico_store_management_app\system\CodeIgniter.php(439): CodeIgniter\CodeIgniter->runController(Object(App\Controllers\Region))
#8 C:\xampp\htdocs\rico_store_management_app\system\CodeIgniter.php(339): CodeIgniter\CodeIgniter->handleRequest(NULL, Object(Config\Cache), false)
#9 C:\xampp\htdocs\rico_store_management_app\public\index.php(36): CodeIgniter\CodeIgniter->run()
#10 C:\xampp\htdocs\rico_store_management_app\system\Commands\Server\rewrite.php(45): require_once('C:\\xampp\\htdocs...')
#11 {main}
CRITICAL - 2021-05-23 13:58:35 --> pg_query(): Query failed: ERROR:  column &quot;region_telephonel&quot; of relation &quot;region&quot; does not exist
LINE 1: ...gion (sub_county_id_fk, registration_offce_id_fk, region_tel...
                                                             ^
#0 [internal function]: CodeIgniter\Debug\Exceptions->errorHandler(2, 'pg_query(): Que...', 'C:\\xampp\\htdocs...', 170, Array)
#1 C:\xampp\htdocs\rico_store_management_app\system\Database\Postgre\Connection.php(170): pg_query(Resource id #127, 'insert into reg...')
#2 C:\xampp\htdocs\rico_store_management_app\system\Database\BaseConnection.php(732): CodeIgniter\Database\Postgre\Connection->execute('insert into reg...')
#3 C:\xampp\htdocs\rico_store_management_app\system\Database\BaseConnection.php(647): CodeIgniter\Database\BaseConnection->simpleQuery('insert into reg...')
#4 C:\xampp\htdocs\rico_store_management_app\app\Models\Region.php(62): CodeIgniter\Database\BaseConnection->query('insert into reg...')
#5 C:\xampp\htdocs\rico_store_management_app\app\Controllers\Region.php(39): App\Models\Region->insert_update_region_data(NULL, NULL, NULL, NULL)
#6 C:\xampp\htdocs\rico_store_management_app\system\CodeIgniter.php(931): App\Controllers\Region->add_edit_region()
#7 C:\xampp\htdocs\rico_store_management_app\system\CodeIgniter.php(439): CodeIgniter\CodeIgniter->runController(Object(App\Controllers\Region))
#8 C:\xampp\htdocs\rico_store_management_app\system\CodeIgniter.php(339): CodeIgniter\CodeIgniter->handleRequest(NULL, Object(Config\Cache), false)
#9 C:\xampp\htdocs\rico_store_management_app\public\index.php(36): CodeIgniter\CodeIgniter->run()
#10 C:\xampp\htdocs\rico_store_management_app\system\Commands\Server\rewrite.php(45): require_once('C:\\xampp\\htdocs...')
#11 {main}
ERROR - 2021-05-23 13:59:54 --> ErrorException: pg_query(): Query failed: ERROR:  invalid input syntax for type integer: &quot;&quot;
LINE 3:         ('', '', '')
                 ^ in C:\xampp\htdocs\rico_store_management_app\system\Database\Postgre\Connection.php:170
Stack trace:
#0 [internal function]: CodeIgniter\Debug\Exceptions->errorHandler(2, 'pg_query(): Que...', 'C:\\xampp\\htdocs...', 170, Array)
#1 C:\xampp\htdocs\rico_store_management_app\system\Database\Postgre\Connection.php(170): pg_query(Resource id #128, 'insert into reg...')
#2 C:\xampp\htdocs\rico_store_management_app\system\Database\BaseConnection.php(732): CodeIgniter\Database\Postgre\Connection->execute('insert into reg...')
#3 C:\xampp\htdocs\rico_store_management_app\system\Database\BaseConnection.php(647): CodeIgniter\Database\BaseConnection->simpleQuery('insert into reg...')
#4 C:\xampp\htdocs\rico_store_management_app\app\Models\Region.php(62): CodeIgniter\Database\BaseConnection->query('insert into reg...')
#5 C:\xampp\htdocs\rico_store_management_app\app\Controllers\Region.php(39): App\Models\Region->insert_update_region_data(NULL, NULL, NULL, NULL)
#6 C:\xampp\htdocs\rico_store_management_app\system\CodeIgniter.php(931): App\Controllers\Region->add_edit_region()
#7 C:\xampp\htdocs\rico_store_management_app\system\CodeIgniter.php(439): CodeIgniter\CodeIgniter->runController(Object(App\Controllers\Region))
#8 C:\xampp\htdocs\rico_store_management_app\system\CodeIgniter.php(339): CodeIgniter\CodeIgniter->handleRequest(NULL, Object(Config\Cache), false)
#9 C:\xampp\htdocs\rico_store_management_app\public\index.php(36): CodeIgniter\CodeIgniter->run()
#10 C:\xampp\htdocs\rico_store_management_app\system\Commands\Server\rewrite.php(45): require_once('C:\\xampp\\htdocs...')
#11 {main}
CRITICAL - 2021-05-23 13:59:54 --> pg_query(): Query failed: ERROR:  invalid input syntax for type integer: &quot;&quot;
LINE 3:         ('', '', '')
                 ^
#0 [internal function]: CodeIgniter\Debug\Exceptions->errorHandler(2, 'pg_query(): Que...', 'C:\\xampp\\htdocs...', 170, Array)
#1 C:\xampp\htdocs\rico_store_management_app\system\Database\Postgre\Connection.php(170): pg_query(Resource id #128, 'insert into reg...')
#2 C:\xampp\htdocs\rico_store_management_app\system\Database\BaseConnection.php(732): CodeIgniter\Database\Postgre\Connection->execute('insert into reg...')
#3 C:\xampp\htdocs\rico_store_management_app\system\Database\BaseConnection.php(647): CodeIgniter\Database\BaseConnection->simpleQuery('insert into reg...')
#4 C:\xampp\htdocs\rico_store_management_app\app\Models\Region.php(62): CodeIgniter\Database\BaseConnection->query('insert into reg...')
#5 C:\xampp\htdocs\rico_store_management_app\app\Controllers\Region.php(39): App\Models\Region->insert_update_region_data(NULL, NULL, NULL, NULL)
#6 C:\xampp\htdocs\rico_store_management_app\system\CodeIgniter.php(931): App\Controllers\Region->add_edit_region()
#7 C:\xampp\htdocs\rico_store_management_app\system\CodeIgniter.php(439): CodeIgniter\CodeIgniter->runController(Object(App\Controllers\Region))
#8 C:\xampp\htdocs\rico_store_management_app\system\CodeIgniter.php(339): CodeIgniter\CodeIgniter->handleRequest(NULL, Object(Config\Cache), false)
#9 C:\xampp\htdocs\rico_store_management_app\public\index.php(36): CodeIgniter\CodeIgniter->run()
#10 C:\xampp\htdocs\rico_store_management_app\system\Commands\Server\rewrite.php(45): require_once('C:\\xampp\\htdocs...')
#11 {main}
ERROR - 2021-05-23 15:01:40 --> ErrorException: pg_query(): Query failed: ERROR:  column &quot;device_id&quot; of relation &quot;assigned_device_region&quot; does not exist
LINE 1: ...rt into assigned_device_region (sub_county_id_fk, device_id,...
                                                             ^ in C:\xampp\htdocs\rico_store_management_app\system\Database\Postgre\Connection.php:170
Stack trace:
#0 [internal function]: CodeIgniter\Debug\Exceptions->errorHandler(2, 'pg_query(): Que...', 'C:\\xampp\\htdocs...', 170, Array)
#1 C:\xampp\htdocs\rico_store_management_app\system\Database\Postgre\Connection.php(170): pg_query(Resource id #127, 'insert into ass...')
#2 C:\xampp\htdocs\rico_store_management_app\system\Database\BaseConnection.php(732): CodeIgniter\Database\Postgre\Connection->execute('insert into ass...')
#3 C:\xampp\htdocs\rico_store_management_app\system\Database\BaseConnection.php(647): CodeIgniter\Database\BaseConnection->simpleQuery('insert into ass...')
#4 C:\xampp\htdocs\rico_store_management_app\app\Models\Device.php(91): CodeIgniter\Database\BaseConnection->query('insert into ass...')
#5 C:\xampp\htdocs\rico_store_management_app\app\Controllers\Device.php(100): App\Models\Device->assign_device_to_region('3', '2', '1')
#6 C:\xampp\htdocs\rico_store_management_app\system\CodeIgniter.php(931): App\Controllers\Device->assign_device_to_region()
#7 C:\xampp\htdocs\rico_store_management_app\system\CodeIgniter.php(439): CodeIgniter\CodeIgniter->runController(Object(App\Controllers\Device))
#8 C:\xampp\htdocs\rico_store_management_app\system\CodeIgniter.php(339): CodeIgniter\CodeIgniter->handleRequest(NULL, Object(Config\Cache), false)
#9 C:\xampp\htdocs\rico_store_management_app\public\index.php(36): CodeIgniter\CodeIgniter->run()
#10 C:\xampp\htdocs\rico_store_management_app\system\Commands\Server\rewrite.php(45): require_once('C:\\xampp\\htdocs...')
#11 {main}
CRITICAL - 2021-05-23 15:01:40 --> pg_query(): Query failed: ERROR:  column &quot;device_id&quot; of relation &quot;assigned_device_region&quot; does not exist
LINE 1: ...rt into assigned_device_region (sub_county_id_fk, device_id,...
                                                             ^
#0 [internal function]: CodeIgniter\Debug\Exceptions->errorHandler(2, 'pg_query(): Que...', 'C:\\xampp\\htdocs...', 170, Array)
#1 C:\xampp\htdocs\rico_store_management_app\system\Database\Postgre\Connection.php(170): pg_query(Resource id #127, 'insert into ass...')
#2 C:\xampp\htdocs\rico_store_management_app\system\Database\BaseConnection.php(732): CodeIgniter\Database\Postgre\Connection->execute('insert into ass...')
#3 C:\xampp\htdocs\rico_store_management_app\system\Database\BaseConnection.php(647): CodeIgniter\Database\BaseConnection->simpleQuery('insert into ass...')
#4 C:\xampp\htdocs\rico_store_management_app\app\Models\Device.php(91): CodeIgniter\Database\BaseConnection->query('insert into ass...')
#5 C:\xampp\htdocs\rico_store_management_app\app\Controllers\Device.php(100): App\Models\Device->assign_device_to_region('3', '2', '1')
#6 C:\xampp\htdocs\rico_store_management_app\system\CodeIgniter.php(931): App\Controllers\Device->assign_device_to_region()
#7 C:\xampp\htdocs\rico_store_management_app\system\CodeIgniter.php(439): CodeIgniter\CodeIgniter->runController(Object(App\Controllers\Device))
#8 C:\xampp\htdocs\rico_store_management_app\system\CodeIgniter.php(339): CodeIgniter\CodeIgniter->handleRequest(NULL, Object(Config\Cache), false)
#9 C:\xampp\htdocs\rico_store_management_app\public\index.php(36): CodeIgniter\CodeIgniter->run()
#10 C:\xampp\htdocs\rico_store_management_app\system\Commands\Server\rewrite.php(45): require_once('C:\\xampp\\htdocs...')
#11 {main}
CRITICAL - 2021-05-23 15:01:41 --> Uncaught CodeIgniter\Format\Exceptions\FormatException: Failed to parse json string, error: "Type is not supported". in C:\xampp\htdocs\rico_store_management_app\system\Format\JSONFormatter.php:42
Stack trace:
#0 C:\xampp\htdocs\rico_store_management_app\system\Format\JSONFormatter.php(42): CodeIgniter\Format\Exceptions\FormatException::forInvalidJSON('Type is not sup...')
#1 C:\xampp\htdocs\rico_store_management_app\system\API\ResponseTrait.php(423): CodeIgniter\Format\JSONFormatter->format(Array)
#2 C:\xampp\htdocs\rico_store_management_app\system\API\ResponseTrait.php(114): CodeIgniter\Debug\Exceptions->format(Array)
#3 C:\xampp\htdocs\rico_store_management_app\system\Debug\Exceptions.php(141): CodeIgniter\Debug\Exceptions->respond(Array, 500)
#4 [internal function]: CodeIgniter\Debug\Exceptions->exceptionHandler(Object(ErrorException))
#5 {main}
  thrown
#0 [internal function]: CodeIgniter\Debug\Exceptions->shutdownHandler()
#1 {main}
ERROR - 2021-05-23 15:02:08 --> ErrorException: pg_query(): Query failed: ERROR:  column &quot;device_id&quot; of relation &quot;assigned_device_region&quot; does not exist
LINE 1: ...rt into assigned_device_region (sub_county_id_fk, device_id,...
                                                             ^ in C:\xampp\htdocs\rico_store_management_app\system\Database\Postgre\Connection.php:170
Stack trace:
#0 [internal function]: CodeIgniter\Debug\Exceptions->errorHandler(2, 'pg_query(): Que...', 'C:\\xampp\\htdocs...', 170, Array)
#1 C:\xampp\htdocs\rico_store_management_app\system\Database\Postgre\Connection.php(170): pg_query(Resource id #127, 'insert into ass...')
#2 C:\xampp\htdocs\rico_store_management_app\system\Database\BaseConnection.php(732): CodeIgniter\Database\Postgre\Connection->execute('insert into ass...')
#3 C:\xampp\htdocs\rico_store_management_app\system\Database\BaseConnection.php(647): CodeIgniter\Database\BaseConnection->simpleQuery('insert into ass...')
#4 C:\xampp\htdocs\rico_store_management_app\app\Models\Device.php(91): CodeIgniter\Database\BaseConnection->query('insert into ass...')
#5 C:\xampp\htdocs\rico_store_management_app\app\Controllers\Device.php(100): App\Models\Device->assign_device_to_region('3', '2', '1')
#6 C:\xampp\htdocs\rico_store_management_app\system\CodeIgniter.php(931): App\Controllers\Device->assign_device_to_region()
#7 C:\xampp\htdocs\rico_store_management_app\system\CodeIgniter.php(439): CodeIgniter\CodeIgniter->runController(Object(App\Controllers\Device))
#8 C:\xampp\htdocs\rico_store_management_app\system\CodeIgniter.php(339): CodeIgniter\CodeIgniter->handleRequest(NULL, Object(Config\Cache), false)
#9 C:\xampp\htdocs\rico_store_management_app\public\index.php(36): CodeIgniter\CodeIgniter->run()
#10 C:\xampp\htdocs\rico_store_management_app\system\Commands\Server\rewrite.php(45): require_once('C:\\xampp\\htdocs...')
#11 {main}
CRITICAL - 2021-05-23 15:02:08 --> pg_query(): Query failed: ERROR:  column &quot;device_id&quot; of relation &quot;assigned_device_region&quot; does not exist
LINE 1: ...rt into assigned_device_region (sub_county_id_fk, device_id,...
                                                             ^
#0 [internal function]: CodeIgniter\Debug\Exceptions->errorHandler(2, 'pg_query(): Que...', 'C:\\xampp\\htdocs...', 170, Array)
#1 C:\xampp\htdocs\rico_store_management_app\system\Database\Postgre\Connection.php(170): pg_query(Resource id #127, 'insert into ass...')
#2 C:\xampp\htdocs\rico_store_management_app\system\Database\BaseConnection.php(732): CodeIgniter\Database\Postgre\Connection->execute('insert into ass...')
#3 C:\xampp\htdocs\rico_store_management_app\system\Database\BaseConnection.php(647): CodeIgniter\Database\BaseConnection->simpleQuery('insert into ass...')
#4 C:\xampp\htdocs\rico_store_management_app\app\Models\Device.php(91): CodeIgniter\Database\BaseConnection->query('insert into ass...')
#5 C:\xampp\htdocs\rico_store_management_app\app\Controllers\Device.php(100): App\Models\Device->assign_device_to_region('3', '2', '1')
#6 C:\xampp\htdocs\rico_store_management_app\system\CodeIgniter.php(931): App\Controllers\Device->assign_device_to_region()
#7 C:\xampp\htdocs\rico_store_management_app\system\CodeIgniter.php(439): CodeIgniter\CodeIgniter->runController(Object(App\Controllers\Device))
#8 C:\xampp\htdocs\rico_store_management_app\system\CodeIgniter.php(339): CodeIgniter\CodeIgniter->handleRequest(NULL, Object(Config\Cache), false)
#9 C:\xampp\htdocs\rico_store_management_app\public\index.php(36): CodeIgniter\CodeIgniter->run()
#10 C:\xampp\htdocs\rico_store_management_app\system\Commands\Server\rewrite.php(45): require_once('C:\\xampp\\htdocs...')
#11 {main}
CRITICAL - 2021-05-23 15:02:08 --> Uncaught CodeIgniter\Format\Exceptions\FormatException: Failed to parse json string, error: "Type is not supported". in C:\xampp\htdocs\rico_store_management_app\system\Format\JSONFormatter.php:42
Stack trace:
#0 C:\xampp\htdocs\rico_store_management_app\system\Format\JSONFormatter.php(42): CodeIgniter\Format\Exceptions\FormatException::forInvalidJSON('Type is not sup...')
#1 C:\xampp\htdocs\rico_store_management_app\system\API\ResponseTrait.php(423): CodeIgniter\Format\JSONFormatter->format(Array)
#2 C:\xampp\htdocs\rico_store_management_app\system\API\ResponseTrait.php(114): CodeIgniter\Debug\Exceptions->format(Array)
#3 C:\xampp\htdocs\rico_store_management_app\system\Debug\Exceptions.php(141): CodeIgniter\Debug\Exceptions->respond(Array, 500)
#4 [internal function]: CodeIgniter\Debug\Exceptions->exceptionHandler(Object(ErrorException))
#5 {main}
  thrown
#0 [internal function]: CodeIgniter\Debug\Exceptions->shutdownHandler()
#1 {main}
ERROR - 2021-05-23 15:02:41 --> ErrorException: pg_query(): Query failed: ERROR:  column &quot;device_id&quot; of relation &quot;assigned_device_region&quot; does not exist
LINE 1: ...rt into assigned_device_region (sub_county_id_fk, device_id,...
                                                             ^ in C:\xampp\htdocs\rico_store_management_app\system\Database\Postgre\Connection.php:170
Stack trace:
#0 [internal function]: CodeIgniter\Debug\Exceptions->errorHandler(2, 'pg_query(): Que...', 'C:\\xampp\\htdocs...', 170, Array)
#1 C:\xampp\htdocs\rico_store_management_app\system\Database\Postgre\Connection.php(170): pg_query(Resource id #127, 'insert into ass...')
#2 C:\xampp\htdocs\rico_store_management_app\system\Database\BaseConnection.php(732): CodeIgniter\Database\Postgre\Connection->execute('insert into ass...')
#3 C:\xampp\htdocs\rico_store_management_app\system\Database\BaseConnection.php(647): CodeIgniter\Database\BaseConnection->simpleQuery('insert into ass...')
#4 C:\xampp\htdocs\rico_store_management_app\app\Models\Device.php(91): CodeIgniter\Database\BaseConnection->query('insert into ass...')
#5 C:\xampp\htdocs\rico_store_management_app\app\Controllers\Device.php(100): App\Models\Device->assign_device_to_region('2', '1', '1')
#6 C:\xampp\htdocs\rico_store_management_app\system\CodeIgniter.php(931): App\Controllers\Device->assign_device_to_region()
#7 C:\xampp\htdocs\rico_store_management_app\system\CodeIgniter.php(439): CodeIgniter\CodeIgniter->runController(Object(App\Controllers\Device))
#8 C:\xampp\htdocs\rico_store_management_app\system\CodeIgniter.php(339): CodeIgniter\CodeIgniter->handleRequest(NULL, Object(Config\Cache), false)
#9 C:\xampp\htdocs\rico_store_management_app\public\index.php(36): CodeIgniter\CodeIgniter->run()
#10 C:\xampp\htdocs\rico_store_management_app\system\Commands\Server\rewrite.php(45): require_once('C:\\xampp\\htdocs...')
#11 {main}
CRITICAL - 2021-05-23 15:02:41 --> pg_query(): Query failed: ERROR:  column &quot;device_id&quot; of relation &quot;assigned_device_region&quot; does not exist
LINE 1: ...rt into assigned_device_region (sub_county_id_fk, device_id,...
                                                             ^
#0 [internal function]: CodeIgniter\Debug\Exceptions->errorHandler(2, 'pg_query(): Que...', 'C:\\xampp\\htdocs...', 170, Array)
#1 C:\xampp\htdocs\rico_store_management_app\system\Database\Postgre\Connection.php(170): pg_query(Resource id #127, 'insert into ass...')
#2 C:\xampp\htdocs\rico_store_management_app\system\Database\BaseConnection.php(732): CodeIgniter\Database\Postgre\Connection->execute('insert into ass...')
#3 C:\xampp\htdocs\rico_store_management_app\system\Database\BaseConnection.php(647): CodeIgniter\Database\BaseConnection->simpleQuery('insert into ass...')
#4 C:\xampp\htdocs\rico_store_management_app\app\Models\Device.php(91): CodeIgniter\Database\BaseConnection->query('insert into ass...')
#5 C:\xampp\htdocs\rico_store_management_app\app\Controllers\Device.php(100): App\Models\Device->assign_device_to_region('2', '1', '1')
#6 C:\xampp\htdocs\rico_store_management_app\system\CodeIgniter.php(931): App\Controllers\Device->assign_device_to_region()
#7 C:\xampp\htdocs\rico_store_management_app\system\CodeIgniter.php(439): CodeIgniter\CodeIgniter->runController(Object(App\Controllers\Device))
#8 C:\xampp\htdocs\rico_store_management_app\system\CodeIgniter.php(339): CodeIgniter\CodeIgniter->handleRequest(NULL, Object(Config\Cache), false)
#9 C:\xampp\htdocs\rico_store_management_app\public\index.php(36): CodeIgniter\CodeIgniter->run()
#10 C:\xampp\htdocs\rico_store_management_app\system\Commands\Server\rewrite.php(45): require_once('C:\\xampp\\htdocs...')
#11 {main}
CRITICAL - 2021-05-23 15:02:41 --> Uncaught CodeIgniter\Format\Exceptions\FormatException: Failed to parse json string, error: "Type is not supported". in C:\xampp\htdocs\rico_store_management_app\system\Format\JSONFormatter.php:42
Stack trace:
#0 C:\xampp\htdocs\rico_store_management_app\system\Format\JSONFormatter.php(42): CodeIgniter\Format\Exceptions\FormatException::forInvalidJSON('Type is not sup...')
#1 C:\xampp\htdocs\rico_store_management_app\system\API\ResponseTrait.php(423): CodeIgniter\Format\JSONFormatter->format(Array)
#2 C:\xampp\htdocs\rico_store_management_app\system\API\ResponseTrait.php(114): CodeIgniter\Debug\Exceptions->format(Array)
#3 C:\xampp\htdocs\rico_store_management_app\system\Debug\Exceptions.php(141): CodeIgniter\Debug\Exceptions->respond(Array, 500)
#4 [internal function]: CodeIgniter\Debug\Exceptions->exceptionHandler(Object(ErrorException))
#5 {main}
  thrown
#0 [internal function]: CodeIgniter\Debug\Exceptions->shutdownHandler()
#1 {main}
ERROR - 2021-05-23 15:03:37 --> ErrorException: pg_query(): Query failed: ERROR:  column &quot;device_id&quot; of relation &quot;assigned_device_region&quot; does not exist
LINE 1: ...rt into assigned_device_region (sub_county_id_fk, device_id,...
                                                             ^ in C:\xampp\htdocs\rico_store_management_app\system\Database\Postgre\Connection.php:170
Stack trace:
#0 [internal function]: CodeIgniter\Debug\Exceptions->errorHandler(2, 'pg_query(): Que...', 'C:\\xampp\\htdocs...', 170, Array)
#1 C:\xampp\htdocs\rico_store_management_app\system\Database\Postgre\Connection.php(170): pg_query(Resource id #127, 'insert into ass...')
#2 C:\xampp\htdocs\rico_store_management_app\system\Database\BaseConnection.php(732): CodeIgniter\Database\Postgre\Connection->execute('insert into ass...')
#3 C:\xampp\htdocs\rico_store_management_app\system\Database\BaseConnection.php(647): CodeIgniter\Database\BaseConnection->simpleQuery('insert into ass...')
#4 C:\xampp\htdocs\rico_store_management_app\app\Models\Device.php(91): CodeIgniter\Database\BaseConnection->query('insert into ass...')
#5 C:\xampp\htdocs\rico_store_management_app\app\Controllers\Device.php(100): App\Models\Device->assign_device_to_region(NULL, NULL, NULL)
#6 C:\xampp\htdocs\rico_store_management_app\system\CodeIgniter.php(931): App\Controllers\Device->assign_device_to_region()
#7 C:\xampp\htdocs\rico_store_management_app\system\CodeIgniter.php(439): CodeIgniter\CodeIgniter->runController(Object(App\Controllers\Device))
#8 C:\xampp\htdocs\rico_store_management_app\system\CodeIgniter.php(339): CodeIgniter\CodeIgniter->handleRequest(NULL, Object(Config\Cache), false)
#9 C:\xampp\htdocs\rico_store_management_app\public\index.php(36): CodeIgniter\CodeIgniter->run()
#10 C:\xampp\htdocs\rico_store_management_app\system\Commands\Server\rewrite.php(45): require_once('C:\\xampp\\htdocs...')
#11 {main}
CRITICAL - 2021-05-23 15:03:37 --> pg_query(): Query failed: ERROR:  column &quot;device_id&quot; of relation &quot;assigned_device_region&quot; does not exist
LINE 1: ...rt into assigned_device_region (sub_county_id_fk, device_id,...
                                                             ^
#0 [internal function]: CodeIgniter\Debug\Exceptions->errorHandler(2, 'pg_query(): Que...', 'C:\\xampp\\htdocs...', 170, Array)
#1 C:\xampp\htdocs\rico_store_management_app\system\Database\Postgre\Connection.php(170): pg_query(Resource id #127, 'insert into ass...')
#2 C:\xampp\htdocs\rico_store_management_app\system\Database\BaseConnection.php(732): CodeIgniter\Database\Postgre\Connection->execute('insert into ass...')
#3 C:\xampp\htdocs\rico_store_management_app\system\Database\BaseConnection.php(647): CodeIgniter\Database\BaseConnection->simpleQuery('insert into ass...')
#4 C:\xampp\htdocs\rico_store_management_app\app\Models\Device.php(91): CodeIgniter\Database\BaseConnection->query('insert into ass...')
#5 C:\xampp\htdocs\rico_store_management_app\app\Controllers\Device.php(100): App\Models\Device->assign_device_to_region(NULL, NULL, NULL)
#6 C:\xampp\htdocs\rico_store_management_app\system\CodeIgniter.php(931): App\Controllers\Device->assign_device_to_region()
#7 C:\xampp\htdocs\rico_store_management_app\system\CodeIgniter.php(439): CodeIgniter\CodeIgniter->runController(Object(App\Controllers\Device))
#8 C:\xampp\htdocs\rico_store_management_app\system\CodeIgniter.php(339): CodeIgniter\CodeIgniter->handleRequest(NULL, Object(Config\Cache), false)
#9 C:\xampp\htdocs\rico_store_management_app\public\index.php(36): CodeIgniter\CodeIgniter->run()
#10 C:\xampp\htdocs\rico_store_management_app\system\Commands\Server\rewrite.php(45): require_once('C:\\xampp\\htdocs...')
#11 {main}
ERROR - 2021-05-23 15:06:20 --> ErrorException: pg_query(): Query failed: ERROR:  invalid input syntax for type integer: &quot;&quot;
LINE 3:     ('')
             ^ in C:\xampp\htdocs\rico_store_management_app\system\Database\Postgre\Connection.php:170
Stack trace:
#0 [internal function]: CodeIgniter\Debug\Exceptions->errorHandler(2, 'pg_query(): Que...', 'C:\\xampp\\htdocs...', 170, Array)
#1 C:\xampp\htdocs\rico_store_management_app\system\Database\Postgre\Connection.php(170): pg_query(Resource id #128, 'insert into dev...')
#2 C:\xampp\htdocs\rico_store_management_app\system\Database\BaseConnection.php(732): CodeIgniter\Database\Postgre\Connection->execute('insert into dev...')
#3 C:\xampp\htdocs\rico_store_management_app\system\Database\BaseConnection.php(647): CodeIgniter\Database\BaseConnection->simpleQuery('insert into dev...')
#4 C:\xampp\htdocs\rico_store_management_app\app\Models\Device.php(89): CodeIgniter\Database\BaseConnection->query('insert into dev...')
#5 C:\xampp\htdocs\rico_store_management_app\app\Controllers\Device.php(100): App\Models\Device->assign_device_to_region(NULL, NULL, NULL)
#6 C:\xampp\htdocs\rico_store_management_app\system\CodeIgniter.php(931): App\Controllers\Device->assign_device_to_region()
#7 C:\xampp\htdocs\rico_store_management_app\system\CodeIgniter.php(439): CodeIgniter\CodeIgniter->runController(Object(App\Controllers\Device))
#8 C:\xampp\htdocs\rico_store_management_app\system\CodeIgniter.php(339): CodeIgniter\CodeIgniter->handleRequest(NULL, Object(Config\Cache), false)
#9 C:\xampp\htdocs\rico_store_management_app\public\index.php(36): CodeIgniter\CodeIgniter->run()
#10 C:\xampp\htdocs\rico_store_management_app\system\Commands\Server\rewrite.php(45): require_once('C:\\xampp\\htdocs...')
#11 {main}
CRITICAL - 2021-05-23 15:06:20 --> pg_query(): Query failed: ERROR:  invalid input syntax for type integer: &quot;&quot;
LINE 3:     ('')
             ^
#0 [internal function]: CodeIgniter\Debug\Exceptions->errorHandler(2, 'pg_query(): Que...', 'C:\\xampp\\htdocs...', 170, Array)
#1 C:\xampp\htdocs\rico_store_management_app\system\Database\Postgre\Connection.php(170): pg_query(Resource id #128, 'insert into dev...')
#2 C:\xampp\htdocs\rico_store_management_app\system\Database\BaseConnection.php(732): CodeIgniter\Database\Postgre\Connection->execute('insert into dev...')
#3 C:\xampp\htdocs\rico_store_management_app\system\Database\BaseConnection.php(647): CodeIgniter\Database\BaseConnection->simpleQuery('insert into dev...')
#4 C:\xampp\htdocs\rico_store_management_app\app\Models\Device.php(89): CodeIgniter\Database\BaseConnection->query('insert into dev...')
#5 C:\xampp\htdocs\rico_store_management_app\app\Controllers\Device.php(100): App\Models\Device->assign_device_to_region(NULL, NULL, NULL)
#6 C:\xampp\htdocs\rico_store_management_app\system\CodeIgniter.php(931): App\Controllers\Device->assign_device_to_region()
#7 C:\xampp\htdocs\rico_store_management_app\system\CodeIgniter.php(439): CodeIgniter\CodeIgniter->runController(Object(App\Controllers\Device))
#8 C:\xampp\htdocs\rico_store_management_app\system\CodeIgniter.php(339): CodeIgniter\CodeIgniter->handleRequest(NULL, Object(Config\Cache), false)
#9 C:\xampp\htdocs\rico_store_management_app\public\index.php(36): CodeIgniter\CodeIgniter->run()
#10 C:\xampp\htdocs\rico_store_management_app\system\Commands\Server\rewrite.php(45): require_once('C:\\xampp\\htdocs...')
#11 {main}
ERROR - 2021-05-23 15:06:42 --> ErrorException: pg_query(): Query failed: ERROR:  null value in column &quot;device_name&quot; violates not-null constraint
DETAIL:  Failing row contains (8, null, null, null, null, null, null, 1, null). in C:\xampp\htdocs\rico_store_management_app\system\Database\Postgre\Connection.php:170
Stack trace:
#0 [internal function]: CodeIgniter\Debug\Exceptions->errorHandler(2, 'pg_query(): Que...', 'C:\\xampp\\htdocs...', 170, Array)
#1 C:\xampp\htdocs\rico_store_management_app\system\Database\Postgre\Connection.php(170): pg_query(Resource id #127, 'insert into dev...')
#2 C:\xampp\htdocs\rico_store_management_app\system\Database\BaseConnection.php(732): CodeIgniter\Database\Postgre\Connection->execute('insert into dev...')
#3 C:\xampp\htdocs\rico_store_management_app\system\Database\BaseConnection.php(647): CodeIgniter\Database\BaseConnection->simpleQuery('insert into dev...')
#4 C:\xampp\htdocs\rico_store_management_app\app\Models\Device.php(89): CodeIgniter\Database\BaseConnection->query('insert into dev...')
#5 C:\xampp\htdocs\rico_store_management_app\app\Controllers\Device.php(100): App\Models\Device->assign_device_to_region('2', '2', '1')
#6 C:\xampp\htdocs\rico_store_management_app\system\CodeIgniter.php(931): App\Controllers\Device->assign_device_to_region()
#7 C:\xampp\htdocs\rico_store_management_app\system\CodeIgniter.php(439): CodeIgniter\CodeIgniter->runController(Object(App\Controllers\Device))
#8 C:\xampp\htdocs\rico_store_management_app\system\CodeIgniter.php(339): CodeIgniter\CodeIgniter->handleRequest(NULL, Object(Config\Cache), false)
#9 C:\xampp\htdocs\rico_store_management_app\public\index.php(36): CodeIgniter\CodeIgniter->run()
#10 C:\xampp\htdocs\rico_store_management_app\system\Commands\Server\rewrite.php(45): require_once('C:\\xampp\\htdocs...')
#11 {main}
CRITICAL - 2021-05-23 15:06:42 --> pg_query(): Query failed: ERROR:  null value in column &quot;device_name&quot; violates not-null constraint
DETAIL:  Failing row contains (8, null, null, null, null, null, null, 1, null).
#0 [internal function]: CodeIgniter\Debug\Exceptions->errorHandler(2, 'pg_query(): Que...', 'C:\\xampp\\htdocs...', 170, Array)
#1 C:\xampp\htdocs\rico_store_management_app\system\Database\Postgre\Connection.php(170): pg_query(Resource id #127, 'insert into dev...')
#2 C:\xampp\htdocs\rico_store_management_app\system\Database\BaseConnection.php(732): CodeIgniter\Database\Postgre\Connection->execute('insert into dev...')
#3 C:\xampp\htdocs\rico_store_management_app\system\Database\BaseConnection.php(647): CodeIgniter\Database\BaseConnection->simpleQuery('insert into dev...')
#4 C:\xampp\htdocs\rico_store_management_app\app\Models\Device.php(89): CodeIgniter\Database\BaseConnection->query('insert into dev...')
#5 C:\xampp\htdocs\rico_store_management_app\app\Controllers\Device.php(100): App\Models\Device->assign_device_to_region('2', '2', '1')
#6 C:\xampp\htdocs\rico_store_management_app\system\CodeIgniter.php(931): App\Controllers\Device->assign_device_to_region()
#7 C:\xampp\htdocs\rico_store_management_app\system\CodeIgniter.php(439): CodeIgniter\CodeIgniter->runController(Object(App\Controllers\Device))
#8 C:\xampp\htdocs\rico_store_management_app\system\CodeIgniter.php(339): CodeIgniter\CodeIgniter->handleRequest(NULL, Object(Config\Cache), false)
#9 C:\xampp\htdocs\rico_store_management_app\public\index.php(36): CodeIgniter\CodeIgniter->run()
#10 C:\xampp\htdocs\rico_store_management_app\system\Commands\Server\rewrite.php(45): require_once('C:\\xampp\\htdocs...')
#11 {main}
CRITICAL - 2021-05-23 15:06:42 --> Uncaught CodeIgniter\Format\Exceptions\FormatException: Failed to parse json string, error: "Type is not supported". in C:\xampp\htdocs\rico_store_management_app\system\Format\JSONFormatter.php:42
Stack trace:
#0 C:\xampp\htdocs\rico_store_management_app\system\Format\JSONFormatter.php(42): CodeIgniter\Format\Exceptions\FormatException::forInvalidJSON('Type is not sup...')
#1 C:\xampp\htdocs\rico_store_management_app\system\API\ResponseTrait.php(423): CodeIgniter\Format\JSONFormatter->format(Array)
#2 C:\xampp\htdocs\rico_store_management_app\system\API\ResponseTrait.php(114): CodeIgniter\Debug\Exceptions->format(Array)
#3 C:\xampp\htdocs\rico_store_management_app\system\Debug\Exceptions.php(141): CodeIgniter\Debug\Exceptions->respond(Array, 500)
#4 [internal function]: CodeIgniter\Debug\Exceptions->exceptionHandler(Object(ErrorException))
#5 {main}
  thrown
#0 [internal function]: CodeIgniter\Debug\Exceptions->shutdownHandler()
#1 {main}
ERROR - 2021-05-23 15:07:14 --> ErrorException: pg_query(): Query failed: ERROR:  invalid input syntax for type integer: &quot;&quot;
LINE 3:     ('')
             ^ in C:\xampp\htdocs\rico_store_management_app\system\Database\Postgre\Connection.php:170
Stack trace:
#0 [internal function]: CodeIgniter\Debug\Exceptions->errorHandler(2, 'pg_query(): Que...', 'C:\\xampp\\htdocs...', 170, Array)
#1 C:\xampp\htdocs\rico_store_management_app\system\Database\Postgre\Connection.php(170): pg_query(Resource id #127, 'insert into dev...')
#2 C:\xampp\htdocs\rico_store_management_app\system\Database\BaseConnection.php(732): CodeIgniter\Database\Postgre\Connection->execute('insert into dev...')
#3 C:\xampp\htdocs\rico_store_management_app\system\Database\BaseConnection.php(647): CodeIgniter\Database\BaseConnection->simpleQuery('insert into dev...')
#4 C:\xampp\htdocs\rico_store_management_app\app\Models\Device.php(89): CodeIgniter\Database\BaseConnection->query('insert into dev...')
#5 C:\xampp\htdocs\rico_store_management_app\app\Controllers\Device.php(100): App\Models\Device->assign_device_to_region(NULL, NULL, NULL)
#6 C:\xampp\htdocs\rico_store_management_app\system\CodeIgniter.php(931): App\Controllers\Device->assign_device_to_region()
#7 C:\xampp\htdocs\rico_store_management_app\system\CodeIgniter.php(439): CodeIgniter\CodeIgniter->runController(Object(App\Controllers\Device))
#8 C:\xampp\htdocs\rico_store_management_app\system\CodeIgniter.php(339): CodeIgniter\CodeIgniter->handleRequest(NULL, Object(Config\Cache), false)
#9 C:\xampp\htdocs\rico_store_management_app\public\index.php(36): CodeIgniter\CodeIgniter->run()
#10 C:\xampp\htdocs\rico_store_management_app\system\Commands\Server\rewrite.php(45): require_once('C:\\xampp\\htdocs...')
#11 {main}
CRITICAL - 2021-05-23 15:07:14 --> pg_query(): Query failed: ERROR:  invalid input syntax for type integer: &quot;&quot;
LINE 3:     ('')
             ^
#0 [internal function]: CodeIgniter\Debug\Exceptions->errorHandler(2, 'pg_query(): Que...', 'C:\\xampp\\htdocs...', 170, Array)
#1 C:\xampp\htdocs\rico_store_management_app\system\Database\Postgre\Connection.php(170): pg_query(Resource id #127, 'insert into dev...')
#2 C:\xampp\htdocs\rico_store_management_app\system\Database\BaseConnection.php(732): CodeIgniter\Database\Postgre\Connection->execute('insert into dev...')
#3 C:\xampp\htdocs\rico_store_management_app\system\Database\BaseConnection.php(647): CodeIgniter\Database\BaseConnection->simpleQuery('insert into dev...')
#4 C:\xampp\htdocs\rico_store_management_app\app\Models\Device.php(89): CodeIgniter\Database\BaseConnection->query('insert into dev...')
#5 C:\xampp\htdocs\rico_store_management_app\app\Controllers\Device.php(100): App\Models\Device->assign_device_to_region(NULL, NULL, NULL)
#6 C:\xampp\htdocs\rico_store_management_app\system\CodeIgniter.php(931): App\Controllers\Device->assign_device_to_region()
#7 C:\xampp\htdocs\rico_store_management_app\system\CodeIgniter.php(439): CodeIgniter\CodeIgniter->runController(Object(App\Controllers\Device))
#8 C:\xampp\htdocs\rico_store_management_app\system\CodeIgniter.php(339): CodeIgniter\CodeIgniter->handleRequest(NULL, Object(Config\Cache), false)
#9 C:\xampp\htdocs\rico_store_management_app\public\index.php(36): CodeIgniter\CodeIgniter->run()
#10 C:\xampp\htdocs\rico_store_management_app\system\Commands\Server\rewrite.php(45): require_once('C:\\xampp\\htdocs...')
#11 {main}
ERROR - 2021-05-23 15:08:39 --> ErrorException: pg_query(): Query failed: ERROR:  null value in column &quot;device_name&quot; violates not-null constraint
DETAIL:  Failing row contains (9, null, null, null, null, null, null, 1, null). in C:\xampp\htdocs\rico_store_management_app\system\Database\Postgre\Connection.php:170
Stack trace:
#0 [internal function]: CodeIgniter\Debug\Exceptions->errorHandler(2, 'pg_query(): Que...', 'C:\\xampp\\htdocs...', 170, Array)
#1 C:\xampp\htdocs\rico_store_management_app\system\Database\Postgre\Connection.php(170): pg_query(Resource id #127, 'insert into dev...')
#2 C:\xampp\htdocs\rico_store_management_app\system\Database\BaseConnection.php(732): CodeIgniter\Database\Postgre\Connection->execute('insert into dev...')
#3 C:\xampp\htdocs\rico_store_management_app\system\Database\BaseConnection.php(647): CodeIgniter\Database\BaseConnection->simpleQuery('insert into dev...')
#4 C:\xampp\htdocs\rico_store_management_app\app\Models\Device.php(89): CodeIgniter\Database\BaseConnection->query('insert into dev...')
#5 C:\xampp\htdocs\rico_store_management_app\app\Controllers\Device.php(101): App\Models\Device->assign_device_to_region('2', 1, '1')
#6 C:\xampp\htdocs\rico_store_management_app\system\CodeIgniter.php(931): App\Controllers\Device->assign_device_to_region()
#7 C:\xampp\htdocs\rico_store_management_app\system\CodeIgniter.php(439): CodeIgniter\CodeIgniter->runController(Object(App\Controllers\Device))
#8 C:\xampp\htdocs\rico_store_management_app\system\CodeIgniter.php(339): CodeIgniter\CodeIgniter->handleRequest(NULL, Object(Config\Cache), false)
#9 C:\xampp\htdocs\rico_store_management_app\public\index.php(36): CodeIgniter\CodeIgniter->run()
#10 C:\xampp\htdocs\rico_store_management_app\system\Commands\Server\rewrite.php(45): require_once('C:\\xampp\\htdocs...')
#11 {main}
CRITICAL - 2021-05-23 15:08:39 --> pg_query(): Query failed: ERROR:  null value in column &quot;device_name&quot; violates not-null constraint
DETAIL:  Failing row contains (9, null, null, null, null, null, null, 1, null).
#0 [internal function]: CodeIgniter\Debug\Exceptions->errorHandler(2, 'pg_query(): Que...', 'C:\\xampp\\htdocs...', 170, Array)
#1 C:\xampp\htdocs\rico_store_management_app\system\Database\Postgre\Connection.php(170): pg_query(Resource id #127, 'insert into dev...')
#2 C:\xampp\htdocs\rico_store_management_app\system\Database\BaseConnection.php(732): CodeIgniter\Database\Postgre\Connection->execute('insert into dev...')
#3 C:\xampp\htdocs\rico_store_management_app\system\Database\BaseConnection.php(647): CodeIgniter\Database\BaseConnection->simpleQuery('insert into dev...')
#4 C:\xampp\htdocs\rico_store_management_app\app\Models\Device.php(89): CodeIgniter\Database\BaseConnection->query('insert into dev...')
#5 C:\xampp\htdocs\rico_store_management_app\app\Controllers\Device.php(101): App\Models\Device->assign_device_to_region('2', 1, '1')
#6 C:\xampp\htdocs\rico_store_management_app\system\CodeIgniter.php(931): App\Controllers\Device->assign_device_to_region()
#7 C:\xampp\htdocs\rico_store_management_app\system\CodeIgniter.php(439): CodeIgniter\CodeIgniter->runController(Object(App\Controllers\Device))
#8 C:\xampp\htdocs\rico_store_management_app\system\CodeIgniter.php(339): CodeIgniter\CodeIgniter->handleRequest(NULL, Object(Config\Cache), false)
#9 C:\xampp\htdocs\rico_store_management_app\public\index.php(36): CodeIgniter\CodeIgniter->run()
#10 C:\xampp\htdocs\rico_store_management_app\system\Commands\Server\rewrite.php(45): require_once('C:\\xampp\\htdocs...')
#11 {main}
CRITICAL - 2021-05-23 15:08:39 --> Uncaught CodeIgniter\Format\Exceptions\FormatException: Failed to parse json string, error: "Type is not supported". in C:\xampp\htdocs\rico_store_management_app\system\Format\JSONFormatter.php:42
Stack trace:
#0 C:\xampp\htdocs\rico_store_management_app\system\Format\JSONFormatter.php(42): CodeIgniter\Format\Exceptions\FormatException::forInvalidJSON('Type is not sup...')
#1 C:\xampp\htdocs\rico_store_management_app\system\API\ResponseTrait.php(423): CodeIgniter\Format\JSONFormatter->format(Array)
#2 C:\xampp\htdocs\rico_store_management_app\system\API\ResponseTrait.php(114): CodeIgniter\Debug\Exceptions->format(Array)
#3 C:\xampp\htdocs\rico_store_management_app\system\Debug\Exceptions.php(141): CodeIgniter\Debug\Exceptions->respond(Array, 500)
#4 [internal function]: CodeIgniter\Debug\Exceptions->exceptionHandler(Object(ErrorException))
#5 {main}
  thrown
#0 [internal function]: CodeIgniter\Debug\Exceptions->shutdownHandler()
#1 {main}
ERROR - 2021-05-23 15:08:53 --> ErrorException: pg_query(): Query failed: ERROR:  null value in column &quot;device_name&quot; violates not-null constraint
DETAIL:  Failing row contains (10, null, null, null, null, null, null, 1, null). in C:\xampp\htdocs\rico_store_management_app\system\Database\Postgre\Connection.php:170
Stack trace:
#0 [internal function]: CodeIgniter\Debug\Exceptions->errorHandler(2, 'pg_query(): Que...', 'C:\\xampp\\htdocs...', 170, Array)
#1 C:\xampp\htdocs\rico_store_management_app\system\Database\Postgre\Connection.php(170): pg_query(Resource id #127, 'insert into dev...')
#2 C:\xampp\htdocs\rico_store_management_app\system\Database\BaseConnection.php(732): CodeIgniter\Database\Postgre\Connection->execute('insert into dev...')
#3 C:\xampp\htdocs\rico_store_management_app\system\Database\BaseConnection.php(647): CodeIgniter\Database\BaseConnection->simpleQuery('insert into dev...')
#4 C:\xampp\htdocs\rico_store_management_app\app\Models\Device.php(89): CodeIgniter\Database\BaseConnection->query('insert into dev...')
#5 C:\xampp\htdocs\rico_store_management_app\app\Controllers\Device.php(101): App\Models\Device->assign_device_to_region('2', 1, '1')
#6 C:\xampp\htdocs\rico_store_management_app\system\CodeIgniter.php(931): App\Controllers\Device->assign_device_to_region()
#7 C:\xampp\htdocs\rico_store_management_app\system\CodeIgniter.php(439): CodeIgniter\CodeIgniter->runController(Object(App\Controllers\Device))
#8 C:\xampp\htdocs\rico_store_management_app\system\CodeIgniter.php(339): CodeIgniter\CodeIgniter->handleRequest(NULL, Object(Config\Cache), false)
#9 C:\xampp\htdocs\rico_store_management_app\public\index.php(36): CodeIgniter\CodeIgniter->run()
#10 C:\xampp\htdocs\rico_store_management_app\system\Commands\Server\rewrite.php(45): require_once('C:\\xampp\\htdocs...')
#11 {main}
CRITICAL - 2021-05-23 15:08:53 --> pg_query(): Query failed: ERROR:  null value in column &quot;device_name&quot; violates not-null constraint
DETAIL:  Failing row contains (10, null, null, null, null, null, null, 1, null).
#0 [internal function]: CodeIgniter\Debug\Exceptions->errorHandler(2, 'pg_query(): Que...', 'C:\\xampp\\htdocs...', 170, Array)
#1 C:\xampp\htdocs\rico_store_management_app\system\Database\Postgre\Connection.php(170): pg_query(Resource id #127, 'insert into dev...')
#2 C:\xampp\htdocs\rico_store_management_app\system\Database\BaseConnection.php(732): CodeIgniter\Database\Postgre\Connection->execute('insert into dev...')
#3 C:\xampp\htdocs\rico_store_management_app\system\Database\BaseConnection.php(647): CodeIgniter\Database\BaseConnection->simpleQuery('insert into dev...')
#4 C:\xampp\htdocs\rico_store_management_app\app\Models\Device.php(89): CodeIgniter\Database\BaseConnection->query('insert into dev...')
#5 C:\xampp\htdocs\rico_store_management_app\app\Controllers\Device.php(101): App\Models\Device->assign_device_to_region('2', 1, '1')
#6 C:\xampp\htdocs\rico_store_management_app\system\CodeIgniter.php(931): App\Controllers\Device->assign_device_to_region()
#7 C:\xampp\htdocs\rico_store_management_app\system\CodeIgniter.php(439): CodeIgniter\CodeIgniter->runController(Object(App\Controllers\Device))
#8 C:\xampp\htdocs\rico_store_management_app\system\CodeIgniter.php(339): CodeIgniter\CodeIgniter->handleRequest(NULL, Object(Config\Cache), false)
#9 C:\xampp\htdocs\rico_store_management_app\public\index.php(36): CodeIgniter\CodeIgniter->run()
#10 C:\xampp\htdocs\rico_store_management_app\system\Commands\Server\rewrite.php(45): require_once('C:\\xampp\\htdocs...')
#11 {main}
CRITICAL - 2021-05-23 15:08:53 --> Uncaught CodeIgniter\Format\Exceptions\FormatException: Failed to parse json string, error: "Type is not supported". in C:\xampp\htdocs\rico_store_management_app\system\Format\JSONFormatter.php:42
Stack trace:
#0 C:\xampp\htdocs\rico_store_management_app\system\Format\JSONFormatter.php(42): CodeIgniter\Format\Exceptions\FormatException::forInvalidJSON('Type is not sup...')
#1 C:\xampp\htdocs\rico_store_management_app\system\API\ResponseTrait.php(423): CodeIgniter\Format\JSONFormatter->format(Array)
#2 C:\xampp\htdocs\rico_store_management_app\system\API\ResponseTrait.php(114): CodeIgniter\Debug\Exceptions->format(Array)
#3 C:\xampp\htdocs\rico_store_management_app\system\Debug\Exceptions.php(141): CodeIgniter\Debug\Exceptions->respond(Array, 500)
#4 [internal function]: CodeIgniter\Debug\Exceptions->exceptionHandler(Object(ErrorException))
#5 {main}
  thrown
#0 [internal function]: CodeIgniter\Debug\Exceptions->shutdownHandler()
#1 {main}
