ERROR - 2021-07-11 03:06:53 --> Duplicate entry '' for key 'asset_tag'
CRITICAL - 2021-07-11 03:06:53 --> Duplicate entry '' for key 'asset_tag'
#0 E:\htdocs\rico_store_management_app_2\system\Database\MySQLi\Connection.php(329): mysqli->query('insert into dev...')
#1 E:\htdocs\rico_store_management_app_2\system\Database\BaseConnection.php(732): CodeIgniter\Database\MySQLi\Connection->execute('insert into dev...')
#2 E:\htdocs\rico_store_management_app_2\system\Database\BaseConnection.php(647): CodeIgniter\Database\BaseConnection->simpleQuery('insert into dev...')
#3 E:\htdocs\rico_store_management_app_2\app\Models\Device.php(66): CodeIgniter\Database\BaseConnection->query('insert into dev...')
#4 E:\htdocs\rico_store_management_app_2\app\Controllers\Device.php(50): App\Models\Device->insert_update_device_data('0', '', '', '', '1', 0, '0', '', 1, NULL, '')
#5 E:\htdocs\rico_store_management_app_2\system\CodeIgniter.php(931): App\Controllers\Device->add_edit_device()
#6 E:\htdocs\rico_store_management_app_2\system\CodeIgniter.php(439): CodeIgniter\CodeIgniter->runController(Object(App\Controllers\Device))
#7 E:\htdocs\rico_store_management_app_2\system\CodeIgniter.php(339): CodeIgniter\CodeIgniter->handleRequest(NULL, Object(Config\Cache), false)
#8 E:\htdocs\rico_store_management_app_2\public\index.php(36): CodeIgniter\CodeIgniter->run()
#9 E:\htdocs\rico_store_management_app_2\system\Commands\Server\rewrite.php(45): require_once('E:\\htdocs\\rico_...')
#10 {main}
CRITICAL - 2021-07-11 04:38:21 --> syntax error, unexpected end of file
#0 E:\htdocs\rico_store_management_app_2\system\View\View.php(232): CodeIgniter\View\View->CodeIgniter\View\{closure}()
#1 E:\htdocs\rico_store_management_app_2\system\Common.php(1250): CodeIgniter\View\View->render('Users\\add_user', Array, true)
#2 E:\htdocs\rico_store_management_app_2\app\Controllers\Users.php(29): view('Users\\add_user', Array)
#3 E:\htdocs\rico_store_management_app_2\system\CodeIgniter.php(931): App\Controllers\Users->load_add_edit_users_views()
#4 E:\htdocs\rico_store_management_app_2\system\CodeIgniter.php(439): CodeIgniter\CodeIgniter->runController(Object(App\Controllers\Users))
#5 E:\htdocs\rico_store_management_app_2\system\CodeIgniter.php(339): CodeIgniter\CodeIgniter->handleRequest(NULL, Object(Config\Cache), false)
#6 E:\htdocs\rico_store_management_app_2\public\index.php(36): CodeIgniter\CodeIgniter->run()
#7 E:\htdocs\rico_store_management_app_2\system\Commands\Server\rewrite.php(45): require_once('E:\\htdocs\\rico_...')
#8 {main}
CRITICAL - 2021-07-11 07:37:41 --> Undefined variable: search_function
#0 E:\htdocs\rico_store_management_app_2\app\Views\Users\all_users.php(3): CodeIgniter\Debug\Exceptions->errorHandler(8, 'Undefined varia...', 'E:\\htdocs\\rico_...', 3, Array)
#1 E:\htdocs\rico_store_management_app_2\system\View\View.php(230): include('E:\\htdocs\\rico_...')
#2 E:\htdocs\rico_store_management_app_2\system\View\View.php(232): CodeIgniter\View\View->CodeIgniter\View\{closure}()
#3 E:\htdocs\rico_store_management_app_2\system\Common.php(1250): CodeIgniter\View\View->render('Users\\all_users', Array, true)
#4 E:\htdocs\rico_store_management_app_2\app\Controllers\Users.php(37): view('Users\\all_users', Array)
#5 E:\htdocs\rico_store_management_app_2\system\CodeIgniter.php(931): App\Controllers\Users->load_users_list()
#6 E:\htdocs\rico_store_management_app_2\system\CodeIgniter.php(439): CodeIgniter\CodeIgniter->runController(Object(App\Controllers\Users))
#7 E:\htdocs\rico_store_management_app_2\system\CodeIgniter.php(339): CodeIgniter\CodeIgniter->handleRequest(NULL, Object(Config\Cache), false)
#8 E:\htdocs\rico_store_management_app_2\public\index.php(36): CodeIgniter\CodeIgniter->run()
#9 E:\htdocs\rico_store_management_app_2\system\Commands\Server\rewrite.php(45): require_once('E:\\htdocs\\rico_...')
#10 {main}
CRITICAL - 2021-07-11 07:39:10 --> Call to undefined function App\Controllers\search_user()
#0 E:\htdocs\rico_store_management_app_2\system\CodeIgniter.php(931): App\Controllers\Users->search_user()
#1 E:\htdocs\rico_store_management_app_2\system\CodeIgniter.php(439): CodeIgniter\CodeIgniter->runController(Object(App\Controllers\Users))
#2 E:\htdocs\rico_store_management_app_2\system\CodeIgniter.php(339): CodeIgniter\CodeIgniter->handleRequest(NULL, Object(Config\Cache), false)
#3 E:\htdocs\rico_store_management_app_2\public\index.php(36): CodeIgniter\CodeIgniter->run()
#4 E:\htdocs\rico_store_management_app_2\system\Commands\Server\rewrite.php(45): require_once('E:\\htdocs\\rico_...')
#5 {main}
CRITICAL - 2021-07-11 10:46:31 --> Undefined property: stdClass::$first_name
#0 E:\htdocs\rico_store_management_app_2\app\Views\Device\added_returned_devices_list.php(71): CodeIgniter\Debug\Exceptions->errorHandler(8, 'Undefined prope...', 'E:\\htdocs\\rico_...', 71, Array)
#1 E:\htdocs\rico_store_management_app_2\system\View\View.php(230): include('E:\\htdocs\\rico_...')
#2 E:\htdocs\rico_store_management_app_2\system\View\View.php(232): CodeIgniter\View\View->CodeIgniter\View\{closure}()
#3 E:\htdocs\rico_store_management_app_2\system\Common.php(1250): CodeIgniter\View\View->render('Device\\added_re...', Array, true)
#4 E:\htdocs\rico_store_management_app_2\app\Controllers\Device.php(316): view('Device\\added_re...', Array)
#5 E:\htdocs\rico_store_management_app_2\system\CodeIgniter.php(931): App\Controllers\Device->search_device()
#6 E:\htdocs\rico_store_management_app_2\system\CodeIgniter.php(439): CodeIgniter\CodeIgniter->runController(Object(App\Controllers\Device))
#7 E:\htdocs\rico_store_management_app_2\system\CodeIgniter.php(339): CodeIgniter\CodeIgniter->handleRequest(NULL, Object(Config\Cache), false)
#8 E:\htdocs\rico_store_management_app_2\public\index.php(36): CodeIgniter\CodeIgniter->run()
#9 E:\htdocs\rico_store_management_app_2\system\Commands\Server\rewrite.php(45): require_once('E:\\htdocs\\rico_...')
#10 {main}
CRITICAL - 2021-07-11 10:46:51 --> Undefined property: stdClass::$first_name
#0 E:\htdocs\rico_store_management_app_2\app\Views\Device\added_returned_devices_list.php(71): CodeIgniter\Debug\Exceptions->errorHandler(8, 'Undefined prope...', 'E:\\htdocs\\rico_...', 71, Array)
#1 E:\htdocs\rico_store_management_app_2\system\View\View.php(230): include('E:\\htdocs\\rico_...')
#2 E:\htdocs\rico_store_management_app_2\system\View\View.php(232): CodeIgniter\View\View->CodeIgniter\View\{closure}()
#3 E:\htdocs\rico_store_management_app_2\system\Common.php(1250): CodeIgniter\View\View->render('Device\\added_re...', Array, true)
#4 E:\htdocs\rico_store_management_app_2\app\Controllers\Device.php(316): view('Device\\added_re...', Array)
#5 E:\htdocs\rico_store_management_app_2\system\CodeIgniter.php(931): App\Controllers\Device->search_device()
#6 E:\htdocs\rico_store_management_app_2\system\CodeIgniter.php(439): CodeIgniter\CodeIgniter->runController(Object(App\Controllers\Device))
#7 E:\htdocs\rico_store_management_app_2\system\CodeIgniter.php(339): CodeIgniter\CodeIgniter->handleRequest(NULL, Object(Config\Cache), false)
#8 E:\htdocs\rico_store_management_app_2\public\index.php(36): CodeIgniter\CodeIgniter->run()
#9 E:\htdocs\rico_store_management_app_2\system\Commands\Server\rewrite.php(45): require_once('E:\\htdocs\\rico_...')
#10 {main}
CRITICAL - 2021-07-11 10:46:52 --> Undefined property: stdClass::$first_name
#0 E:\htdocs\rico_store_management_app_2\app\Views\Device\added_returned_devices_list.php(71): CodeIgniter\Debug\Exceptions->errorHandler(8, 'Undefined prope...', 'E:\\htdocs\\rico_...', 71, Array)
#1 E:\htdocs\rico_store_management_app_2\system\View\View.php(230): include('E:\\htdocs\\rico_...')
#2 E:\htdocs\rico_store_management_app_2\system\View\View.php(232): CodeIgniter\View\View->CodeIgniter\View\{closure}()
#3 E:\htdocs\rico_store_management_app_2\system\Common.php(1250): CodeIgniter\View\View->render('Device\\added_re...', Array, true)
#4 E:\htdocs\rico_store_management_app_2\app\Controllers\Device.php(316): view('Device\\added_re...', Array)
#5 E:\htdocs\rico_store_management_app_2\system\CodeIgniter.php(931): App\Controllers\Device->search_device()
#6 E:\htdocs\rico_store_management_app_2\system\CodeIgniter.php(439): CodeIgniter\CodeIgniter->runController(Object(App\Controllers\Device))
#7 E:\htdocs\rico_store_management_app_2\system\CodeIgniter.php(339): CodeIgniter\CodeIgniter->handleRequest(NULL, Object(Config\Cache), false)
#8 E:\htdocs\rico_store_management_app_2\public\index.php(36): CodeIgniter\CodeIgniter->run()
#9 E:\htdocs\rico_store_management_app_2\system\Commands\Server\rewrite.php(45): require_once('E:\\htdocs\\rico_...')
#10 {main}
CRITICAL - 2021-07-11 10:46:52 --> Undefined property: stdClass::$first_name
#0 E:\htdocs\rico_store_management_app_2\app\Views\Device\added_returned_devices_list.php(71): CodeIgniter\Debug\Exceptions->errorHandler(8, 'Undefined prope...', 'E:\\htdocs\\rico_...', 71, Array)
#1 E:\htdocs\rico_store_management_app_2\system\View\View.php(230): include('E:\\htdocs\\rico_...')
#2 E:\htdocs\rico_store_management_app_2\system\View\View.php(232): CodeIgniter\View\View->CodeIgniter\View\{closure}()
#3 E:\htdocs\rico_store_management_app_2\system\Common.php(1250): CodeIgniter\View\View->render('Device\\added_re...', Array, true)
#4 E:\htdocs\rico_store_management_app_2\app\Controllers\Device.php(316): view('Device\\added_re...', Array)
#5 E:\htdocs\rico_store_management_app_2\system\CodeIgniter.php(931): App\Controllers\Device->search_device()
#6 E:\htdocs\rico_store_management_app_2\system\CodeIgniter.php(439): CodeIgniter\CodeIgniter->runController(Object(App\Controllers\Device))
#7 E:\htdocs\rico_store_management_app_2\system\CodeIgniter.php(339): CodeIgniter\CodeIgniter->handleRequest(NULL, Object(Config\Cache), false)
#8 E:\htdocs\rico_store_management_app_2\public\index.php(36): CodeIgniter\CodeIgniter->run()
#9 E:\htdocs\rico_store_management_app_2\system\Commands\Server\rewrite.php(45): require_once('E:\\htdocs\\rico_...')
#10 {main}
CRITICAL - 2021-07-11 10:46:56 --> Undefined property: stdClass::$first_name
#0 E:\htdocs\rico_store_management_app_2\app\Views\Device\added_returned_devices_list.php(71): CodeIgniter\Debug\Exceptions->errorHandler(8, 'Undefined prope...', 'E:\\htdocs\\rico_...', 71, Array)
#1 E:\htdocs\rico_store_management_app_2\system\View\View.php(230): include('E:\\htdocs\\rico_...')
#2 E:\htdocs\rico_store_management_app_2\system\View\View.php(232): CodeIgniter\View\View->CodeIgniter\View\{closure}()
#3 E:\htdocs\rico_store_management_app_2\system\Common.php(1250): CodeIgniter\View\View->render('Device\\added_re...', Array, true)
#4 E:\htdocs\rico_store_management_app_2\app\Controllers\Device.php(316): view('Device\\added_re...', Array)
#5 E:\htdocs\rico_store_management_app_2\system\CodeIgniter.php(931): App\Controllers\Device->search_device()
#6 E:\htdocs\rico_store_management_app_2\system\CodeIgniter.php(439): CodeIgniter\CodeIgniter->runController(Object(App\Controllers\Device))
#7 E:\htdocs\rico_store_management_app_2\system\CodeIgniter.php(339): CodeIgniter\CodeIgniter->handleRequest(NULL, Object(Config\Cache), false)
#8 E:\htdocs\rico_store_management_app_2\public\index.php(36): CodeIgniter\CodeIgniter->run()
#9 E:\htdocs\rico_store_management_app_2\system\Commands\Server\rewrite.php(45): require_once('E:\\htdocs\\rico_...')
#10 {main}
CRITICAL - 2021-07-11 11:01:25 --> Undefined variable: request
#0 E:\htdocs\rico_store_management_app_2\app\Controllers\Device.php(313): CodeIgniter\Debug\Exceptions->errorHandler(8, 'Undefined varia...', 'E:\\htdocs\\rico_...', 313, Array)
#1 E:\htdocs\rico_store_management_app_2\system\CodeIgniter.php(931): App\Controllers\Device->search_all_device()
#2 E:\htdocs\rico_store_management_app_2\system\CodeIgniter.php(439): CodeIgniter\CodeIgniter->runController(Object(App\Controllers\Device))
#3 E:\htdocs\rico_store_management_app_2\system\CodeIgniter.php(339): CodeIgniter\CodeIgniter->handleRequest(NULL, Object(Config\Cache), false)
#4 E:\htdocs\rico_store_management_app_2\public\index.php(36): CodeIgniter\CodeIgniter->run()
#5 E:\htdocs\rico_store_management_app_2\system\Commands\Server\rewrite.php(45): require_once('E:\\htdocs\\rico_...')
#6 {main}
CRITICAL - 2021-07-11 11:07:09 --> Trying to get property 'user_account_first_name' of non-object
#0 E:\htdocs\rico_store_management_app_2\app\Views\Device\view_device_details.php(22): CodeIgniter\Debug\Exceptions->errorHandler(8, 'Trying to get p...', 'E:\\htdocs\\rico_...', 22, Array)
#1 E:\htdocs\rico_store_management_app_2\system\View\View.php(230): include('E:\\htdocs\\rico_...')
#2 E:\htdocs\rico_store_management_app_2\system\View\View.php(232): CodeIgniter\View\View->CodeIgniter\View\{closure}()
#3 E:\htdocs\rico_store_management_app_2\system\Common.php(1250): CodeIgniter\View\View->render('Device\\view_dev...', Array, true)
#4 E:\htdocs\rico_store_management_app_2\app\Controllers\Device.php(297): view('Device\\view_dev...', Array)
#5 E:\htdocs\rico_store_management_app_2\system\CodeIgniter.php(931): App\Controllers\Device->load_view_device_view()
#6 E:\htdocs\rico_store_management_app_2\system\CodeIgniter.php(439): CodeIgniter\CodeIgniter->runController(Object(App\Controllers\Device))
#7 E:\htdocs\rico_store_management_app_2\system\CodeIgniter.php(339): CodeIgniter\CodeIgniter->handleRequest(NULL, Object(Config\Cache), false)
#8 E:\htdocs\rico_store_management_app_2\public\index.php(36): CodeIgniter\CodeIgniter->run()
#9 E:\htdocs\rico_store_management_app_2\system\Commands\Server\rewrite.php(45): require_once('E:\\htdocs\\rico_...')
#10 {main}
CRITICAL - 2021-07-11 11:07:21 --> Trying to get property 'user_account_first_name' of non-object
#0 E:\htdocs\rico_store_management_app_2\app\Views\Device\view_device_details.php(22): CodeIgniter\Debug\Exceptions->errorHandler(8, 'Trying to get p...', 'E:\\htdocs\\rico_...', 22, Array)
#1 E:\htdocs\rico_store_management_app_2\system\View\View.php(230): include('E:\\htdocs\\rico_...')
#2 E:\htdocs\rico_store_management_app_2\system\View\View.php(232): CodeIgniter\View\View->CodeIgniter\View\{closure}()
#3 E:\htdocs\rico_store_management_app_2\system\Common.php(1250): CodeIgniter\View\View->render('Device\\view_dev...', Array, true)
#4 E:\htdocs\rico_store_management_app_2\app\Controllers\Device.php(297): view('Device\\view_dev...', Array)
#5 E:\htdocs\rico_store_management_app_2\system\CodeIgniter.php(931): App\Controllers\Device->load_view_device_view()
#6 E:\htdocs\rico_store_management_app_2\system\CodeIgniter.php(439): CodeIgniter\CodeIgniter->runController(Object(App\Controllers\Device))
#7 E:\htdocs\rico_store_management_app_2\system\CodeIgniter.php(339): CodeIgniter\CodeIgniter->handleRequest(NULL, Object(Config\Cache), false)
#8 E:\htdocs\rico_store_management_app_2\public\index.php(36): CodeIgniter\CodeIgniter->run()
#9 E:\htdocs\rico_store_management_app_2\system\Commands\Server\rewrite.php(45): require_once('E:\\htdocs\\rico_...')
#10 {main}
CRITICAL - 2021-07-11 11:07:25 --> Trying to get property 'user_account_first_name' of non-object
#0 E:\htdocs\rico_store_management_app_2\app\Views\Device\view_device_details.php(22): CodeIgniter\Debug\Exceptions->errorHandler(8, 'Trying to get p...', 'E:\\htdocs\\rico_...', 22, Array)
#1 E:\htdocs\rico_store_management_app_2\system\View\View.php(230): include('E:\\htdocs\\rico_...')
#2 E:\htdocs\rico_store_management_app_2\system\View\View.php(232): CodeIgniter\View\View->CodeIgniter\View\{closure}()
#3 E:\htdocs\rico_store_management_app_2\system\Common.php(1250): CodeIgniter\View\View->render('Device\\view_dev...', Array, true)
#4 E:\htdocs\rico_store_management_app_2\app\Controllers\Device.php(297): view('Device\\view_dev...', Array)
#5 E:\htdocs\rico_store_management_app_2\system\CodeIgniter.php(931): App\Controllers\Device->load_view_device_view()
#6 E:\htdocs\rico_store_management_app_2\system\CodeIgniter.php(439): CodeIgniter\CodeIgniter->runController(Object(App\Controllers\Device))
#7 E:\htdocs\rico_store_management_app_2\system\CodeIgniter.php(339): CodeIgniter\CodeIgniter->handleRequest(NULL, Object(Config\Cache), false)
#8 E:\htdocs\rico_store_management_app_2\public\index.php(36): CodeIgniter\CodeIgniter->run()
#9 E:\htdocs\rico_store_management_app_2\system\Commands\Server\rewrite.php(45): require_once('E:\\htdocs\\rico_...')
#10 {main}
CRITICAL - 2021-07-11 11:07:25 --> Trying to get property 'user_account_first_name' of non-object
#0 E:\htdocs\rico_store_management_app_2\app\Views\Device\view_device_details.php(22): CodeIgniter\Debug\Exceptions->errorHandler(8, 'Trying to get p...', 'E:\\htdocs\\rico_...', 22, Array)
#1 E:\htdocs\rico_store_management_app_2\system\View\View.php(230): include('E:\\htdocs\\rico_...')
#2 E:\htdocs\rico_store_management_app_2\system\View\View.php(232): CodeIgniter\View\View->CodeIgniter\View\{closure}()
#3 E:\htdocs\rico_store_management_app_2\system\Common.php(1250): CodeIgniter\View\View->render('Device\\view_dev...', Array, true)
#4 E:\htdocs\rico_store_management_app_2\app\Controllers\Device.php(297): view('Device\\view_dev...', Array)
#5 E:\htdocs\rico_store_management_app_2\system\CodeIgniter.php(931): App\Controllers\Device->load_view_device_view()
#6 E:\htdocs\rico_store_management_app_2\system\CodeIgniter.php(439): CodeIgniter\CodeIgniter->runController(Object(App\Controllers\Device))
#7 E:\htdocs\rico_store_management_app_2\system\CodeIgniter.php(339): CodeIgniter\CodeIgniter->handleRequest(NULL, Object(Config\Cache), false)
#8 E:\htdocs\rico_store_management_app_2\public\index.php(36): CodeIgniter\CodeIgniter->run()
#9 E:\htdocs\rico_store_management_app_2\system\Commands\Server\rewrite.php(45): require_once('E:\\htdocs\\rico_...')
#10 {main}
CRITICAL - 2021-07-11 11:07:25 --> Trying to get property 'user_account_first_name' of non-object
#0 E:\htdocs\rico_store_management_app_2\app\Views\Device\view_device_details.php(22): CodeIgniter\Debug\Exceptions->errorHandler(8, 'Trying to get p...', 'E:\\htdocs\\rico_...', 22, Array)
#1 E:\htdocs\rico_store_management_app_2\system\View\View.php(230): include('E:\\htdocs\\rico_...')
#2 E:\htdocs\rico_store_management_app_2\system\View\View.php(232): CodeIgniter\View\View->CodeIgniter\View\{closure}()
#3 E:\htdocs\rico_store_management_app_2\system\Common.php(1250): CodeIgniter\View\View->render('Device\\view_dev...', Array, true)
#4 E:\htdocs\rico_store_management_app_2\app\Controllers\Device.php(297): view('Device\\view_dev...', Array)
#5 E:\htdocs\rico_store_management_app_2\system\CodeIgniter.php(931): App\Controllers\Device->load_view_device_view()
#6 E:\htdocs\rico_store_management_app_2\system\CodeIgniter.php(439): CodeIgniter\CodeIgniter->runController(Object(App\Controllers\Device))
#7 E:\htdocs\rico_store_management_app_2\system\CodeIgniter.php(339): CodeIgniter\CodeIgniter->handleRequest(NULL, Object(Config\Cache), false)
#8 E:\htdocs\rico_store_management_app_2\public\index.php(36): CodeIgniter\CodeIgniter->run()
#9 E:\htdocs\rico_store_management_app_2\system\Commands\Server\rewrite.php(45): require_once('E:\\htdocs\\rico_...')
#10 {main}
CRITICAL - 2021-07-11 11:07:41 --> Trying to get property 'user_account_first_name' of non-object
#0 E:\htdocs\rico_store_management_app_2\app\Views\Device\view_device_details.php(22): CodeIgniter\Debug\Exceptions->errorHandler(8, 'Trying to get p...', 'E:\\htdocs\\rico_...', 22, Array)
#1 E:\htdocs\rico_store_management_app_2\system\View\View.php(230): include('E:\\htdocs\\rico_...')
#2 E:\htdocs\rico_store_management_app_2\system\View\View.php(232): CodeIgniter\View\View->CodeIgniter\View\{closure}()
#3 E:\htdocs\rico_store_management_app_2\system\Common.php(1250): CodeIgniter\View\View->render('Device\\view_dev...', Array, true)
#4 E:\htdocs\rico_store_management_app_2\app\Controllers\Device.php(297): view('Device\\view_dev...', Array)
#5 E:\htdocs\rico_store_management_app_2\system\CodeIgniter.php(931): App\Controllers\Device->load_view_device_view()
#6 E:\htdocs\rico_store_management_app_2\system\CodeIgniter.php(439): CodeIgniter\CodeIgniter->runController(Object(App\Controllers\Device))
#7 E:\htdocs\rico_store_management_app_2\system\CodeIgniter.php(339): CodeIgniter\CodeIgniter->handleRequest(NULL, Object(Config\Cache), false)
#8 E:\htdocs\rico_store_management_app_2\public\index.php(36): CodeIgniter\CodeIgniter->run()
#9 E:\htdocs\rico_store_management_app_2\system\Commands\Server\rewrite.php(45): require_once('E:\\htdocs\\rico_...')
#10 {main}
CRITICAL - 2021-07-11 11:32:54 --> Trying to get property 'user_account_first_name' of non-object
#0 E:\htdocs\rico_store_management_app_2\app\Views\Device\view_device_details.php(22): CodeIgniter\Debug\Exceptions->errorHandler(8, 'Trying to get p...', 'E:\\htdocs\\rico_...', 22, Array)
#1 E:\htdocs\rico_store_management_app_2\system\View\View.php(230): include('E:\\htdocs\\rico_...')
#2 E:\htdocs\rico_store_management_app_2\system\View\View.php(232): CodeIgniter\View\View->CodeIgniter\View\{closure}()
#3 E:\htdocs\rico_store_management_app_2\system\Common.php(1250): CodeIgniter\View\View->render('Device\\view_dev...', Array, true)
#4 E:\htdocs\rico_store_management_app_2\app\Controllers\Device.php(297): view('Device\\view_dev...', Array)
#5 E:\htdocs\rico_store_management_app_2\system\CodeIgniter.php(931): App\Controllers\Device->load_view_device_view()
#6 E:\htdocs\rico_store_management_app_2\system\CodeIgniter.php(439): CodeIgniter\CodeIgniter->runController(Object(App\Controllers\Device))
#7 E:\htdocs\rico_store_management_app_2\system\CodeIgniter.php(339): CodeIgniter\CodeIgniter->handleRequest(NULL, Object(Config\Cache), false)
#8 E:\htdocs\rico_store_management_app_2\public\index.php(36): CodeIgniter\CodeIgniter->run()
#9 E:\htdocs\rico_store_management_app_2\system\Commands\Server\rewrite.php(45): require_once('E:\\htdocs\\rico_...')
#10 {main}
CRITICAL - 2021-07-11 11:33:39 --> Trying to get property 'user_account_first_name' of non-object
#0 E:\htdocs\rico_store_management_app_2\app\Views\Device\view_device_details.php(22): CodeIgniter\Debug\Exceptions->errorHandler(8, 'Trying to get p...', 'E:\\htdocs\\rico_...', 22, Array)
#1 E:\htdocs\rico_store_management_app_2\system\View\View.php(230): include('E:\\htdocs\\rico_...')
#2 E:\htdocs\rico_store_management_app_2\system\View\View.php(232): CodeIgniter\View\View->CodeIgniter\View\{closure}()
#3 E:\htdocs\rico_store_management_app_2\system\Common.php(1250): CodeIgniter\View\View->render('Device\\view_dev...', Array, true)
#4 E:\htdocs\rico_store_management_app_2\app\Controllers\Device.php(297): view('Device\\view_dev...', Array)
#5 E:\htdocs\rico_store_management_app_2\system\CodeIgniter.php(931): App\Controllers\Device->load_view_device_view()
#6 E:\htdocs\rico_store_management_app_2\system\CodeIgniter.php(439): CodeIgniter\CodeIgniter->runController(Object(App\Controllers\Device))
#7 E:\htdocs\rico_store_management_app_2\system\CodeIgniter.php(339): CodeIgniter\CodeIgniter->handleRequest(NULL, Object(Config\Cache), false)
#8 E:\htdocs\rico_store_management_app_2\public\index.php(36): CodeIgniter\CodeIgniter->run()
#9 E:\htdocs\rico_store_management_app_2\system\Commands\Server\rewrite.php(45): require_once('E:\\htdocs\\rico_...')
#10 {main}
CRITICAL - 2021-07-11 11:36:52 --> Trying to get property 'user_account_first_name' of non-object
#0 E:\htdocs\rico_store_management_app_2\app\Views\Device\view_device_details.php(22): CodeIgniter\Debug\Exceptions->errorHandler(8, 'Trying to get p...', 'E:\\htdocs\\rico_...', 22, Array)
#1 E:\htdocs\rico_store_management_app_2\system\View\View.php(230): include('E:\\htdocs\\rico_...')
#2 E:\htdocs\rico_store_management_app_2\system\View\View.php(232): CodeIgniter\View\View->CodeIgniter\View\{closure}()
#3 E:\htdocs\rico_store_management_app_2\system\Common.php(1250): CodeIgniter\View\View->render('Device\\view_dev...', Array, true)
#4 E:\htdocs\rico_store_management_app_2\app\Controllers\Device.php(297): view('Device\\view_dev...', Array)
#5 E:\htdocs\rico_store_management_app_2\system\CodeIgniter.php(931): App\Controllers\Device->load_view_device_view()
#6 E:\htdocs\rico_store_management_app_2\system\CodeIgniter.php(439): CodeIgniter\CodeIgniter->runController(Object(App\Controllers\Device))
#7 E:\htdocs\rico_store_management_app_2\system\CodeIgniter.php(339): CodeIgniter\CodeIgniter->handleRequest(NULL, Object(Config\Cache), false)
#8 E:\htdocs\rico_store_management_app_2\public\index.php(36): CodeIgniter\CodeIgniter->run()
#9 E:\htdocs\rico_store_management_app_2\system\Commands\Server\rewrite.php(45): require_once('E:\\htdocs\\rico_...')
#10 {main}
ERROR - 2021-07-11 12:09:04 --> Table 'asset_management_codeigniter.reasons_for_returning_device' doesn't exist
CRITICAL - 2021-07-11 12:09:04 --> Table 'asset_management_codeigniter.reasons_for_returning_device' doesn't exist
#0 E:\htdocs\rico_store_management_app_2\system\Database\MySQLi\Connection.php(329): mysqli->query('select * from d...')
#1 E:\htdocs\rico_store_management_app_2\system\Database\BaseConnection.php(732): CodeIgniter\Database\MySQLi\Connection->execute('select * from d...')
#2 E:\htdocs\rico_store_management_app_2\system\Database\BaseConnection.php(647): CodeIgniter\Database\BaseConnection->simpleQuery('select * from d...')
#3 E:\htdocs\rico_store_management_app_2\app\Models\Device.php(175): CodeIgniter\Database\BaseConnection->query('select * from d...')
#4 E:\htdocs\rico_store_management_app_2\app\Controllers\Device.php(266): App\Models\Device->get_user_by_asset_tag_or_imei_or_serial_no('M1234', '', '')
#5 E:\htdocs\rico_store_management_app_2\system\CodeIgniter.php(931): App\Controllers\Device->check_if_device_has_been_returned()
#6 E:\htdocs\rico_store_management_app_2\system\CodeIgniter.php(439): CodeIgniter\CodeIgniter->runController(Object(App\Controllers\Device))
#7 E:\htdocs\rico_store_management_app_2\system\CodeIgniter.php(339): CodeIgniter\CodeIgniter->handleRequest(NULL, Object(Config\Cache), false)
#8 E:\htdocs\rico_store_management_app_2\public\index.php(36): CodeIgniter\CodeIgniter->run()
#9 E:\htdocs\rico_store_management_app_2\system\Commands\Server\rewrite.php(45): require_once('E:\\htdocs\\rico_...')
#10 {main}
ERROR - 2021-07-11 12:10:25 --> Table 'asset_management_codeigniter.reasons_for_returning_device' doesn't exist
CRITICAL - 2021-07-11 12:10:25 --> Table 'asset_management_codeigniter.reasons_for_returning_device' doesn't exist
#0 E:\htdocs\rico_store_management_app_2\system\Database\MySQLi\Connection.php(329): mysqli->query('select * from d...')
#1 E:\htdocs\rico_store_management_app_2\system\Database\BaseConnection.php(732): CodeIgniter\Database\MySQLi\Connection->execute('select * from d...')
#2 E:\htdocs\rico_store_management_app_2\system\Database\BaseConnection.php(647): CodeIgniter\Database\BaseConnection->simpleQuery('select * from d...')
#3 E:\htdocs\rico_store_management_app_2\app\Models\Device.php(175): CodeIgniter\Database\BaseConnection->query('select * from d...')
#4 E:\htdocs\rico_store_management_app_2\app\Controllers\Device.php(266): App\Models\Device->get_user_by_asset_tag_or_imei_or_serial_no('M!23', '', '')
#5 E:\htdocs\rico_store_management_app_2\system\CodeIgniter.php(931): App\Controllers\Device->check_if_device_has_been_returned()
#6 E:\htdocs\rico_store_management_app_2\system\CodeIgniter.php(439): CodeIgniter\CodeIgniter->runController(Object(App\Controllers\Device))
#7 E:\htdocs\rico_store_management_app_2\system\CodeIgniter.php(339): CodeIgniter\CodeIgniter->handleRequest(NULL, Object(Config\Cache), false)
#8 E:\htdocs\rico_store_management_app_2\public\index.php(36): CodeIgniter\CodeIgniter->run()
#9 E:\htdocs\rico_store_management_app_2\system\Commands\Server\rewrite.php(45): require_once('E:\\htdocs\\rico_...')
#10 {main}
ERROR - 2021-07-11 12:13:54 --> Table 'asset_management_codeigniter.reasons_for_returning_device' doesn't exist
CRITICAL - 2021-07-11 12:13:54 --> Table 'asset_management_codeigniter.reasons_for_returning_device' doesn't exist
#0 E:\htdocs\rico_store_management_app_2\system\Database\MySQLi\Connection.php(329): mysqli->query('select * from d...')
#1 E:\htdocs\rico_store_management_app_2\system\Database\BaseConnection.php(732): CodeIgniter\Database\MySQLi\Connection->execute('select * from d...')
#2 E:\htdocs\rico_store_management_app_2\system\Database\BaseConnection.php(647): CodeIgniter\Database\BaseConnection->simpleQuery('select * from d...')
#3 E:\htdocs\rico_store_management_app_2\app\Models\Device.php(175): CodeIgniter\Database\BaseConnection->query('select * from d...')
#4 E:\htdocs\rico_store_management_app_2\app\Controllers\Device.php(266): App\Models\Device->get_user_by_asset_tag_or_imei_or_serial_no('M1234', '', '')
#5 E:\htdocs\rico_store_management_app_2\system\CodeIgniter.php(931): App\Controllers\Device->check_if_device_has_been_returned()
#6 E:\htdocs\rico_store_management_app_2\system\CodeIgniter.php(439): CodeIgniter\CodeIgniter->runController(Object(App\Controllers\Device))
#7 E:\htdocs\rico_store_management_app_2\system\CodeIgniter.php(339): CodeIgniter\CodeIgniter->handleRequest(NULL, Object(Config\Cache), false)
#8 E:\htdocs\rico_store_management_app_2\public\index.php(36): CodeIgniter\CodeIgniter->run()
#9 E:\htdocs\rico_store_management_app_2\system\Commands\Server\rewrite.php(45): require_once('E:\\htdocs\\rico_...')
#10 {main}
ERROR - 2021-07-11 12:16:11 --> You have an error in your SQL syntax; check the manual that corresponds to your MariaDB server version for the right syntax to use near '\''.zed@gmail.com.'\',\''.12345678.'\',\''.0.'\',\''.Gen.'\',\''.Zed.'\')' at line 3
CRITICAL - 2021-07-11 12:16:11 --> You have an error in your SQL syntax; check the manual that corresponds to your MariaDB server version for the right syntax to use near '\''.zed@gmail.com.'\',\''.12345678.'\',\''.0.'\',\''.Gen.'\',\''.Zed.'\')' at line 3
#0 E:\htdocs\rico_store_management_app_2\system\Database\MySQLi\Connection.php(329): mysqli->query('insert into use...')
#1 E:\htdocs\rico_store_management_app_2\system\Database\BaseConnection.php(732): CodeIgniter\Database\MySQLi\Connection->execute('insert into use...')
#2 E:\htdocs\rico_store_management_app_2\system\Database\BaseConnection.php(647): CodeIgniter\Database\BaseConnection->simpleQuery('insert into use...')
#3 E:\htdocs\rico_store_management_app_2\app\Models\Users.php(123): CodeIgniter\Database\BaseConnection->query('insert into use...')
#4 E:\htdocs\rico_store_management_app_2\app\Controllers\Device.php(212): App\Models\Users->insert_update_returned_device_user_data(0, 'zed@gmail.com', '12345678', '0', 'Gen', 'Zed')
#5 E:\htdocs\rico_store_management_app_2\system\CodeIgniter.php(931): App\Controllers\Device->add_edit_returned_device()
#6 E:\htdocs\rico_store_management_app_2\system\CodeIgniter.php(439): CodeIgniter\CodeIgniter->runController(Object(App\Controllers\Device))
#7 E:\htdocs\rico_store_management_app_2\system\CodeIgniter.php(339): CodeIgniter\CodeIgniter->handleRequest(NULL, Object(Config\Cache), false)
#8 E:\htdocs\rico_store_management_app_2\public\index.php(36): CodeIgniter\CodeIgniter->run()
#9 E:\htdocs\rico_store_management_app_2\system\Commands\Server\rewrite.php(45): require_once('E:\\htdocs\\rico_...')
#10 {main}
CRITICAL - 2021-07-11 12:26:27 --> Undefined variable: second_name
#0 E:\htdocs\rico_store_management_app_2\app\Views\Users\user_filtered.php(20): CodeIgniter\Debug\Exceptions->errorHandler(8, 'Undefined varia...', 'E:\\htdocs\\rico_...', 20, Array)
#1 E:\htdocs\rico_store_management_app_2\system\View\View.php(230): include('E:\\htdocs\\rico_...')
#2 E:\htdocs\rico_store_management_app_2\system\View\View.php(232): CodeIgniter\View\View->CodeIgniter\View\{closure}()
#3 E:\htdocs\rico_store_management_app_2\system\Common.php(1250): CodeIgniter\View\View->render('Users\\user_filt...', Array, true)
#4 E:\htdocs\rico_store_management_app_2\app\Controllers\Users.php(101): view('Users\\user_filt...', Array)
#5 E:\htdocs\rico_store_management_app_2\system\CodeIgniter.php(931): App\Controllers\Users->display_specific_returned_device_user()
#6 E:\htdocs\rico_store_management_app_2\system\CodeIgniter.php(439): CodeIgniter\CodeIgniter->runController(Object(App\Controllers\Users))
#7 E:\htdocs\rico_store_management_app_2\system\CodeIgniter.php(339): CodeIgniter\CodeIgniter->handleRequest(NULL, Object(Config\Cache), false)
#8 E:\htdocs\rico_store_management_app_2\public\index.php(36): CodeIgniter\CodeIgniter->run()
#9 E:\htdocs\rico_store_management_app_2\system\Commands\Server\rewrite.php(45): require_once('E:\\htdocs\\rico_...')
#10 {main}
CRITICAL - 2021-07-11 12:28:18 --> Trying to get property 'first_name' of non-object
#0 E:\htdocs\rico_store_management_app_2\app\Views\Users\user_filtered.php(20): CodeIgniter\Debug\Exceptions->errorHandler(8, 'Trying to get p...', 'E:\\htdocs\\rico_...', 20, Array)
#1 E:\htdocs\rico_store_management_app_2\system\View\View.php(230): include('E:\\htdocs\\rico_...')
#2 E:\htdocs\rico_store_management_app_2\system\View\View.php(232): CodeIgniter\View\View->CodeIgniter\View\{closure}()
#3 E:\htdocs\rico_store_management_app_2\system\Common.php(1250): CodeIgniter\View\View->render('Users\\user_filt...', Array, true)
#4 E:\htdocs\rico_store_management_app_2\app\Controllers\Users.php(101): view('Users\\user_filt...', Array)
#5 E:\htdocs\rico_store_management_app_2\system\CodeIgniter.php(931): App\Controllers\Users->display_specific_returned_device_user()
#6 E:\htdocs\rico_store_management_app_2\system\CodeIgniter.php(439): CodeIgniter\CodeIgniter->runController(Object(App\Controllers\Users))
#7 E:\htdocs\rico_store_management_app_2\system\CodeIgniter.php(339): CodeIgniter\CodeIgniter->handleRequest(NULL, Object(Config\Cache), false)
#8 E:\htdocs\rico_store_management_app_2\public\index.php(36): CodeIgniter\CodeIgniter->run()
#9 E:\htdocs\rico_store_management_app_2\system\Commands\Server\rewrite.php(45): require_once('E:\\htdocs\\rico_...')
#10 {main}
CRITICAL - 2021-07-11 12:30:56 --> syntax error, unexpected end of file
#0 E:\htdocs\rico_store_management_app_2\system\View\View.php(232): CodeIgniter\View\View->CodeIgniter\View\{closure}()
#1 E:\htdocs\rico_store_management_app_2\system\Common.php(1250): CodeIgniter\View\View->render('Users\\user_filt...', Array, true)
#2 E:\htdocs\rico_store_management_app_2\app\Controllers\Users.php(101): view('Users\\user_filt...', Array)
#3 E:\htdocs\rico_store_management_app_2\system\CodeIgniter.php(931): App\Controllers\Users->display_specific_returned_device_user()
#4 E:\htdocs\rico_store_management_app_2\system\CodeIgniter.php(439): CodeIgniter\CodeIgniter->runController(Object(App\Controllers\Users))
#5 E:\htdocs\rico_store_management_app_2\system\CodeIgniter.php(339): CodeIgniter\CodeIgniter->handleRequest(NULL, Object(Config\Cache), false)
#6 E:\htdocs\rico_store_management_app_2\public\index.php(36): CodeIgniter\CodeIgniter->run()
#7 E:\htdocs\rico_store_management_app_2\system\Commands\Server\rewrite.php(45): require_once('E:\\htdocs\\rico_...')
#8 {main}
CRITICAL - 2021-07-11 12:31:21 --> Undefined variable: second_name
#0 E:\htdocs\rico_store_management_app_2\app\Views\Users\user_filtered.php(24): CodeIgniter\Debug\Exceptions->errorHandler(8, 'Undefined varia...', 'E:\\htdocs\\rico_...', 24, Array)
#1 E:\htdocs\rico_store_management_app_2\system\View\View.php(230): include('E:\\htdocs\\rico_...')
#2 E:\htdocs\rico_store_management_app_2\system\View\View.php(232): CodeIgniter\View\View->CodeIgniter\View\{closure}()
#3 E:\htdocs\rico_store_management_app_2\system\Common.php(1250): CodeIgniter\View\View->render('Users\\user_filt...', Array, true)
#4 E:\htdocs\rico_store_management_app_2\app\Controllers\Users.php(101): view('Users\\user_filt...', Array)
#5 E:\htdocs\rico_store_management_app_2\system\CodeIgniter.php(931): App\Controllers\Users->display_specific_returned_device_user()
#6 E:\htdocs\rico_store_management_app_2\system\CodeIgniter.php(439): CodeIgniter\CodeIgniter->runController(Object(App\Controllers\Users))
#7 E:\htdocs\rico_store_management_app_2\system\CodeIgniter.php(339): CodeIgniter\CodeIgniter->handleRequest(NULL, Object(Config\Cache), false)
#8 E:\htdocs\rico_store_management_app_2\public\index.php(36): CodeIgniter\CodeIgniter->run()
#9 E:\htdocs\rico_store_management_app_2\system\Commands\Server\rewrite.php(45): require_once('E:\\htdocs\\rico_...')
#10 {main}
CRITICAL - 2021-07-11 12:31:58 --> Undefined variable: second_name
#0 E:\htdocs\rico_store_management_app_2\app\Views\Users\user_filtered.php(24): CodeIgniter\Debug\Exceptions->errorHandler(8, 'Undefined varia...', 'E:\\htdocs\\rico_...', 24, Array)
#1 E:\htdocs\rico_store_management_app_2\system\View\View.php(230): include('E:\\htdocs\\rico_...')
#2 E:\htdocs\rico_store_management_app_2\system\View\View.php(232): CodeIgniter\View\View->CodeIgniter\View\{closure}()
#3 E:\htdocs\rico_store_management_app_2\system\Common.php(1250): CodeIgniter\View\View->render('Users\\user_filt...', Array, true)
#4 E:\htdocs\rico_store_management_app_2\app\Controllers\Users.php(101): view('Users\\user_filt...', Array)
#5 E:\htdocs\rico_store_management_app_2\system\CodeIgniter.php(931): App\Controllers\Users->display_specific_returned_device_user()
#6 E:\htdocs\rico_store_management_app_2\system\CodeIgniter.php(439): CodeIgniter\CodeIgniter->runController(Object(App\Controllers\Users))
#7 E:\htdocs\rico_store_management_app_2\system\CodeIgniter.php(339): CodeIgniter\CodeIgniter->handleRequest(NULL, Object(Config\Cache), false)
#8 E:\htdocs\rico_store_management_app_2\public\index.php(36): CodeIgniter\CodeIgniter->run()
#9 E:\htdocs\rico_store_management_app_2\system\Commands\Server\rewrite.php(45): require_once('E:\\htdocs\\rico_...')
#10 {main}
CRITICAL - 2021-07-11 12:32:49 --> Trying to get property 'user_returning_device_id' of non-object
#0 E:\htdocs\rico_store_management_app_2\app\Views\Users\user_filtered.php(28): CodeIgniter\Debug\Exceptions->errorHandler(8, 'Trying to get p...', 'E:\\htdocs\\rico_...', 28, Array)
#1 E:\htdocs\rico_store_management_app_2\system\View\View.php(230): include('E:\\htdocs\\rico_...')
#2 E:\htdocs\rico_store_management_app_2\system\View\View.php(232): CodeIgniter\View\View->CodeIgniter\View\{closure}()
#3 E:\htdocs\rico_store_management_app_2\system\Common.php(1250): CodeIgniter\View\View->render('Users\\user_filt...', Array, true)
#4 E:\htdocs\rico_store_management_app_2\app\Controllers\Users.php(101): view('Users\\user_filt...', Array)
#5 E:\htdocs\rico_store_management_app_2\system\CodeIgniter.php(931): App\Controllers\Users->display_specific_returned_device_user()
#6 E:\htdocs\rico_store_management_app_2\system\CodeIgniter.php(439): CodeIgniter\CodeIgniter->runController(Object(App\Controllers\Users))
#7 E:\htdocs\rico_store_management_app_2\system\CodeIgniter.php(339): CodeIgniter\CodeIgniter->handleRequest(NULL, Object(Config\Cache), false)
#8 E:\htdocs\rico_store_management_app_2\public\index.php(36): CodeIgniter\CodeIgniter->run()
#9 E:\htdocs\rico_store_management_app_2\system\Commands\Server\rewrite.php(45): require_once('E:\\htdocs\\rico_...')
#10 {main}
CRITICAL - 2021-07-11 12:33:34 --> Undefined variable: second_name
#0 E:\htdocs\rico_store_management_app_2\app\Views\Users\user_filtered.php(24): CodeIgniter\Debug\Exceptions->errorHandler(8, 'Undefined varia...', 'E:\\htdocs\\rico_...', 24, Array)
#1 E:\htdocs\rico_store_management_app_2\system\View\View.php(230): include('E:\\htdocs\\rico_...')
#2 E:\htdocs\rico_store_management_app_2\system\View\View.php(232): CodeIgniter\View\View->CodeIgniter\View\{closure}()
#3 E:\htdocs\rico_store_management_app_2\system\Common.php(1250): CodeIgniter\View\View->render('Users\\user_filt...', Array, true)
#4 E:\htdocs\rico_store_management_app_2\app\Controllers\Users.php(101): view('Users\\user_filt...', Array)
#5 E:\htdocs\rico_store_management_app_2\system\CodeIgniter.php(931): App\Controllers\Users->display_specific_returned_device_user()
#6 E:\htdocs\rico_store_management_app_2\system\CodeIgniter.php(439): CodeIgniter\CodeIgniter->runController(Object(App\Controllers\Users))
#7 E:\htdocs\rico_store_management_app_2\system\CodeIgniter.php(339): CodeIgniter\CodeIgniter->handleRequest(NULL, Object(Config\Cache), false)
#8 E:\htdocs\rico_store_management_app_2\public\index.php(36): CodeIgniter\CodeIgniter->run()
#9 E:\htdocs\rico_store_management_app_2\system\Commands\Server\rewrite.php(45): require_once('E:\\htdocs\\rico_...')
#10 {main}
CRITICAL - 2021-07-11 12:34:05 --> Trying to get property 'user_returning_device_id' of non-object
#0 E:\htdocs\rico_store_management_app_2\app\Views\Users\user_filtered.php(28): CodeIgniter\Debug\Exceptions->errorHandler(8, 'Trying to get p...', 'E:\\htdocs\\rico_...', 28, Array)
#1 E:\htdocs\rico_store_management_app_2\system\View\View.php(230): include('E:\\htdocs\\rico_...')
#2 E:\htdocs\rico_store_management_app_2\system\View\View.php(232): CodeIgniter\View\View->CodeIgniter\View\{closure}()
#3 E:\htdocs\rico_store_management_app_2\system\Common.php(1250): CodeIgniter\View\View->render('Users\\user_filt...', Array, true)
#4 E:\htdocs\rico_store_management_app_2\app\Controllers\Users.php(101): view('Users\\user_filt...', Array)
#5 E:\htdocs\rico_store_management_app_2\system\CodeIgniter.php(931): App\Controllers\Users->display_specific_returned_device_user()
#6 E:\htdocs\rico_store_management_app_2\system\CodeIgniter.php(439): CodeIgniter\CodeIgniter->runController(Object(App\Controllers\Users))
#7 E:\htdocs\rico_store_management_app_2\system\CodeIgniter.php(339): CodeIgniter\CodeIgniter->handleRequest(NULL, Object(Config\Cache), false)
#8 E:\htdocs\rico_store_management_app_2\public\index.php(36): CodeIgniter\CodeIgniter->run()
#9 E:\htdocs\rico_store_management_app_2\system\Commands\Server\rewrite.php(45): require_once('E:\\htdocs\\rico_...')
#10 {main}
CRITICAL - 2021-07-11 12:39:23 --> Undefined variable: user_account_id
#0 E:\htdocs\rico_store_management_app_2\app\Controllers\Users.php(141): CodeIgniter\Debug\Exceptions->errorHandler(8, 'Undefined varia...', 'E:\\htdocs\\rico_...', 141, Array)
#1 E:\htdocs\rico_store_management_app_2\system\CodeIgniter.php(931): App\Controllers\Users->load_add_edit_user_returned_device_views()
#2 E:\htdocs\rico_store_management_app_2\system\CodeIgniter.php(439): CodeIgniter\CodeIgniter->runController(Object(App\Controllers\Users))
#3 E:\htdocs\rico_store_management_app_2\system\CodeIgniter.php(339): CodeIgniter\CodeIgniter->handleRequest(NULL, Object(Config\Cache), false)
#4 E:\htdocs\rico_store_management_app_2\public\index.php(36): CodeIgniter\CodeIgniter->run()
#5 E:\htdocs\rico_store_management_app_2\system\Commands\Server\rewrite.php(45): require_once('E:\\htdocs\\rico_...')
#6 {main}
CRITICAL - 2021-07-11 13:00:02 --> Trying to get property 'first_name' of non-object
#0 E:\htdocs\rico_store_management_app_2\app\Views\Users\user_filtered.php(24): CodeIgniter\Debug\Exceptions->errorHandler(8, 'Trying to get p...', 'E:\\htdocs\\rico_...', 24, Array)
#1 E:\htdocs\rico_store_management_app_2\system\View\View.php(230): include('E:\\htdocs\\rico_...')
#2 E:\htdocs\rico_store_management_app_2\system\View\View.php(232): CodeIgniter\View\View->CodeIgniter\View\{closure}()
#3 E:\htdocs\rico_store_management_app_2\system\Common.php(1250): CodeIgniter\View\View->render('Users\\user_filt...', Array, true)
#4 E:\htdocs\rico_store_management_app_2\app\Controllers\Users.php(101): view('Users\\user_filt...', Array)
#5 E:\htdocs\rico_store_management_app_2\system\CodeIgniter.php(931): App\Controllers\Users->display_specific_returned_device_user()
#6 E:\htdocs\rico_store_management_app_2\system\CodeIgniter.php(439): CodeIgniter\CodeIgniter->runController(Object(App\Controllers\Users))
#7 E:\htdocs\rico_store_management_app_2\system\CodeIgniter.php(339): CodeIgniter\CodeIgniter->handleRequest(NULL, Object(Config\Cache), false)
#8 E:\htdocs\rico_store_management_app_2\public\index.php(36): CodeIgniter\CodeIgniter->run()
#9 E:\htdocs\rico_store_management_app_2\system\Commands\Server\rewrite.php(45): require_once('E:\\htdocs\\rico_...')
#10 {main}
ERROR - 2021-07-11 13:02:05 --> You have an error in your SQL syntax; check the manual that corresponds to your MariaDB server version for the right syntax to use near '0 = ('zed@gmail.com','12345678','0','Gen','Zed')
WHERE `user_returning_device...' at line 1
CRITICAL - 2021-07-11 13:02:05 --> You have an error in your SQL syntax; check the manual that corresponds to your MariaDB server version for the right syntax to use near '0 = ('zed@gmail.com','12345678','0','Gen','Zed')
WHERE `user_returning_device...' at line 1
#0 E:\htdocs\rico_store_management_app_2\system\Database\MySQLi\Connection.php(329): mysqli->query('UPDATE `user_re...')
#1 E:\htdocs\rico_store_management_app_2\system\Database\BaseConnection.php(732): CodeIgniter\Database\MySQLi\Connection->execute('UPDATE `user_re...')
#2 E:\htdocs\rico_store_management_app_2\system\Database\BaseConnection.php(647): CodeIgniter\Database\BaseConnection->simpleQuery('UPDATE `user_re...')
#3 E:\htdocs\rico_store_management_app_2\system\Database\BaseBuilder.php(2482): CodeIgniter\Database\BaseConnection->query('UPDATE `user_re...', Array, false)
#4 E:\htdocs\rico_store_management_app_2\app\Models\Users.php(122): CodeIgniter\Database\BaseBuilder->update(Array)
#5 E:\htdocs\rico_store_management_app_2\app\Controllers\Users.php(117): App\Models\Users->insert_update_returned_device_user_data('2', 'zed@gmail.com', '12345678', '0', 'Gen', 'Zed')
#6 E:\htdocs\rico_store_management_app_2\system\CodeIgniter.php(931): App\Controllers\Users->add_edit_user_that_returned_device()
#7 E:\htdocs\rico_store_management_app_2\system\CodeIgniter.php(439): CodeIgniter\CodeIgniter->runController(Object(App\Controllers\Users))
#8 E:\htdocs\rico_store_management_app_2\system\CodeIgniter.php(339): CodeIgniter\CodeIgniter->handleRequest(NULL, Object(Config\Cache), false)
#9 E:\htdocs\rico_store_management_app_2\public\index.php(36): CodeIgniter\CodeIgniter->run()
#10 E:\htdocs\rico_store_management_app_2\system\Commands\Server\rewrite.php(45): require_once('E:\\htdocs\\rico_...')
#11 {main}
CRITICAL - 2021-07-11 13:06:20 --> Undefined variable: user_account_id
#0 E:\htdocs\rico_store_management_app_2\app\Models\Users.php(134): CodeIgniter\Debug\Exceptions->errorHandler(8, 'Undefined varia...', 'E:\\htdocs\\rico_...', 134, Array)
#1 E:\htdocs\rico_store_management_app_2\app\Controllers\Users.php(117): App\Models\Users->insert_update_returned_device_user_data('2', 'zed@gmail.com', '12345678', '0', 'Gen', 'Zed')
#2 E:\htdocs\rico_store_management_app_2\system\CodeIgniter.php(931): App\Controllers\Users->add_edit_user_that_returned_device()
#3 E:\htdocs\rico_store_management_app_2\system\CodeIgniter.php(439): CodeIgniter\CodeIgniter->runController(Object(App\Controllers\Users))
#4 E:\htdocs\rico_store_management_app_2\system\CodeIgniter.php(339): CodeIgniter\CodeIgniter->handleRequest(NULL, Object(Config\Cache), false)
#5 E:\htdocs\rico_store_management_app_2\public\index.php(36): CodeIgniter\CodeIgniter->run()
#6 E:\htdocs\rico_store_management_app_2\system\Commands\Server\rewrite.php(45): require_once('E:\\htdocs\\rico_...')
#7 {main}
ERROR - 2021-07-11 13:07:31 --> Table 'asset_management_codeigniter.reasons_for_returning_device' doesn't exist
CRITICAL - 2021-07-11 13:07:31 --> Table 'asset_management_codeigniter.reasons_for_returning_device' doesn't exist
#0 E:\htdocs\rico_store_management_app_2\system\Database\MySQLi\Connection.php(329): mysqli->query('select * from d...')
#1 E:\htdocs\rico_store_management_app_2\system\Database\BaseConnection.php(732): CodeIgniter\Database\MySQLi\Connection->execute('select * from d...')
#2 E:\htdocs\rico_store_management_app_2\system\Database\BaseConnection.php(647): CodeIgniter\Database\BaseConnection->simpleQuery('select * from d...')
#3 E:\htdocs\rico_store_management_app_2\app\Models\Device.php(175): CodeIgniter\Database\BaseConnection->query('select * from d...')
#4 E:\htdocs\rico_store_management_app_2\app\Controllers\Device.php(265): App\Models\Device->get_user_by_asset_tag_or_imei_or_serial_no('90210', '', '')
#5 E:\htdocs\rico_store_management_app_2\system\CodeIgniter.php(931): App\Controllers\Device->check_if_device_has_been_returned()
#6 E:\htdocs\rico_store_management_app_2\system\CodeIgniter.php(439): CodeIgniter\CodeIgniter->runController(Object(App\Controllers\Device))
#7 E:\htdocs\rico_store_management_app_2\system\CodeIgniter.php(339): CodeIgniter\CodeIgniter->handleRequest(NULL, Object(Config\Cache), false)
#8 E:\htdocs\rico_store_management_app_2\public\index.php(36): CodeIgniter\CodeIgniter->run()
#9 E:\htdocs\rico_store_management_app_2\system\Commands\Server\rewrite.php(45): require_once('E:\\htdocs\\rico_...')
#10 {main}
ERROR - 2021-07-11 13:13:39 --> Table 'asset_management_codeigniter.reasons_for_returning_device' doesn't exist
CRITICAL - 2021-07-11 13:13:39 --> Table 'asset_management_codeigniter.reasons_for_returning_device' doesn't exist
#0 E:\htdocs\rico_store_management_app_2\system\Database\MySQLi\Connection.php(329): mysqli->query('select * from d...')
#1 E:\htdocs\rico_store_management_app_2\system\Database\BaseConnection.php(732): CodeIgniter\Database\MySQLi\Connection->execute('select * from d...')
#2 E:\htdocs\rico_store_management_app_2\system\Database\BaseConnection.php(647): CodeIgniter\Database\BaseConnection->simpleQuery('select * from d...')
#3 E:\htdocs\rico_store_management_app_2\app\Models\Device.php(175): CodeIgniter\Database\BaseConnection->query('select * from d...')
#4 E:\htdocs\rico_store_management_app_2\app\Controllers\Device.php(265): App\Models\Device->get_user_by_asset_tag_or_imei_or_serial_no('dsdss', '', '')
#5 E:\htdocs\rico_store_management_app_2\system\CodeIgniter.php(931): App\Controllers\Device->check_if_device_has_been_returned()
#6 E:\htdocs\rico_store_management_app_2\system\CodeIgniter.php(439): CodeIgniter\CodeIgniter->runController(Object(App\Controllers\Device))
#7 E:\htdocs\rico_store_management_app_2\system\CodeIgniter.php(339): CodeIgniter\CodeIgniter->handleRequest(NULL, Object(Config\Cache), false)
#8 E:\htdocs\rico_store_management_app_2\public\index.php(36): CodeIgniter\CodeIgniter->run()
#9 E:\htdocs\rico_store_management_app_2\system\Commands\Server\rewrite.php(45): require_once('E:\\htdocs\\rico_...')
#10 {main}
ERROR - 2021-07-11 13:24:27 --> Unknown column 'reasons_for_returning_device.reason_for_returning_device_id' in 'on clause'
CRITICAL - 2021-07-11 13:24:27 --> Unknown column 'reasons_for_returning_device.reason_for_returning_device_id' in 'on clause'
#0 E:\htdocs\rico_store_management_app_2\system\Database\MySQLi\Connection.php(329): mysqli->query('select * from d...')
#1 E:\htdocs\rico_store_management_app_2\system\Database\BaseConnection.php(732): CodeIgniter\Database\MySQLi\Connection->execute('select * from d...')
#2 E:\htdocs\rico_store_management_app_2\system\Database\BaseConnection.php(647): CodeIgniter\Database\BaseConnection->simpleQuery('select * from d...')
#3 E:\htdocs\rico_store_management_app_2\app\Models\Device.php(178): CodeIgniter\Database\BaseConnection->query('select * from d...')
#4 E:\htdocs\rico_store_management_app_2\app\Controllers\Device.php(265): App\Models\Device->get_user_by_asset_tag_or_imei_or_serial_no('HP123', '', '')
#5 E:\htdocs\rico_store_management_app_2\system\CodeIgniter.php(931): App\Controllers\Device->check_if_device_has_been_returned()
#6 E:\htdocs\rico_store_management_app_2\system\CodeIgniter.php(439): CodeIgniter\CodeIgniter->runController(Object(App\Controllers\Device))
#7 E:\htdocs\rico_store_management_app_2\system\CodeIgniter.php(339): CodeIgniter\CodeIgniter->handleRequest(NULL, Object(Config\Cache), false)
#8 E:\htdocs\rico_store_management_app_2\public\index.php(36): CodeIgniter\CodeIgniter->run()
#9 E:\htdocs\rico_store_management_app_2\system\Commands\Server\rewrite.php(45): require_once('E:\\htdocs\\rico_...')
#10 {main}
ERROR - 2021-07-11 13:25:32 --> Unknown column 'reasons_for_returning_device.reason_for_returning_device_id' in 'on clause'
CRITICAL - 2021-07-11 13:25:32 --> Unknown column 'reasons_for_returning_device.reason_for_returning_device_id' in 'on clause'
#0 E:\htdocs\rico_store_management_app_2\system\Database\MySQLi\Connection.php(329): mysqli->query('select * from d...')
#1 E:\htdocs\rico_store_management_app_2\system\Database\BaseConnection.php(732): CodeIgniter\Database\MySQLi\Connection->execute('select * from d...')
#2 E:\htdocs\rico_store_management_app_2\system\Database\BaseConnection.php(647): CodeIgniter\Database\BaseConnection->simpleQuery('select * from d...')
#3 E:\htdocs\rico_store_management_app_2\app\Models\Device.php(178): CodeIgniter\Database\BaseConnection->query('select * from d...')
#4 E:\htdocs\rico_store_management_app_2\app\Controllers\Device.php(265): App\Models\Device->get_user_by_asset_tag_or_imei_or_serial_no('HP123', '', '')
#5 E:\htdocs\rico_store_management_app_2\system\CodeIgniter.php(931): App\Controllers\Device->check_if_device_has_been_returned()
#6 E:\htdocs\rico_store_management_app_2\system\CodeIgniter.php(439): CodeIgniter\CodeIgniter->runController(Object(App\Controllers\Device))
#7 E:\htdocs\rico_store_management_app_2\system\CodeIgniter.php(339): CodeIgniter\CodeIgniter->handleRequest(NULL, Object(Config\Cache), false)
#8 E:\htdocs\rico_store_management_app_2\public\index.php(36): CodeIgniter\CodeIgniter->run()
#9 E:\htdocs\rico_store_management_app_2\system\Commands\Server\rewrite.php(45): require_once('E:\\htdocs\\rico_...')
#10 {main}
ERROR - 2021-07-11 13:27:17 --> Unknown column 'user_returning_device.user_returning_device_id' in 'on clause'
CRITICAL - 2021-07-11 13:27:17 --> Unknown column 'user_returning_device.user_returning_device_id' in 'on clause'
#0 E:\htdocs\rico_store_management_app_2\system\Database\MySQLi\Connection.php(329): mysqli->query('select * from d...')
#1 E:\htdocs\rico_store_management_app_2\system\Database\BaseConnection.php(732): CodeIgniter\Database\MySQLi\Connection->execute('select * from d...')
#2 E:\htdocs\rico_store_management_app_2\system\Database\BaseConnection.php(647): CodeIgniter\Database\BaseConnection->simpleQuery('select * from d...')
#3 E:\htdocs\rico_store_management_app_2\app\Models\Device.php(178): CodeIgniter\Database\BaseConnection->query('select * from d...')
#4 E:\htdocs\rico_store_management_app_2\app\Controllers\Device.php(265): App\Models\Device->get_user_by_asset_tag_or_imei_or_serial_no('HP123', '', '')
#5 E:\htdocs\rico_store_management_app_2\system\CodeIgniter.php(931): App\Controllers\Device->check_if_device_has_been_returned()
#6 E:\htdocs\rico_store_management_app_2\system\CodeIgniter.php(439): CodeIgniter\CodeIgniter->runController(Object(App\Controllers\Device))
#7 E:\htdocs\rico_store_management_app_2\system\CodeIgniter.php(339): CodeIgniter\CodeIgniter->handleRequest(NULL, Object(Config\Cache), false)
#8 E:\htdocs\rico_store_management_app_2\public\index.php(36): CodeIgniter\CodeIgniter->run()
#9 E:\htdocs\rico_store_management_app_2\system\Commands\Server\rewrite.php(45): require_once('E:\\htdocs\\rico_...')
#10 {main}
CRITICAL - 2021-07-11 13:28:26 --> Undefined property: stdClass::$user_account_first_name
#0 E:\htdocs\rico_store_management_app_2\app\Views\Device\filtered_device.php(26): CodeIgniter\Debug\Exceptions->errorHandler(8, 'Undefined prope...', 'E:\\htdocs\\rico_...', 26, Array)
#1 E:\htdocs\rico_store_management_app_2\system\View\View.php(230): include('E:\\htdocs\\rico_...')
#2 E:\htdocs\rico_store_management_app_2\system\View\View.php(232): CodeIgniter\View\View->CodeIgniter\View\{closure}()
#3 E:\htdocs\rico_store_management_app_2\system\Common.php(1250): CodeIgniter\View\View->render('Device\\filtered...', Array, true)
#4 E:\htdocs\rico_store_management_app_2\app\Controllers\Device.php(269): view('Device\\filtered...', Array)
#5 E:\htdocs\rico_store_management_app_2\system\CodeIgniter.php(931): App\Controllers\Device->check_if_device_has_been_returned()
#6 E:\htdocs\rico_store_management_app_2\system\CodeIgniter.php(439): CodeIgniter\CodeIgniter->runController(Object(App\Controllers\Device))
#7 E:\htdocs\rico_store_management_app_2\system\CodeIgniter.php(339): CodeIgniter\CodeIgniter->handleRequest(NULL, Object(Config\Cache), false)
#8 E:\htdocs\rico_store_management_app_2\public\index.php(36): CodeIgniter\CodeIgniter->run()
#9 E:\htdocs\rico_store_management_app_2\system\Commands\Server\rewrite.php(45): require_once('E:\\htdocs\\rico_...')
#10 {main}
CRITICAL - 2021-07-11 13:28:27 --> Undefined property: stdClass::$user_account_first_name
#0 E:\htdocs\rico_store_management_app_2\app\Views\Device\filtered_device.php(26): CodeIgniter\Debug\Exceptions->errorHandler(8, 'Undefined prope...', 'E:\\htdocs\\rico_...', 26, Array)
#1 E:\htdocs\rico_store_management_app_2\system\View\View.php(230): include('E:\\htdocs\\rico_...')
#2 E:\htdocs\rico_store_management_app_2\system\View\View.php(232): CodeIgniter\View\View->CodeIgniter\View\{closure}()
#3 E:\htdocs\rico_store_management_app_2\system\Common.php(1250): CodeIgniter\View\View->render('Device\\filtered...', Array, true)
#4 E:\htdocs\rico_store_management_app_2\app\Controllers\Device.php(269): view('Device\\filtered...', Array)
#5 E:\htdocs\rico_store_management_app_2\system\CodeIgniter.php(931): App\Controllers\Device->check_if_device_has_been_returned()
#6 E:\htdocs\rico_store_management_app_2\system\CodeIgniter.php(439): CodeIgniter\CodeIgniter->runController(Object(App\Controllers\Device))
#7 E:\htdocs\rico_store_management_app_2\system\CodeIgniter.php(339): CodeIgniter\CodeIgniter->handleRequest(NULL, Object(Config\Cache), false)
#8 E:\htdocs\rico_store_management_app_2\public\index.php(36): CodeIgniter\CodeIgniter->run()
#9 E:\htdocs\rico_store_management_app_2\system\Commands\Server\rewrite.php(45): require_once('E:\\htdocs\\rico_...')
#10 {main}
CRITICAL - 2021-07-11 13:40:45 --> Undefined variable: user_that_added_device
#0 E:\htdocs\rico_store_management_app_2\app\Views\Device\view_device_details.php(50): CodeIgniter\Debug\Exceptions->errorHandler(8, 'Undefined varia...', 'E:\\htdocs\\rico_...', 50, Array)
#1 E:\htdocs\rico_store_management_app_2\system\View\View.php(230): include('E:\\htdocs\\rico_...')
#2 E:\htdocs\rico_store_management_app_2\system\View\View.php(232): CodeIgniter\View\View->CodeIgniter\View\{closure}()
#3 E:\htdocs\rico_store_management_app_2\system\Common.php(1250): CodeIgniter\View\View->render('Device\\view_dev...', Array, true)
#4 E:\htdocs\rico_store_management_app_2\app\Controllers\Device.php(300): view('Device\\view_dev...', Array)
#5 E:\htdocs\rico_store_management_app_2\system\CodeIgniter.php(931): App\Controllers\Device->load_view_device_view()
#6 E:\htdocs\rico_store_management_app_2\system\CodeIgniter.php(439): CodeIgniter\CodeIgniter->runController(Object(App\Controllers\Device))
#7 E:\htdocs\rico_store_management_app_2\system\CodeIgniter.php(339): CodeIgniter\CodeIgniter->handleRequest(NULL, Object(Config\Cache), false)
#8 E:\htdocs\rico_store_management_app_2\public\index.php(36): CodeIgniter\CodeIgniter->run()
#9 E:\htdocs\rico_store_management_app_2\system\Commands\Server\rewrite.php(45): require_once('E:\\htdocs\\rico_...')
#10 {main}
