ERROR - 2021-07-18 04:14:05 --> Error connecting to the database: No connection could be made because the target machine actively refused it.

CRITICAL - 2021-07-18 04:14:05 --> Unable to connect to the database.
Main connection [MySQLi]: No connection could be made because the target machine actively refused it.

#0 E:\htdocs\rico_store_management_app_2\system\Database\BaseConnection.php(625): CodeIgniter\Database\BaseConnection->initialize()
#1 E:\htdocs\rico_store_management_app_2\app\Models\Users.php(53): CodeIgniter\Database\BaseConnection->query('select * from u...')
#2 E:\htdocs\rico_store_management_app_2\app\Controllers\Auth.php(26): App\Models\Users->get_user_by_email_or_national_id_login('rapsizabel@gmai...')
#3 E:\htdocs\rico_store_management_app_2\system\CodeIgniter.php(931): App\Controllers\Auth->login()
#4 E:\htdocs\rico_store_management_app_2\system\CodeIgniter.php(439): CodeIgniter\CodeIgniter->runController(Object(App\Controllers\Auth))
#5 E:\htdocs\rico_store_management_app_2\system\CodeIgniter.php(339): CodeIgniter\CodeIgniter->handleRequest(NULL, Object(Config\Cache), false)
#6 E:\htdocs\rico_store_management_app_2\public\index.php(36): CodeIgniter\CodeIgniter->run()
#7 E:\htdocs\rico_store_management_app_2\system\Commands\Server\rewrite.php(45): require_once('E:\\htdocs\\rico_...')
#8 {main}
CRITICAL - 2021-07-18 04:14:06 --> Uncaught ErrorException: print_r(): Property access is not allowed yet in E:\htdocs\rico_store_management_app_2\app\Views\errors\html\error_exception.php:99
Stack trace:
#0 [internal function]: CodeIgniter\Debug\Exceptions->errorHandler(2, 'print_r(): Prop...', 'E:\\htdocs\\rico_...', 99, Array)
#1 E:\htdocs\rico_store_management_app_2\app\Views\errors\html\error_exception.php(99): print_r(Object(App\Controllers\Auth), true)
#2 E:\htdocs\rico_store_management_app_2\system\Debug\Exceptions.php(278): include('E:\\htdocs\\rico_...')
#3 E:\htdocs\rico_store_management_app_2\system\Debug\Exceptions.php(147): CodeIgniter\Debug\Exceptions->render(Object(CodeIgniter\Database\Exceptions\DatabaseException), 500)
#4 [internal function]: CodeIgniter\Debug\Exceptions->exceptionHandler(Object(CodeIgniter\Database\Exceptions\DatabaseException))
#5 {main}
  thrown
#0 [internal function]: CodeIgniter\Debug\Exceptions->shutdownHandler()
#1 {main}
ERROR - 2021-07-18 04:14:08 --> Error connecting to the database: No connection could be made because the target machine actively refused it.

CRITICAL - 2021-07-18 04:14:08 --> Unable to connect to the database.
Main connection [MySQLi]: No connection could be made because the target machine actively refused it.

#0 E:\htdocs\rico_store_management_app_2\system\Database\BaseConnection.php(625): CodeIgniter\Database\BaseConnection->initialize()
#1 E:\htdocs\rico_store_management_app_2\app\Models\Users.php(53): CodeIgniter\Database\BaseConnection->query('select * from u...')
#2 E:\htdocs\rico_store_management_app_2\app\Controllers\Auth.php(26): App\Models\Users->get_user_by_email_or_national_id_login('rapsizabel@gmai...')
#3 E:\htdocs\rico_store_management_app_2\system\CodeIgniter.php(931): App\Controllers\Auth->login()
#4 E:\htdocs\rico_store_management_app_2\system\CodeIgniter.php(439): CodeIgniter\CodeIgniter->runController(Object(App\Controllers\Auth))
#5 E:\htdocs\rico_store_management_app_2\system\CodeIgniter.php(339): CodeIgniter\CodeIgniter->handleRequest(NULL, Object(Config\Cache), false)
#6 E:\htdocs\rico_store_management_app_2\public\index.php(36): CodeIgniter\CodeIgniter->run()
#7 E:\htdocs\rico_store_management_app_2\system\Commands\Server\rewrite.php(45): require_once('E:\\htdocs\\rico_...')
#8 {main}
CRITICAL - 2021-07-18 04:14:08 --> Uncaught ErrorException: print_r(): Property access is not allowed yet in E:\htdocs\rico_store_management_app_2\app\Views\errors\html\error_exception.php:99
Stack trace:
#0 [internal function]: CodeIgniter\Debug\Exceptions->errorHandler(2, 'print_r(): Prop...', 'E:\\htdocs\\rico_...', 99, Array)
#1 E:\htdocs\rico_store_management_app_2\app\Views\errors\html\error_exception.php(99): print_r(Object(App\Controllers\Auth), true)
#2 E:\htdocs\rico_store_management_app_2\system\Debug\Exceptions.php(278): include('E:\\htdocs\\rico_...')
#3 E:\htdocs\rico_store_management_app_2\system\Debug\Exceptions.php(147): CodeIgniter\Debug\Exceptions->render(Object(CodeIgniter\Database\Exceptions\DatabaseException), 500)
#4 [internal function]: CodeIgniter\Debug\Exceptions->exceptionHandler(Object(CodeIgniter\Database\Exceptions\DatabaseException))
#5 {main}
  thrown
#0 [internal function]: CodeIgniter\Debug\Exceptions->shutdownHandler()
#1 {main}
ERROR - 2021-07-18 04:14:39 --> Error connecting to the database: No connection could be made because the target machine actively refused it.

CRITICAL - 2021-07-18 04:14:39 --> Unable to connect to the database.
Main connection [MySQLi]: No connection could be made because the target machine actively refused it.

#0 E:\htdocs\rico_store_management_app_2\system\Database\BaseConnection.php(625): CodeIgniter\Database\BaseConnection->initialize()
#1 E:\htdocs\rico_store_management_app_2\app\Models\Users.php(53): CodeIgniter\Database\BaseConnection->query('select * from u...')
#2 E:\htdocs\rico_store_management_app_2\app\Controllers\Auth.php(26): App\Models\Users->get_user_by_email_or_national_id_login(NULL)
#3 E:\htdocs\rico_store_management_app_2\system\CodeIgniter.php(931): App\Controllers\Auth->login()
#4 E:\htdocs\rico_store_management_app_2\system\CodeIgniter.php(439): CodeIgniter\CodeIgniter->runController(Object(App\Controllers\Auth))
#5 E:\htdocs\rico_store_management_app_2\system\CodeIgniter.php(339): CodeIgniter\CodeIgniter->handleRequest(NULL, Object(Config\Cache), false)
#6 E:\htdocs\rico_store_management_app_2\public\index.php(36): CodeIgniter\CodeIgniter->run()
#7 E:\htdocs\rico_store_management_app_2\system\Commands\Server\rewrite.php(45): require_once('E:\\htdocs\\rico_...')
#8 {main}
CRITICAL - 2021-07-18 04:14:39 --> Uncaught ErrorException: print_r(): Property access is not allowed yet in E:\htdocs\rico_store_management_app_2\app\Views\errors\html\error_exception.php:99
Stack trace:
#0 [internal function]: CodeIgniter\Debug\Exceptions->errorHandler(2, 'print_r(): Prop...', 'E:\\htdocs\\rico_...', 99, Array)
#1 E:\htdocs\rico_store_management_app_2\app\Views\errors\html\error_exception.php(99): print_r(Object(App\Controllers\Auth), true)
#2 E:\htdocs\rico_store_management_app_2\system\Debug\Exceptions.php(278): include('E:\\htdocs\\rico_...')
#3 E:\htdocs\rico_store_management_app_2\system\Debug\Exceptions.php(147): CodeIgniter\Debug\Exceptions->render(Object(CodeIgniter\Database\Exceptions\DatabaseException), 500)
#4 [internal function]: CodeIgniter\Debug\Exceptions->exceptionHandler(Object(CodeIgniter\Database\Exceptions\DatabaseException))
#5 {main}
  thrown
#0 [internal function]: CodeIgniter\Debug\Exceptions->shutdownHandler()
#1 {main}
ERROR - 2021-07-18 05:44:42 --> You have an error in your SQL syntax; check the manual that corresponds to your MariaDB server version for the right syntax to use near 'JOIN user_group ON user_account.user_group_id_fk =user_group.user_group_id
	...' at line 2
CRITICAL - 2021-07-18 05:44:42 --> You have an error in your SQL syntax; check the manual that corresponds to your MariaDB server version for the right syntax to use near 'JOIN user_group ON user_account.user_group_id_fk =user_group.user_group_id
	...' at line 2
#0 E:\htdocs\rico_store_management_app_2\system\Database\MySQLi\Connection.php(329): mysqli->query('select * from u...')
#1 E:\htdocs\rico_store_management_app_2\system\Database\BaseConnection.php(732): CodeIgniter\Database\MySQLi\Connection->execute('select * from u...')
#2 E:\htdocs\rico_store_management_app_2\system\Database\BaseConnection.php(647): CodeIgniter\Database\BaseConnection->simpleQuery('select * from u...')
#3 E:\htdocs\rico_store_management_app_2\app\Models\Users.php(64): CodeIgniter\Database\BaseConnection->query('select * from u...')
#4 E:\htdocs\rico_store_management_app_2\app\Controllers\Users.php(26): App\Models\Users->get_user_by_id(0)
#5 E:\htdocs\rico_store_management_app_2\system\CodeIgniter.php(931): App\Controllers\Users->load_add_edit_users_views()
#6 E:\htdocs\rico_store_management_app_2\system\CodeIgniter.php(439): CodeIgniter\CodeIgniter->runController(Object(App\Controllers\Users))
#7 E:\htdocs\rico_store_management_app_2\system\CodeIgniter.php(339): CodeIgniter\CodeIgniter->handleRequest(NULL, Object(Config\Cache), false)
#8 E:\htdocs\rico_store_management_app_2\public\index.php(36): CodeIgniter\CodeIgniter->run()
#9 E:\htdocs\rico_store_management_app_2\system\Commands\Server\rewrite.php(45): require_once('E:\\htdocs\\rico_...')
#10 {main}
ERROR - 2021-07-18 05:45:40 --> You have an error in your SQL syntax; check the manual that corresponds to your MariaDB server version for the right syntax to use near 'JOIN user_group ON user_account.user_group_id_fk =user_group.user_group_id
	...' at line 2
CRITICAL - 2021-07-18 05:45:40 --> You have an error in your SQL syntax; check the manual that corresponds to your MariaDB server version for the right syntax to use near 'JOIN user_group ON user_account.user_group_id_fk =user_group.user_group_id
	...' at line 2
#0 E:\htdocs\rico_store_management_app_2\system\Database\MySQLi\Connection.php(329): mysqli->query('SELECT * from u...')
#1 E:\htdocs\rico_store_management_app_2\system\Database\BaseConnection.php(732): CodeIgniter\Database\MySQLi\Connection->execute('SELECT * from u...')
#2 E:\htdocs\rico_store_management_app_2\system\Database\BaseConnection.php(647): CodeIgniter\Database\BaseConnection->simpleQuery('SELECT * from u...')
#3 E:\htdocs\rico_store_management_app_2\app\Models\Users.php(64): CodeIgniter\Database\BaseConnection->query('SELECT * from u...')
#4 E:\htdocs\rico_store_management_app_2\app\Controllers\Users.php(26): App\Models\Users->get_user_by_id(0)
#5 E:\htdocs\rico_store_management_app_2\system\CodeIgniter.php(931): App\Controllers\Users->load_add_edit_users_views()
#6 E:\htdocs\rico_store_management_app_2\system\CodeIgniter.php(439): CodeIgniter\CodeIgniter->runController(Object(App\Controllers\Users))
#7 E:\htdocs\rico_store_management_app_2\system\CodeIgniter.php(339): CodeIgniter\CodeIgniter->handleRequest(NULL, Object(Config\Cache), false)
#8 E:\htdocs\rico_store_management_app_2\public\index.php(36): CodeIgniter\CodeIgniter->run()
#9 E:\htdocs\rico_store_management_app_2\system\Commands\Server\rewrite.php(45): require_once('E:\\htdocs\\rico_...')
#10 {main}
ERROR - 2021-07-18 05:46:15 --> Unknown column 'subcounty.county_id' in 'on clause'
CRITICAL - 2021-07-18 05:46:15 --> Unknown column 'subcounty.county_id' in 'on clause'
#0 E:\htdocs\rico_store_management_app_2\system\Database\MySQLi\Connection.php(329): mysqli->query('SELECT * from u...')
#1 E:\htdocs\rico_store_management_app_2\system\Database\BaseConnection.php(732): CodeIgniter\Database\MySQLi\Connection->execute('SELECT * from u...')
#2 E:\htdocs\rico_store_management_app_2\system\Database\BaseConnection.php(647): CodeIgniter\Database\BaseConnection->simpleQuery('SELECT * from u...')
#3 E:\htdocs\rico_store_management_app_2\app\Models\Users.php(64): CodeIgniter\Database\BaseConnection->query('SELECT * from u...')
#4 E:\htdocs\rico_store_management_app_2\app\Controllers\Users.php(26): App\Models\Users->get_user_by_id(0)
#5 E:\htdocs\rico_store_management_app_2\system\CodeIgniter.php(931): App\Controllers\Users->load_add_edit_users_views()
#6 E:\htdocs\rico_store_management_app_2\system\CodeIgniter.php(439): CodeIgniter\CodeIgniter->runController(Object(App\Controllers\Users))
#7 E:\htdocs\rico_store_management_app_2\system\CodeIgniter.php(339): CodeIgniter\CodeIgniter->handleRequest(NULL, Object(Config\Cache), false)
#8 E:\htdocs\rico_store_management_app_2\public\index.php(36): CodeIgniter\CodeIgniter->run()
#9 E:\htdocs\rico_store_management_app_2\system\Commands\Server\rewrite.php(45): require_once('E:\\htdocs\\rico_...')
#10 {main}
CRITICAL - 2021-07-18 06:49:07 --> Undefined variable: 1
#0 E:\htdocs\rico_store_management_app_2\app\Views\Users\all_users.php(40): CodeIgniter\Debug\Exceptions->errorHandler(8, 'Undefined varia...', 'E:\\htdocs\\rico_...', 40, Array)
#1 E:\htdocs\rico_store_management_app_2\system\View\View.php(230): include('E:\\htdocs\\rico_...')
#2 E:\htdocs\rico_store_management_app_2\system\View\View.php(232): CodeIgniter\View\View->CodeIgniter\View\{closure}()
#3 E:\htdocs\rico_store_management_app_2\system\Common.php(1250): CodeIgniter\View\View->render('Users\\all_users', Array, true)
#4 E:\htdocs\rico_store_management_app_2\app\Controllers\Users.php(38): view('Users\\all_users', Array)
#5 E:\htdocs\rico_store_management_app_2\system\CodeIgniter.php(931): App\Controllers\Users->load_users_list()
#6 E:\htdocs\rico_store_management_app_2\system\CodeIgniter.php(439): CodeIgniter\CodeIgniter->runController(Object(App\Controllers\Users))
#7 E:\htdocs\rico_store_management_app_2\system\CodeIgniter.php(339): CodeIgniter\CodeIgniter->handleRequest(NULL, Object(Config\Cache), false)
#8 E:\htdocs\rico_store_management_app_2\public\index.php(36): CodeIgniter\CodeIgniter->run()
#9 E:\htdocs\rico_store_management_app_2\system\Commands\Server\rewrite.php(45): require_once('E:\\htdocs\\rico_...')
#10 {main}
CRITICAL - 2021-07-18 06:49:11 --> Undefined variable: 1
#0 E:\htdocs\rico_store_management_app_2\app\Views\Users\all_users.php(40): CodeIgniter\Debug\Exceptions->errorHandler(8, 'Undefined varia...', 'E:\\htdocs\\rico_...', 40, Array)
#1 E:\htdocs\rico_store_management_app_2\system\View\View.php(230): include('E:\\htdocs\\rico_...')
#2 E:\htdocs\rico_store_management_app_2\system\View\View.php(232): CodeIgniter\View\View->CodeIgniter\View\{closure}()
#3 E:\htdocs\rico_store_management_app_2\system\Common.php(1250): CodeIgniter\View\View->render('Users\\all_users', Array, true)
#4 E:\htdocs\rico_store_management_app_2\app\Controllers\Users.php(38): view('Users\\all_users', Array)
#5 E:\htdocs\rico_store_management_app_2\system\CodeIgniter.php(931): App\Controllers\Users->load_users_list()
#6 E:\htdocs\rico_store_management_app_2\system\CodeIgniter.php(439): CodeIgniter\CodeIgniter->runController(Object(App\Controllers\Users))
#7 E:\htdocs\rico_store_management_app_2\system\CodeIgniter.php(339): CodeIgniter\CodeIgniter->handleRequest(NULL, Object(Config\Cache), false)
#8 E:\htdocs\rico_store_management_app_2\public\index.php(36): CodeIgniter\CodeIgniter->run()
#9 E:\htdocs\rico_store_management_app_2\system\Commands\Server\rewrite.php(45): require_once('E:\\htdocs\\rico_...')
#10 {main}
