CRITICAL - 2021-07-10 12:35:57 --> Call to undefined method App\Models\Device::get_returned_device_user_data_by_id
#0 E:\htdocs\rico_store_management_app_2\app\Controllers\Device.php(178): CodeIgniter\Model->__call('get_returned_de...', Array)
#1 E:\htdocs\rico_store_management_app_2\system\CodeIgniter.php(931): App\Controllers\Device->load_add_returned_edit_device_view()
#2 E:\htdocs\rico_store_management_app_2\system\CodeIgniter.php(439): CodeIgniter\CodeIgniter->runController(Object(App\Controllers\Device))
#3 E:\htdocs\rico_store_management_app_2\system\CodeIgniter.php(339): CodeIgniter\CodeIgniter->handleRequest(NULL, Object(Config\Cache), false)
#4 E:\htdocs\rico_store_management_app_2\public\index.php(36): CodeIgniter\CodeIgniter->run()
#5 E:\htdocs\rico_store_management_app_2\system\Commands\Server\rewrite.php(45): require_once('E:\\htdocs\\rico_...')
#6 {main}
CRITICAL - 2021-07-10 12:36:15 --> Call to undefined method App\Models\Device::get_returned_device_user_data_by_id
#0 E:\htdocs\rico_store_management_app_2\app\Controllers\Device.php(178): CodeIgniter\Model->__call('get_returned_de...', Array)
#1 E:\htdocs\rico_store_management_app_2\system\CodeIgniter.php(931): App\Controllers\Device->load_add_returned_edit_device_view()
#2 E:\htdocs\rico_store_management_app_2\system\CodeIgniter.php(439): CodeIgniter\CodeIgniter->runController(Object(App\Controllers\Device))
#3 E:\htdocs\rico_store_management_app_2\system\CodeIgniter.php(339): CodeIgniter\CodeIgniter->handleRequest(NULL, Object(Config\Cache), false)
#4 E:\htdocs\rico_store_management_app_2\public\index.php(36): CodeIgniter\CodeIgniter->run()
#5 E:\htdocs\rico_store_management_app_2\system\Commands\Server\rewrite.php(45): require_once('E:\\htdocs\\rico_...')
#6 {main}
CRITICAL - 2021-07-10 12:36:20 --> Call to undefined method App\Models\Device::get_returned_device_user_data_by_id
#0 E:\htdocs\rico_store_management_app_2\app\Controllers\Device.php(178): CodeIgniter\Model->__call('get_returned_de...', Array)
#1 E:\htdocs\rico_store_management_app_2\system\CodeIgniter.php(931): App\Controllers\Device->load_add_returned_edit_device_view()
#2 E:\htdocs\rico_store_management_app_2\system\CodeIgniter.php(439): CodeIgniter\CodeIgniter->runController(Object(App\Controllers\Device))
#3 E:\htdocs\rico_store_management_app_2\system\CodeIgniter.php(339): CodeIgniter\CodeIgniter->handleRequest(NULL, Object(Config\Cache), false)
#4 E:\htdocs\rico_store_management_app_2\public\index.php(36): CodeIgniter\CodeIgniter->run()
#5 E:\htdocs\rico_store_management_app_2\system\Commands\Server\rewrite.php(45): require_once('E:\\htdocs\\rico_...')
#6 {main}
CRITICAL - 2021-07-10 12:38:12 --> Call to undefined method App\Models\Device::get_returned_device_user_data_by_id
#0 E:\htdocs\rico_store_management_app_2\app\Controllers\Device.php(181): CodeIgniter\Model->__call('get_returned_de...', Array)
#1 E:\htdocs\rico_store_management_app_2\system\CodeIgniter.php(931): App\Controllers\Device->load_add_returned_edit_device_view()
#2 E:\htdocs\rico_store_management_app_2\system\CodeIgniter.php(439): CodeIgniter\CodeIgniter->runController(Object(App\Controllers\Device))
#3 E:\htdocs\rico_store_management_app_2\system\CodeIgniter.php(339): CodeIgniter\CodeIgniter->handleRequest(NULL, Object(Config\Cache), false)
#4 E:\htdocs\rico_store_management_app_2\public\index.php(36): CodeIgniter\CodeIgniter->run()
#5 E:\htdocs\rico_store_management_app_2\system\Commands\Server\rewrite.php(45): require_once('E:\\htdocs\\rico_...')
#6 {main}
CRITICAL - 2021-07-10 12:38:16 --> Call to undefined method App\Models\Device::get_returned_device_user_data_by_id
#0 E:\htdocs\rico_store_management_app_2\app\Controllers\Device.php(181): CodeIgniter\Model->__call('get_returned_de...', Array)
#1 E:\htdocs\rico_store_management_app_2\system\CodeIgniter.php(931): App\Controllers\Device->load_add_returned_edit_device_view()
#2 E:\htdocs\rico_store_management_app_2\system\CodeIgniter.php(439): CodeIgniter\CodeIgniter->runController(Object(App\Controllers\Device))
#3 E:\htdocs\rico_store_management_app_2\system\CodeIgniter.php(339): CodeIgniter\CodeIgniter->handleRequest(NULL, Object(Config\Cache), false)
#4 E:\htdocs\rico_store_management_app_2\public\index.php(36): CodeIgniter\CodeIgniter->run()
#5 E:\htdocs\rico_store_management_app_2\system\Commands\Server\rewrite.php(45): require_once('E:\\htdocs\\rico_...')
#6 {main}
CRITICAL - 2021-07-10 12:38:17 --> Call to undefined method App\Models\Device::get_returned_device_user_data_by_id
#0 E:\htdocs\rico_store_management_app_2\app\Controllers\Device.php(181): CodeIgniter\Model->__call('get_returned_de...', Array)
#1 E:\htdocs\rico_store_management_app_2\system\CodeIgniter.php(931): App\Controllers\Device->load_add_returned_edit_device_view()
#2 E:\htdocs\rico_store_management_app_2\system\CodeIgniter.php(439): CodeIgniter\CodeIgniter->runController(Object(App\Controllers\Device))
#3 E:\htdocs\rico_store_management_app_2\system\CodeIgniter.php(339): CodeIgniter\CodeIgniter->handleRequest(NULL, Object(Config\Cache), false)
#4 E:\htdocs\rico_store_management_app_2\public\index.php(36): CodeIgniter\CodeIgniter->run()
#5 E:\htdocs\rico_store_management_app_2\system\Commands\Server\rewrite.php(45): require_once('E:\\htdocs\\rico_...')
#6 {main}
CRITICAL - 2021-07-10 12:38:19 --> Call to undefined method App\Models\Device::get_returned_device_user_data_by_id
#0 E:\htdocs\rico_store_management_app_2\app\Controllers\Device.php(181): CodeIgniter\Model->__call('get_returned_de...', Array)
#1 E:\htdocs\rico_store_management_app_2\system\CodeIgniter.php(931): App\Controllers\Device->load_add_returned_edit_device_view()
#2 E:\htdocs\rico_store_management_app_2\system\CodeIgniter.php(439): CodeIgniter\CodeIgniter->runController(Object(App\Controllers\Device))
#3 E:\htdocs\rico_store_management_app_2\system\CodeIgniter.php(339): CodeIgniter\CodeIgniter->handleRequest(NULL, Object(Config\Cache), false)
#4 E:\htdocs\rico_store_management_app_2\public\index.php(36): CodeIgniter\CodeIgniter->run()
#5 E:\htdocs\rico_store_management_app_2\system\Commands\Server\rewrite.php(45): require_once('E:\\htdocs\\rico_...')
#6 {main}
CRITICAL - 2021-07-10 12:38:27 --> Call to undefined method App\Models\Device::get_returned_device_user_data_by_id
#0 E:\htdocs\rico_store_management_app_2\app\Controllers\Device.php(181): CodeIgniter\Model->__call('get_returned_de...', Array)
#1 E:\htdocs\rico_store_management_app_2\system\CodeIgniter.php(931): App\Controllers\Device->load_add_returned_edit_device_view()
#2 E:\htdocs\rico_store_management_app_2\system\CodeIgniter.php(439): CodeIgniter\CodeIgniter->runController(Object(App\Controllers\Device))
#3 E:\htdocs\rico_store_management_app_2\system\CodeIgniter.php(339): CodeIgniter\CodeIgniter->handleRequest(NULL, Object(Config\Cache), false)
#4 E:\htdocs\rico_store_management_app_2\public\index.php(36): CodeIgniter\CodeIgniter->run()
#5 E:\htdocs\rico_store_management_app_2\system\Commands\Server\rewrite.php(45): require_once('E:\\htdocs\\rico_...')
#6 {main}
CRITICAL - 2021-07-10 13:09:39 --> Undefined variable: user_group_id_fk
#0 E:\htdocs\rico_store_management_app_2\app\Views\Device\add_returned_device.php(237): CodeIgniter\Debug\Exceptions->errorHandler(8, 'Undefined varia...', 'E:\\htdocs\\rico_...', 237, Array)
#1 E:\htdocs\rico_store_management_app_2\system\View\View.php(230): include('E:\\htdocs\\rico_...')
#2 E:\htdocs\rico_store_management_app_2\system\View\View.php(232): CodeIgniter\View\View->CodeIgniter\View\{closure}()
#3 E:\htdocs\rico_store_management_app_2\system\Common.php(1250): CodeIgniter\View\View->render('Device\\add_retu...', Array, true)
#4 E:\htdocs\rico_store_management_app_2\app\Controllers\Device.php(189): view('Device\\add_retu...', Array)
#5 E:\htdocs\rico_store_management_app_2\system\CodeIgniter.php(931): App\Controllers\Device->load_add_returned_edit_device_view()
#6 E:\htdocs\rico_store_management_app_2\system\CodeIgniter.php(439): CodeIgniter\CodeIgniter->runController(Object(App\Controllers\Device))
#7 E:\htdocs\rico_store_management_app_2\system\CodeIgniter.php(339): CodeIgniter\CodeIgniter->handleRequest(NULL, Object(Config\Cache), false)
#8 E:\htdocs\rico_store_management_app_2\public\index.php(36): CodeIgniter\CodeIgniter->run()
#9 E:\htdocs\rico_store_management_app_2\system\Commands\Server\rewrite.php(45): require_once('E:\\htdocs\\rico_...')
#10 {main}
CRITICAL - 2021-07-10 13:09:52 --> Undefined variable: user_group_id_fk
#0 E:\htdocs\rico_store_management_app_2\app\Views\Device\add_returned_device.php(237): CodeIgniter\Debug\Exceptions->errorHandler(8, 'Undefined varia...', 'E:\\htdocs\\rico_...', 237, Array)
#1 E:\htdocs\rico_store_management_app_2\system\View\View.php(230): include('E:\\htdocs\\rico_...')
#2 E:\htdocs\rico_store_management_app_2\system\View\View.php(232): CodeIgniter\View\View->CodeIgniter\View\{closure}()
#3 E:\htdocs\rico_store_management_app_2\system\Common.php(1250): CodeIgniter\View\View->render('Device\\add_retu...', Array, true)
#4 E:\htdocs\rico_store_management_app_2\app\Controllers\Device.php(189): view('Device\\add_retu...', Array)
#5 E:\htdocs\rico_store_management_app_2\system\CodeIgniter.php(931): App\Controllers\Device->load_add_returned_edit_device_view()
#6 E:\htdocs\rico_store_management_app_2\system\CodeIgniter.php(439): CodeIgniter\CodeIgniter->runController(Object(App\Controllers\Device))
#7 E:\htdocs\rico_store_management_app_2\system\CodeIgniter.php(339): CodeIgniter\CodeIgniter->handleRequest(NULL, Object(Config\Cache), false)
#8 E:\htdocs\rico_store_management_app_2\public\index.php(36): CodeIgniter\CodeIgniter->run()
#9 E:\htdocs\rico_store_management_app_2\system\Commands\Server\rewrite.php(45): require_once('E:\\htdocs\\rico_...')
#10 {main}
ERROR - 2021-07-10 13:11:38 --> ErrorException: pg_query(): Query failed: ERROR:  null value in column &quot;phone_number&quot; violates not-null constraint
DETAIL:  Failing row contains (1, Kevin, Karanja, kar@gmail.com, 1234567, 1, null). in E:\htdocs\rico_store_management_app_2\system\Database\Postgre\Connection.php:170
Stack trace:
#0 [internal function]: CodeIgniter\Debug\Exceptions->errorHandler(2, 'pg_query(): Que...', 'E:\\htdocs\\rico_...', 170, Array)
#1 E:\htdocs\rico_store_management_app_2\system\Database\Postgre\Connection.php(170): pg_query(Resource id #143, 'insert into use...')
#2 E:\htdocs\rico_store_management_app_2\system\Database\BaseConnection.php(732): CodeIgniter\Database\Postgre\Connection->execute('insert into use...')
#3 E:\htdocs\rico_store_management_app_2\system\Database\BaseConnection.php(647): CodeIgniter\Database\BaseConnection->simpleQuery('insert into use...')
#4 E:\htdocs\rico_store_management_app_2\app\Models\Users.php(123): CodeIgniter\Database\BaseConnection->query('insert into use...')
#5 E:\htdocs\rico_store_management_app_2\app\Controllers\Device.php(218): App\Models\Users->insert_update_returned_device_user_data('0', 'kar@gmail.com', '1234567', '1', 'Kevin', 'Karanja')
#6 E:\htdocs\rico_store_management_app_2\system\CodeIgniter.php(931): App\Controllers\Device->add_edit_returned_device()
#7 E:\htdocs\rico_store_management_app_2\system\CodeIgniter.php(439): CodeIgniter\CodeIgniter->runController(Object(App\Controllers\Device))
#8 E:\htdocs\rico_store_management_app_2\system\CodeIgniter.php(339): CodeIgniter\CodeIgniter->handleRequest(NULL, Object(Config\Cache), false)
#9 E:\htdocs\rico_store_management_app_2\public\index.php(36): CodeIgniter\CodeIgniter->run()
#10 E:\htdocs\rico_store_management_app_2\system\Commands\Server\rewrite.php(45): require_once('E:\\htdocs\\rico_...')
#11 {main}
CRITICAL - 2021-07-10 13:11:38 --> pg_query(): Query failed: ERROR:  null value in column &quot;phone_number&quot; violates not-null constraint
DETAIL:  Failing row contains (1, Kevin, Karanja, kar@gmail.com, 1234567, 1, null).
#0 [internal function]: CodeIgniter\Debug\Exceptions->errorHandler(2, 'pg_query(): Que...', 'E:\\htdocs\\rico_...', 170, Array)
#1 E:\htdocs\rico_store_management_app_2\system\Database\Postgre\Connection.php(170): pg_query(Resource id #143, 'insert into use...')
#2 E:\htdocs\rico_store_management_app_2\system\Database\BaseConnection.php(732): CodeIgniter\Database\Postgre\Connection->execute('insert into use...')
#3 E:\htdocs\rico_store_management_app_2\system\Database\BaseConnection.php(647): CodeIgniter\Database\BaseConnection->simpleQuery('insert into use...')
#4 E:\htdocs\rico_store_management_app_2\app\Models\Users.php(123): CodeIgniter\Database\BaseConnection->query('insert into use...')
#5 E:\htdocs\rico_store_management_app_2\app\Controllers\Device.php(218): App\Models\Users->insert_update_returned_device_user_data('0', 'kar@gmail.com', '1234567', '1', 'Kevin', 'Karanja')
#6 E:\htdocs\rico_store_management_app_2\system\CodeIgniter.php(931): App\Controllers\Device->add_edit_returned_device()
#7 E:\htdocs\rico_store_management_app_2\system\CodeIgniter.php(439): CodeIgniter\CodeIgniter->runController(Object(App\Controllers\Device))
#8 E:\htdocs\rico_store_management_app_2\system\CodeIgniter.php(339): CodeIgniter\CodeIgniter->handleRequest(NULL, Object(Config\Cache), false)
#9 E:\htdocs\rico_store_management_app_2\public\index.php(36): CodeIgniter\CodeIgniter->run()
#10 E:\htdocs\rico_store_management_app_2\system\Commands\Server\rewrite.php(45): require_once('E:\\htdocs\\rico_...')
#11 {main}
CRITICAL - 2021-07-10 13:11:38 --> Uncaught CodeIgniter\Format\Exceptions\FormatException: Failed to parse json string, error: "Type is not supported". in E:\htdocs\rico_store_management_app_2\system\Format\JSONFormatter.php:42
Stack trace:
#0 E:\htdocs\rico_store_management_app_2\system\Format\JSONFormatter.php(42): CodeIgniter\Format\Exceptions\FormatException::forInvalidJSON('Type is not sup...')
#1 E:\htdocs\rico_store_management_app_2\system\API\ResponseTrait.php(423): CodeIgniter\Format\JSONFormatter->format(Array)
#2 E:\htdocs\rico_store_management_app_2\system\API\ResponseTrait.php(114): CodeIgniter\Debug\Exceptions->format(Array)
#3 E:\htdocs\rico_store_management_app_2\system\Debug\Exceptions.php(141): CodeIgniter\Debug\Exceptions->respond(Array, 500)
#4 [internal function]: CodeIgniter\Debug\Exceptions->exceptionHandler(Object(ErrorException))
#5 {main}
  thrown
#0 [internal function]: CodeIgniter\Debug\Exceptions->shutdownHandler()
#1 {main}
ERROR - 2021-07-10 13:11:51 --> ErrorException: pg_query(): Query failed: ERROR:  invalid input syntax for type integer: &quot;&quot;
LINE 3:      ('', '', '', '', '')
                      ^ in E:\htdocs\rico_store_management_app_2\system\Database\Postgre\Connection.php:170
Stack trace:
#0 [internal function]: CodeIgniter\Debug\Exceptions->errorHandler(2, 'pg_query(): Que...', 'E:\\htdocs\\rico_...', 170, Array)
#1 E:\htdocs\rico_store_management_app_2\system\Database\Postgre\Connection.php(170): pg_query(Resource id #143, 'insert into use...')
#2 E:\htdocs\rico_store_management_app_2\system\Database\BaseConnection.php(732): CodeIgniter\Database\Postgre\Connection->execute('insert into use...')
#3 E:\htdocs\rico_store_management_app_2\system\Database\BaseConnection.php(647): CodeIgniter\Database\BaseConnection->simpleQuery('insert into use...')
#4 E:\htdocs\rico_store_management_app_2\app\Models\Users.php(123): CodeIgniter\Database\BaseConnection->query('insert into use...')
#5 E:\htdocs\rico_store_management_app_2\app\Controllers\Device.php(218): App\Models\Users->insert_update_returned_device_user_data(NULL, NULL, NULL, NULL, NULL, NULL)
#6 E:\htdocs\rico_store_management_app_2\system\CodeIgniter.php(931): App\Controllers\Device->add_edit_returned_device()
#7 E:\htdocs\rico_store_management_app_2\system\CodeIgniter.php(439): CodeIgniter\CodeIgniter->runController(Object(App\Controllers\Device))
#8 E:\htdocs\rico_store_management_app_2\system\CodeIgniter.php(339): CodeIgniter\CodeIgniter->handleRequest(NULL, Object(Config\Cache), false)
#9 E:\htdocs\rico_store_management_app_2\public\index.php(36): CodeIgniter\CodeIgniter->run()
#10 E:\htdocs\rico_store_management_app_2\system\Commands\Server\rewrite.php(45): require_once('E:\\htdocs\\rico_...')
#11 {main}
CRITICAL - 2021-07-10 13:11:51 --> pg_query(): Query failed: ERROR:  invalid input syntax for type integer: &quot;&quot;
LINE 3:      ('', '', '', '', '')
                      ^
#0 [internal function]: CodeIgniter\Debug\Exceptions->errorHandler(2, 'pg_query(): Que...', 'E:\\htdocs\\rico_...', 170, Array)
#1 E:\htdocs\rico_store_management_app_2\system\Database\Postgre\Connection.php(170): pg_query(Resource id #143, 'insert into use...')
#2 E:\htdocs\rico_store_management_app_2\system\Database\BaseConnection.php(732): CodeIgniter\Database\Postgre\Connection->execute('insert into use...')
#3 E:\htdocs\rico_store_management_app_2\system\Database\BaseConnection.php(647): CodeIgniter\Database\BaseConnection->simpleQuery('insert into use...')
#4 E:\htdocs\rico_store_management_app_2\app\Models\Users.php(123): CodeIgniter\Database\BaseConnection->query('insert into use...')
#5 E:\htdocs\rico_store_management_app_2\app\Controllers\Device.php(218): App\Models\Users->insert_update_returned_device_user_data(NULL, NULL, NULL, NULL, NULL, NULL)
#6 E:\htdocs\rico_store_management_app_2\system\CodeIgniter.php(931): App\Controllers\Device->add_edit_returned_device()
#7 E:\htdocs\rico_store_management_app_2\system\CodeIgniter.php(439): CodeIgniter\CodeIgniter->runController(Object(App\Controllers\Device))
#8 E:\htdocs\rico_store_management_app_2\system\CodeIgniter.php(339): CodeIgniter\CodeIgniter->handleRequest(NULL, Object(Config\Cache), false)
#9 E:\htdocs\rico_store_management_app_2\public\index.php(36): CodeIgniter\CodeIgniter->run()
#10 E:\htdocs\rico_store_management_app_2\system\Commands\Server\rewrite.php(45): require_once('E:\\htdocs\\rico_...')
#11 {main}
ERROR - 2021-07-10 13:12:38 --> ErrorException: pg_query(): Query failed: ERROR:  null value in column &quot;phone_number&quot; violates not-null constraint
DETAIL:  Failing row contains (2, Kevin, Karanja, kar@gmail.com, 1234567, 1, null). in E:\htdocs\rico_store_management_app_2\system\Database\Postgre\Connection.php:170
Stack trace:
#0 [internal function]: CodeIgniter\Debug\Exceptions->errorHandler(2, 'pg_query(): Que...', 'E:\\htdocs\\rico_...', 170, Array)
#1 E:\htdocs\rico_store_management_app_2\system\Database\Postgre\Connection.php(170): pg_query(Resource id #143, 'insert into use...')
#2 E:\htdocs\rico_store_management_app_2\system\Database\BaseConnection.php(732): CodeIgniter\Database\Postgre\Connection->execute('insert into use...')
#3 E:\htdocs\rico_store_management_app_2\system\Database\BaseConnection.php(647): CodeIgniter\Database\BaseConnection->simpleQuery('insert into use...')
#4 E:\htdocs\rico_store_management_app_2\app\Models\Users.php(123): CodeIgniter\Database\BaseConnection->query('insert into use...')
#5 E:\htdocs\rico_store_management_app_2\app\Controllers\Device.php(218): App\Models\Users->insert_update_returned_device_user_data('0', 'kar@gmail.com', '1234567', '1', 'Kevin', 'Karanja')
#6 E:\htdocs\rico_store_management_app_2\system\CodeIgniter.php(931): App\Controllers\Device->add_edit_returned_device()
#7 E:\htdocs\rico_store_management_app_2\system\CodeIgniter.php(439): CodeIgniter\CodeIgniter->runController(Object(App\Controllers\Device))
#8 E:\htdocs\rico_store_management_app_2\system\CodeIgniter.php(339): CodeIgniter\CodeIgniter->handleRequest(NULL, Object(Config\Cache), false)
#9 E:\htdocs\rico_store_management_app_2\public\index.php(36): CodeIgniter\CodeIgniter->run()
#10 E:\htdocs\rico_store_management_app_2\system\Commands\Server\rewrite.php(45): require_once('E:\\htdocs\\rico_...')
#11 {main}
CRITICAL - 2021-07-10 13:12:38 --> pg_query(): Query failed: ERROR:  null value in column &quot;phone_number&quot; violates not-null constraint
DETAIL:  Failing row contains (2, Kevin, Karanja, kar@gmail.com, 1234567, 1, null).
#0 [internal function]: CodeIgniter\Debug\Exceptions->errorHandler(2, 'pg_query(): Que...', 'E:\\htdocs\\rico_...', 170, Array)
#1 E:\htdocs\rico_store_management_app_2\system\Database\Postgre\Connection.php(170): pg_query(Resource id #143, 'insert into use...')
#2 E:\htdocs\rico_store_management_app_2\system\Database\BaseConnection.php(732): CodeIgniter\Database\Postgre\Connection->execute('insert into use...')
#3 E:\htdocs\rico_store_management_app_2\system\Database\BaseConnection.php(647): CodeIgniter\Database\BaseConnection->simpleQuery('insert into use...')
#4 E:\htdocs\rico_store_management_app_2\app\Models\Users.php(123): CodeIgniter\Database\BaseConnection->query('insert into use...')
#5 E:\htdocs\rico_store_management_app_2\app\Controllers\Device.php(218): App\Models\Users->insert_update_returned_device_user_data('0', 'kar@gmail.com', '1234567', '1', 'Kevin', 'Karanja')
#6 E:\htdocs\rico_store_management_app_2\system\CodeIgniter.php(931): App\Controllers\Device->add_edit_returned_device()
#7 E:\htdocs\rico_store_management_app_2\system\CodeIgniter.php(439): CodeIgniter\CodeIgniter->runController(Object(App\Controllers\Device))
#8 E:\htdocs\rico_store_management_app_2\system\CodeIgniter.php(339): CodeIgniter\CodeIgniter->handleRequest(NULL, Object(Config\Cache), false)
#9 E:\htdocs\rico_store_management_app_2\public\index.php(36): CodeIgniter\CodeIgniter->run()
#10 E:\htdocs\rico_store_management_app_2\system\Commands\Server\rewrite.php(45): require_once('E:\\htdocs\\rico_...')
#11 {main}
CRITICAL - 2021-07-10 13:12:38 --> Uncaught CodeIgniter\Format\Exceptions\FormatException: Failed to parse json string, error: "Type is not supported". in E:\htdocs\rico_store_management_app_2\system\Format\JSONFormatter.php:42
Stack trace:
#0 E:\htdocs\rico_store_management_app_2\system\Format\JSONFormatter.php(42): CodeIgniter\Format\Exceptions\FormatException::forInvalidJSON('Type is not sup...')
#1 E:\htdocs\rico_store_management_app_2\system\API\ResponseTrait.php(423): CodeIgniter\Format\JSONFormatter->format(Array)
#2 E:\htdocs\rico_store_management_app_2\system\API\ResponseTrait.php(114): CodeIgniter\Debug\Exceptions->format(Array)
#3 E:\htdocs\rico_store_management_app_2\system\Debug\Exceptions.php(141): CodeIgniter\Debug\Exceptions->respond(Array, 500)
#4 [internal function]: CodeIgniter\Debug\Exceptions->exceptionHandler(Object(ErrorException))
#5 {main}
  thrown
#0 [internal function]: CodeIgniter\Debug\Exceptions->shutdownHandler()
#1 {main}
ERROR - 2021-07-10 14:14:48 --> ErrorException: pg_query(): Query failed: ERROR:  null value in column &quot;phone_number&quot; violates not-null constraint
DETAIL:  Failing row contains (3, Kevin, Karanja, kar@gmail.com, 1234567, 1, null). in E:\htdocs\rico_store_management_app_2\system\Database\Postgre\Connection.php:170
Stack trace:
#0 [internal function]: CodeIgniter\Debug\Exceptions->errorHandler(2, 'pg_query(): Que...', 'E:\\htdocs\\rico_...', 170, Array)
#1 E:\htdocs\rico_store_management_app_2\system\Database\Postgre\Connection.php(170): pg_query(Resource id #143, 'insert into use...')
#2 E:\htdocs\rico_store_management_app_2\system\Database\BaseConnection.php(732): CodeIgniter\Database\Postgre\Connection->execute('insert into use...')
#3 E:\htdocs\rico_store_management_app_2\system\Database\BaseConnection.php(647): CodeIgniter\Database\BaseConnection->simpleQuery('insert into use...')
#4 E:\htdocs\rico_store_management_app_2\app\Models\Users.php(123): CodeIgniter\Database\BaseConnection->query('insert into use...')
#5 E:\htdocs\rico_store_management_app_2\app\Controllers\Device.php(219): App\Models\Users->insert_update_returned_device_user_data(0, 'kar@gmail.com', '1234567', '1', 'Kevin', 'Karanja')
#6 E:\htdocs\rico_store_management_app_2\system\CodeIgniter.php(931): App\Controllers\Device->add_edit_returned_device()
#7 E:\htdocs\rico_store_management_app_2\system\CodeIgniter.php(439): CodeIgniter\CodeIgniter->runController(Object(App\Controllers\Device))
#8 E:\htdocs\rico_store_management_app_2\system\CodeIgniter.php(339): CodeIgniter\CodeIgniter->handleRequest(NULL, Object(Config\Cache), false)
#9 E:\htdocs\rico_store_management_app_2\public\index.php(36): CodeIgniter\CodeIgniter->run()
#10 E:\htdocs\rico_store_management_app_2\system\Commands\Server\rewrite.php(45): require_once('E:\\htdocs\\rico_...')
#11 {main}
CRITICAL - 2021-07-10 14:14:48 --> pg_query(): Query failed: ERROR:  null value in column &quot;phone_number&quot; violates not-null constraint
DETAIL:  Failing row contains (3, Kevin, Karanja, kar@gmail.com, 1234567, 1, null).
#0 [internal function]: CodeIgniter\Debug\Exceptions->errorHandler(2, 'pg_query(): Que...', 'E:\\htdocs\\rico_...', 170, Array)
#1 E:\htdocs\rico_store_management_app_2\system\Database\Postgre\Connection.php(170): pg_query(Resource id #143, 'insert into use...')
#2 E:\htdocs\rico_store_management_app_2\system\Database\BaseConnection.php(732): CodeIgniter\Database\Postgre\Connection->execute('insert into use...')
#3 E:\htdocs\rico_store_management_app_2\system\Database\BaseConnection.php(647): CodeIgniter\Database\BaseConnection->simpleQuery('insert into use...')
#4 E:\htdocs\rico_store_management_app_2\app\Models\Users.php(123): CodeIgniter\Database\BaseConnection->query('insert into use...')
#5 E:\htdocs\rico_store_management_app_2\app\Controllers\Device.php(219): App\Models\Users->insert_update_returned_device_user_data(0, 'kar@gmail.com', '1234567', '1', 'Kevin', 'Karanja')
#6 E:\htdocs\rico_store_management_app_2\system\CodeIgniter.php(931): App\Controllers\Device->add_edit_returned_device()
#7 E:\htdocs\rico_store_management_app_2\system\CodeIgniter.php(439): CodeIgniter\CodeIgniter->runController(Object(App\Controllers\Device))
#8 E:\htdocs\rico_store_management_app_2\system\CodeIgniter.php(339): CodeIgniter\CodeIgniter->handleRequest(NULL, Object(Config\Cache), false)
#9 E:\htdocs\rico_store_management_app_2\public\index.php(36): CodeIgniter\CodeIgniter->run()
#10 E:\htdocs\rico_store_management_app_2\system\Commands\Server\rewrite.php(45): require_once('E:\\htdocs\\rico_...')
#11 {main}
CRITICAL - 2021-07-10 14:14:49 --> Uncaught CodeIgniter\Format\Exceptions\FormatException: Failed to parse json string, error: "Type is not supported". in E:\htdocs\rico_store_management_app_2\system\Format\JSONFormatter.php:42
Stack trace:
#0 E:\htdocs\rico_store_management_app_2\system\Format\JSONFormatter.php(42): CodeIgniter\Format\Exceptions\FormatException::forInvalidJSON('Type is not sup...')
#1 E:\htdocs\rico_store_management_app_2\system\API\ResponseTrait.php(423): CodeIgniter\Format\JSONFormatter->format(Array)
#2 E:\htdocs\rico_store_management_app_2\system\API\ResponseTrait.php(114): CodeIgniter\Debug\Exceptions->format(Array)
#3 E:\htdocs\rico_store_management_app_2\system\Debug\Exceptions.php(141): CodeIgniter\Debug\Exceptions->respond(Array, 500)
#4 [internal function]: CodeIgniter\Debug\Exceptions->exceptionHandler(Object(ErrorException))
#5 {main}
  thrown
#0 [internal function]: CodeIgniter\Debug\Exceptions->shutdownHandler()
#1 {main}
ERROR - 2021-07-10 14:16:22 --> ErrorException: pg_query(): Query failed: ERROR:  null value in column &quot;phone_number&quot; violates not-null constraint
DETAIL:  Failing row contains (4, Kevin, Karanja, kar@gmail.com, 1234567, 1, null). in E:\htdocs\rico_store_management_app_2\system\Database\Postgre\Connection.php:170
Stack trace:
#0 [internal function]: CodeIgniter\Debug\Exceptions->errorHandler(2, 'pg_query(): Que...', 'E:\\htdocs\\rico_...', 170, Array)
#1 E:\htdocs\rico_store_management_app_2\system\Database\Postgre\Connection.php(170): pg_query(Resource id #143, 'insert into use...')
#2 E:\htdocs\rico_store_management_app_2\system\Database\BaseConnection.php(732): CodeIgniter\Database\Postgre\Connection->execute('insert into use...')
#3 E:\htdocs\rico_store_management_app_2\system\Database\BaseConnection.php(647): CodeIgniter\Database\BaseConnection->simpleQuery('insert into use...')
#4 E:\htdocs\rico_store_management_app_2\app\Models\Users.php(123): CodeIgniter\Database\BaseConnection->query('insert into use...')
#5 E:\htdocs\rico_store_management_app_2\app\Controllers\Device.php(219): App\Models\Users->insert_update_returned_device_user_data(0, 'kar@gmail.com', '1234567', '1', 'Kevin', 'Karanja')
#6 E:\htdocs\rico_store_management_app_2\system\CodeIgniter.php(931): App\Controllers\Device->add_edit_returned_device()
#7 E:\htdocs\rico_store_management_app_2\system\CodeIgniter.php(439): CodeIgniter\CodeIgniter->runController(Object(App\Controllers\Device))
#8 E:\htdocs\rico_store_management_app_2\system\CodeIgniter.php(339): CodeIgniter\CodeIgniter->handleRequest(NULL, Object(Config\Cache), false)
#9 E:\htdocs\rico_store_management_app_2\public\index.php(36): CodeIgniter\CodeIgniter->run()
#10 E:\htdocs\rico_store_management_app_2\system\Commands\Server\rewrite.php(45): require_once('E:\\htdocs\\rico_...')
#11 {main}
CRITICAL - 2021-07-10 14:16:22 --> pg_query(): Query failed: ERROR:  null value in column &quot;phone_number&quot; violates not-null constraint
DETAIL:  Failing row contains (4, Kevin, Karanja, kar@gmail.com, 1234567, 1, null).
#0 [internal function]: CodeIgniter\Debug\Exceptions->errorHandler(2, 'pg_query(): Que...', 'E:\\htdocs\\rico_...', 170, Array)
#1 E:\htdocs\rico_store_management_app_2\system\Database\Postgre\Connection.php(170): pg_query(Resource id #143, 'insert into use...')
#2 E:\htdocs\rico_store_management_app_2\system\Database\BaseConnection.php(732): CodeIgniter\Database\Postgre\Connection->execute('insert into use...')
#3 E:\htdocs\rico_store_management_app_2\system\Database\BaseConnection.php(647): CodeIgniter\Database\BaseConnection->simpleQuery('insert into use...')
#4 E:\htdocs\rico_store_management_app_2\app\Models\Users.php(123): CodeIgniter\Database\BaseConnection->query('insert into use...')
#5 E:\htdocs\rico_store_management_app_2\app\Controllers\Device.php(219): App\Models\Users->insert_update_returned_device_user_data(0, 'kar@gmail.com', '1234567', '1', 'Kevin', 'Karanja')
#6 E:\htdocs\rico_store_management_app_2\system\CodeIgniter.php(931): App\Controllers\Device->add_edit_returned_device()
#7 E:\htdocs\rico_store_management_app_2\system\CodeIgniter.php(439): CodeIgniter\CodeIgniter->runController(Object(App\Controllers\Device))
#8 E:\htdocs\rico_store_management_app_2\system\CodeIgniter.php(339): CodeIgniter\CodeIgniter->handleRequest(NULL, Object(Config\Cache), false)
#9 E:\htdocs\rico_store_management_app_2\public\index.php(36): CodeIgniter\CodeIgniter->run()
#10 E:\htdocs\rico_store_management_app_2\system\Commands\Server\rewrite.php(45): require_once('E:\\htdocs\\rico_...')
#11 {main}
CRITICAL - 2021-07-10 14:16:22 --> Uncaught CodeIgniter\Format\Exceptions\FormatException: Failed to parse json string, error: "Type is not supported". in E:\htdocs\rico_store_management_app_2\system\Format\JSONFormatter.php:42
Stack trace:
#0 E:\htdocs\rico_store_management_app_2\system\Format\JSONFormatter.php(42): CodeIgniter\Format\Exceptions\FormatException::forInvalidJSON('Type is not sup...')
#1 E:\htdocs\rico_store_management_app_2\system\API\ResponseTrait.php(423): CodeIgniter\Format\JSONFormatter->format(Array)
#2 E:\htdocs\rico_store_management_app_2\system\API\ResponseTrait.php(114): CodeIgniter\Debug\Exceptions->format(Array)
#3 E:\htdocs\rico_store_management_app_2\system\Debug\Exceptions.php(141): CodeIgniter\Debug\Exceptions->respond(Array, 500)
#4 [internal function]: CodeIgniter\Debug\Exceptions->exceptionHandler(Object(ErrorException))
#5 {main}
  thrown
#0 [internal function]: CodeIgniter\Debug\Exceptions->shutdownHandler()
#1 {main}
ERROR - 2021-07-10 14:19:05 --> ErrorException: pg_query(): Query failed: ERROR:  null value in column &quot;phone_number&quot; violates not-null constraint
DETAIL:  Failing row contains (5, Kevin, Karanja, kar@gmail.com, 1234567, 1, null). in E:\htdocs\rico_store_management_app_2\system\Database\Postgre\Connection.php:170
Stack trace:
#0 [internal function]: CodeIgniter\Debug\Exceptions->errorHandler(2, 'pg_query(): Que...', 'E:\\htdocs\\rico_...', 170, Array)
#1 E:\htdocs\rico_store_management_app_2\system\Database\Postgre\Connection.php(170): pg_query(Resource id #143, 'insert into use...')
#2 E:\htdocs\rico_store_management_app_2\system\Database\BaseConnection.php(732): CodeIgniter\Database\Postgre\Connection->execute('insert into use...')
#3 E:\htdocs\rico_store_management_app_2\system\Database\BaseConnection.php(647): CodeIgniter\Database\BaseConnection->simpleQuery('insert into use...')
#4 E:\htdocs\rico_store_management_app_2\app\Models\Users.php(123): CodeIgniter\Database\BaseConnection->query('insert into use...')
#5 E:\htdocs\rico_store_management_app_2\app\Controllers\Device.php(219): App\Models\Users->insert_update_returned_device_user_data(0, 'kar@gmail.com', '1234567', '1', 'Kevin', 'Karanja')
#6 E:\htdocs\rico_store_management_app_2\system\CodeIgniter.php(931): App\Controllers\Device->add_edit_returned_device()
#7 E:\htdocs\rico_store_management_app_2\system\CodeIgniter.php(439): CodeIgniter\CodeIgniter->runController(Object(App\Controllers\Device))
#8 E:\htdocs\rico_store_management_app_2\system\CodeIgniter.php(339): CodeIgniter\CodeIgniter->handleRequest(NULL, Object(Config\Cache), false)
#9 E:\htdocs\rico_store_management_app_2\public\index.php(36): CodeIgniter\CodeIgniter->run()
#10 E:\htdocs\rico_store_management_app_2\system\Commands\Server\rewrite.php(45): require_once('E:\\htdocs\\rico_...')
#11 {main}
CRITICAL - 2021-07-10 14:19:05 --> pg_query(): Query failed: ERROR:  null value in column &quot;phone_number&quot; violates not-null constraint
DETAIL:  Failing row contains (5, Kevin, Karanja, kar@gmail.com, 1234567, 1, null).
#0 [internal function]: CodeIgniter\Debug\Exceptions->errorHandler(2, 'pg_query(): Que...', 'E:\\htdocs\\rico_...', 170, Array)
#1 E:\htdocs\rico_store_management_app_2\system\Database\Postgre\Connection.php(170): pg_query(Resource id #143, 'insert into use...')
#2 E:\htdocs\rico_store_management_app_2\system\Database\BaseConnection.php(732): CodeIgniter\Database\Postgre\Connection->execute('insert into use...')
#3 E:\htdocs\rico_store_management_app_2\system\Database\BaseConnection.php(647): CodeIgniter\Database\BaseConnection->simpleQuery('insert into use...')
#4 E:\htdocs\rico_store_management_app_2\app\Models\Users.php(123): CodeIgniter\Database\BaseConnection->query('insert into use...')
#5 E:\htdocs\rico_store_management_app_2\app\Controllers\Device.php(219): App\Models\Users->insert_update_returned_device_user_data(0, 'kar@gmail.com', '1234567', '1', 'Kevin', 'Karanja')
#6 E:\htdocs\rico_store_management_app_2\system\CodeIgniter.php(931): App\Controllers\Device->add_edit_returned_device()
#7 E:\htdocs\rico_store_management_app_2\system\CodeIgniter.php(439): CodeIgniter\CodeIgniter->runController(Object(App\Controllers\Device))
#8 E:\htdocs\rico_store_management_app_2\system\CodeIgniter.php(339): CodeIgniter\CodeIgniter->handleRequest(NULL, Object(Config\Cache), false)
#9 E:\htdocs\rico_store_management_app_2\public\index.php(36): CodeIgniter\CodeIgniter->run()
#10 E:\htdocs\rico_store_management_app_2\system\Commands\Server\rewrite.php(45): require_once('E:\\htdocs\\rico_...')
#11 {main}
CRITICAL - 2021-07-10 14:19:05 --> Uncaught CodeIgniter\Format\Exceptions\FormatException: Failed to parse json string, error: "Type is not supported". in E:\htdocs\rico_store_management_app_2\system\Format\JSONFormatter.php:42
Stack trace:
#0 E:\htdocs\rico_store_management_app_2\system\Format\JSONFormatter.php(42): CodeIgniter\Format\Exceptions\FormatException::forInvalidJSON('Type is not sup...')
#1 E:\htdocs\rico_store_management_app_2\system\API\ResponseTrait.php(423): CodeIgniter\Format\JSONFormatter->format(Array)
#2 E:\htdocs\rico_store_management_app_2\system\API\ResponseTrait.php(114): CodeIgniter\Debug\Exceptions->format(Array)
#3 E:\htdocs\rico_store_management_app_2\system\Debug\Exceptions.php(141): CodeIgniter\Debug\Exceptions->respond(Array, 500)
#4 [internal function]: CodeIgniter\Debug\Exceptions->exceptionHandler(Object(ErrorException))
#5 {main}
  thrown
#0 [internal function]: CodeIgniter\Debug\Exceptions->shutdownHandler()
#1 {main}
ERROR - 2021-07-10 14:30:57 --> ErrorException: pg_query(): Query failed: ERROR:  null value in column &quot;phone_number&quot; violates not-null constraint
DETAIL:  Failing row contains (6, Kevin, Karanja, kar@gmail.com, 1234567, 1, null). in E:\htdocs\rico_store_management_app_2\system\Database\Postgre\Connection.php:170
Stack trace:
#0 [internal function]: CodeIgniter\Debug\Exceptions->errorHandler(2, 'pg_query(): Que...', 'E:\\htdocs\\rico_...', 170, Array)
#1 E:\htdocs\rico_store_management_app_2\system\Database\Postgre\Connection.php(170): pg_query(Resource id #143, 'insert into use...')
#2 E:\htdocs\rico_store_management_app_2\system\Database\BaseConnection.php(732): CodeIgniter\Database\Postgre\Connection->execute('insert into use...')
#3 E:\htdocs\rico_store_management_app_2\system\Database\BaseConnection.php(647): CodeIgniter\Database\BaseConnection->simpleQuery('insert into use...')
#4 E:\htdocs\rico_store_management_app_2\app\Models\Users.php(123): CodeIgniter\Database\BaseConnection->query('insert into use...')
#5 E:\htdocs\rico_store_management_app_2\app\Controllers\Device.php(219): App\Models\Users->insert_update_returned_device_user_data(0, 'kar@gmail.com', '1234567', '1', 'Kevin', 'Karanja')
#6 E:\htdocs\rico_store_management_app_2\system\CodeIgniter.php(931): App\Controllers\Device->add_edit_returned_device()
#7 E:\htdocs\rico_store_management_app_2\system\CodeIgniter.php(439): CodeIgniter\CodeIgniter->runController(Object(App\Controllers\Device))
#8 E:\htdocs\rico_store_management_app_2\system\CodeIgniter.php(339): CodeIgniter\CodeIgniter->handleRequest(NULL, Object(Config\Cache), false)
#9 E:\htdocs\rico_store_management_app_2\public\index.php(36): CodeIgniter\CodeIgniter->run()
#10 E:\htdocs\rico_store_management_app_2\system\Commands\Server\rewrite.php(45): require_once('E:\\htdocs\\rico_...')
#11 {main}
CRITICAL - 2021-07-10 14:30:57 --> pg_query(): Query failed: ERROR:  null value in column &quot;phone_number&quot; violates not-null constraint
DETAIL:  Failing row contains (6, Kevin, Karanja, kar@gmail.com, 1234567, 1, null).
#0 [internal function]: CodeIgniter\Debug\Exceptions->errorHandler(2, 'pg_query(): Que...', 'E:\\htdocs\\rico_...', 170, Array)
#1 E:\htdocs\rico_store_management_app_2\system\Database\Postgre\Connection.php(170): pg_query(Resource id #143, 'insert into use...')
#2 E:\htdocs\rico_store_management_app_2\system\Database\BaseConnection.php(732): CodeIgniter\Database\Postgre\Connection->execute('insert into use...')
#3 E:\htdocs\rico_store_management_app_2\system\Database\BaseConnection.php(647): CodeIgniter\Database\BaseConnection->simpleQuery('insert into use...')
#4 E:\htdocs\rico_store_management_app_2\app\Models\Users.php(123): CodeIgniter\Database\BaseConnection->query('insert into use...')
#5 E:\htdocs\rico_store_management_app_2\app\Controllers\Device.php(219): App\Models\Users->insert_update_returned_device_user_data(0, 'kar@gmail.com', '1234567', '1', 'Kevin', 'Karanja')
#6 E:\htdocs\rico_store_management_app_2\system\CodeIgniter.php(931): App\Controllers\Device->add_edit_returned_device()
#7 E:\htdocs\rico_store_management_app_2\system\CodeIgniter.php(439): CodeIgniter\CodeIgniter->runController(Object(App\Controllers\Device))
#8 E:\htdocs\rico_store_management_app_2\system\CodeIgniter.php(339): CodeIgniter\CodeIgniter->handleRequest(NULL, Object(Config\Cache), false)
#9 E:\htdocs\rico_store_management_app_2\public\index.php(36): CodeIgniter\CodeIgniter->run()
#10 E:\htdocs\rico_store_management_app_2\system\Commands\Server\rewrite.php(45): require_once('E:\\htdocs\\rico_...')
#11 {main}
CRITICAL - 2021-07-10 14:30:57 --> Uncaught CodeIgniter\Format\Exceptions\FormatException: Failed to parse json string, error: "Type is not supported". in E:\htdocs\rico_store_management_app_2\system\Format\JSONFormatter.php:42
Stack trace:
#0 E:\htdocs\rico_store_management_app_2\system\Format\JSONFormatter.php(42): CodeIgniter\Format\Exceptions\FormatException::forInvalidJSON('Type is not sup...')
#1 E:\htdocs\rico_store_management_app_2\system\API\ResponseTrait.php(423): CodeIgniter\Format\JSONFormatter->format(Array)
#2 E:\htdocs\rico_store_management_app_2\system\API\ResponseTrait.php(114): CodeIgniter\Debug\Exceptions->format(Array)
#3 E:\htdocs\rico_store_management_app_2\system\Debug\Exceptions.php(141): CodeIgniter\Debug\Exceptions->respond(Array, 500)
#4 [internal function]: CodeIgniter\Debug\Exceptions->exceptionHandler(Object(ErrorException))
#5 {main}
  thrown
#0 [internal function]: CodeIgniter\Debug\Exceptions->shutdownHandler()
#1 {main}
ERROR - 2021-07-10 14:35:34 --> ErrorException: pg_query(): Query failed: ERROR:  syntax error at or near &quot;\&quot;
LINE 3:      (\''.kar@gmail.com.'\',\''.1234567.'\',\''.1.'\',\''.Ke...
              ^ in E:\htdocs\rico_store_management_app_2\system\Database\Postgre\Connection.php:170
Stack trace:
#0 [internal function]: CodeIgniter\Debug\Exceptions->errorHandler(2, 'pg_query(): Que...', 'E:\\htdocs\\rico_...', 170, Array)
#1 E:\htdocs\rico_store_management_app_2\system\Database\Postgre\Connection.php(170): pg_query(Resource id #143, 'insert into use...')
#2 E:\htdocs\rico_store_management_app_2\system\Database\BaseConnection.php(732): CodeIgniter\Database\Postgre\Connection->execute('insert into use...')
#3 E:\htdocs\rico_store_management_app_2\system\Database\BaseConnection.php(647): CodeIgniter\Database\BaseConnection->simpleQuery('insert into use...')
#4 E:\htdocs\rico_store_management_app_2\app\Models\Users.php(123): CodeIgniter\Database\BaseConnection->query('insert into use...')
#5 E:\htdocs\rico_store_management_app_2\app\Controllers\Device.php(219): App\Models\Users->insert_update_returned_device_user_data(0, 'kar@gmail.com', '1234567', '1', 'Kevin', 'Karanja')
#6 E:\htdocs\rico_store_management_app_2\system\CodeIgniter.php(931): App\Controllers\Device->add_edit_returned_device()
#7 E:\htdocs\rico_store_management_app_2\system\CodeIgniter.php(439): CodeIgniter\CodeIgniter->runController(Object(App\Controllers\Device))
#8 E:\htdocs\rico_store_management_app_2\system\CodeIgniter.php(339): CodeIgniter\CodeIgniter->handleRequest(NULL, Object(Config\Cache), false)
#9 E:\htdocs\rico_store_management_app_2\public\index.php(36): CodeIgniter\CodeIgniter->run()
#10 E:\htdocs\rico_store_management_app_2\system\Commands\Server\rewrite.php(45): require_once('E:\\htdocs\\rico_...')
#11 {main}
CRITICAL - 2021-07-10 14:35:34 --> pg_query(): Query failed: ERROR:  syntax error at or near &quot;\&quot;
LINE 3:      (\''.kar@gmail.com.'\',\''.1234567.'\',\''.1.'\',\''.Ke...
              ^
#0 [internal function]: CodeIgniter\Debug\Exceptions->errorHandler(2, 'pg_query(): Que...', 'E:\\htdocs\\rico_...', 170, Array)
#1 E:\htdocs\rico_store_management_app_2\system\Database\Postgre\Connection.php(170): pg_query(Resource id #143, 'insert into use...')
#2 E:\htdocs\rico_store_management_app_2\system\Database\BaseConnection.php(732): CodeIgniter\Database\Postgre\Connection->execute('insert into use...')
#3 E:\htdocs\rico_store_management_app_2\system\Database\BaseConnection.php(647): CodeIgniter\Database\BaseConnection->simpleQuery('insert into use...')
#4 E:\htdocs\rico_store_management_app_2\app\Models\Users.php(123): CodeIgniter\Database\BaseConnection->query('insert into use...')
#5 E:\htdocs\rico_store_management_app_2\app\Controllers\Device.php(219): App\Models\Users->insert_update_returned_device_user_data(0, 'kar@gmail.com', '1234567', '1', 'Kevin', 'Karanja')
#6 E:\htdocs\rico_store_management_app_2\system\CodeIgniter.php(931): App\Controllers\Device->add_edit_returned_device()
#7 E:\htdocs\rico_store_management_app_2\system\CodeIgniter.php(439): CodeIgniter\CodeIgniter->runController(Object(App\Controllers\Device))
#8 E:\htdocs\rico_store_management_app_2\system\CodeIgniter.php(339): CodeIgniter\CodeIgniter->handleRequest(NULL, Object(Config\Cache), false)
#9 E:\htdocs\rico_store_management_app_2\public\index.php(36): CodeIgniter\CodeIgniter->run()
#10 E:\htdocs\rico_store_management_app_2\system\Commands\Server\rewrite.php(45): require_once('E:\\htdocs\\rico_...')
#11 {main}
CRITICAL - 2021-07-10 14:35:34 --> Uncaught CodeIgniter\Format\Exceptions\FormatException: Failed to parse json string, error: "Type is not supported". in E:\htdocs\rico_store_management_app_2\system\Format\JSONFormatter.php:42
Stack trace:
#0 E:\htdocs\rico_store_management_app_2\system\Format\JSONFormatter.php(42): CodeIgniter\Format\Exceptions\FormatException::forInvalidJSON('Type is not sup...')
#1 E:\htdocs\rico_store_management_app_2\system\API\ResponseTrait.php(423): CodeIgniter\Format\JSONFormatter->format(Array)
#2 E:\htdocs\rico_store_management_app_2\system\API\ResponseTrait.php(114): CodeIgniter\Debug\Exceptions->format(Array)
#3 E:\htdocs\rico_store_management_app_2\system\Debug\Exceptions.php(141): CodeIgniter\Debug\Exceptions->respond(Array, 500)
#4 [internal function]: CodeIgniter\Debug\Exceptions->exceptionHandler(Object(ErrorException))
#5 {main}
  thrown
#0 [internal function]: CodeIgniter\Debug\Exceptions->shutdownHandler()
#1 {main}
ERROR - 2021-07-10 14:37:46 --> ErrorException: pg_query(): Query failed: ERROR:  invalid input syntax for type integer: &quot;email&quot;
LINE 3:      ('email','email','email','email','email')
                              ^ in E:\htdocs\rico_store_management_app_2\system\Database\Postgre\Connection.php:170
Stack trace:
#0 [internal function]: CodeIgniter\Debug\Exceptions->errorHandler(2, 'pg_query(): Que...', 'E:\\htdocs\\rico_...', 170, Array)
#1 E:\htdocs\rico_store_management_app_2\system\Database\Postgre\Connection.php(170): pg_query(Resource id #143, 'insert into use...')
#2 E:\htdocs\rico_store_management_app_2\system\Database\BaseConnection.php(732): CodeIgniter\Database\Postgre\Connection->execute('insert into use...')
#3 E:\htdocs\rico_store_management_app_2\system\Database\BaseConnection.php(647): CodeIgniter\Database\BaseConnection->simpleQuery('insert into use...')
#4 E:\htdocs\rico_store_management_app_2\app\Models\Users.php(125): CodeIgniter\Database\BaseConnection->query('insert into use...')
#5 E:\htdocs\rico_store_management_app_2\app\Controllers\Device.php(219): App\Models\Users->insert_update_returned_device_user_data(0, 'kar@gmail.com', '1234567', '1', 'Kevin', 'Karanja')
#6 E:\htdocs\rico_store_management_app_2\system\CodeIgniter.php(931): App\Controllers\Device->add_edit_returned_device()
#7 E:\htdocs\rico_store_management_app_2\system\CodeIgniter.php(439): CodeIgniter\CodeIgniter->runController(Object(App\Controllers\Device))
#8 E:\htdocs\rico_store_management_app_2\system\CodeIgniter.php(339): CodeIgniter\CodeIgniter->handleRequest(NULL, Object(Config\Cache), false)
#9 E:\htdocs\rico_store_management_app_2\public\index.php(36): CodeIgniter\CodeIgniter->run()
#10 E:\htdocs\rico_store_management_app_2\system\Commands\Server\rewrite.php(45): require_once('E:\\htdocs\\rico_...')
#11 {main}
CRITICAL - 2021-07-10 14:37:46 --> pg_query(): Query failed: ERROR:  invalid input syntax for type integer: &quot;email&quot;
LINE 3:      ('email','email','email','email','email')
                              ^
#0 [internal function]: CodeIgniter\Debug\Exceptions->errorHandler(2, 'pg_query(): Que...', 'E:\\htdocs\\rico_...', 170, Array)
#1 E:\htdocs\rico_store_management_app_2\system\Database\Postgre\Connection.php(170): pg_query(Resource id #143, 'insert into use...')
#2 E:\htdocs\rico_store_management_app_2\system\Database\BaseConnection.php(732): CodeIgniter\Database\Postgre\Connection->execute('insert into use...')
#3 E:\htdocs\rico_store_management_app_2\system\Database\BaseConnection.php(647): CodeIgniter\Database\BaseConnection->simpleQuery('insert into use...')
#4 E:\htdocs\rico_store_management_app_2\app\Models\Users.php(125): CodeIgniter\Database\BaseConnection->query('insert into use...')
#5 E:\htdocs\rico_store_management_app_2\app\Controllers\Device.php(219): App\Models\Users->insert_update_returned_device_user_data(0, 'kar@gmail.com', '1234567', '1', 'Kevin', 'Karanja')
#6 E:\htdocs\rico_store_management_app_2\system\CodeIgniter.php(931): App\Controllers\Device->add_edit_returned_device()
#7 E:\htdocs\rico_store_management_app_2\system\CodeIgniter.php(439): CodeIgniter\CodeIgniter->runController(Object(App\Controllers\Device))
#8 E:\htdocs\rico_store_management_app_2\system\CodeIgniter.php(339): CodeIgniter\CodeIgniter->handleRequest(NULL, Object(Config\Cache), false)
#9 E:\htdocs\rico_store_management_app_2\public\index.php(36): CodeIgniter\CodeIgniter->run()
#10 E:\htdocs\rico_store_management_app_2\system\Commands\Server\rewrite.php(45): require_once('E:\\htdocs\\rico_...')
#11 {main}
CRITICAL - 2021-07-10 14:37:46 --> Uncaught CodeIgniter\Format\Exceptions\FormatException: Failed to parse json string, error: "Type is not supported". in E:\htdocs\rico_store_management_app_2\system\Format\JSONFormatter.php:42
Stack trace:
#0 E:\htdocs\rico_store_management_app_2\system\Format\JSONFormatter.php(42): CodeIgniter\Format\Exceptions\FormatException::forInvalidJSON('Type is not sup...')
#1 E:\htdocs\rico_store_management_app_2\system\API\ResponseTrait.php(423): CodeIgniter\Format\JSONFormatter->format(Array)
#2 E:\htdocs\rico_store_management_app_2\system\API\ResponseTrait.php(114): CodeIgniter\Debug\Exceptions->format(Array)
#3 E:\htdocs\rico_store_management_app_2\system\Debug\Exceptions.php(141): CodeIgniter\Debug\Exceptions->respond(Array, 500)
#4 [internal function]: CodeIgniter\Debug\Exceptions->exceptionHandler(Object(ErrorException))
#5 {main}
  thrown
#0 [internal function]: CodeIgniter\Debug\Exceptions->shutdownHandler()
#1 {main}
ERROR - 2021-07-10 14:38:15 --> ErrorException: pg_query(): Query failed: ERROR:  invalid input syntax for type integer: &quot;email&quot;
LINE 3:      ('email','email','email','email','email')
                              ^ in E:\htdocs\rico_store_management_app_2\system\Database\Postgre\Connection.php:170
Stack trace:
#0 [internal function]: CodeIgniter\Debug\Exceptions->errorHandler(2, 'pg_query(): Que...', 'E:\\htdocs\\rico_...', 170, Array)
#1 E:\htdocs\rico_store_management_app_2\system\Database\Postgre\Connection.php(170): pg_query(Resource id #143, 'insert into use...')
#2 E:\htdocs\rico_store_management_app_2\system\Database\BaseConnection.php(732): CodeIgniter\Database\Postgre\Connection->execute('insert into use...')
#3 E:\htdocs\rico_store_management_app_2\system\Database\BaseConnection.php(647): CodeIgniter\Database\BaseConnection->simpleQuery('insert into use...')
#4 E:\htdocs\rico_store_management_app_2\app\Models\Users.php(125): CodeIgniter\Database\BaseConnection->query('insert into use...')
#5 E:\htdocs\rico_store_management_app_2\app\Controllers\Device.php(219): App\Models\Users->insert_update_returned_device_user_data(0, 'kar@gmail.com', '1234567', '1', 'Kevin', 'Karanja')
#6 E:\htdocs\rico_store_management_app_2\system\CodeIgniter.php(931): App\Controllers\Device->add_edit_returned_device()
#7 E:\htdocs\rico_store_management_app_2\system\CodeIgniter.php(439): CodeIgniter\CodeIgniter->runController(Object(App\Controllers\Device))
#8 E:\htdocs\rico_store_management_app_2\system\CodeIgniter.php(339): CodeIgniter\CodeIgniter->handleRequest(NULL, Object(Config\Cache), false)
#9 E:\htdocs\rico_store_management_app_2\public\index.php(36): CodeIgniter\CodeIgniter->run()
#10 E:\htdocs\rico_store_management_app_2\system\Commands\Server\rewrite.php(45): require_once('E:\\htdocs\\rico_...')
#11 {main}
CRITICAL - 2021-07-10 14:38:15 --> pg_query(): Query failed: ERROR:  invalid input syntax for type integer: &quot;email&quot;
LINE 3:      ('email','email','email','email','email')
                              ^
#0 [internal function]: CodeIgniter\Debug\Exceptions->errorHandler(2, 'pg_query(): Que...', 'E:\\htdocs\\rico_...', 170, Array)
#1 E:\htdocs\rico_store_management_app_2\system\Database\Postgre\Connection.php(170): pg_query(Resource id #143, 'insert into use...')
#2 E:\htdocs\rico_store_management_app_2\system\Database\BaseConnection.php(732): CodeIgniter\Database\Postgre\Connection->execute('insert into use...')
#3 E:\htdocs\rico_store_management_app_2\system\Database\BaseConnection.php(647): CodeIgniter\Database\BaseConnection->simpleQuery('insert into use...')
#4 E:\htdocs\rico_store_management_app_2\app\Models\Users.php(125): CodeIgniter\Database\BaseConnection->query('insert into use...')
#5 E:\htdocs\rico_store_management_app_2\app\Controllers\Device.php(219): App\Models\Users->insert_update_returned_device_user_data(0, 'kar@gmail.com', '1234567', '1', 'Kevin', 'Karanja')
#6 E:\htdocs\rico_store_management_app_2\system\CodeIgniter.php(931): App\Controllers\Device->add_edit_returned_device()
#7 E:\htdocs\rico_store_management_app_2\system\CodeIgniter.php(439): CodeIgniter\CodeIgniter->runController(Object(App\Controllers\Device))
#8 E:\htdocs\rico_store_management_app_2\system\CodeIgniter.php(339): CodeIgniter\CodeIgniter->handleRequest(NULL, Object(Config\Cache), false)
#9 E:\htdocs\rico_store_management_app_2\public\index.php(36): CodeIgniter\CodeIgniter->run()
#10 E:\htdocs\rico_store_management_app_2\system\Commands\Server\rewrite.php(45): require_once('E:\\htdocs\\rico_...')
#11 {main}
CRITICAL - 2021-07-10 14:38:15 --> Uncaught CodeIgniter\Format\Exceptions\FormatException: Failed to parse json string, error: "Type is not supported". in E:\htdocs\rico_store_management_app_2\system\Format\JSONFormatter.php:42
Stack trace:
#0 E:\htdocs\rico_store_management_app_2\system\Format\JSONFormatter.php(42): CodeIgniter\Format\Exceptions\FormatException::forInvalidJSON('Type is not sup...')
#1 E:\htdocs\rico_store_management_app_2\system\API\ResponseTrait.php(423): CodeIgniter\Format\JSONFormatter->format(Array)
#2 E:\htdocs\rico_store_management_app_2\system\API\ResponseTrait.php(114): CodeIgniter\Debug\Exceptions->format(Array)
#3 E:\htdocs\rico_store_management_app_2\system\Debug\Exceptions.php(141): CodeIgniter\Debug\Exceptions->respond(Array, 500)
#4 [internal function]: CodeIgniter\Debug\Exceptions->exceptionHandler(Object(ErrorException))
#5 {main}
  thrown
#0 [internal function]: CodeIgniter\Debug\Exceptions->shutdownHandler()
#1 {main}
ERROR - 2021-07-10 15:19:17 --> Unknown column 'device_status' in 'where clause'
CRITICAL - 2021-07-10 15:19:17 --> Unknown column 'device_status' in 'where clause'
#0 E:\htdocs\rico_store_management_app_2\system\Database\MySQLi\Connection.php(329): mysqli->query('select * from d...')
#1 E:\htdocs\rico_store_management_app_2\system\Database\BaseConnection.php(732): CodeIgniter\Database\MySQLi\Connection->execute('select * from d...')
#2 E:\htdocs\rico_store_management_app_2\system\Database\BaseConnection.php(647): CodeIgniter\Database\BaseConnection->simpleQuery('select * from d...')
#3 E:\htdocs\rico_store_management_app_2\app\Models\Device.php(99): CodeIgniter\Database\BaseConnection->query('select * from d...')
#4 E:\htdocs\rico_store_management_app_2\app\Controllers\Dashboard.php(18): App\Models\Device->select_all_unassigned_assigned_devices(1)
#5 E:\htdocs\rico_store_management_app_2\system\CodeIgniter.php(931): App\Controllers\Dashboard->admin_dashboard()
#6 E:\htdocs\rico_store_management_app_2\system\CodeIgniter.php(439): CodeIgniter\CodeIgniter->runController(Object(App\Controllers\Dashboard))
#7 E:\htdocs\rico_store_management_app_2\system\CodeIgniter.php(339): CodeIgniter\CodeIgniter->handleRequest(NULL, Object(Config\Cache), false)
#8 E:\htdocs\rico_store_management_app_2\public\index.php(36): CodeIgniter\CodeIgniter->run()
#9 E:\htdocs\rico_store_management_app_2\system\Commands\Server\rewrite.php(45): require_once('E:\\htdocs\\rico_...')
#10 {main}
ERROR - 2021-07-10 15:21:05 --> Table 'asset_management_codeigniter.reasons_for_returning_device' doesn't exist
CRITICAL - 2021-07-10 15:21:05 --> Table 'asset_management_codeigniter.reasons_for_returning_device' doesn't exist
#0 E:\htdocs\rico_store_management_app_2\system\Database\MySQLi\Connection.php(329): mysqli->query('select * from d...')
#1 E:\htdocs\rico_store_management_app_2\system\Database\BaseConnection.php(732): CodeIgniter\Database\MySQLi\Connection->execute('select * from d...')
#2 E:\htdocs\rico_store_management_app_2\system\Database\BaseConnection.php(647): CodeIgniter\Database\BaseConnection->simpleQuery('select * from d...')
#3 E:\htdocs\rico_store_management_app_2\app\Models\Device.php(159): CodeIgniter\Database\BaseConnection->query('select * from d...')
#4 E:\htdocs\rico_store_management_app_2\app\Controllers\Dashboard.php(18): App\Models\Device->select_all_returned_devices(1)
#5 E:\htdocs\rico_store_management_app_2\system\CodeIgniter.php(931): App\Controllers\Dashboard->admin_dashboard()
#6 E:\htdocs\rico_store_management_app_2\system\CodeIgniter.php(439): CodeIgniter\CodeIgniter->runController(Object(App\Controllers\Dashboard))
#7 E:\htdocs\rico_store_management_app_2\system\CodeIgniter.php(339): CodeIgniter\CodeIgniter->handleRequest(NULL, Object(Config\Cache), false)
#8 E:\htdocs\rico_store_management_app_2\public\index.php(36): CodeIgniter\CodeIgniter->run()
#9 E:\htdocs\rico_store_management_app_2\system\Commands\Server\rewrite.php(45): require_once('E:\\htdocs\\rico_...')
#10 {main}
ERROR - 2021-07-10 15:25:00 --> Table 'asset_management_codeigniter.reasons_for_returning_device' doesn't exist
CRITICAL - 2021-07-10 15:25:00 --> Table 'asset_management_codeigniter.reasons_for_returning_device' doesn't exist
#0 E:\htdocs\rico_store_management_app_2\system\Database\MySQLi\Connection.php(329): mysqli->query('select COUNT(*)...')
#1 E:\htdocs\rico_store_management_app_2\system\Database\BaseConnection.php(732): CodeIgniter\Database\MySQLi\Connection->execute('select COUNT(*)...')
#2 E:\htdocs\rico_store_management_app_2\system\Database\BaseConnection.php(647): CodeIgniter\Database\BaseConnection->simpleQuery('select COUNT(*)...')
#3 E:\htdocs\rico_store_management_app_2\app\Models\Device.php(167): CodeIgniter\Database\BaseConnection->query('select COUNT(*)...')
#4 E:\htdocs\rico_store_management_app_2\app\Controllers\Dashboard.php(19): App\Models\Device->select_all_returned_devices_count(1)
#5 E:\htdocs\rico_store_management_app_2\system\CodeIgniter.php(931): App\Controllers\Dashboard->admin_dashboard()
#6 E:\htdocs\rico_store_management_app_2\system\CodeIgniter.php(439): CodeIgniter\CodeIgniter->runController(Object(App\Controllers\Dashboard))
#7 E:\htdocs\rico_store_management_app_2\system\CodeIgniter.php(339): CodeIgniter\CodeIgniter->handleRequest(NULL, Object(Config\Cache), false)
#8 E:\htdocs\rico_store_management_app_2\public\index.php(36): CodeIgniter\CodeIgniter->run()
#9 E:\htdocs\rico_store_management_app_2\system\Commands\Server\rewrite.php(45): require_once('E:\\htdocs\\rico_...')
#10 {main}
ERROR - 2021-07-10 15:25:05 --> Table 'asset_management_codeigniter.reasons_for_returning_device' doesn't exist
CRITICAL - 2021-07-10 15:25:05 --> Table 'asset_management_codeigniter.reasons_for_returning_device' doesn't exist
#0 E:\htdocs\rico_store_management_app_2\system\Database\MySQLi\Connection.php(329): mysqli->query('select COUNT(*)...')
#1 E:\htdocs\rico_store_management_app_2\system\Database\BaseConnection.php(732): CodeIgniter\Database\MySQLi\Connection->execute('select COUNT(*)...')
#2 E:\htdocs\rico_store_management_app_2\system\Database\BaseConnection.php(647): CodeIgniter\Database\BaseConnection->simpleQuery('select COUNT(*)...')
#3 E:\htdocs\rico_store_management_app_2\app\Models\Device.php(167): CodeIgniter\Database\BaseConnection->query('select COUNT(*)...')
#4 E:\htdocs\rico_store_management_app_2\app\Controllers\Dashboard.php(19): App\Models\Device->select_all_returned_devices_count(1)
#5 E:\htdocs\rico_store_management_app_2\system\CodeIgniter.php(931): App\Controllers\Dashboard->admin_dashboard()
#6 E:\htdocs\rico_store_management_app_2\system\CodeIgniter.php(439): CodeIgniter\CodeIgniter->runController(Object(App\Controllers\Dashboard))
#7 E:\htdocs\rico_store_management_app_2\system\CodeIgniter.php(339): CodeIgniter\CodeIgniter->handleRequest(NULL, Object(Config\Cache), false)
#8 E:\htdocs\rico_store_management_app_2\public\index.php(36): CodeIgniter\CodeIgniter->run()
#9 E:\htdocs\rico_store_management_app_2\system\Commands\Server\rewrite.php(45): require_once('E:\\htdocs\\rico_...')
#10 {main}
ERROR - 2021-07-10 15:25:06 --> Table 'asset_management_codeigniter.reasons_for_returning_device' doesn't exist
CRITICAL - 2021-07-10 15:25:06 --> Table 'asset_management_codeigniter.reasons_for_returning_device' doesn't exist
#0 E:\htdocs\rico_store_management_app_2\system\Database\MySQLi\Connection.php(329): mysqli->query('select COUNT(*)...')
#1 E:\htdocs\rico_store_management_app_2\system\Database\BaseConnection.php(732): CodeIgniter\Database\MySQLi\Connection->execute('select COUNT(*)...')
#2 E:\htdocs\rico_store_management_app_2\system\Database\BaseConnection.php(647): CodeIgniter\Database\BaseConnection->simpleQuery('select COUNT(*)...')
#3 E:\htdocs\rico_store_management_app_2\app\Models\Device.php(167): CodeIgniter\Database\BaseConnection->query('select COUNT(*)...')
#4 E:\htdocs\rico_store_management_app_2\app\Controllers\Dashboard.php(19): App\Models\Device->select_all_returned_devices_count(1)
#5 E:\htdocs\rico_store_management_app_2\system\CodeIgniter.php(931): App\Controllers\Dashboard->admin_dashboard()
#6 E:\htdocs\rico_store_management_app_2\system\CodeIgniter.php(439): CodeIgniter\CodeIgniter->runController(Object(App\Controllers\Dashboard))
#7 E:\htdocs\rico_store_management_app_2\system\CodeIgniter.php(339): CodeIgniter\CodeIgniter->handleRequest(NULL, Object(Config\Cache), false)
#8 E:\htdocs\rico_store_management_app_2\public\index.php(36): CodeIgniter\CodeIgniter->run()
#9 E:\htdocs\rico_store_management_app_2\system\Commands\Server\rewrite.php(45): require_once('E:\\htdocs\\rico_...')
#10 {main}
ERROR - 2021-07-10 15:29:15 --> Table 'asset_management_codeigniter.reasons_for_returning_device' doesn't exist
CRITICAL - 2021-07-10 15:29:15 --> Table 'asset_management_codeigniter.reasons_for_returning_device' doesn't exist
#0 E:\htdocs\rico_store_management_app_2\system\Database\MySQLi\Connection.php(329): mysqli->query('select * from r...')
#1 E:\htdocs\rico_store_management_app_2\system\Database\BaseConnection.php(732): CodeIgniter\Database\MySQLi\Connection->execute('select * from r...')
#2 E:\htdocs\rico_store_management_app_2\system\Database\BaseConnection.php(647): CodeIgniter\Database\BaseConnection->simpleQuery('select * from r...')
#3 E:\htdocs\rico_store_management_app_2\app\Models\Device.php(152): CodeIgniter\Database\BaseConnection->query('select * from r...')
#4 E:\htdocs\rico_store_management_app_2\app\Controllers\Device.php(188): App\Models\Device->get_all_reasons_for_return_of_device()
#5 E:\htdocs\rico_store_management_app_2\system\CodeIgniter.php(931): App\Controllers\Device->load_add_returned_edit_device_view()
#6 E:\htdocs\rico_store_management_app_2\system\CodeIgniter.php(439): CodeIgniter\CodeIgniter->runController(Object(App\Controllers\Device))
#7 E:\htdocs\rico_store_management_app_2\system\CodeIgniter.php(339): CodeIgniter\CodeIgniter->handleRequest(NULL, Object(Config\Cache), false)
#8 E:\htdocs\rico_store_management_app_2\public\index.php(36): CodeIgniter\CodeIgniter->run()
#9 E:\htdocs\rico_store_management_app_2\system\Commands\Server\rewrite.php(45): require_once('E:\\htdocs\\rico_...')
#10 {main}
ERROR - 2021-07-10 15:29:27 --> Table 'asset_management_codeigniter.reasons_for_returning_device' doesn't exist
CRITICAL - 2021-07-10 15:29:27 --> Table 'asset_management_codeigniter.reasons_for_returning_device' doesn't exist
#0 E:\htdocs\rico_store_management_app_2\system\Database\MySQLi\Connection.php(329): mysqli->query('select * from r...')
#1 E:\htdocs\rico_store_management_app_2\system\Database\BaseConnection.php(732): CodeIgniter\Database\MySQLi\Connection->execute('select * from r...')
#2 E:\htdocs\rico_store_management_app_2\system\Database\BaseConnection.php(647): CodeIgniter\Database\BaseConnection->simpleQuery('select * from r...')
#3 E:\htdocs\rico_store_management_app_2\app\Models\Device.php(152): CodeIgniter\Database\BaseConnection->query('select * from r...')
#4 E:\htdocs\rico_store_management_app_2\app\Controllers\Device.php(188): App\Models\Device->get_all_reasons_for_return_of_device()
#5 E:\htdocs\rico_store_management_app_2\system\CodeIgniter.php(931): App\Controllers\Device->load_add_returned_edit_device_view()
#6 E:\htdocs\rico_store_management_app_2\system\CodeIgniter.php(439): CodeIgniter\CodeIgniter->runController(Object(App\Controllers\Device))
#7 E:\htdocs\rico_store_management_app_2\system\CodeIgniter.php(339): CodeIgniter\CodeIgniter->handleRequest(NULL, Object(Config\Cache), false)
#8 E:\htdocs\rico_store_management_app_2\public\index.php(36): CodeIgniter\CodeIgniter->run()
#9 E:\htdocs\rico_store_management_app_2\system\Commands\Server\rewrite.php(45): require_once('E:\\htdocs\\rico_...')
#10 {main}
ERROR - 2021-07-10 15:33:56 --> Table 'asset_management_codeigniter.reasons_for_returning_device' doesn't exist
CRITICAL - 2021-07-10 15:33:56 --> Table 'asset_management_codeigniter.reasons_for_returning_device' doesn't exist
#0 E:\htdocs\rico_store_management_app_2\system\Database\MySQLi\Connection.php(329): mysqli->query('select * from d...')
#1 E:\htdocs\rico_store_management_app_2\system\Database\BaseConnection.php(732): CodeIgniter\Database\MySQLi\Connection->execute('select * from d...')
#2 E:\htdocs\rico_store_management_app_2\system\Database\BaseConnection.php(647): CodeIgniter\Database\BaseConnection->simpleQuery('select * from d...')
#3 E:\htdocs\rico_store_management_app_2\app\Models\Device.php(175): CodeIgniter\Database\BaseConnection->query('select * from d...')
#4 E:\htdocs\rico_store_management_app_2\app\Controllers\Device.php(272): App\Models\Device->get_user_by_asset_tag_or_imei_or_serial_no('00800', '', '')
#5 E:\htdocs\rico_store_management_app_2\system\CodeIgniter.php(931): App\Controllers\Device->check_if_device_has_been_returned()
#6 E:\htdocs\rico_store_management_app_2\system\CodeIgniter.php(439): CodeIgniter\CodeIgniter->runController(Object(App\Controllers\Device))
#7 E:\htdocs\rico_store_management_app_2\system\CodeIgniter.php(339): CodeIgniter\CodeIgniter->handleRequest(NULL, Object(Config\Cache), false)
#8 E:\htdocs\rico_store_management_app_2\public\index.php(36): CodeIgniter\CodeIgniter->run()
#9 E:\htdocs\rico_store_management_app_2\system\Commands\Server\rewrite.php(45): require_once('E:\\htdocs\\rico_...')
#10 {main}
CRITICAL - 2021-07-10 15:34:41 --> Undefined property: stdClass::$id
#0 E:\htdocs\rico_store_management_app_2\app\Views\Device\add_returned_device.php(217): CodeIgniter\Debug\Exceptions->errorHandler(8, 'Undefined prope...', 'E:\\htdocs\\rico_...', 217, Array)
#1 E:\htdocs\rico_store_management_app_2\system\View\View.php(230): include('E:\\htdocs\\rico_...')
#2 E:\htdocs\rico_store_management_app_2\system\View\View.php(232): CodeIgniter\View\View->CodeIgniter\View\{closure}()
#3 E:\htdocs\rico_store_management_app_2\system\Common.php(1250): CodeIgniter\View\View->render('Device\\add_retu...', Array, true)
#4 E:\htdocs\rico_store_management_app_2\app\Controllers\Device.php(189): view('Device\\add_retu...', Array)
#5 E:\htdocs\rico_store_management_app_2\system\CodeIgniter.php(931): App\Controllers\Device->load_add_returned_edit_device_view()
#6 E:\htdocs\rico_store_management_app_2\system\CodeIgniter.php(439): CodeIgniter\CodeIgniter->runController(Object(App\Controllers\Device))
#7 E:\htdocs\rico_store_management_app_2\system\CodeIgniter.php(339): CodeIgniter\CodeIgniter->handleRequest(NULL, Object(Config\Cache), false)
#8 E:\htdocs\rico_store_management_app_2\public\index.php(36): CodeIgniter\CodeIgniter->run()
#9 E:\htdocs\rico_store_management_app_2\system\Commands\Server\rewrite.php(45): require_once('E:\\htdocs\\rico_...')
#10 {main}
ERROR - 2021-07-10 15:36:00 --> Table 'asset_management_codeigniter.reasons_for_returning_device' doesn't exist
CRITICAL - 2021-07-10 15:36:00 --> Table 'asset_management_codeigniter.reasons_for_returning_device' doesn't exist
#0 E:\htdocs\rico_store_management_app_2\system\Database\MySQLi\Connection.php(329): mysqli->query('select * from d...')
#1 E:\htdocs\rico_store_management_app_2\system\Database\BaseConnection.php(732): CodeIgniter\Database\MySQLi\Connection->execute('select * from d...')
#2 E:\htdocs\rico_store_management_app_2\system\Database\BaseConnection.php(647): CodeIgniter\Database\BaseConnection->simpleQuery('select * from d...')
#3 E:\htdocs\rico_store_management_app_2\app\Models\Device.php(175): CodeIgniter\Database\BaseConnection->query('select * from d...')
#4 E:\htdocs\rico_store_management_app_2\app\Controllers\Device.php(272): App\Models\Device->get_user_by_asset_tag_or_imei_or_serial_no('00800', '', '')
#5 E:\htdocs\rico_store_management_app_2\system\CodeIgniter.php(931): App\Controllers\Device->check_if_device_has_been_returned()
#6 E:\htdocs\rico_store_management_app_2\system\CodeIgniter.php(439): CodeIgniter\CodeIgniter->runController(Object(App\Controllers\Device))
#7 E:\htdocs\rico_store_management_app_2\system\CodeIgniter.php(339): CodeIgniter\CodeIgniter->handleRequest(NULL, Object(Config\Cache), false)
#8 E:\htdocs\rico_store_management_app_2\public\index.php(36): CodeIgniter\CodeIgniter->run()
#9 E:\htdocs\rico_store_management_app_2\system\Commands\Server\rewrite.php(45): require_once('E:\\htdocs\\rico_...')
#10 {main}
CRITICAL - 2021-07-10 15:42:57 --> Undefined property: stdClass::$user_account_first_name
#0 E:\htdocs\rico_store_management_app_2\app\Views\Device\added_returned_devices_list.php(67): CodeIgniter\Debug\Exceptions->errorHandler(8, 'Undefined prope...', 'E:\\htdocs\\rico_...', 67, Array)
#1 E:\htdocs\rico_store_management_app_2\system\View\View.php(230): include('E:\\htdocs\\rico_...')
#2 E:\htdocs\rico_store_management_app_2\system\View\View.php(232): CodeIgniter\View\View->CodeIgniter\View\{closure}()
#3 E:\htdocs\rico_store_management_app_2\system\Common.php(1250): CodeIgniter\View\View->render('Device\\added_re...', Array, true)
#4 E:\htdocs\rico_store_management_app_2\app\Controllers\Device.php(296): view('Device\\added_re...', Array)
#5 E:\htdocs\rico_store_management_app_2\system\CodeIgniter.php(931): App\Controllers\Device->load_returned_devices_list()
#6 E:\htdocs\rico_store_management_app_2\system\CodeIgniter.php(439): CodeIgniter\CodeIgniter->runController(Object(App\Controllers\Device))
#7 E:\htdocs\rico_store_management_app_2\system\CodeIgniter.php(339): CodeIgniter\CodeIgniter->handleRequest(NULL, Object(Config\Cache), false)
#8 E:\htdocs\rico_store_management_app_2\public\index.php(36): CodeIgniter\CodeIgniter->run()
#9 E:\htdocs\rico_store_management_app_2\system\Commands\Server\rewrite.php(45): require_once('E:\\htdocs\\rico_...')
#10 {main}
ERROR - 2021-07-10 15:44:48 --> Table 'asset_management_codeigniter.reasons_for_returning_device' doesn't exist
CRITICAL - 2021-07-10 15:44:48 --> Table 'asset_management_codeigniter.reasons_for_returning_device' doesn't exist
#0 E:\htdocs\rico_store_management_app_2\system\Database\MySQLi\Connection.php(329): mysqli->query('select * from d...')
#1 E:\htdocs\rico_store_management_app_2\system\Database\BaseConnection.php(732): CodeIgniter\Database\MySQLi\Connection->execute('select * from d...')
#2 E:\htdocs\rico_store_management_app_2\system\Database\BaseConnection.php(647): CodeIgniter\Database\BaseConnection->simpleQuery('select * from d...')
#3 E:\htdocs\rico_store_management_app_2\app\Models\Device.php(87): CodeIgniter\Database\BaseConnection->query('select * from d...')
#4 E:\htdocs\rico_store_management_app_2\app\Controllers\Device.php(23): App\Models\Device->get_device_data_by_id(0)
#5 E:\htdocs\rico_store_management_app_2\system\CodeIgniter.php(931): App\Controllers\Device->load_add_edit_device_view()
#6 E:\htdocs\rico_store_management_app_2\system\CodeIgniter.php(439): CodeIgniter\CodeIgniter->runController(Object(App\Controllers\Device))
#7 E:\htdocs\rico_store_management_app_2\system\CodeIgniter.php(339): CodeIgniter\CodeIgniter->handleRequest(NULL, Object(Config\Cache), false)
#8 E:\htdocs\rico_store_management_app_2\public\index.php(36): CodeIgniter\CodeIgniter->run()
#9 E:\htdocs\rico_store_management_app_2\system\Commands\Server\rewrite.php(45): require_once('E:\\htdocs\\rico_...')
#10 {main}
ERROR - 2021-07-10 15:52:48 --> Table 'asset_management_codeigniter.reasons_for_returning_device' doesn't exist
CRITICAL - 2021-07-10 15:52:48 --> Table 'asset_management_codeigniter.reasons_for_returning_device' doesn't exist
#0 E:\htdocs\rico_store_management_app_2\system\Database\MySQLi\Connection.php(329): mysqli->query('select * from d...')
#1 E:\htdocs\rico_store_management_app_2\system\Database\BaseConnection.php(732): CodeIgniter\Database\MySQLi\Connection->execute('select * from d...')
#2 E:\htdocs\rico_store_management_app_2\system\Database\BaseConnection.php(647): CodeIgniter\Database\BaseConnection->simpleQuery('select * from d...')
#3 E:\htdocs\rico_store_management_app_2\app\Models\Device.php(76): CodeIgniter\Database\BaseConnection->query('select * from d...')
#4 E:\htdocs\rico_store_management_app_2\app\Controllers\Device.php(63): App\Models\Device->select_all_devices()
#5 E:\htdocs\rico_store_management_app_2\system\CodeIgniter.php(931): App\Controllers\Device->load_devices_list()
#6 E:\htdocs\rico_store_management_app_2\system\CodeIgniter.php(439): CodeIgniter\CodeIgniter->runController(Object(App\Controllers\Device))
#7 E:\htdocs\rico_store_management_app_2\system\CodeIgniter.php(339): CodeIgniter\CodeIgniter->handleRequest(NULL, Object(Config\Cache), false)
#8 E:\htdocs\rico_store_management_app_2\public\index.php(36): CodeIgniter\CodeIgniter->run()
#9 E:\htdocs\rico_store_management_app_2\system\Commands\Server\rewrite.php(45): require_once('E:\\htdocs\\rico_...')
#10 {main}
ERROR - 2021-07-10 15:58:26 --> Table 'asset_management_codeigniter.reasons_for_returning_device' doesn't exist
CRITICAL - 2021-07-10 15:58:26 --> Table 'asset_management_codeigniter.reasons_for_returning_device' doesn't exist
#0 E:\htdocs\rico_store_management_app_2\system\Database\MySQLi\Connection.php(329): mysqli->query('select * from d...')
#1 E:\htdocs\rico_store_management_app_2\system\Database\BaseConnection.php(732): CodeIgniter\Database\MySQLi\Connection->execute('select * from d...')
#2 E:\htdocs\rico_store_management_app_2\system\Database\BaseConnection.php(647): CodeIgniter\Database\BaseConnection->simpleQuery('select * from d...')
#3 E:\htdocs\rico_store_management_app_2\app\Models\Device.php(76): CodeIgniter\Database\BaseConnection->query('select * from d...')
#4 E:\htdocs\rico_store_management_app_2\app\Controllers\Device.php(63): App\Models\Device->select_all_devices()
#5 E:\htdocs\rico_store_management_app_2\system\CodeIgniter.php(931): App\Controllers\Device->load_devices_list()
#6 E:\htdocs\rico_store_management_app_2\system\CodeIgniter.php(439): CodeIgniter\CodeIgniter->runController(Object(App\Controllers\Device))
#7 E:\htdocs\rico_store_management_app_2\system\CodeIgniter.php(339): CodeIgniter\CodeIgniter->handleRequest(NULL, Object(Config\Cache), false)
#8 E:\htdocs\rico_store_management_app_2\public\index.php(36): CodeIgniter\CodeIgniter->run()
#9 E:\htdocs\rico_store_management_app_2\system\Commands\Server\rewrite.php(45): require_once('E:\\htdocs\\rico_...')
#10 {main}
ERROR - 2021-07-10 15:58:37 --> Table 'asset_management_codeigniter.reasons_for_returning_device' doesn't exist
CRITICAL - 2021-07-10 15:58:37 --> Table 'asset_management_codeigniter.reasons_for_returning_device' doesn't exist
#0 E:\htdocs\rico_store_management_app_2\system\Database\MySQLi\Connection.php(329): mysqli->query('select * from d...')
#1 E:\htdocs\rico_store_management_app_2\system\Database\BaseConnection.php(732): CodeIgniter\Database\MySQLi\Connection->execute('select * from d...')
#2 E:\htdocs\rico_store_management_app_2\system\Database\BaseConnection.php(647): CodeIgniter\Database\BaseConnection->simpleQuery('select * from d...')
#3 E:\htdocs\rico_store_management_app_2\app\Models\Device.php(76): CodeIgniter\Database\BaseConnection->query('select * from d...')
#4 E:\htdocs\rico_store_management_app_2\app\Controllers\Device.php(63): App\Models\Device->select_all_devices()
#5 E:\htdocs\rico_store_management_app_2\system\CodeIgniter.php(931): App\Controllers\Device->load_devices_list()
#6 E:\htdocs\rico_store_management_app_2\system\CodeIgniter.php(439): CodeIgniter\CodeIgniter->runController(Object(App\Controllers\Device))
#7 E:\htdocs\rico_store_management_app_2\system\CodeIgniter.php(339): CodeIgniter\CodeIgniter->handleRequest(NULL, Object(Config\Cache), false)
#8 E:\htdocs\rico_store_management_app_2\public\index.php(36): CodeIgniter\CodeIgniter->run()
#9 E:\htdocs\rico_store_management_app_2\system\Commands\Server\rewrite.php(45): require_once('E:\\htdocs\\rico_...')
#10 {main}
CRITICAL - 2021-07-10 16:05:36 --> Undefined property: stdClass::$first_name
#0 E:\htdocs\rico_store_management_app_2\app\Views\Device\all_devices.php(82): CodeIgniter\Debug\Exceptions->errorHandler(8, 'Undefined prope...', 'E:\\htdocs\\rico_...', 82, Array)
#1 E:\htdocs\rico_store_management_app_2\system\View\View.php(230): include('E:\\htdocs\\rico_...')
#2 E:\htdocs\rico_store_management_app_2\system\View\View.php(232): CodeIgniter\View\View->CodeIgniter\View\{closure}()
#3 E:\htdocs\rico_store_management_app_2\system\Common.php(1250): CodeIgniter\View\View->render('Device\\all_devi...', Array, true)
#4 E:\htdocs\rico_store_management_app_2\app\Controllers\Device.php(65): view('Device\\all_devi...', Array)
#5 E:\htdocs\rico_store_management_app_2\system\CodeIgniter.php(931): App\Controllers\Device->load_devices_list()
#6 E:\htdocs\rico_store_management_app_2\system\CodeIgniter.php(439): CodeIgniter\CodeIgniter->runController(Object(App\Controllers\Device))
#7 E:\htdocs\rico_store_management_app_2\system\CodeIgniter.php(339): CodeIgniter\CodeIgniter->handleRequest(NULL, Object(Config\Cache), false)
#8 E:\htdocs\rico_store_management_app_2\public\index.php(36): CodeIgniter\CodeIgniter->run()
#9 E:\htdocs\rico_store_management_app_2\system\Commands\Server\rewrite.php(45): require_once('E:\\htdocs\\rico_...')
#10 {main}
CRITICAL - 2021-07-10 16:56:13 --> Trying to get property 'subcounty_id' of non-object
#0 E:\htdocs\rico_store_management_app_2\app\Controllers\Region.php(67): CodeIgniter\Debug\Exceptions->errorHandler(8, 'Trying to get p...', 'E:\\htdocs\\rico_...', 67, Array)
#1 E:\htdocs\rico_store_management_app_2\system\CodeIgniter.php(931): App\Controllers\Region->fetch_subcounties_dropdown()
#2 E:\htdocs\rico_store_management_app_2\system\CodeIgniter.php(439): CodeIgniter\CodeIgniter->runController(Object(App\Controllers\Region))
#3 E:\htdocs\rico_store_management_app_2\system\CodeIgniter.php(339): CodeIgniter\CodeIgniter->handleRequest(NULL, Object(Config\Cache), false)
#4 E:\htdocs\rico_store_management_app_2\public\index.php(36): CodeIgniter\CodeIgniter->run()
#5 E:\htdocs\rico_store_management_app_2\system\Commands\Server\rewrite.php(45): require_once('E:\\htdocs\\rico_...')
#6 {main}
CRITICAL - 2021-07-10 16:56:33 --> Trying to get property 'subcounty_id' of non-object
#0 E:\htdocs\rico_store_management_app_2\app\Controllers\Region.php(67): CodeIgniter\Debug\Exceptions->errorHandler(8, 'Trying to get p...', 'E:\\htdocs\\rico_...', 67, Array)
#1 E:\htdocs\rico_store_management_app_2\system\CodeIgniter.php(931): App\Controllers\Region->fetch_subcounties_dropdown()
#2 E:\htdocs\rico_store_management_app_2\system\CodeIgniter.php(439): CodeIgniter\CodeIgniter->runController(Object(App\Controllers\Region))
#3 E:\htdocs\rico_store_management_app_2\system\CodeIgniter.php(339): CodeIgniter\CodeIgniter->handleRequest(NULL, Object(Config\Cache), false)
#4 E:\htdocs\rico_store_management_app_2\public\index.php(36): CodeIgniter\CodeIgniter->run()
#5 E:\htdocs\rico_store_management_app_2\system\Commands\Server\rewrite.php(45): require_once('E:\\htdocs\\rico_...')
#6 {main}
CRITICAL - 2021-07-10 16:57:19 --> Trying to get property 'subcounty_id' of non-object
#0 E:\htdocs\rico_store_management_app_2\app\Controllers\Region.php(67): CodeIgniter\Debug\Exceptions->errorHandler(8, 'Trying to get p...', 'E:\\htdocs\\rico_...', 67, Array)
#1 E:\htdocs\rico_store_management_app_2\system\CodeIgniter.php(931): App\Controllers\Region->fetch_subcounties_dropdown()
#2 E:\htdocs\rico_store_management_app_2\system\CodeIgniter.php(439): CodeIgniter\CodeIgniter->runController(Object(App\Controllers\Region))
#3 E:\htdocs\rico_store_management_app_2\system\CodeIgniter.php(339): CodeIgniter\CodeIgniter->handleRequest(NULL, Object(Config\Cache), false)
#4 E:\htdocs\rico_store_management_app_2\public\index.php(36): CodeIgniter\CodeIgniter->run()
#5 E:\htdocs\rico_store_management_app_2\system\Commands\Server\rewrite.php(45): require_once('E:\\htdocs\\rico_...')
#6 {main}
CRITICAL - 2021-07-10 17:19:01 --> [] operator not supported for strings
#0 E:\htdocs\rico_store_management_app_2\system\CodeIgniter.php(931): App\Controllers\Region->fetch_subcounties_dropdown()
#1 E:\htdocs\rico_store_management_app_2\system\CodeIgniter.php(439): CodeIgniter\CodeIgniter->runController(Object(App\Controllers\Region))
#2 E:\htdocs\rico_store_management_app_2\system\CodeIgniter.php(339): CodeIgniter\CodeIgniter->handleRequest(NULL, Object(Config\Cache), false)
#3 E:\htdocs\rico_store_management_app_2\public\index.php(36): CodeIgniter\CodeIgniter->run()
#4 E:\htdocs\rico_store_management_app_2\system\Commands\Server\rewrite.php(45): require_once('E:\\htdocs\\rico_...')
#5 {main}
