ERROR - 2021-07-15 02:35:50 --> Error connecting to the database: No connection could be made because the target machine actively refused it.

CRITICAL - 2021-07-15 02:35:50 --> Unable to connect to the database.
Main connection [MySQLi]: No connection could be made because the target machine actively refused it.

#0 E:\htdocs\rico_store_management_app_2\system\Database\BaseConnection.php(625): CodeIgniter\Database\BaseConnection->initialize()
#1 E:\htdocs\rico_store_management_app_2\app\Models\Users.php(47): CodeIgniter\Database\BaseConnection->query('select * from u...')
#2 E:\htdocs\rico_store_management_app_2\app\Controllers\Auth.php(27): App\Models\Users->get_user_by_email_or_national_id('faith@gmail.com', '')
#3 E:\htdocs\rico_store_management_app_2\system\CodeIgniter.php(931): App\Controllers\Auth->login()
#4 E:\htdocs\rico_store_management_app_2\system\CodeIgniter.php(439): CodeIgniter\CodeIgniter->runController(Object(App\Controllers\Auth))
#5 E:\htdocs\rico_store_management_app_2\system\CodeIgniter.php(339): CodeIgniter\CodeIgniter->handleRequest(NULL, Object(Config\Cache), false)
#6 E:\htdocs\rico_store_management_app_2\public\index.php(36): CodeIgniter\CodeIgniter->run()
#7 E:\htdocs\rico_store_management_app_2\system\Commands\Server\rewrite.php(45): require_once('E:\\htdocs\\rico_...')
#8 {main}
CRITICAL - 2021-07-15 02:35:50 --> Uncaught ErrorException: print_r(): Property access is not allowed yet in E:\htdocs\rico_store_management_app_2\app\Views\errors\html\error_exception.php:99
Stack trace:
#0 [internal function]: CodeIgniter\Debug\Exceptions->errorHandler(2, 'print_r(): Prop...', 'E:\\htdocs\\rico_...', 99, Array)
#1 E:\htdocs\rico_store_management_app_2\app\Views\errors\html\error_exception.php(99): print_r(Object(App\Controllers\Auth), true)
#2 E:\htdocs\rico_store_management_app_2\system\Debug\Exceptions.php(278): include('E:\\htdocs\\rico_...')
#3 E:\htdocs\rico_store_management_app_2\system\Debug\Exceptions.php(147): CodeIgniter\Debug\Exceptions->render(Object(CodeIgniter\Database\Exceptions\DatabaseException), 500)
#4 [internal function]: CodeIgniter\Debug\Exceptions->exceptionHandler(Object(CodeIgniter\Database\Exceptions\DatabaseException))
#5 {main}
  thrown
#0 [internal function]: CodeIgniter\Debug\Exceptions->shutdownHandler()
#1 {main}
ERROR - 2021-07-15 02:36:26 --> Error connecting to the database: No connection could be made because the target machine actively refused it.

CRITICAL - 2021-07-15 02:36:26 --> Unable to connect to the database.
Main connection [MySQLi]: No connection could be made because the target machine actively refused it.

#0 E:\htdocs\rico_store_management_app_2\system\Database\BaseConnection.php(625): CodeIgniter\Database\BaseConnection->initialize()
#1 E:\htdocs\rico_store_management_app_2\app\Models\Users.php(47): CodeIgniter\Database\BaseConnection->query('select * from u...')
#2 E:\htdocs\rico_store_management_app_2\app\Controllers\Auth.php(27): App\Models\Users->get_user_by_email_or_national_id(NULL, NULL)
#3 E:\htdocs\rico_store_management_app_2\system\CodeIgniter.php(931): App\Controllers\Auth->login()
#4 E:\htdocs\rico_store_management_app_2\system\CodeIgniter.php(439): CodeIgniter\CodeIgniter->runController(Object(App\Controllers\Auth))
#5 E:\htdocs\rico_store_management_app_2\system\CodeIgniter.php(339): CodeIgniter\CodeIgniter->handleRequest(NULL, Object(Config\Cache), false)
#6 E:\htdocs\rico_store_management_app_2\public\index.php(36): CodeIgniter\CodeIgniter->run()
#7 E:\htdocs\rico_store_management_app_2\system\Commands\Server\rewrite.php(45): require_once('E:\\htdocs\\rico_...')
#8 {main}
CRITICAL - 2021-07-15 02:36:26 --> Uncaught ErrorException: print_r(): Property access is not allowed yet in E:\htdocs\rico_store_management_app_2\app\Views\errors\html\error_exception.php:99
Stack trace:
#0 [internal function]: CodeIgniter\Debug\Exceptions->errorHandler(2, 'print_r(): Prop...', 'E:\\htdocs\\rico_...', 99, Array)
#1 E:\htdocs\rico_store_management_app_2\app\Views\errors\html\error_exception.php(99): print_r(Object(App\Controllers\Auth), true)
#2 E:\htdocs\rico_store_management_app_2\system\Debug\Exceptions.php(278): include('E:\\htdocs\\rico_...')
#3 E:\htdocs\rico_store_management_app_2\system\Debug\Exceptions.php(147): CodeIgniter\Debug\Exceptions->render(Object(CodeIgniter\Database\Exceptions\DatabaseException), 500)
#4 [internal function]: CodeIgniter\Debug\Exceptions->exceptionHandler(Object(CodeIgniter\Database\Exceptions\DatabaseException))
#5 {main}
  thrown
#0 [internal function]: CodeIgniter\Debug\Exceptions->shutdownHandler()
#1 {main}
CRITICAL - 2021-07-15 03:46:14 --> Undefined variable: subcounty_dropdown_data
#0 E:\htdocs\rico_store_management_app_2\app\Controllers\Region.php(71): CodeIgniter\Debug\Exceptions->errorHandler(8, 'Undefined varia...', 'E:\\htdocs\\rico_...', 71, Array)
#1 E:\htdocs\rico_store_management_app_2\system\CodeIgniter.php(931): App\Controllers\Region->fetch_registration_offices_dropdown()
#2 E:\htdocs\rico_store_management_app_2\system\CodeIgniter.php(439): CodeIgniter\CodeIgniter->runController(Object(App\Controllers\Region))
#3 E:\htdocs\rico_store_management_app_2\system\CodeIgniter.php(339): CodeIgniter\CodeIgniter->handleRequest(NULL, Object(Config\Cache), false)
#4 E:\htdocs\rico_store_management_app_2\public\index.php(36): CodeIgniter\CodeIgniter->run()
#5 E:\htdocs\rico_store_management_app_2\system\Commands\Server\rewrite.php(45): require_once('E:\\htdocs\\rico_...')
#6 {main}
CRITICAL - 2021-07-15 03:55:17 --> Trying to get property 'first_name' of non-object
#0 E:\htdocs\rico_store_management_app_2\app\Views\Device\view_device_details.php(26): CodeIgniter\Debug\Exceptions->errorHandler(8, 'Trying to get p...', 'E:\\htdocs\\rico_...', 26, Array)
#1 E:\htdocs\rico_store_management_app_2\system\View\View.php(230): include('E:\\htdocs\\rico_...')
#2 E:\htdocs\rico_store_management_app_2\system\View\View.php(232): CodeIgniter\View\View->CodeIgniter\View\{closure}()
#3 E:\htdocs\rico_store_management_app_2\system\Common.php(1250): CodeIgniter\View\View->render('Device\\view_dev...', Array, true)
#4 E:\htdocs\rico_store_management_app_2\app\Controllers\Device.php(303): view('Device\\view_dev...', Array)
#5 E:\htdocs\rico_store_management_app_2\system\CodeIgniter.php(931): App\Controllers\Device->load_view_device_view()
#6 E:\htdocs\rico_store_management_app_2\system\CodeIgniter.php(439): CodeIgniter\CodeIgniter->runController(Object(App\Controllers\Device))
#7 E:\htdocs\rico_store_management_app_2\system\CodeIgniter.php(339): CodeIgniter\CodeIgniter->handleRequest(NULL, Object(Config\Cache), false)
#8 E:\htdocs\rico_store_management_app_2\public\index.php(36): CodeIgniter\CodeIgniter->run()
#9 E:\htdocs\rico_store_management_app_2\system\Commands\Server\rewrite.php(45): require_once('E:\\htdocs\\rico_...')
#10 {main}
CRITICAL - 2021-07-15 03:55:20 --> Trying to get property 'first_name' of non-object
#0 E:\htdocs\rico_store_management_app_2\app\Views\Device\view_device_details.php(26): CodeIgniter\Debug\Exceptions->errorHandler(8, 'Trying to get p...', 'E:\\htdocs\\rico_...', 26, Array)
#1 E:\htdocs\rico_store_management_app_2\system\View\View.php(230): include('E:\\htdocs\\rico_...')
#2 E:\htdocs\rico_store_management_app_2\system\View\View.php(232): CodeIgniter\View\View->CodeIgniter\View\{closure}()
#3 E:\htdocs\rico_store_management_app_2\system\Common.php(1250): CodeIgniter\View\View->render('Device\\view_dev...', Array, true)
#4 E:\htdocs\rico_store_management_app_2\app\Controllers\Device.php(303): view('Device\\view_dev...', Array)
#5 E:\htdocs\rico_store_management_app_2\system\CodeIgniter.php(931): App\Controllers\Device->load_view_device_view()
#6 E:\htdocs\rico_store_management_app_2\system\CodeIgniter.php(439): CodeIgniter\CodeIgniter->runController(Object(App\Controllers\Device))
#7 E:\htdocs\rico_store_management_app_2\system\CodeIgniter.php(339): CodeIgniter\CodeIgniter->handleRequest(NULL, Object(Config\Cache), false)
#8 E:\htdocs\rico_store_management_app_2\public\index.php(36): CodeIgniter\CodeIgniter->run()
#9 E:\htdocs\rico_store_management_app_2\system\Commands\Server\rewrite.php(45): require_once('E:\\htdocs\\rico_...')
#10 {main}
CRITICAL - 2021-07-15 03:55:21 --> Trying to get property 'first_name' of non-object
#0 E:\htdocs\rico_store_management_app_2\app\Views\Device\view_device_details.php(26): CodeIgniter\Debug\Exceptions->errorHandler(8, 'Trying to get p...', 'E:\\htdocs\\rico_...', 26, Array)
#1 E:\htdocs\rico_store_management_app_2\system\View\View.php(230): include('E:\\htdocs\\rico_...')
#2 E:\htdocs\rico_store_management_app_2\system\View\View.php(232): CodeIgniter\View\View->CodeIgniter\View\{closure}()
#3 E:\htdocs\rico_store_management_app_2\system\Common.php(1250): CodeIgniter\View\View->render('Device\\view_dev...', Array, true)
#4 E:\htdocs\rico_store_management_app_2\app\Controllers\Device.php(303): view('Device\\view_dev...', Array)
#5 E:\htdocs\rico_store_management_app_2\system\CodeIgniter.php(931): App\Controllers\Device->load_view_device_view()
#6 E:\htdocs\rico_store_management_app_2\system\CodeIgniter.php(439): CodeIgniter\CodeIgniter->runController(Object(App\Controllers\Device))
#7 E:\htdocs\rico_store_management_app_2\system\CodeIgniter.php(339): CodeIgniter\CodeIgniter->handleRequest(NULL, Object(Config\Cache), false)
#8 E:\htdocs\rico_store_management_app_2\public\index.php(36): CodeIgniter\CodeIgniter->run()
#9 E:\htdocs\rico_store_management_app_2\system\Commands\Server\rewrite.php(45): require_once('E:\\htdocs\\rico_...')
#10 {main}
CRITICAL - 2021-07-15 03:55:22 --> Trying to get property 'first_name' of non-object
#0 E:\htdocs\rico_store_management_app_2\app\Views\Device\view_device_details.php(26): CodeIgniter\Debug\Exceptions->errorHandler(8, 'Trying to get p...', 'E:\\htdocs\\rico_...', 26, Array)
#1 E:\htdocs\rico_store_management_app_2\system\View\View.php(230): include('E:\\htdocs\\rico_...')
#2 E:\htdocs\rico_store_management_app_2\system\View\View.php(232): CodeIgniter\View\View->CodeIgniter\View\{closure}()
#3 E:\htdocs\rico_store_management_app_2\system\Common.php(1250): CodeIgniter\View\View->render('Device\\view_dev...', Array, true)
#4 E:\htdocs\rico_store_management_app_2\app\Controllers\Device.php(303): view('Device\\view_dev...', Array)
#5 E:\htdocs\rico_store_management_app_2\system\CodeIgniter.php(931): App\Controllers\Device->load_view_device_view()
#6 E:\htdocs\rico_store_management_app_2\system\CodeIgniter.php(439): CodeIgniter\CodeIgniter->runController(Object(App\Controllers\Device))
#7 E:\htdocs\rico_store_management_app_2\system\CodeIgniter.php(339): CodeIgniter\CodeIgniter->handleRequest(NULL, Object(Config\Cache), false)
#8 E:\htdocs\rico_store_management_app_2\public\index.php(36): CodeIgniter\CodeIgniter->run()
#9 E:\htdocs\rico_store_management_app_2\system\Commands\Server\rewrite.php(45): require_once('E:\\htdocs\\rico_...')
#10 {main}
ERROR - 2021-07-15 03:56:48 --> Unknown column 'user_returning_device_id.deleted' in 'where clause'
CRITICAL - 2021-07-15 03:56:48 --> Unknown column 'user_returning_device_id.deleted' in 'where clause'
#0 E:\htdocs\rico_store_management_app_2\system\Database\MySQLi\Connection.php(329): mysqli->query('select * from u...')
#1 E:\htdocs\rico_store_management_app_2\system\Database\BaseConnection.php(732): CodeIgniter\Database\MySQLi\Connection->execute('select * from u...')
#2 E:\htdocs\rico_store_management_app_2\system\Database\BaseConnection.php(647): CodeIgniter\Database\BaseConnection->simpleQuery('select * from u...')
#3 E:\htdocs\rico_store_management_app_2\app\Models\Users.php(123): CodeIgniter\Database\BaseConnection->query('select * from u...')
#4 E:\htdocs\rico_store_management_app_2\app\Controllers\Users.php(80): App\Models\Users->get_retunred_user_by_national_id_or_email('98765432', 'mar@gmail.com')
#5 E:\htdocs\rico_store_management_app_2\system\CodeIgniter.php(931): App\Controllers\Users->check_if_user_exists()
#6 E:\htdocs\rico_store_management_app_2\system\CodeIgniter.php(439): CodeIgniter\CodeIgniter->runController(Object(App\Controllers\Users))
#7 E:\htdocs\rico_store_management_app_2\system\CodeIgniter.php(339): CodeIgniter\CodeIgniter->handleRequest(NULL, Object(Config\Cache), false)
#8 E:\htdocs\rico_store_management_app_2\public\index.php(36): CodeIgniter\CodeIgniter->run()
#9 E:\htdocs\rico_store_management_app_2\system\Commands\Server\rewrite.php(45): require_once('E:\\htdocs\\rico_...')
#10 {main}
ERROR - 2021-07-15 03:58:44 --> Unknown column 'phone_number' in 'field list'
CRITICAL - 2021-07-15 03:58:44 --> Unknown column 'phone_number' in 'field list'
#0 E:\htdocs\rico_store_management_app_2\system\Database\MySQLi\Connection.php(329): mysqli->query('insert into use...')
#1 E:\htdocs\rico_store_management_app_2\system\Database\BaseConnection.php(732): CodeIgniter\Database\MySQLi\Connection->execute('insert into use...')
#2 E:\htdocs\rico_store_management_app_2\system\Database\BaseConnection.php(647): CodeIgniter\Database\BaseConnection->simpleQuery('insert into use...')
#3 E:\htdocs\rico_store_management_app_2\app\Models\Users.php(148): CodeIgniter\Database\BaseConnection->query('insert into use...')
#4 E:\htdocs\rico_store_management_app_2\app\Controllers\Device.php(215): App\Models\Users->insert_update_returned_device_user_data(0, 'mar@gmail.com', '98765432', '1', 'Mary', 'Karan', NULL)
#5 E:\htdocs\rico_store_management_app_2\system\CodeIgniter.php(931): App\Controllers\Device->add_edit_returned_device()
#6 E:\htdocs\rico_store_management_app_2\system\CodeIgniter.php(439): CodeIgniter\CodeIgniter->runController(Object(App\Controllers\Device))
#7 E:\htdocs\rico_store_management_app_2\system\CodeIgniter.php(339): CodeIgniter\CodeIgniter->handleRequest(NULL, Object(Config\Cache), false)
#8 E:\htdocs\rico_store_management_app_2\public\index.php(36): CodeIgniter\CodeIgniter->run()
#9 E:\htdocs\rico_store_management_app_2\system\Commands\Server\rewrite.php(45): require_once('E:\\htdocs\\rico_...')
#10 {main}
ERROR - 2021-07-15 04:01:09 --> Unknown column 'user_returning_device_id.deleted' in 'where clause'
CRITICAL - 2021-07-15 04:01:09 --> Unknown column 'user_returning_device_id.deleted' in 'where clause'
#0 E:\htdocs\rico_store_management_app_2\system\Database\MySQLi\Connection.php(329): mysqli->query('select * from u...')
#1 E:\htdocs\rico_store_management_app_2\system\Database\BaseConnection.php(732): CodeIgniter\Database\MySQLi\Connection->execute('select * from u...')
#2 E:\htdocs\rico_store_management_app_2\system\Database\BaseConnection.php(647): CodeIgniter\Database\BaseConnection->simpleQuery('select * from u...')
#3 E:\htdocs\rico_store_management_app_2\app\Models\Users.php(123): CodeIgniter\Database\BaseConnection->query('select * from u...')
#4 E:\htdocs\rico_store_management_app_2\app\Controllers\Users.php(80): App\Models\Users->get_retunred_user_by_national_id_or_email('98765432', 'mar@gmail.com')
#5 E:\htdocs\rico_store_management_app_2\system\CodeIgniter.php(931): App\Controllers\Users->check_if_user_exists()
#6 E:\htdocs\rico_store_management_app_2\system\CodeIgniter.php(439): CodeIgniter\CodeIgniter->runController(Object(App\Controllers\Users))
#7 E:\htdocs\rico_store_management_app_2\system\CodeIgniter.php(339): CodeIgniter\CodeIgniter->handleRequest(NULL, Object(Config\Cache), false)
#8 E:\htdocs\rico_store_management_app_2\public\index.php(36): CodeIgniter\CodeIgniter->run()
#9 E:\htdocs\rico_store_management_app_2\system\Commands\Server\rewrite.php(45): require_once('E:\\htdocs\\rico_...')
#10 {main}
ERROR - 2021-07-15 04:01:48 --> Unknown column 'user_returning_device_id.deleted' in 'where clause'
CRITICAL - 2021-07-15 04:01:48 --> Unknown column 'user_returning_device_id.deleted' in 'where clause'
#0 E:\htdocs\rico_store_management_app_2\system\Database\MySQLi\Connection.php(329): mysqli->query('select * from u...')
#1 E:\htdocs\rico_store_management_app_2\system\Database\BaseConnection.php(732): CodeIgniter\Database\MySQLi\Connection->execute('select * from u...')
#2 E:\htdocs\rico_store_management_app_2\system\Database\BaseConnection.php(647): CodeIgniter\Database\BaseConnection->simpleQuery('select * from u...')
#3 E:\htdocs\rico_store_management_app_2\app\Models\Users.php(116): CodeIgniter\Database\BaseConnection->query('select * from u...')
#4 E:\htdocs\rico_store_management_app_2\app\Controllers\Users.php(144): App\Models\Users->get_returned_device_user_data_by_id_view(3)
#5 E:\htdocs\rico_store_management_app_2\system\CodeIgniter.php(931): App\Controllers\Users->load_add_edit_user_returned_device_views()
#6 E:\htdocs\rico_store_management_app_2\system\CodeIgniter.php(439): CodeIgniter\CodeIgniter->runController(Object(App\Controllers\Users))
#7 E:\htdocs\rico_store_management_app_2\system\CodeIgniter.php(339): CodeIgniter\CodeIgniter->handleRequest(NULL, Object(Config\Cache), false)
#8 E:\htdocs\rico_store_management_app_2\public\index.php(36): CodeIgniter\CodeIgniter->run()
#9 E:\htdocs\rico_store_management_app_2\system\Commands\Server\rewrite.php(45): require_once('E:\\htdocs\\rico_...')
#10 {main}
CRITICAL - 2021-07-15 04:06:55 --> Undefined variable: store_keeper_function
#0 E:\htdocs\rico_store_management_app_2\app\Views\Dashboards\admin_dashboard.php(263): CodeIgniter\Debug\Exceptions->errorHandler(8, 'Undefined varia...', 'E:\\htdocs\\rico_...', 263, Array)
#1 E:\htdocs\rico_store_management_app_2\system\View\View.php(230): include('E:\\htdocs\\rico_...')
#2 E:\htdocs\rico_store_management_app_2\system\View\View.php(232): CodeIgniter\View\View->CodeIgniter\View\{closure}()
#3 E:\htdocs\rico_store_management_app_2\system\Common.php(1250): CodeIgniter\View\View->render('Dashboards\\admi...', Array, true)
#4 E:\htdocs\rico_store_management_app_2\app\Controllers\Dashboard.php(26): view('Dashboards\\admi...', Array)
#5 E:\htdocs\rico_store_management_app_2\system\CodeIgniter.php(931): App\Controllers\Dashboard->admin_dashboard()
#6 E:\htdocs\rico_store_management_app_2\system\CodeIgniter.php(439): CodeIgniter\CodeIgniter->runController(Object(App\Controllers\Dashboard))
#7 E:\htdocs\rico_store_management_app_2\system\CodeIgniter.php(339): CodeIgniter\CodeIgniter->handleRequest(NULL, Object(Config\Cache), false)
#8 E:\htdocs\rico_store_management_app_2\public\index.php(36): CodeIgniter\CodeIgniter->run()
#9 E:\htdocs\rico_store_management_app_2\system\Commands\Server\rewrite.php(45): require_once('E:\\htdocs\\rico_...')
#10 {main}
CRITICAL - 2021-07-15 04:09:00 --> Undefined variable: users_data
#0 E:\htdocs\rico_store_management_app_2\app\Views\Users\user_filtered.php(29): CodeIgniter\Debug\Exceptions->errorHandler(8, 'Undefined varia...', 'E:\\htdocs\\rico_...', 29, Array)
#1 E:\htdocs\rico_store_management_app_2\system\View\View.php(230): include('E:\\htdocs\\rico_...')
#2 E:\htdocs\rico_store_management_app_2\system\View\View.php(232): CodeIgniter\View\View->CodeIgniter\View\{closure}()
#3 E:\htdocs\rico_store_management_app_2\system\Common.php(1250): CodeIgniter\View\View->render('Users\\user_filt...', Array, true)
#4 E:\htdocs\rico_store_management_app_2\app\Controllers\Users.php(102): view('Users\\user_filt...', Array)
#5 E:\htdocs\rico_store_management_app_2\system\CodeIgniter.php(931): App\Controllers\Users->display_specific_returned_device_user()
#6 E:\htdocs\rico_store_management_app_2\system\CodeIgniter.php(439): CodeIgniter\CodeIgniter->runController(Object(App\Controllers\Users))
#7 E:\htdocs\rico_store_management_app_2\system\CodeIgniter.php(339): CodeIgniter\CodeIgniter->handleRequest(NULL, Object(Config\Cache), false)
#8 E:\htdocs\rico_store_management_app_2\public\index.php(36): CodeIgniter\CodeIgniter->run()
#9 E:\htdocs\rico_store_management_app_2\system\Commands\Server\rewrite.php(45): require_once('E:\\htdocs\\rico_...')
#10 {main}
