CRITICAL - 2021-07-13 10:32:07 --> Call to undefined method CodeIgniter\Session\Session::set_userdata()
#0 E:\htdocs\rico_store_management_app_2\system\CodeIgniter.php(931): App\Controllers\Auth->update_user_password()
#1 E:\htdocs\rico_store_management_app_2\system\CodeIgniter.php(439): CodeIgniter\CodeIgniter->runController(Object(App\Controllers\Auth))
#2 E:\htdocs\rico_store_management_app_2\system\CodeIgniter.php(339): CodeIgniter\CodeIgniter->handleRequest(NULL, Object(Config\Cache), false)
#3 E:\htdocs\rico_store_management_app_2\public\index.php(36): CodeIgniter\CodeIgniter->run()
#4 E:\htdocs\rico_store_management_app_2\system\Commands\Server\rewrite.php(45): require_once('E:\\htdocs\\rico_...')
#5 {main}
CRITICAL - 2021-07-13 10:32:45 --> Call to undefined method CodeIgniter\Session\Session::set_userdata()
#0 E:\htdocs\rico_store_management_app_2\system\CodeIgniter.php(931): App\Controllers\Auth->update_user_password()
#1 E:\htdocs\rico_store_management_app_2\system\CodeIgniter.php(439): CodeIgniter\CodeIgniter->runController(Object(App\Controllers\Auth))
#2 E:\htdocs\rico_store_management_app_2\system\CodeIgniter.php(339): CodeIgniter\CodeIgniter->handleRequest(NULL, Object(Config\Cache), false)
#3 E:\htdocs\rico_store_management_app_2\public\index.php(36): CodeIgniter\CodeIgniter->run()
#4 E:\htdocs\rico_store_management_app_2\system\Commands\Server\rewrite.php(45): require_once('E:\\htdocs\\rico_...')
#5 {main}
CRITICAL - 2021-07-13 10:34:02 --> Call to undefined method CodeIgniter\Session\Session::set_userdata()
#0 E:\htdocs\rico_store_management_app_2\system\CodeIgniter.php(931): App\Controllers\Auth->update_user_password()
#1 E:\htdocs\rico_store_management_app_2\system\CodeIgniter.php(439): CodeIgniter\CodeIgniter->runController(Object(App\Controllers\Auth))
#2 E:\htdocs\rico_store_management_app_2\system\CodeIgniter.php(339): CodeIgniter\CodeIgniter->handleRequest(NULL, Object(Config\Cache), false)
#3 E:\htdocs\rico_store_management_app_2\public\index.php(36): CodeIgniter\CodeIgniter->run()
#4 E:\htdocs\rico_store_management_app_2\system\Commands\Server\rewrite.php(45): require_once('E:\\htdocs\\rico_...')
#5 {main}
CRITICAL - 2021-07-13 13:34:30 --> Call to undefined method CodeIgniter\Database\MySQLi\Result::result_array()
#0 E:\htdocs\rico_store_management_app_2\app\Controllers\Region.php(62): App\Models\Region->get_subcounty_dependent_dropdown_values('Choose...')
#1 E:\htdocs\rico_store_management_app_2\system\CodeIgniter.php(931): App\Controllers\Region->fetch_subcounties_dropdown()
#2 E:\htdocs\rico_store_management_app_2\system\CodeIgniter.php(439): CodeIgniter\CodeIgniter->runController(Object(App\Controllers\Region))
#3 E:\htdocs\rico_store_management_app_2\system\CodeIgniter.php(339): CodeIgniter\CodeIgniter->handleRequest(NULL, Object(Config\Cache), false)
#4 E:\htdocs\rico_store_management_app_2\public\index.php(36): CodeIgniter\CodeIgniter->run()
#5 E:\htdocs\rico_store_management_app_2\system\Commands\Server\rewrite.php(45): require_once('E:\\htdocs\\rico_...')
#6 {main}
CRITICAL - 2021-07-13 13:37:05 --> Cannot use object of type stdClass as array
#0 E:\htdocs\rico_store_management_app_2\system\CodeIgniter.php(931): App\Controllers\Region->fetch_subcounties_dropdown()
#1 E:\htdocs\rico_store_management_app_2\system\CodeIgniter.php(439): CodeIgniter\CodeIgniter->runController(Object(App\Controllers\Region))
#2 E:\htdocs\rico_store_management_app_2\system\CodeIgniter.php(339): CodeIgniter\CodeIgniter->handleRequest(NULL, Object(Config\Cache), false)
#3 E:\htdocs\rico_store_management_app_2\public\index.php(36): CodeIgniter\CodeIgniter->run()
#4 E:\htdocs\rico_store_management_app_2\system\Commands\Server\rewrite.php(45): require_once('E:\\htdocs\\rico_...')
#5 {main}
CRITICAL - 2021-07-13 14:09:25 --> Undefined variable: user_data
#0 E:\htdocs\rico_store_management_app_2\app\Views\Device\view_device_details.php(64): CodeIgniter\Debug\Exceptions->errorHandler(8, 'Undefined varia...', 'E:\\htdocs\\rico_...', 64, Array)
#1 E:\htdocs\rico_store_management_app_2\system\View\View.php(230): include('E:\\htdocs\\rico_...')
#2 E:\htdocs\rico_store_management_app_2\system\View\View.php(232): CodeIgniter\View\View->CodeIgniter\View\{closure}()
#3 E:\htdocs\rico_store_management_app_2\system\Common.php(1250): CodeIgniter\View\View->render('Device\\view_dev...', Array, true)
#4 E:\htdocs\rico_store_management_app_2\app\Controllers\Device.php(300): view('Device\\view_dev...', Array)
#5 E:\htdocs\rico_store_management_app_2\system\CodeIgniter.php(931): App\Controllers\Device->load_view_device_view()
#6 E:\htdocs\rico_store_management_app_2\system\CodeIgniter.php(439): CodeIgniter\CodeIgniter->runController(Object(App\Controllers\Device))
#7 E:\htdocs\rico_store_management_app_2\system\CodeIgniter.php(339): CodeIgniter\CodeIgniter->handleRequest(NULL, Object(Config\Cache), false)
#8 E:\htdocs\rico_store_management_app_2\public\index.php(36): CodeIgniter\CodeIgniter->run()
#9 E:\htdocs\rico_store_management_app_2\system\Commands\Server\rewrite.php(45): require_once('E:\\htdocs\\rico_...')
#10 {main}
CRITICAL - 2021-07-13 14:09:32 --> Undefined variable: user_data
#0 E:\htdocs\rico_store_management_app_2\app\Views\Device\view_device_details.php(64): CodeIgniter\Debug\Exceptions->errorHandler(8, 'Undefined varia...', 'E:\\htdocs\\rico_...', 64, Array)
#1 E:\htdocs\rico_store_management_app_2\system\View\View.php(230): include('E:\\htdocs\\rico_...')
#2 E:\htdocs\rico_store_management_app_2\system\View\View.php(232): CodeIgniter\View\View->CodeIgniter\View\{closure}()
#3 E:\htdocs\rico_store_management_app_2\system\Common.php(1250): CodeIgniter\View\View->render('Device\\view_dev...', Array, true)
#4 E:\htdocs\rico_store_management_app_2\app\Controllers\Device.php(300): view('Device\\view_dev...', Array)
#5 E:\htdocs\rico_store_management_app_2\system\CodeIgniter.php(931): App\Controllers\Device->load_view_device_view()
#6 E:\htdocs\rico_store_management_app_2\system\CodeIgniter.php(439): CodeIgniter\CodeIgniter->runController(Object(App\Controllers\Device))
#7 E:\htdocs\rico_store_management_app_2\system\CodeIgniter.php(339): CodeIgniter\CodeIgniter->handleRequest(NULL, Object(Config\Cache), false)
#8 E:\htdocs\rico_store_management_app_2\public\index.php(36): CodeIgniter\CodeIgniter->run()
#9 E:\htdocs\rico_store_management_app_2\system\Commands\Server\rewrite.php(45): require_once('E:\\htdocs\\rico_...')
#10 {main}
CRITICAL - 2021-07-13 14:17:28 --> Trying to get property 'user_returning_device_id' of non-object
#0 E:\htdocs\rico_store_management_app_2\app\Views\Device\view_device_details.php(64): CodeIgniter\Debug\Exceptions->errorHandler(8, 'Trying to get p...', 'E:\\htdocs\\rico_...', 64, Array)
#1 E:\htdocs\rico_store_management_app_2\system\View\View.php(230): include('E:\\htdocs\\rico_...')
#2 E:\htdocs\rico_store_management_app_2\system\View\View.php(232): CodeIgniter\View\View->CodeIgniter\View\{closure}()
#3 E:\htdocs\rico_store_management_app_2\system\Common.php(1250): CodeIgniter\View\View->render('Device\\view_dev...', Array, true)
#4 E:\htdocs\rico_store_management_app_2\app\Controllers\Device.php(300): view('Device\\view_dev...', Array)
#5 E:\htdocs\rico_store_management_app_2\system\CodeIgniter.php(931): App\Controllers\Device->load_view_device_view()
#6 E:\htdocs\rico_store_management_app_2\system\CodeIgniter.php(439): CodeIgniter\CodeIgniter->runController(Object(App\Controllers\Device))
#7 E:\htdocs\rico_store_management_app_2\system\CodeIgniter.php(339): CodeIgniter\CodeIgniter->handleRequest(NULL, Object(Config\Cache), false)
#8 E:\htdocs\rico_store_management_app_2\public\index.php(36): CodeIgniter\CodeIgniter->run()
#9 E:\htdocs\rico_store_management_app_2\system\Commands\Server\rewrite.php(45): require_once('E:\\htdocs\\rico_...')
#10 {main}
CRITICAL - 2021-07-13 14:17:29 --> Trying to get property 'user_returning_device_id' of non-object
#0 E:\htdocs\rico_store_management_app_2\app\Views\Device\view_device_details.php(64): CodeIgniter\Debug\Exceptions->errorHandler(8, 'Trying to get p...', 'E:\\htdocs\\rico_...', 64, Array)
#1 E:\htdocs\rico_store_management_app_2\system\View\View.php(230): include('E:\\htdocs\\rico_...')
#2 E:\htdocs\rico_store_management_app_2\system\View\View.php(232): CodeIgniter\View\View->CodeIgniter\View\{closure}()
#3 E:\htdocs\rico_store_management_app_2\system\Common.php(1250): CodeIgniter\View\View->render('Device\\view_dev...', Array, true)
#4 E:\htdocs\rico_store_management_app_2\app\Controllers\Device.php(300): view('Device\\view_dev...', Array)
#5 E:\htdocs\rico_store_management_app_2\system\CodeIgniter.php(931): App\Controllers\Device->load_view_device_view()
#6 E:\htdocs\rico_store_management_app_2\system\CodeIgniter.php(439): CodeIgniter\CodeIgniter->runController(Object(App\Controllers\Device))
#7 E:\htdocs\rico_store_management_app_2\system\CodeIgniter.php(339): CodeIgniter\CodeIgniter->handleRequest(NULL, Object(Config\Cache), false)
#8 E:\htdocs\rico_store_management_app_2\public\index.php(36): CodeIgniter\CodeIgniter->run()
#9 E:\htdocs\rico_store_management_app_2\system\Commands\Server\rewrite.php(45): require_once('E:\\htdocs\\rico_...')
#10 {main}
CRITICAL - 2021-07-13 14:52:16 --> Undefined variable: admin_function
#0 E:\htdocs\rico_store_management_app_2\app\Views\Device\add_device.php(95): CodeIgniter\Debug\Exceptions->errorHandler(8, 'Undefined varia...', 'E:\\htdocs\\rico_...', 95, Array)
#1 E:\htdocs\rico_store_management_app_2\system\View\View.php(230): include('E:\\htdocs\\rico_...')
#2 E:\htdocs\rico_store_management_app_2\system\View\View.php(232): CodeIgniter\View\View->CodeIgniter\View\{closure}()
#3 E:\htdocs\rico_store_management_app_2\system\Common.php(1250): CodeIgniter\View\View->render('Device\\add_devi...', Array, true)
#4 E:\htdocs\rico_store_management_app_2\app\Controllers\Device.php(27): view('Device\\add_devi...', Array)
#5 E:\htdocs\rico_store_management_app_2\system\CodeIgniter.php(931): App\Controllers\Device->load_add_edit_device_view()
#6 E:\htdocs\rico_store_management_app_2\system\CodeIgniter.php(439): CodeIgniter\CodeIgniter->runController(Object(App\Controllers\Device))
#7 E:\htdocs\rico_store_management_app_2\system\CodeIgniter.php(339): CodeIgniter\CodeIgniter->handleRequest(NULL, Object(Config\Cache), false)
#8 E:\htdocs\rico_store_management_app_2\public\index.php(36): CodeIgniter\CodeIgniter->run()
#9 E:\htdocs\rico_store_management_app_2\system\Commands\Server\rewrite.php(45): require_once('E:\\htdocs\\rico_...')
#10 {main}
CRITICAL - 2021-07-13 14:52:21 --> Undefined variable: admin_function
#0 E:\htdocs\rico_store_management_app_2\app\Views\Device\add_device.php(95): CodeIgniter\Debug\Exceptions->errorHandler(8, 'Undefined varia...', 'E:\\htdocs\\rico_...', 95, Array)
#1 E:\htdocs\rico_store_management_app_2\system\View\View.php(230): include('E:\\htdocs\\rico_...')
#2 E:\htdocs\rico_store_management_app_2\system\View\View.php(232): CodeIgniter\View\View->CodeIgniter\View\{closure}()
#3 E:\htdocs\rico_store_management_app_2\system\Common.php(1250): CodeIgniter\View\View->render('Device\\add_devi...', Array, true)
#4 E:\htdocs\rico_store_management_app_2\app\Controllers\Device.php(27): view('Device\\add_devi...', Array)
#5 E:\htdocs\rico_store_management_app_2\system\CodeIgniter.php(931): App\Controllers\Device->load_add_edit_device_view()
#6 E:\htdocs\rico_store_management_app_2\system\CodeIgniter.php(439): CodeIgniter\CodeIgniter->runController(Object(App\Controllers\Device))
#7 E:\htdocs\rico_store_management_app_2\system\CodeIgniter.php(339): CodeIgniter\CodeIgniter->handleRequest(NULL, Object(Config\Cache), false)
#8 E:\htdocs\rico_store_management_app_2\public\index.php(36): CodeIgniter\CodeIgniter->run()
#9 E:\htdocs\rico_store_management_app_2\system\Commands\Server\rewrite.php(45): require_once('E:\\htdocs\\rico_...')
#10 {main}
CRITICAL - 2021-07-13 14:52:32 --> Trying to get property 'first_name' of non-object
#0 E:\htdocs\rico_store_management_app_2\app\Views\Device\view_device_details.php(26): CodeIgniter\Debug\Exceptions->errorHandler(8, 'Trying to get p...', 'E:\\htdocs\\rico_...', 26, Array)
#1 E:\htdocs\rico_store_management_app_2\system\View\View.php(230): include('E:\\htdocs\\rico_...')
#2 E:\htdocs\rico_store_management_app_2\system\View\View.php(232): CodeIgniter\View\View->CodeIgniter\View\{closure}()
#3 E:\htdocs\rico_store_management_app_2\system\Common.php(1250): CodeIgniter\View\View->render('Device\\view_dev...', Array, true)
#4 E:\htdocs\rico_store_management_app_2\app\Controllers\Device.php(302): view('Device\\view_dev...', Array)
#5 E:\htdocs\rico_store_management_app_2\system\CodeIgniter.php(931): App\Controllers\Device->load_view_device_view()
#6 E:\htdocs\rico_store_management_app_2\system\CodeIgniter.php(439): CodeIgniter\CodeIgniter->runController(Object(App\Controllers\Device))
#7 E:\htdocs\rico_store_management_app_2\system\CodeIgniter.php(339): CodeIgniter\CodeIgniter->handleRequest(NULL, Object(Config\Cache), false)
#8 E:\htdocs\rico_store_management_app_2\public\index.php(36): CodeIgniter\CodeIgniter->run()
#9 E:\htdocs\rico_store_management_app_2\system\Commands\Server\rewrite.php(45): require_once('E:\\htdocs\\rico_...')
#10 {main}
CRITICAL - 2021-07-13 14:52:34 --> Undefined variable: admin_function
#0 E:\htdocs\rico_store_management_app_2\app\Views\Device\add_device.php(95): CodeIgniter\Debug\Exceptions->errorHandler(8, 'Undefined varia...', 'E:\\htdocs\\rico_...', 95, Array)
#1 E:\htdocs\rico_store_management_app_2\system\View\View.php(230): include('E:\\htdocs\\rico_...')
#2 E:\htdocs\rico_store_management_app_2\system\View\View.php(232): CodeIgniter\View\View->CodeIgniter\View\{closure}()
#3 E:\htdocs\rico_store_management_app_2\system\Common.php(1250): CodeIgniter\View\View->render('Device\\add_devi...', Array, true)
#4 E:\htdocs\rico_store_management_app_2\app\Controllers\Device.php(27): view('Device\\add_devi...', Array)
#5 E:\htdocs\rico_store_management_app_2\system\CodeIgniter.php(931): App\Controllers\Device->load_add_edit_device_view()
#6 E:\htdocs\rico_store_management_app_2\system\CodeIgniter.php(439): CodeIgniter\CodeIgniter->runController(Object(App\Controllers\Device))
#7 E:\htdocs\rico_store_management_app_2\system\CodeIgniter.php(339): CodeIgniter\CodeIgniter->handleRequest(NULL, Object(Config\Cache), false)
#8 E:\htdocs\rico_store_management_app_2\public\index.php(36): CodeIgniter\CodeIgniter->run()
#9 E:\htdocs\rico_store_management_app_2\system\Commands\Server\rewrite.php(45): require_once('E:\\htdocs\\rico_...')
#10 {main}
CRITICAL - 2021-07-13 14:52:42 --> Undefined variable: admin_function
#0 E:\htdocs\rico_store_management_app_2\app\Views\Device\add_device.php(95): CodeIgniter\Debug\Exceptions->errorHandler(8, 'Undefined varia...', 'E:\\htdocs\\rico_...', 95, Array)
#1 E:\htdocs\rico_store_management_app_2\system\View\View.php(230): include('E:\\htdocs\\rico_...')
#2 E:\htdocs\rico_store_management_app_2\system\View\View.php(232): CodeIgniter\View\View->CodeIgniter\View\{closure}()
#3 E:\htdocs\rico_store_management_app_2\system\Common.php(1250): CodeIgniter\View\View->render('Device\\add_devi...', Array, true)
#4 E:\htdocs\rico_store_management_app_2\app\Controllers\Device.php(27): view('Device\\add_devi...', Array)
#5 E:\htdocs\rico_store_management_app_2\system\CodeIgniter.php(931): App\Controllers\Device->load_add_edit_device_view()
#6 E:\htdocs\rico_store_management_app_2\system\CodeIgniter.php(439): CodeIgniter\CodeIgniter->runController(Object(App\Controllers\Device))
#7 E:\htdocs\rico_store_management_app_2\system\CodeIgniter.php(339): CodeIgniter\CodeIgniter->handleRequest(NULL, Object(Config\Cache), false)
#8 E:\htdocs\rico_store_management_app_2\public\index.php(36): CodeIgniter\CodeIgniter->run()
#9 E:\htdocs\rico_store_management_app_2\system\Commands\Server\rewrite.php(45): require_once('E:\\htdocs\\rico_...')
#10 {main}
CRITICAL - 2021-07-13 14:53:41 --> Undefined variable: admin_function
#0 E:\htdocs\rico_store_management_app_2\app\Views\Device\add_device.php(95): CodeIgniter\Debug\Exceptions->errorHandler(8, 'Undefined varia...', 'E:\\htdocs\\rico_...', 95, Array)
#1 E:\htdocs\rico_store_management_app_2\system\View\View.php(230): include('E:\\htdocs\\rico_...')
#2 E:\htdocs\rico_store_management_app_2\system\View\View.php(232): CodeIgniter\View\View->CodeIgniter\View\{closure}()
#3 E:\htdocs\rico_store_management_app_2\system\Common.php(1250): CodeIgniter\View\View->render('Device\\add_devi...', Array, true)
#4 E:\htdocs\rico_store_management_app_2\app\Controllers\Device.php(27): view('Device\\add_devi...', Array)
#5 E:\htdocs\rico_store_management_app_2\system\CodeIgniter.php(931): App\Controllers\Device->load_add_edit_device_view()
#6 E:\htdocs\rico_store_management_app_2\system\CodeIgniter.php(439): CodeIgniter\CodeIgniter->runController(Object(App\Controllers\Device))
#7 E:\htdocs\rico_store_management_app_2\system\CodeIgniter.php(339): CodeIgniter\CodeIgniter->handleRequest(NULL, Object(Config\Cache), false)
#8 E:\htdocs\rico_store_management_app_2\public\index.php(36): CodeIgniter\CodeIgniter->run()
#9 E:\htdocs\rico_store_management_app_2\system\Commands\Server\rewrite.php(45): require_once('E:\\htdocs\\rico_...')
#10 {main}
CRITICAL - 2021-07-13 14:55:13 --> Undefined variable: admin_function
#0 E:\htdocs\rico_store_management_app_2\app\Views\Device\add_device.php(95): CodeIgniter\Debug\Exceptions->errorHandler(8, 'Undefined varia...', 'E:\\htdocs\\rico_...', 95, Array)
#1 E:\htdocs\rico_store_management_app_2\system\View\View.php(230): include('E:\\htdocs\\rico_...')
#2 E:\htdocs\rico_store_management_app_2\system\View\View.php(232): CodeIgniter\View\View->CodeIgniter\View\{closure}()
#3 E:\htdocs\rico_store_management_app_2\system\Common.php(1250): CodeIgniter\View\View->render('Device\\add_devi...', Array, true)
#4 E:\htdocs\rico_store_management_app_2\app\Controllers\Device.php(27): view('Device\\add_devi...', Array)
#5 E:\htdocs\rico_store_management_app_2\system\CodeIgniter.php(931): App\Controllers\Device->load_add_edit_device_view()
#6 E:\htdocs\rico_store_management_app_2\system\CodeIgniter.php(439): CodeIgniter\CodeIgniter->runController(Object(App\Controllers\Device))
#7 E:\htdocs\rico_store_management_app_2\system\CodeIgniter.php(339): CodeIgniter\CodeIgniter->handleRequest(NULL, Object(Config\Cache), false)
#8 E:\htdocs\rico_store_management_app_2\public\index.php(36): CodeIgniter\CodeIgniter->run()
#9 E:\htdocs\rico_store_management_app_2\system\Commands\Server\rewrite.php(45): require_once('E:\\htdocs\\rico_...')
#10 {main}
CRITICAL - 2021-07-13 14:59:55 --> syntax error, unexpected '')">Edit</button></td>' (T_ENCAPSED_AND_WHITESPACE), expecting ',' or ';'
#0 E:\htdocs\rico_store_management_app_2\system\View\View.php(232): CodeIgniter\View\View->CodeIgniter\View\{closure}()
#1 E:\htdocs\rico_store_management_app_2\system\Common.php(1250): CodeIgniter\View\View->render('Device\\all_devi...', Array, true)
#2 E:\htdocs\rico_store_management_app_2\app\Controllers\Device.php(71): view('Device\\all_devi...', Array)
#3 E:\htdocs\rico_store_management_app_2\system\CodeIgniter.php(931): App\Controllers\Device->load_devices_list()
#4 E:\htdocs\rico_store_management_app_2\system\CodeIgniter.php(439): CodeIgniter\CodeIgniter->runController(Object(App\Controllers\Device))
#5 E:\htdocs\rico_store_management_app_2\system\CodeIgniter.php(339): CodeIgniter\CodeIgniter->handleRequest(NULL, Object(Config\Cache), false)
#6 E:\htdocs\rico_store_management_app_2\public\index.php(36): CodeIgniter\CodeIgniter->run()
#7 E:\htdocs\rico_store_management_app_2\system\Commands\Server\rewrite.php(45): require_once('E:\\htdocs\\rico_...')
#8 {main}
CRITICAL - 2021-07-13 15:00:00 --> syntax error, unexpected '')">Edit</button></td>' (T_ENCAPSED_AND_WHITESPACE), expecting ',' or ';'
#0 E:\htdocs\rico_store_management_app_2\system\View\View.php(232): CodeIgniter\View\View->CodeIgniter\View\{closure}()
#1 E:\htdocs\rico_store_management_app_2\system\Common.php(1250): CodeIgniter\View\View->render('Device\\all_devi...', Array, true)
#2 E:\htdocs\rico_store_management_app_2\app\Controllers\Device.php(71): view('Device\\all_devi...', Array)
#3 E:\htdocs\rico_store_management_app_2\system\CodeIgniter.php(931): App\Controllers\Device->load_devices_list()
#4 E:\htdocs\rico_store_management_app_2\system\CodeIgniter.php(439): CodeIgniter\CodeIgniter->runController(Object(App\Controllers\Device))
#5 E:\htdocs\rico_store_management_app_2\system\CodeIgniter.php(339): CodeIgniter\CodeIgniter->handleRequest(NULL, Object(Config\Cache), false)
#6 E:\htdocs\rico_store_management_app_2\public\index.php(36): CodeIgniter\CodeIgniter->run()
#7 E:\htdocs\rico_store_management_app_2\system\Commands\Server\rewrite.php(45): require_once('E:\\htdocs\\rico_...')
#8 {main}
CRITICAL - 2021-07-13 15:18:42 --> Trying to get property 'first_name' of non-object
#0 E:\htdocs\rico_store_management_app_2\app\Views\Device\view_device_details.php(26): CodeIgniter\Debug\Exceptions->errorHandler(8, 'Trying to get p...', 'E:\\htdocs\\rico_...', 26, Array)
#1 E:\htdocs\rico_store_management_app_2\system\View\View.php(230): include('E:\\htdocs\\rico_...')
#2 E:\htdocs\rico_store_management_app_2\system\View\View.php(232): CodeIgniter\View\View->CodeIgniter\View\{closure}()
#3 E:\htdocs\rico_store_management_app_2\system\Common.php(1250): CodeIgniter\View\View->render('Device\\view_dev...', Array, true)
#4 E:\htdocs\rico_store_management_app_2\app\Controllers\Device.php(302): view('Device\\view_dev...', Array)
#5 E:\htdocs\rico_store_management_app_2\system\CodeIgniter.php(931): App\Controllers\Device->load_view_device_view()
#6 E:\htdocs\rico_store_management_app_2\system\CodeIgniter.php(439): CodeIgniter\CodeIgniter->runController(Object(App\Controllers\Device))
#7 E:\htdocs\rico_store_management_app_2\system\CodeIgniter.php(339): CodeIgniter\CodeIgniter->handleRequest(NULL, Object(Config\Cache), false)
#8 E:\htdocs\rico_store_management_app_2\public\index.php(36): CodeIgniter\CodeIgniter->run()
#9 E:\htdocs\rico_store_management_app_2\system\Commands\Server\rewrite.php(45): require_once('E:\\htdocs\\rico_...')
#10 {main}
CRITICAL - 2021-07-13 15:21:49 --> Trying to get property 'first_name' of non-object
#0 E:\htdocs\rico_store_management_app_2\app\Views\Device\view_device_details.php(26): CodeIgniter\Debug\Exceptions->errorHandler(8, 'Trying to get p...', 'E:\\htdocs\\rico_...', 26, Array)
#1 E:\htdocs\rico_store_management_app_2\system\View\View.php(230): include('E:\\htdocs\\rico_...')
#2 E:\htdocs\rico_store_management_app_2\system\View\View.php(232): CodeIgniter\View\View->CodeIgniter\View\{closure}()
#3 E:\htdocs\rico_store_management_app_2\system\Common.php(1250): CodeIgniter\View\View->render('Device\\view_dev...', Array, true)
#4 E:\htdocs\rico_store_management_app_2\app\Controllers\Device.php(302): view('Device\\view_dev...', Array)
#5 E:\htdocs\rico_store_management_app_2\system\CodeIgniter.php(931): App\Controllers\Device->load_view_device_view()
#6 E:\htdocs\rico_store_management_app_2\system\CodeIgniter.php(439): CodeIgniter\CodeIgniter->runController(Object(App\Controllers\Device))
#7 E:\htdocs\rico_store_management_app_2\system\CodeIgniter.php(339): CodeIgniter\CodeIgniter->handleRequest(NULL, Object(Config\Cache), false)
#8 E:\htdocs\rico_store_management_app_2\public\index.php(36): CodeIgniter\CodeIgniter->run()
#9 E:\htdocs\rico_store_management_app_2\system\Commands\Server\rewrite.php(45): require_once('E:\\htdocs\\rico_...')
#10 {main}
